[_SESSION]
	[starttime]
	(integer) 1337825176

	[http_referer]
	(string) http://yandex.ru/yandsearch?p=1&text=%D0%BA%D1%83%D0%BF%D0%B8%D1%82%D1%8C%20%D0%B0%D0%B2%D1%82%D0%BE%D1%86%D0%B2%D0%B5%D1%82%D1%83%D1%89%D0%B8%D0%B5%20%D1%81%D0%B5%D0%BC%D0%B5%D0%BD%D0%B0%20%D0%BA%D0%BE%D0%BD%D0%BE%D0%BF%D0%BB%D0%B8&clid=155840&lr=54

	[http_target]
	(string) /

	[user_id]
	(string) 298

	[is_admin]
	(array) ['']

	[_umi_opaf_disabled_html]
	(integer) 0


[_GET]
	[path]
	(string) 


[Request headers]
	[Host]
	(string) semena-kanabisa.ru

	[User-Agent]
	(string) Mozilla/5.0 (Windows NT 6.1; WOW64; rv:9.0.1) Gecko/20100101 Firefox/9.0.1

	[Accept]
	(string) text/html,application/xhtml+xml,application/xml;q=0.9,*/*;q=0.8

	[Accept-Language]
	(string) ru-ru,ru;q=0.8,en-us;q=0.5,en;q=0.3

	[Accept-Encoding]
	(string) gzip, deflate

	[Accept-Charset]
	(string) windows-1251,utf-8;q=0.7,*;q=0.7

	[Connection]
	(string) keep-alive

	[Referer]
	(string) http://yandex.ru/yandsearch?p=1&text=%D0%BA%D1%83%D0%BF%D0%B8%D1%82%D1%8C%20%D0%B0%D0%B2%D1%82%D0%BE%D1%86%D0%B2%D0%B5%D1%82%D1%83%D1%89%D0%B8%D0%B5%20%D1%81%D0%B5%D0%BC%D0%B5%D0%BD%D0%B0%20%D0%BA%D0%BE%D0%BD%D0%BE%D0%BF%D0%BB%D0%B8&clid=155840&lr=54


[Response headers]
	[X-Powered-By]
	(string) PHP/5.3.6-13ubuntu3.6

	[Set-Cookie]
	(string) PHPSESSID=rfaapkv97t2tso4856ld0cioi7; path=/

	[Expires]
	(string) Thu, 19 Nov 1981 08:52:00 GMT

	[Cache-Control]
	(string) no-store, no-cache, must-revalidate, post-check=0, pre-check=0

	[Pragma]
	(string) no-cache

	[Status]
	(string) 500 Internal Server Error


[2.0554421]	<p>Произошла критическая ошибка. Скорее всего, потребуется участие разработчиков.  Подробности по ссылке <a title="" target="_blank" href="http://errors.umi-cms.ru/17000/">17000</a></p>
[2.4877081]	#0 /var/www/clients/client0/web1/web/libs/lib.php(111): mysqlConnection-&gt;query('SELECT cp.metho...', false)
#1 /var/www/clients/client0/web1/web/classes/system/subsystems/models/permissions/permissionsCollection.php(195): l_mysql_query('SELECT cp.metho...')
#2 /var/www/clients/client0/web1/web/libs/system.php(39): permissionsCollection-&gt;isAllowedMethod('298', 'emarket', 'cart')
#3 /var/www/clients/client0/web1/web/classes/system/subsystems/streams/udata/udataStream.php(92): system_is_allowed('emarket', 'cart')
#4 /var/www/clients/client0/web1/web/classes/system/subsystems/streams/udata/udataStream.php(15): udataStream-&gt;executeMacros(Array)
#5 [internal function]: udataStream-&gt;stream_open('udata://emarket...', 'rb', 4, NULL)
#6 /var/www/clients/client0/web1/web/classes/system/subsystems/umiTemplaters/types/umiTemplaterXSLT.php(45): XSLTProcessor-&gt;transformToXml(Object(DOMDocument))
#7 /var/www/clients/client0/web1/web/libs/root-src/index.php(134): umiTemplaterXSLT-&gt;parse(Array, 'file:///var/www...')
#8 /var/www/clients/client0/web1/web/index.php(7): require('/var/www/client...')
#9 {main}
