[_COOKIE]
	[stat_id]
	(string) vmf4qp5j3q6j178qm1e04t7bn1

	[customer-id]
	(string) 19172


[_SESSION]
	[starttime]
	(integer) 1343180674

	[http_referer]
	(string) http://dzagiseeds.ru/

	[http_target]
	(string) /

	[user_id]
	(string) 298

	[is_admin]
	(array) ['']

	[_umi_opaf_disabled_html]
	(integer) 0


[_GET]
	[path]
	(string) 


[Request headers]
	[Host]
	(string) semena-kanabisa.ru

	[Connection]
	(string) keep-alive

	[User-Agent]
	(string) Mozilla/5.0 (Windows NT 6.1; WOW64) AppleWebKit/536.11 (KHTML, like Gecko) Chrome/20.0.1132.57 Safari/536.11

	[Accept]
	(string) text/html,application/xhtml+xml,application/xml;q=0.9,*/*;q=0.8

	[Referer]
	(string) http://dzagiseeds.ru/

	[Accept-Encoding]
	(string) gzip,deflate,sdch

	[Accept-Language]
	(string) ru-RU,ru;q=0.8,en-US;q=0.6,en;q=0.4

	[Accept-Charset]
	(string) windows-1251,utf-8;q=0.7,*;q=0.3

	[Cookie]
	(string) stat_id=vmf4qp5j3q6j178qm1e04t7bn1; customer-id=19172


[Response headers]
	[X-Powered-By]
	(string) PHP/5.3.6-13ubuntu3.6

	[Set-Cookie]
	(string) customer-id=19172; expires=Sat, 25-Aug-2012 03:01:45 GMT; path=/

	[Expires]
	(string) Thu, 19 Nov 1981 08:52:00 GMT

	[Cache-Control]
	(string) no-store, no-cache, must-revalidate, post-check=0, pre-check=0

	[Pragma]
	(string) no-cache

	[Status]
	(string) 500 Internal Server Error


[31.9393589]	<p>Произошла критическая ошибка. Скорее всего, потребуется участие разработчиков.  Подробности по ссылке <a title="" target="_blank" href="http://errors.umi-cms.ru/17000/">17000</a></p>
[44.9246829]	#0 /var/www/clients/client0/web1/web/libs/lib.php(111): mysqlConnection-&gt;query('START TRANSACTI...', false)
#1 /var/www/clients/client0/web1/web/classes/system/subsystems/models/data/umiObject.php(397): l_mysql_query('START TRANSACTI...')
#2 /var/www/clients/client0/web1/web/classes/system/patterns/umiObjectProxy.php(62): umiObject-&gt;commit()
#3 /var/www/clients/client0/web1/web/classes/modules/def_module.php(63) : eval()'d code(1): umiObjectProxy-&gt;__destruct()
#4 /var/www/clients/client0/web1/web/classes/modules/def_module.php(63) : eval()'d code(1): __emarket_purchasing-&gt;order(631, 'default')
#5 /var/www/clients/client0/web1/web/classes/modules/def_module.php(63): eval()
#6 /var/www/clients/client0/web1/web/classes/modules/emarket/__purchasing.php(276): def_module-&gt;__call('order', Array)
#7 /var/www/clients/client0/web1/web/classes/modules/emarket/__purchasing.php(276): emarket-&gt;order(631, 'default')
#8 /var/www/clients/client0/web1/web/classes/modules/def_module.php(63) : eval()'d code(1): __emarket_purchasing-&gt;cart()
#9 /var/www/clients/client0/web1/web/classes/modules/def_module.php(63): eval()
#10 [internal function]: def_module-&gt;__call('cart', Array)
#11 [internal function]: emarket-&gt;cart()
#12 /var/www/clients/client0/web1/web/classes/system/subsystems/streams/udata/udataStream.php(98): call_user_func_array(Array, Array)
#13 /var/www/clients/client0/web1/web/classes/system/subsystems/streams/udata/udataStream.php(15): udataStream-&gt;executeMacros(Array)
#14 [internal function]: udataStream-&gt;stream_open('udata://emarket...', 'rb', 4, NULL)
#15 /var/www/clients/client0/web1/web/classes/system/subsystems/umiTemplaters/types/umiTemplaterXSLT.php(45): XSLTProcessor-&gt;transformToXml(Object(DOMDocument))
#16 /var/www/clients/client0/web1/web/libs/root-src/index.php(134): umiTemplaterXSLT-&gt;parse(Array, 'file:///var/www...')
#17 /var/www/clients/client0/web1/web/index.php(7): require('/var/www/client...')
#18 {main}
