[_COOKIE]
	[stat_id]
	(string) vmf4qp5j3q6j178qm1e04t7bn1

	[customer-id]
	(string) 19172


[_SESSION]
	[starttime]
	(integer) 1343178849

	[http_referer]
	(string) http://dzagiseeds.ru/

	[http_target]
	(string) /

	[user_id]
	(string) 298

	[is_admin]
	(array) ['']

	[_umi_opaf_disabled_html]
	(integer) 0


[_GET]
	[path]
	(string) 


[Request headers]
	[Host]
	(string) semena-kanabisa.ru

	[Connection]
	(string) keep-alive

	[User-Agent]
	(string) Mozilla/5.0 (Windows NT 6.1; WOW64) AppleWebKit/536.11 (KHTML, like Gecko) Chrome/20.0.1132.57 Safari/536.11

	[Accept]
	(string) text/html,application/xhtml+xml,application/xml;q=0.9,*/*;q=0.8

	[Referer]
	(string) http://dzagiseeds.ru/

	[Accept-Encoding]
	(string) gzip,deflate,sdch

	[Accept-Language]
	(string) ru-RU,ru;q=0.8,en-US;q=0.6,en;q=0.4

	[Accept-Charset]
	(string) windows-1251,utf-8;q=0.7,*;q=0.3

	[Cookie]
	(string) stat_id=vmf4qp5j3q6j178qm1e04t7bn1; customer-id=19172


[Response headers]
	[X-Powered-By]
	(string) PHP/5.3.6-13ubuntu3.6

	[Set-Cookie]
	(string) PHPSESSID=i188o00ehg35b2s8uebthf12c6; path=/

	[Expires]
	(string) Thu, 19 Nov 1981 08:52:00 GMT

	[Cache-Control]
	(string) no-store, no-cache, must-revalidate, post-check=0, pre-check=0

	[Pragma]
	(string) no-cache

	[Status]
	(string) 500 Internal Server Error


[1.1263230]	<p>Произошла критическая ошибка. Скорее всего, потребуется участие разработчиков.  Подробности по ссылке <a title="" target="_blank" href="http://errors.umi-cms.ru/17000/">17000</a></p>
[1.5056081]	#0 /var/www/clients/client0/web1/web/libs/lib.php(111): mysqlConnection-&gt;query('SELECT rel_id F...', false)
#1 /var/www/clients/client0/web1/web/classes/system/subsystems/models/hierarchy/umiHierarchy.php(553): l_mysql_query('SELECT rel_id F...')
#2 /var/www/clients/client0/web1/web/classes/system/subsystems/cmsController/cmsController.php(577): umiHierarchy-&gt;getAllParents('1')
#3 /var/www/clients/client0/web1/web/classes/system/subsystems/cmsController/cmsController.php(312): cmsController-&gt;prepareClientSideGlobalVariablesForXSLT()
#4 /var/www/clients/client0/web1/web/libs/root-src/index.php(130): cmsController-&gt;getGlobalVariables()
#5 /var/www/clients/client0/web1/web/index.php(7): require('/var/www/client...')
#6 {main}
