[_COOKIE]
	[PHPSESSID]
	(string) jvu0p8n5b6an2g9l7r59ubvdo5

	[stat_id]
	(string) jvu0p8n5b6an2g9l7r59ubvdo5

	[_ym_visorc]
	(string) w


[_SESSION]
	[starttime]
	(integer) 1338382789

	[http_target]
	(string) /

	[user_id]
	(string) 298

	[is_admin]
	(array) ['']

	[_umi_opaf_disabled_html]
	(integer) 0

	[old_logged_in_value]
	(boolean) 

	[stat]
	(array) ['', 'jvu0p8n5b6an2g9l7r59ubvdo5', '1', '21783', '34780', '7', '275', '851']

	[e76fcad4b37585e78574f7b026a2a13d]
	(array) ['['content', 'content', '1']']

	[dc1e5382cf012c0f4a79cfd3af0f30b2]
	(array) ['['catalog', 'object', '333']', '['catalog', 'object', '334']']

	[a688cfd967d1897f1ac005520329b61a]
	(array) ['['catalog', 'object', '309']', '['catalog', 'object', '311']']

	[4ae0f72a86a3c81ba4b2f8fe094b48ed]
	(array) ['['catalog', 'category', '20']', '['catalog', 'object', '189']', '['catalog', 'object', '299']', '['catalog', 'object', '191']', '['catalog', 'object', '281']', '['catalog', 'object', '329']', '['catalog', 'object', '212']']

	[88f4cd28cbdd222cf4037bd67f60267a]
	(array) ['['catalog', 'object', '331']', '['catalog', 'object', '332']']

	[5f8b6041c45c1ab3c087b661f6951526]
	(array) ['['catalog', 'object', '227']', '['catalog', 'object', '247']']


[_GET]
	[path]
	(string) producers/green_house_seeds/


[Request headers]
	[User-Agent]
	(string) Opera/9.80 (Windows NT 6.1; WOW64; U; ru) Presto/2.10.229 Version/11.64

	[Host]
	(string) semena-kanabisa.ru

	[Accept]
	(string) text/html, application/xml;q=0.9, application/xhtml+xml, image/png, image/webp, image/jpeg, image/gif, image/x-xbitmap, */*;q=0.1

	[Accept-Language]
	(string) ru-RU,ru;q=0.9,en;q=0.8

	[Accept-Encoding]
	(string) gzip, deflate

	[Referer]
	(string) http://semena-kanabisa.ru/producers/paradise_seeds/belladonna/

	[Cookie]
	(string) PHPSESSID=jvu0p8n5b6an2g9l7r59ubvdo5; stat_id=jvu0p8n5b6an2g9l7r59ubvdo5; _ym_visorc=w

	[Connection]
	(string) Keep-Alive


[Response headers]
	[X-Powered-By]
	(string) PHP/5.3.6-13ubuntu3.6

	[Expires]
	(string) Thu, 19 Nov 1981 08:52:00 GMT

	[Cache-Control]
	(string) no-store, no-cache, must-revalidate, post-check=0, pre-check=0

	[Pragma]
	(string) no-cache

	[Status]
	(string) 500 Internal Server Error


[0.0415800]	<p>Произошла критическая ошибка. Скорее всего, потребуется участие разработчиков.  Подробности по ссылке <a title="" target="_blank" href="http://errors.umi-cms.ru/17000/">17000</a></p>
[0.0416799]	#0 /var/www/clients/client0/web1/web/libs/lib.php(111): mysqlConnection-&gt;query('INSERT INTO `cm...', false)
#1 /var/www/clients/client0/web1/web/classes/modules/stat/classes/statistic.php(431): l_mysql_query('INSERT INTO `cm...')
#2 /var/www/clients/client0/web1/web/classes/modules/stat/class.php(212): statistic-&gt;run()
#3 /var/www/clients/client0/web1/web/libs/root-src/index.php(150): stat-&gt;pushStat()
#4 /var/www/clients/client0/web1/web/index.php(7): require('/var/www/client...')
#5 {main}
