[_COOKIE]
	[customer-id]
	(string) 12472

	[stat_id]
	(string) iomgu9u7lq86nr7sjbglffkk04


[_SESSION]
	[starttime]
	(integer) 1339042588

	[http_referer]
	(string) http://yandex.ru/yandsearch?text=%D0%A1%D0%B5%D0%BC%D1%8F%D0%BD+%D1%81%D0%B5%D0%BC%D1%8F%D0%BD%D1%8B%D1%87&lr=213

	[http_target]
	(string) /

	[user_id]
	(string) 298

	[is_admin]
	(array) ['']

	[_umi_opaf_disabled_html]
	(integer) 0


[_GET]
	[path]
	(string) 


[Request headers]
	[Host]
	(string) semena-kanabisa.ru

	[Accept-Encoding]
	(string) gzip, deflate

	[Accept-Language]
	(string) ru

	[User-Agent]
	(string) Mozilla/5.0 (iPad; U; CPU OS 4_3_5 like Mac OS X; ru-ru) AppleWebKit/533.17.9 (KHTML, like Gecko) Version/5.0.2 Mobile/8L1 Safari/6533.18.5

	[Accept]
	(string) application/xml,application/xhtml+xml,text/html;q=0.9,text/plain;q=0.8,image/png,*/*;q=0.5

	[Referer]
	(string) http://yandex.ru/yandsearch?text=%D0%A1%D0%B5%D0%BC%D1%8F%D0%BD+%D1%81%D0%B5%D0%BC%D1%8F%D0%BD%D1%8B%D1%87&lr=213

	[Cookie]
	(string) customer-id=12472; stat_id=iomgu9u7lq86nr7sjbglffkk04

	[Connection]
	(string) keep-alive


[Response headers]
	[X-Powered-By]
	(string) PHP/5.3.6-13ubuntu3.6

	[Set-Cookie]
	(string) customer-id=12472; expires=Sun, 08-Jul-2012 04:37:08 GMT; path=/

	[Expires]
	(string) Thu, 19 Nov 1981 08:52:00 GMT

	[Cache-Control]
	(string) no-store, no-cache, must-revalidate, post-check=0, pre-check=0

	[Pragma]
	(string) no-cache

	[Status]
	(string) 500 Internal Server Error


[44.9346218]	<p>Произошла критическая ошибка. Скорее всего, потребуется участие разработчиков.  Подробности по ссылке <a title="" target="_blank" href="http://errors.umi-cms.ru/17000/">17000</a></p>
[56.3444929]	#0 /var/www/clients/client0/web1/web/classes/system/subsystems/selector/executor.php(34): mysqlConnection-&gt;query('SELECT SQL_CALC...')
#1 /var/www/clients/client0/web1/web/classes/system/subsystems/selector/selector.php(109): selectorExecutor-&gt;result()
#2 /var/www/clients/client0/web1/web/classes/modules/emarket/__purchasing.php(389): selector-&gt;result()
#3 /var/www/clients/client0/web1/web/classes/modules/emarket/__purchasing.php(274): __emarket_purchasing-&gt;getBasketOrder()
#4 /var/www/clients/client0/web1/web/classes/modules/def_module.php(63) : eval()'d code(1): __emarket_purchasing-&gt;cart()
#5 /var/www/clients/client0/web1/web/classes/modules/def_module.php(63): eval()
#6 [internal function]: def_module-&gt;__call('cart', Array)
#7 [internal function]: emarket-&gt;cart()
#8 /var/www/clients/client0/web1/web/classes/system/subsystems/streams/udata/udataStream.php(98): call_user_func_array(Array, Array)
#9 /var/www/clients/client0/web1/web/classes/system/subsystems/streams/udata/udataStream.php(15): udataStream-&gt;executeMacros(Array)
#10 [internal function]: udataStream-&gt;stream_open('udata://emarket...', 'rb', 4, NULL)
#11 /var/www/clients/client0/web1/web/classes/system/subsystems/umiTemplaters/types/umiTemplaterXSLT.php(45): XSLTProcessor-&gt;transformToXml(Object(DOMDocument))
#12 /var/www/clients/client0/web1/web/libs/root-src/index.php(134): umiTemplaterXSLT-&gt;parse(Array, 'file:///var/www...')
#13 /var/www/clients/client0/web1/web/index.php(7): require('/var/www/client...')
#14 {main}
