[_COOKIE]
	[stat_id]
	(string) ge5fcn9foor6pol0mk2k28g1u5


[_SESSION]
	[starttime]
	(integer) 1343169228

	[http_referer]
	(NULL) 

	[http_target]
	(string) /shipping/

	[user_id]
	(string) 298

	[is_admin]
	(array) ['']

	[_umi_opaf_disabled_html]
	(integer) 0


[_GET]
	[path]
	(string) shipping/


[Request headers]
	[Host]
	(string) semena-kanabisa.ru

	[User-Agent]
	(string) Mozilla/5.0 (Windows NT 5.1; rv:11.0) Gecko/20100101 Firefox/11.0

	[Accept]
	(string) text/html,application/xhtml+xml,application/xml;q=0.9,*/*;q=0.8

	[Accept-Language]
	(string) ru-ru,ru;q=0.8,en-us;q=0.5,en;q=0.3

	[Accept-Encoding]
	(string) gzip, deflate

	[Cookie]
	(string) stat_id=ge5fcn9foor6pol0mk2k28g1u5

	[Cache-Control]
	(string) max-age=259200

	[Connection]
	(string) keep-alive


[Response headers]
	[X-Powered-By]
	(string) PHP/5.3.6-13ubuntu3.6

	[Set-Cookie]
	(string) PHPSESSID=9ajbiriv98hfjq27ls4msrrfc4; path=/

	[Expires]
	(string) Thu, 19 Nov 1981 08:52:00 GMT

	[Cache-Control]
	(string) no-store, no-cache, must-revalidate, post-check=0, pre-check=0

	[Pragma]
	(string) no-cache

	[Status]
	(string) 500 Internal Server Error


[27.9442859]	<p>Произошла критическая ошибка. Скорее всего, потребуется участие разработчиков.  Подробности по ссылке <a title="" target="_blank" href="http://errors.umi-cms.ru/17000/">17000</a></p>
[29.5630860]	#0 /var/www/clients/client0/web1/web/libs/lib.php(111): mysqlConnection-&gt;query('SELECT field_id...', false)
#1 /var/www/clients/client0/web1/web/classes/system/subsystems/models/data/umiObjectProperty.php(340): l_mysql_query('SELECT field_id...')
#2 /var/www/clients/client0/web1/web/classes/system/subsystems/models/data/properties/umiObjectPropertyBoolean.php(14): umiObjectProperty-&gt;getPropData()
#3 /var/www/clients/client0/web1/web/classes/system/subsystems/models/data/umiObjectProperty.php(188): umiObjectPropertyBoolean-&gt;loadValue()
#4 /var/www/clients/client0/web1/web/classes/system/subsystems/models/data/umiObjectProperty.php(32): umiObjectProperty-&gt;loadInfo()
#5 /var/www/clients/client0/web1/web/classes/system/subsystems/models/data/umiObjectProperty.php(44): umiObjectProperty-&gt;__construct(347, 65, 71)
#6 /var/www/clients/client0/web1/web/classes/system/subsystems/models/data/umiObject.php(275): umiObjectProperty::getProperty(347, 65, 71)
#7 /var/www/clients/client0/web1/web/classes/system/subsystems/models/data/umiObject.php(370): umiObject-&gt;getPropByName('show_submenu')
#8 /var/www/clients/client0/web1/web/classes/system/subsystems/models/hierarchy/umiHierarchyElement.php(161): umiObject-&gt;getValue('show_submenu', NULL)
#9 /var/www/clients/client0/web1/web/classes/modules/content/class.php(396): umiHierarchyElement-&gt;getValue('show_submenu')
#10 /var/www/clients/client0/web1/web/classes/modules/content/class.php(159): content-&gt;build_menu('28', Array, 0, '/producers/', '2')
#11 [internal function]: content-&gt;menu('0', '2', '28')
#12 /var/www/clients/client0/web1/web/classes/system/subsystems/streams/udata/udataStream.php(98): call_user_func_array(Array, Array)
#13 /var/www/clients/client0/web1/web/classes/system/subsystems/streams/udata/udataStream.php(15): udataStream-&gt;executeMacros(Array)
#14 [internal function]: udataStream-&gt;stream_open('udata://content...', 'rb', 4, NULL)
#15 /var/www/clients/client0/web1/web/classes/system/subsystems/umiTemplaters/types/umiTemplaterXSLT.php(45): XSLTProcessor-&gt;transformToXml(Object(DOMDocument))
#16 /var/www/clients/client0/web1/web/libs/root-src/index.php(134): umiTemplaterXSLT-&gt;parse(Array, 'file:///var/www...')
#17 /var/www/clients/client0/web1/web/index.php(7): require('/var/www/client...')
#18 {main}
