[_COOKIE]
	[PHPSESSID]
	(string) oflm2nfdb4aitd0oda57noopi3

	[stat_id]
	(string) oflm2nfdb4aitd0oda57noopi3

	[acstate_active]
	(string) 0

	[acstate_opened]
	(string) 1

	[ftypes]
	(string) percent_auto

	[customer-id]
	(string) 12011

	[_ym_visorc]
	(string) w


[_SESSION]
	[starttime]
	(integer) 1337685800

	[http_target]
	(string) /

	[user_id]
	(string) 298

	[is_admin]
	(array) ['']

	[_umi_opaf_disabled_html]
	(integer) 0

	[old_logged_in_value]
	(boolean) 

	[stat]
	(array) ['', 'oflm2nfdb4aitd0oda57noopi3', '1', '18034', '28528', '18', '532', '532']

	[e76fcad4b37585e78574f7b026a2a13d]
	(array) ['['content', 'content', '1']']

	[c4add34549ae4cb88d4bedeaa92379c5]
	(array) ['['users', 'author', '329']']

	[084dc67ec46f1d16138ca615058249f8]
	(array) ['['catalog', 'object', '329']', '['catalog', 'object', '403']']

	[ea936dae8e57d209ac91a3af4dea9dbf]
	(array) ['['catalog', 'object', '222']', '['catalog', 'object', '168']', '['catalog', 'object', '344']', '['catalog', 'object', '345']', '['catalog', 'object', '346']', '['catalog', 'object', '340']', '['catalog', 'object', '170']', '['catalog', 'object', '174']', '['catalog', 'object', '176']', '['catalog', 'object', '255']', '['catalog', 'object', '308']', '['catalog', 'object', '309']', '['catalog', 'object', '227']', '['catalog', 'object', '225']', '['catalog', 'object', '331']', '['catalog', 'object', '333']', '['catalog', 'object', '215']', '['catalog', 'object', '226']', '['catalog', 'object', '217']', '['catalog', 'object', '216']', '['catalog', 'object', '220']', '['catalog', 'object', '221']', '['catalog', 'object', '189']', '['catalog', 'object', '190']', '['catalog', 'object', '191']', '['catalog', 'object', '281']', '['catalog', 'object', '329']', '['catalog', 'object', '301']', '['catalog', 'object', '303']', '['catalog', 'object', '195']', '['catalog', 'object', '185']', '['catalog', 'object', '187']', '['catalog', 'object', '186']', '['catalog', 'object', '277']', '['catalog', 'object', '274']', '['catalog', 'object', '65']', '['catalog', 'object', '54']', '['catalog', 'object', '61']', '['catalog', 'object', '45']', '['catalog', 'object', '52']', '['catalog', 'object', '59']', '['catalog', 'object', '56']', '['catalog', 'object', '48']', '['catalog', 'object', '50']', '['catalog', 'object', '60']', '['catalog', 'object', '57']', '['catalog', 'object', '78']', '['catalog', 'object', '46']', '['catalog', 'object', '43']', '['catalog', 'object', '71']', '['catalog', 'object', '53']', '['catalog', 'object', '55']', '['catalog', 'object', '58']', '['catalog', 'object', '67']', '['catalog', 'object', '63']', '['catalog', 'object', '51']', '['catalog', 'object', '387']', '['catalog', 'object', '398']', '['catalog', 'object', '388']', '['catalog', 'object', '389']', '['catalog', 'object', '393']', '['catalog', 'object', '399']', '['catalog', 'object', '351']', '['catalog', 'object', '352']', '['catalog', 'object', '353']', '['catalog', 'object', '354']', '['catalog', 'object', '355']', '['catalog', 'object', '356']', '['catalog', 'object', '357']', '['catalog', 'object', '358']', '['catalog', 'object', '359']', '['catalog', 'object', '360']', '['catalog', 'object', '361']', '['catalog', 'object', '362']', '['catalog', 'object', '363']']

	[b30eb3f81273d77380ed7f879982e4a4]
	(array) ['['catalog', 'object', '43']', '['catalog', 'object', '45']', '['catalog', 'object', '46']', '['catalog', 'object', '48']', '['catalog', 'object', '50']', '['catalog', 'object', '51']', '['catalog', 'object', '52']', '['catalog', 'object', '53']', '['catalog', 'object', '54']', '['catalog', 'object', '55']', '['catalog', 'object', '56']', '['catalog', 'object', '57']', '['catalog', 'object', '58']', '['catalog', 'object', '59']', '['catalog', 'object', '60']', '['catalog', 'object', '61']', '['catalog', 'object', '63']', '['catalog', 'object', '65']', '['catalog', 'object', '67']', '['catalog', 'object', '71']', '['catalog', 'object', '78']', '['catalog', 'object', '168']', '['catalog', 'object', '170']', '['catalog', 'object', '174']', '['catalog', 'object', '176']', '['catalog', 'object', '185']', '['catalog', 'object', '186']', '['catalog', 'object', '187']', '['catalog', 'object', '189']', '['catalog', 'object', '190']', '['catalog', 'object', '191']', '['catalog', 'object', '195']', '['catalog', 'object', '215']', '['catalog', 'object', '216']', '['catalog', 'object', '217']', '['catalog', 'object', '220']', '['catalog', 'object', '221']', '['catalog', 'object', '222']', '['catalog', 'object', '225']', '['catalog', 'object', '226']', '['catalog', 'object', '227']', '['catalog', 'object', '255']', '['catalog', 'object', '274']', '['catalog', 'object', '277']', '['catalog', 'object', '281']', '['catalog', 'object', '301']', '['catalog', 'object', '303']', '['catalog', 'object', '308']', '['catalog', 'object', '309']', '['catalog', 'object', '329']', '['catalog', 'object', '331']', '['catalog', 'object', '333']', '['catalog', 'object', '340']', '['catalog', 'object', '344']', '['catalog', 'object', '345']', '['catalog', 'object', '346']', '['catalog', 'object', '351']', '['catalog', 'object', '352']', '['catalog', 'object', '353']', '['catalog', 'object', '354']', '['catalog', 'object', '355']', '['catalog', 'object', '356']', '['catalog', 'object', '357']', '['catalog', 'object', '358']', '['catalog', 'object', '359']', '['catalog', 'object', '360']', '['catalog', 'object', '361']', '['catalog', 'object', '362']', '['catalog', 'object', '363']', '['catalog', 'object', '387']', '['catalog', 'object', '388']', '['catalog', 'object', '389']', '['catalog', 'object', '393']', '['catalog', 'object', '396']', '['catalog', 'object', '398']', '['catalog', 'object', '399']']

	[6aabccfdfe3a414df18441eea939ab99]
	(array) ['['catalog', 'object', '308']', '['catalog', 'object', '309']', '['catalog', 'object', '329']', '['catalog', 'object', '195']', '['catalog', 'object', '65']', '['catalog', 'object', '67']', '['catalog', 'object', '63']', '['catalog', 'object', '398']', '['catalog', 'object', '393']', '['catalog', 'object', '396']', '['catalog', 'object', '399']', '['catalog', 'object', '352']', '['catalog', 'object', '353']', '['catalog', 'object', '354']', '['catalog', 'object', '355']', '['catalog', 'object', '356']', '['catalog', 'object', '357']', '['catalog', 'object', '358']', '['catalog', 'object', '359']', '['catalog', 'object', '360']', '['catalog', 'object', '361']']

	[d70949e4eb15494c5e51b626119ac797]
	(array) ['['content', 'content', '30']', '['catalog', 'object', '352']', '['catalog', 'object', '353']', '['catalog', 'object', '354']', '['catalog', 'object', '355']', '['catalog', 'object', '356']', '['catalog', 'object', '357']']

	[ef27ed73a99e7f0d0a0f19e97861df45]
	(array) ['['catalog', 'object', '355']', '['catalog', 'object', '372']']

	[60f36f73d4f7f717517422739cd13658]
	(array) ['['content', 'content', '30']', '['catalog', 'object', '358']', '['catalog', 'object', '359']', '['catalog', 'object', '360']', '['catalog', 'object', '361']', '['catalog', 'object', '329']', '['catalog', 'object', '65']']

	[42eeb4df40cb15f44d6bd42c7b80847e]
	(array) ['['catalog', 'object', '360']', '['catalog', 'object', '382']']

	[7a2cbe8794db7873b0a3993f601ddbad]
	(array) ['['catalog', 'object', '361']', '['catalog', 'object', '383']']

	[170e25734c8ef6ac34e13cb5614a919a]
	(array) ['['content', 'content', '30']', '['catalog', 'object', '308']', '['catalog', 'object', '309']', '['catalog', 'object', '195']', '['catalog', 'object', '393']', '['catalog', 'object', '396']', '['catalog', 'object', '398']']

	[807dae59607625c81f4359f6753c9184]
	(array) ['['content', 'content', '30']', '['catalog', 'object', '67']', '['catalog', 'object', '63']', '['catalog', 'object', '399']']

	[http_referer]
	(NULL) 

	[45bd2d4c0a29b21c67d35bcefb26b012]
	(array) ['['catalog', 'object', '352']', '['catalog', 'object', '137']']

	[01f1eb9e0ccda106f1a945f7bd6dbcfa]
	(array) ['['content', 'content', '30']', '['catalog', 'object', '352']', '['catalog', 'object', '353']', '['catalog', 'object', '354']', '['catalog', 'object', '355']', '['catalog', 'object', '356']', '['catalog', 'object', '357']']

	[3a85b348b88c63d7b4c14ad62f2b9c3b]
	(array) ['['catalog', 'object', '353']', '['catalog', 'object', '370']']

	[4bf3d7aa7070e3e3ba0a1ea660ef814b]
	(array) ['['content', 'content', '268']']

	[emarket]
	(array) ['['0', '0']']

	[f3ed7e21a51ea57541a9dbbeae86cfb5]
	(array) ['['content', 'content', '269']']

	[e9d9fc6eed24d6626461eb5299e6413b]
	(array) ['['content', 'content', '272']']

	[errors_1337685800]
	(array) ['['Выберите способ оплаты', '', '']']


[_GET]
	[path]
	(string) emarket/save_payment_stage/


[Request headers]
	[Host]
	(string) semena-kanabisa.ru

	[Connection]
	(string) keep-alive

	[Cache-Control]
	(string) max-age=0

	[User-Agent]
	(string) Mozilla/5.0 (Windows NT 6.1) AppleWebKit/536.5 (KHTML, like Gecko) Chrome/19.0.1084.46 Safari/536.5

	[Accept]
	(string) text/html,application/xhtml+xml,application/xml;q=0.9,*/*;q=0.8

	[Accept-Encoding]
	(string) gzip,deflate,sdch

	[Accept-Language]
	(string) ru-RU,ru;q=0.8,en-US;q=0.6,en;q=0.4

	[Accept-Charset]
	(string) windows-1251,utf-8;q=0.7,*;q=0.3

	[Cookie]
	(string) PHPSESSID=oflm2nfdb4aitd0oda57noopi3; stat_id=oflm2nfdb4aitd0oda57noopi3; acstate_active=0; acstate_opened=1; ftypes=percent_auto; customer-id=12011; _ym_visorc=w


[Response headers]
	[X-Powered-By]
	(string) PHP/5.3.6-13ubuntu3.6

	[Expires]
	(string) Thu, 19 Nov 1981 08:52:00 GMT

	[Cache-Control]
	(string) no-store, no-cache, must-revalidate, post-check=0, pre-check=0

	[Pragma]
	(string) no-cache

	[Set-Cookie]
	(string) customer-id=12011; expires=Fri, 22-Jun-2012 11:23:20 GMT; path=/

	[Status]
	(string) 500 Internal Server Error


[0.0017750]	Can't find error redirect string
[0.0031528]	#0 /var/www/clients/client0/web1/web/classes/modules/def_module.php(947): def_module-&gt;errorPanic()
#1 /var/www/clients/client0/web1/web/classes/modules/emarket/__custom.php(124): def_module-&gt;errorNewMessage('???????????????...')
#2 /var/www/clients/client0/web1/web/classes/modules/def_module.php(63) : eval()'d code(1): __emarket_custom-&gt;save_payment_stage()
#3 /var/www/clients/client0/web1/web/classes/modules/def_module.php(63): eval()
#4 [internal function]: def_module-&gt;__call('save_payment_st...', Array)
#5 [internal function]: emarket-&gt;save_payment_stage()
#6 /var/www/clients/client0/web1/web/classes/system/subsystems/streams/udata/udataStream.php(98): call_user_func_array(Array, Array)
#7 /var/www/clients/client0/web1/web/classes/system/subsystems/streams/udata/udataStream.php(15): udataStream-&gt;executeMacros(Array)
#8 [internal function]: udataStream-&gt;stream_open('udata://emarket...', 'rb', 4, NULL)
#9 /var/www/clients/client0/web1/web/classes/system/subsystems/cmsController/cmsController.php(630): file_get_contents('udata://emarket...')
#10 /var/www/clients/client0/web1/web/classes/system/subsystems/cmsController/cmsController.php(614): cmsController-&gt;executeStream('udata://emarket...')
#11 /var/www/clients/client0/web1/web/classes/system/subsystems/cmsController/cmsController.php(312): cmsController-&gt;prepareClientSideGlobalVariablesForXSLT()
#12 /var/www/clients/client0/web1/web/libs/root-src/index.php(130): cmsController-&gt;getGlobalVariables()
#13 /var/www/clients/client0/web1/web/index.php(7): require('/var/www/client...')
#14 {main}
