[_SESSION]
	[starttime]
	(integer) 1343169982

	[http_referer]
	(string) http://www.google.ru/search?hl=ru&newwindow=1&client=ms-android-samsung&source=android-home&sky=mrdr&site=webhp&source=hp&q=%D0%BC%D0%B0%D1%80%D0%B8%D1%85%D1%83%D0%B0%D0%BD%D1%83+%D0%BA%D1%83%D0%BF%D0%B8%D1%82%D1%8C&oq=&gs_l=mobile-gws-hp.1.0.41.0.0.0.69280.2.0.0.2.2.0.0.0..0.0.elfh..0.0...1.

	[http_target]
	(string) /

	[user_id]
	(string) 298

	[is_admin]
	(array) ['']

	[_umi_opaf_disabled_html]
	(integer) 0


[_GET]
	[path]
	(string) 


[Request headers]
	[Host]
	(string) Semena-Kanabisa.ru

	[Accept-Encoding]
	(string) gzip

	[Referer]
	(string) http://www.google.ru/search?hl=ru&newwindow=1&client=ms-android-samsung&source=android-home&sky=mrdr&site=webhp&source=hp&q=%D0%BC%D0%B0%D1%80%D0%B8%D1%85%D1%83%D0%B0%D0%BD%D1%83+%D0%BA%D1%83%D0%BF%D0%B8%D1%82%D1%8C&oq=&gs_l=mobile-gws-hp.1.0.41.0.0.0.69280.2.0.0.2.2.0.0.0..0.0.elfh..0.0...1.

	[Accept-Language]
	(string) ru-RU, en-US

	[User-Agent]
	(string) Mozilla/5.0 (Linux; U; Android 2.3.6; ru-ru; GT-S6102 Build/GINGERBREAD) AppleWebKit/533.1 (KHTML, like Gecko) Version/4.0 Mobile Safari/533.1

	[Accept]
	(string) application/xml,application/xhtml+xml,text/html;q=0.9,text/plain;q=0.8,image/png,*/*;q=0.5

	[Accept-Charset]
	(string) utf-8, iso-8859-1, utf-16, *;q=0.7


[Response headers]
	[X-Powered-By]
	(string) PHP/5.3.6-13ubuntu3.6

	[Set-Cookie]
	(string) PHPSESSID=cdg3dlld6bc3t7aeoollf0gqb4; path=/

	[Expires]
	(string) Thu, 19 Nov 1981 08:52:00 GMT

	[Cache-Control]
	(string) no-store, no-cache, must-revalidate, post-check=0, pre-check=0

	[Pragma]
	(string) no-cache

	[Status]
	(string) 500 Internal Server Error


[25.3474450]	<p>Произошла критическая ошибка. Скорее всего, потребуется участие разработчиков.  Подробности по ссылке <a title="" target="_blank" href="http://errors.umi-cms.ru/17000/">17000</a></p>
[25.9068239]	#0 /var/www/clients/client0/web1/web/libs/lib.php(111): mysqlConnection-&gt;query('SELECT cp.metho...', false)
#1 /var/www/clients/client0/web1/web/classes/system/subsystems/models/permissions/permissionsCollection.php(195): l_mysql_query('SELECT cp.metho...')
#2 /var/www/clients/client0/web1/web/libs/system.php(39): permissionsCollection-&gt;isAllowedMethod('298', 'emarket', 'cart')
#3 /var/www/clients/client0/web1/web/classes/system/subsystems/streams/udata/udataStream.php(92): system_is_allowed('emarket', 'cart')
#4 /var/www/clients/client0/web1/web/classes/system/subsystems/streams/udata/udataStream.php(15): udataStream-&gt;executeMacros(Array)
#5 [internal function]: udataStream-&gt;stream_open('udata://emarket...', 'rb', 4, NULL)
#6 /var/www/clients/client0/web1/web/classes/system/subsystems/umiTemplaters/types/umiTemplaterXSLT.php(45): XSLTProcessor-&gt;transformToXml(Object(DOMDocument))
#7 /var/www/clients/client0/web1/web/libs/root-src/index.php(134): umiTemplaterXSLT-&gt;parse(Array, 'file:///var/www...')
#8 /var/www/clients/client0/web1/web/index.php(7): require('/var/www/client...')
#9 {main}
