[_SESSION]
	[starttime]
	(integer) 1343169417

	[http_referer]
	(string) http://www.google.ru/search?hl=ru&newwindow=1&client=ms-android-samsung&source=android-home&sky=mrdr&site=webhp&source=hp&q=%D0%BC%D0%B0%D1%80%D0%B8%D1%85%D1%83%D0%B0%D0%BD%D1%83+%D0%BA%D1%83%D0%BF%D0%B8%D1%82%D1%8C&oq=%D0%BC%D0%B0%D1%80%D0%B8%D1%85&gs_l=mobile-gws-hp.1.2.0l5.1619.20391.0.27026.8.6.0.2.2.0.226.1034.0j4j2.6.0.elfh..0.0...1._gjw1sBbV74

	[http_target]
	(string) /

	[user_id]
	(string) 298

	[is_admin]
	(array) ['']

	[_umi_opaf_disabled_html]
	(integer) 0


[_GET]
	[path]
	(string) 


[Request headers]
	[Host]
	(string) Semena-Kanabisa.ru

	[Accept-Encoding]
	(string) gzip

	[Referer]
	(string) http://www.google.ru/search?hl=ru&newwindow=1&client=ms-android-samsung&source=android-home&sky=mrdr&site=webhp&source=hp&q=%D0%BC%D0%B0%D1%80%D0%B8%D1%85%D1%83%D0%B0%D0%BD%D1%83+%D0%BA%D1%83%D0%BF%D0%B8%D1%82%D1%8C&oq=%D0%BC%D0%B0%D1%80%D0%B8%D1%85&gs_l=mobile-gws-hp.1.2.0l5.1619.20391.0.27026.8.6.0.2.2.0.226.1034.0j4j2.6.0.elfh..0.0...1._gjw1sBbV74

	[Accept-Language]
	(string) ru-RU, en-US

	[User-Agent]
	(string) Mozilla/5.0 (Linux; U; Android 2.3.6; ru-ru; GT-S6102 Build/GINGERBREAD) AppleWebKit/533.1 (KHTML, like Gecko) Version/4.0 Mobile Safari/533.1

	[Accept]
	(string) application/xml,application/xhtml+xml,text/html;q=0.9,text/plain;q=0.8,image/png,*/*;q=0.5

	[Accept-Charset]
	(string) utf-8, iso-8859-1, utf-16, *;q=0.7


[Response headers]
	[X-Powered-By]
	(string) PHP/5.3.6-13ubuntu3.6

	[Set-Cookie]
	(string) PHPSESSID=idpjvq7qg61ij4gku849mautf1; path=/

	[Expires]
	(string) Thu, 19 Nov 1981 08:52:00 GMT

	[Cache-Control]
	(string) no-store, no-cache, must-revalidate, post-check=0, pre-check=0

	[Pragma]
	(string) no-cache

	[Status]
	(string) 500 Internal Server Error


[2.7799928]	<p>Произошла критическая ошибка. Скорее всего, потребуется участие разработчиков.  Подробности по ссылке <a title="" target="_blank" href="http://errors.umi-cms.ru/17000/">17000</a></p>
[3.3275619]	#0 /var/www/clients/client0/web1/web/libs/lib.php(111): mysqlConnection-&gt;query('SELECT id FROM ...', false)
#1 /var/www/clients/client0/web1/web/classes/system/subsystems/models/data/umiObjectTypesCollection.php(343): l_mysql_query('SELECT id FROM ...')
#2 /var/www/clients/client0/web1/web/classes/system/subsystems/selector/executor.php(404): umiObjectTypesCollection-&gt;getChildClasses(116)
#3 /var/www/clients/client0/web1/web/classes/system/subsystems/selector/executor.php(306): selectorExecutor-&gt;buildWhere()
#4 /var/www/clients/client0/web1/web/classes/system/subsystems/selector/executor.php(25): selectorExecutor-&gt;buildQuery('result')
#5 /var/www/clients/client0/web1/web/classes/system/subsystems/selector/selector.php(109): selectorExecutor-&gt;result()
#6 /var/www/clients/client0/web1/web/classes/system/subsystems/selector/selector.php(153): selector-&gt;result()
#7 /var/www/clients/client0/web1/web/classes/system/subsystems/streams/usel/uselStream.php(27): selector-&gt;__get('result')
#8 [internal function]: uselStream-&gt;stream_open('usel://usel_car...', 'rb', 4, NULL)
#9 /var/www/clients/client0/web1/web/classes/system/subsystems/umiTemplaters/types/umiTemplaterXSLT.php(45): XSLTProcessor-&gt;transformToXml(Object(DOMDocument))
#10 /var/www/clients/client0/web1/web/libs/root-src/index.php(134): umiTemplaterXSLT-&gt;parse(Array, 'file:///var/www...')
#11 /var/www/clients/client0/web1/web/index.php(7): require('/var/www/client...')
#12 {main}
