[_SESSION]
	[starttime]
	(integer) 1343178783

	[http_referer]
	(string) http://www.google.ru/aclk?sa=L&ai=C-bUMqkUPUL_QC8nc4ASw_ICwBPHXhcUCgc2WnjawqaDvNggAEAFQgKmH8QNghIWAgKQeyAEBqQLa17BiPUNgPqoEGk_Q5_tmQOXAxGtfsteeazDfv5vLoG35cKUx&sig=AOD64_06mr0jVixTsq4tDuB8yrGtav0PzA&ved=0CFIQ0Qw&adurl=http://Semena-Kanabisa.ru&rct=j&q=growclub&cad=rjt

	[http_target]
	(string) /

	[user_id]
	(string) 298

	[is_admin]
	(array) ['']

	[_umi_opaf_disabled_html]
	(integer) 0


[_GET]
	[path]
	(string) 


[Request headers]
	[Host]
	(string) semena-kanabisa.ru

	[Connection]
	(string) keep-alive

	[User-Agent]
	(string) Mozilla/5.0 (Windows NT 6.2; WOW64) AppleWebKit/537.1 (KHTML, like Gecko) Chrome/21.0.1180.49 Safari/537.1

	[Accept]
	(string) text/html,application/xhtml+xml,application/xml;q=0.9,*/*;q=0.8

	[Referer]
	(string) http://www.google.ru/aclk?sa=L&ai=C-bUMqkUPUL_QC8nc4ASw_ICwBPHXhcUCgc2WnjawqaDvNggAEAFQgKmH8QNghIWAgKQeyAEBqQLa17BiPUNgPqoEGk_Q5_tmQOXAxGtfsteeazDfv5vLoG35cKUx&sig=AOD64_06mr0jVixTsq4tDuB8yrGtav0PzA&ved=0CFIQ0Qw&adurl=http://Semena-Kanabisa.ru&rct=j&q=growclub&cad=rjt

	[Accept-Encoding]
	(string) gzip,deflate,sdch

	[Accept-Language]
	(string) ru-RU,ru;q=0.8,en-US;q=0.6,en;q=0.4

	[Accept-Charset]
	(string) windows-1251,utf-8;q=0.7,*;q=0.3


[Response headers]
	[X-Powered-By]
	(string) PHP/5.3.6-13ubuntu3.6

	[Set-Cookie]
	(string) PHPSESSID=o8547dvh07pos3nhcbbts4e176; path=/

	[Expires]
	(string) Thu, 19 Nov 1981 08:52:00 GMT

	[Cache-Control]
	(string) no-store, no-cache, must-revalidate, post-check=0, pre-check=0

	[Pragma]
	(string) no-cache

	[Status]
	(string) 500 Internal Server Error


[1.5167131]	<p>Произошла критическая ошибка. Скорее всего, потребуется участие разработчиков.  Подробности по ссылке <a title="" target="_blank" href="http://errors.umi-cms.ru/17000/">17000</a></p>
[1.7194309]	#0 /var/www/clients/client0/web1/web/libs/lib.php(111): mysqlConnection-&gt;query('SELECT rel_id F...', false)
#1 /var/www/clients/client0/web1/web/classes/system/subsystems/models/hierarchy/umiHierarchy.php(553): l_mysql_query('SELECT rel_id F...')
#2 /var/www/clients/client0/web1/web/classes/system/subsystems/cmsController/cmsController.php(577): umiHierarchy-&gt;getAllParents('1')
#3 /var/www/clients/client0/web1/web/classes/system/subsystems/cmsController/cmsController.php(312): cmsController-&gt;prepareClientSideGlobalVariablesForXSLT()
#4 /var/www/clients/client0/web1/web/libs/root-src/index.php(130): cmsController-&gt;getGlobalVariables()
#5 /var/www/clients/client0/web1/web/index.php(7): require('/var/www/client...')
#6 {main}
