[_COOKIE]
	[stat_id]
	(string) 6nolq3jgrqdnrbjh2r4hi64mj7

	[PHPSESSID]
	(string) 6nolq3jgrqdnrbjh2r4hi64mj7

	[acstate_active]
	(string) false

	[acstate_opened]
	(string) -1

	[_ym_visorc]
	(string) w


[_SESSION]
	[starttime]
	(integer) 1337829559

	[http_target]
	(string) /producers/

	[user_id]
	(string) 298

	[is_admin]
	(array) ['']

	[_umi_opaf_disabled_html]
	(integer) 0


[_GET]
	[path]
	(string) producers/


[Request headers]
	[Host]
	(string) semena-kanabisa.ru

	[User-Agent]
	(string) Mozilla/5.0 (Windows NT 6.1; rv:12.0) Gecko/20100101 Firefox/12.0

	[Accept]
	(string) text/html,application/xhtml+xml,application/xml;q=0.9,*/*;q=0.8

	[Accept-Language]
	(string) ru-ru,ru;q=0.8,en-us;q=0.5,en;q=0.3

	[Accept-Encoding]
	(string) gzip, deflate

	[Connection]
	(string) keep-alive

	[Referer]
	(string) http://semena-kanabisa.ru/producers/serious_seeds/?&order_filter%5Bname%5D=1

	[Cookie]
	(string) stat_id=6nolq3jgrqdnrbjh2r4hi64mj7; PHPSESSID=6nolq3jgrqdnrbjh2r4hi64mj7; acstate_active=false; acstate_opened=-1; _ym_visorc=w


[Response headers]
	[X-Powered-By]
	(string) PHP/5.3.6-13ubuntu3.6

	[Expires]
	(string) Thu, 19 Nov 1981 08:52:00 GMT

	[Cache-Control]
	(string) no-store, no-cache, must-revalidate, post-check=0, pre-check=0

	[Pragma]
	(string) no-cache

	[Status]
	(string) 500 Internal Server Error


[0.3032758]	Default domain could not be found
[1.5117948]	#0 /var/www/clients/client0/web1/web/classes/system/subsystems/cmsController/cmsController.php(681): cmsController-&gt;detectDomain()
#1 /var/www/clients/client0/web1/web/classes/system/subsystems/cmsController/cmsController.php(40): cmsController-&gt;init()
#2 /var/www/clients/client0/web1/web/classes/system/patterns/singletone.php(21): cmsController-&gt;__construct()
#3 /var/www/clients/client0/web1/web/classes/system/subsystems/cmsController/cmsController.php(49): singleton::getInstance('cmsController')
#4 /var/www/clients/client0/web1/web/libs/root-src/index.php(71): cmsController::getInstance()
#5 /var/www/clients/client0/web1/web/index.php(7): require('/var/www/client...')
#6 {main}
