[_COOKIE]
	[PHPSESSID]
	(string) bi6ne180u1rleabn1m1t19olo5

	[stat_id]
	(string) bi6ne180u1rleabn1m1t19olo5

	[acstate_active]
	(string) false

	[acstate_opened]
	(string) -1


[_SESSION]
	[starttime]
	(integer) 1343172751

	[http_referer]
	(string) http://www.google.ru/aclk?sa=L&ai=CKhYrIiEPUKPICqje4ASnm4CgAvHXhcUCyY-BnTb9y6r7GQgAEAEoA1CAqYfxA2CEhYCAsB3IAQGpAj2GMf0iS2A-qgQaT9DpEnQ8vAj2EC-iqnM6ZXsxpF4kT22jxSw&sig=AOD64_3pJOvyRlnXP0yUimM7uTzxpZ-kgA&ved=0CFwQ0Qw&adurl=http://Semena-Kanabisa.ru&rct=j&q=%D0%BA%D1%83%D0%BF%D0%B8%D1%82%D1%8C+%D1%81%D0%B5%D0%BC%D0%B5%D0%BD%D0%B0+%D0%BA%D0%BE%D0%BD%D0%BE%D0%BF%D0%BB%D0%B8

	[http_target]
	(string) /

	[user_id]
	(string) 298

	[is_admin]
	(array) ['']

	[_umi_opaf_disabled_html]
	(integer) 0


[_GET]
	[path]
	(string) 


[Request headers]
	[Host]
	(string) semena-kanabisa.ru

	[Connection]
	(string) keep-alive

	[User-Agent]
	(string) Mozilla/5.0 (Windows NT 6.1; WOW64) AppleWebKit/536.11 (KHTML, like Gecko) Chrome/20.0.1132.57 Safari/536.11

	[Accept]
	(string) text/html,application/xhtml+xml,application/xml;q=0.9,*/*;q=0.8

	[Referer]
	(string) http://www.google.ru/url?sa=t&rct=j&q=&esrc=s&source=web&cd=6&ved=0CIwBEBYwBQ&url=http%3A%2F%2Fsemena-kanabisa.ru%2F&ei=IiEPUNfyCdPQ4QS0tYCoAg&usg=AFQjCNGEl-XwpiTrZPhKDkmhHYcFfYyd8w

	[Accept-Encoding]
	(string) gzip,deflate,sdch

	[Accept-Language]
	(string) ru-RU,ru;q=0.8,en-US;q=0.6,en;q=0.4

	[Accept-Charset]
	(string) windows-1251,utf-8;q=0.7,*;q=0.3

	[Cookie]
	(string) PHPSESSID=bi6ne180u1rleabn1m1t19olo5; stat_id=bi6ne180u1rleabn1m1t19olo5; acstate_active=false; acstate_opened=-1


[Response headers]
	[X-Powered-By]
	(string) PHP/5.3.6-13ubuntu3.6

	[Expires]
	(string) Thu, 19 Nov 1981 08:52:00 GMT

	[Cache-Control]
	(string) no-store, no-cache, must-revalidate, post-check=0, pre-check=0

	[Pragma]
	(string) no-cache

	[Status]
	(string) 500 Internal Server Error


[0.3312359]	Default domain could not be found
[14.2264259]	#0 /var/www/clients/client0/web1/web/classes/system/subsystems/cmsController/cmsController.php(681): cmsController-&gt;detectDomain()
#1 /var/www/clients/client0/web1/web/classes/system/subsystems/cmsController/cmsController.php(40): cmsController-&gt;init()
#2 /var/www/clients/client0/web1/web/classes/system/patterns/singletone.php(21): cmsController-&gt;__construct()
#3 /var/www/clients/client0/web1/web/classes/system/subsystems/cmsController/cmsController.php(49): singleton::getInstance('cmsController')
#4 /var/www/clients/client0/web1/web/libs/root-src/index.php(71): cmsController::getInstance()
#5 /var/www/clients/client0/web1/web/index.php(7): require('/var/www/client...')
#6 {main}
