[_COOKIE]
	[user_captcha]
	(string) 5295

	[PHPSESSID]
	(string) cu7f47l4sp8ot27r8srgklu131

	[acstate_active]
	(string) 0

	[acstate_opened]
	(string) 0|1|2|3|4

	[fprice]
	(string) 100|200

	[fcats]
	(string) greenhouse

	[umi_captcha]
	(string) 05311655a15b75fab86956663e1819cd

	[umicms_session]
	(string) b1a83f002d2dc941a658a0475e3b2320

	[ilang]
	(string) ru

	[stat_id]
	(string) cu7f47l4sp8ot27r8srgklu131

	[_ym_visorc]
	(string) w


[_SESSION]
	[starttime]
	(integer) 1335972852

	[http_referer]
	(NULL) 

	[http_target]
	(string) /

	[user_id]
	(integer) 4234

	[is_admin]
	(array) ['', '']

	[_umi_opaf_disabled_html]
	(integer) 0

	[old_logged_in_value]
	(boolean) 1

	[e76fcad4b37585e78574f7b026a2a13d]
	(array) ['['content', 'content', '1']']

	[1e37649b2984ba99b99016ea85c87f26]
	(array) ['['content', 'content', '28']']

	[f7184cb594eda4675ecaa6d0cfae1eec]
	(array) ['['content', 'content', '3']']

	[780956e655e7f1241299763e3f0bf8ef]
	(array) ['['content', 'content', '291']']

	[12d06376b571b7a39780c1e9dba6d87e]
	(array) ['['content', 'content', '4']']

	[98ddcc13eaeba31d90621ade6e7a70ce]
	(array) ['['catalog', 'object', '70']', '['catalog', 'object', '81']', '['catalog', 'object', '85']']

	[f6a9c2f7a0bc1006b86e4a36f252c0da]
	(array) ['['content', 'content', '30']', '['catalog', 'object', '81']', '['catalog', 'object', '85']', '['catalog', 'object', '70']']

	[d076a0e7af5c94ffd2d16e3e370ddf62]
	(array) ['['catalog', 'object', '70']', '['catalog', 'object', '81']', '['catalog', 'object', '85']']

	[7949def36886fd36e90ef86adb148c08]
	(array) ['['content', 'content', '30']', '['catalog', 'object', '81']', '['catalog', 'object', '85']', '['catalog', 'object', '70']']

	[aea7c2dc99358decc212a738bb72fc80]
	(array) ['['content', 'content', '6']']

	[umi_captcha]
	(string) 05311655a15b75fab86956663e1819cd

	[umi_captcha_plain]
	(string) 1338

	[errors_1335972752]
	(array) ['['Пользователя с таким email адресом не существует.', '', '']']

	[cms_login]
	(string) bosya

	[cms_pass]
	(string) ce922d89a6c244fb0c5aff66bc46e9be

	[stat]
	(array) ['cu7f47l4sp8ot27r8srgklu131', '1', '11214', '17693', '2', '2689', '2689', '']

	[003261e1c5b40af3dd897b8e06961540]
	(array) ['['content', 'content', '12']']

	[04678b591b796b7fd75470ff71a95d88]
	(array) ['['content', 'content', '295']']


[_GET]
	[path]
	(string) users/restore/234c29756a434d6e2a1c6f2923cc31d9/


[Request headers]
	[Host]
	(string) semena-kanabisa.ru

	[Connection]
	(string) keep-alive

	[User-Agent]
	(string) Mozilla/5.0 (Windows NT 6.1; WOW64) AppleWebKit/535.19 (KHTML, like Gecko) Chrome/18.0.1025.168 Safari/535.19

	[Accept]
	(string) text/html,application/xhtml+xml,application/xml;q=0.9,*/*;q=0.8

	[Accept-Encoding]
	(string) gzip,deflate,sdch

	[Accept-Language]
	(string) ru-RU,ru;q=0.8,en-US;q=0.6,en;q=0.4

	[Accept-Charset]
	(string) windows-1251,utf-8;q=0.7,*;q=0.3

	[Cookie]
	(string) user_captcha=5295; PHPSESSID=cu7f47l4sp8ot27r8srgklu131; acstate_active=0; acstate_opened=0%7C1%7C2%7C3%7C4; fprice=100%7C200; fcats=greenhouse; umi_captcha=05311655a15b75fab86956663e1819cd; umicms_session=b1a83f002d2dc941a658a0475e3b2320; ilang=ru; stat_id=cu7f47l4sp8ot27r8srgklu131; _ym_visorc=w


[Response headers]
	[X-Powered-By]
	(string) PHP/5.3.6-13ubuntu3.6

	[Expires]
	(string) Thu, 19 Nov 1981 08:52:00 GMT

	[Cache-Control]
	(string) no-store, no-cache, must-revalidate, post-check=0, pre-check=0

	[Pragma]
	(string) no-cache

	[Status]
	(string) 500 Internal Server Error


[0.0004361]	Not found template &quot;/forget/234c29756a434d6e2a1c6f2923cc31d9&quot;.
[0.0014181]	#0 /var/www/clients/client0/web1/web/classes/system/subsystems/umiTemplaters/types/umiTemplaterXSLT.php(15): umiTemplaterXSLT-&gt;prepareXSL('/forget/234c297...')
#1 /var/www/clients/client0/web1/web/classes/modules/def_module.php(515): umiTemplaterXSLT-&gt;parse(Array)
#2 /var/www/clients/client0/web1/web/classes/modules/users/__forget.php(166): def_module::parseTemplateForMail('file://users/fo...', Array, false, 4234)
#3 /var/www/clients/client0/web1/web/classes/modules/def_module.php(63) : eval()'d code(1): __forget_users-&gt;restore('234c29756a434d6...')
#4 /var/www/clients/client0/web1/web/classes/modules/def_module.php(63): eval()
#5 /var/www/clients/client0/web1/web/classes/modules/users/class.php(25): def_module-&gt;__call('restore', Array)
#6 [internal function]: users-&gt;__call('restore', Array)
#7 [internal function]: users-&gt;restore('234c29756a434d6...')
#8 /var/www/clients/client0/web1/web/classes/system/subsystems/streams/udata/udataStream.php(98): call_user_func_array(Array, Array)
#9 /var/www/clients/client0/web1/web/classes/system/subsystems/streams/udata/udataStream.php(15): udataStream-&gt;executeMacros(Array)
#10 [internal function]: udataStream-&gt;stream_open('udata://users/r...', 'rb', 4, NULL)
#11 /var/www/clients/client0/web1/web/classes/system/subsystems/cmsController/cmsController.php(630): file_get_contents('udata://users/r...')
#12 /var/www/clients/client0/web1/web/classes/system/subsystems/cmsController/cmsController.php(614): cmsController-&gt;executeStream('udata://users/r...')
#13 /var/www/clients/client0/web1/web/classes/system/subsystems/cmsController/cmsController.php(312): cmsController-&gt;prepareClientSideGlobalVariablesForXSLT()
#14 /var/www/clients/client0/web1/web/libs/root-src/index.php(130): cmsController-&gt;getGlobalVariables()
#15 /var/www/clients/client0/web1/web/index.php(7): require('/var/www/client...')
#16 {main}
