[_COOKIE]
	[stat_id]
	(string) a949ddhoas4getig0gecuuq6p6

	[SS_ARE_Override_traceLevel]
	(string) WARN

	[toolbar_tables]
	(string) on

	[toolbar_fonts]
	(string) on

	[eip-panel-state]
	(string) 

	[eip-panel-state-first]
	(string) Y

	[PHPSESSID]
	(string) 0lb6slbh3fc0bda5lhl2mkid07

	[fprice]
	(string) 200|300

	[fproducers]
	(string) 20

	[ftgk]
	(string) 10|15

	[ilang]
	(string) ru

	[acstate_active]
	(string) false

	[acstate_opened]
	(string) 2|3|4

	[umi_captcha]
	(string) 15b3342aa0abd5176b93d68ddf95e3ce

	[_ym_visorc]
	(string) w


[_SESSION]
	[starttime]
	(integer) 1335963168

	[http_referer]
	(string) http://e.mail.ru/cgi-bin/msglist?back=1#readmsg?id=13359631200000000002&folder=0

	[http_target]
	(string) /

	[user_id]
	(string) 298

	[is_admin]
	(array) ['']

	[_umi_opaf_disabled_html]
	(integer) 0

	[old_logged_in_value]
	(boolean) 

	[stat]
	(array) ['', 'a949ddhoas4getig0gecuuq6p6', '52', '1', '17605', '21', '5', '5']

	[e76fcad4b37585e78574f7b026a2a13d]
	(array) ['['content', 'content', '1']']

	[780956e655e7f1241299763e3f0bf8ef]
	(array) ['['content', 'content', '291']']

	[f7184cb594eda4675ecaa6d0cfae1eec]
	(array) ['['content', 'content', '3']']

	[12d06376b571b7a39780c1e9dba6d87e]
	(array) ['['content', 'content', '4']']

	[1e37649b2984ba99b99016ea85c87f26]
	(array) ['['content', 'content', '28']']

	[68ee3fbbafc8102f591e049d107e29b0]
	(array) ['['catalog', 'object', '297']']

	[28304f921ce4b2211a6b311eb4d9c38f]
	(array) ['['content', 'content', '30']', '['catalog', 'object', '297']']

	[98ddcc13eaeba31d90621ade6e7a70ce]
	(array) ['['catalog', 'object', '70']', '['catalog', 'object', '81']', '['catalog', 'object', '85']']

	[8b7fe385af99a4775b94cca5e1a70d2f]
	(array) ['['catalog', 'object', '174']', '['catalog', 'object', '176']', '['catalog', 'object', '173']', '['catalog', 'object', '305']', '['catalog', 'object', '71']', '['catalog', 'object', '277']', '['catalog', 'object', '250']', '['catalog', 'object', '221']', '['catalog', 'object', '57']', '['catalog', 'object', '43']', '['catalog', 'object', '251']', '['catalog', 'object', '248']']

	[61ab85988c14d93da436e46c17f134e4]
	(array) ['['catalog', 'object', '45']', '['catalog', 'object', '78']', '['catalog', 'object', '48']', '['catalog', 'object', '63']', '['catalog', 'object', '256']', '['catalog', 'object', '188']', '['catalog', 'object', '215']', '['catalog', 'object', '56']', '['catalog', 'object', '64']', '['catalog', 'object', '61']', '['catalog', 'object', '46']', '['catalog', 'object', '308']', '['catalog', 'object', '60']', '['catalog', 'object', '66']']

	[8ab9ef9e38a72bf0d986d72c527c5119]
	(array) ['['catalog', 'object', '45']', '['catalog', 'object', '78']', '['catalog', 'object', '48']', '['catalog', 'object', '63']', '['catalog', 'object', '56']', '['catalog', 'object', '64']', '['catalog', 'object', '61']', '['catalog', 'object', '46']', '['catalog', 'object', '60']', '['catalog', 'object', '66']']

	[a8817fe94c5b3b02764117f27adc821a]
	(array) ['['catalog', 'object', '188']']

	[ec9113b3fd4746ba187cd433beb49b2f]
	(array) ['['catalog', 'object', '308']']

	[4bf3d7aa7070e3e3ba0a1ea660ef814b]
	(array) ['['content', 'content', '268']']

	[5d1434fedc96d46cd967b5d987ac0212]
	(array) ['['catalog', 'object', '173']', '['catalog', 'object', '174']', '['catalog', 'object', '176']', '['catalog', 'object', '277']', '['catalog', 'object', '305']']

	[5f0925363c274ed50e8d31cad0757535]
	(array) ['['catalog', 'object', '174']', '['catalog', 'object', '176']', '['catalog', 'object', '173']', '['catalog', 'object', '305']', '['catalog', 'object', '277']', '['catalog', 'object', '250']', '['catalog', 'object', '251']', '['catalog', 'object', '248']']

	[b5d8e406d5f341c026247e7c8e8979a4]
	(array) ['['catalog', 'object', '305']']

	[bc85a293f01245a062d3338aea7c02ca]
	(array) ['['content', 'content', '30']', '['catalog', 'object', '305']']

	[e71bb6f1cf2e2f1216306f0f5c8ddc85]
	(array) ['['catalog', 'object', '308']', '['catalog', 'object', '310']', '['catalog', 'object', '312']']

	[076130d3df8fe01a214d9e1ef9072ba1]
	(array) ['['catalog', 'category', '16']', '['catalog', 'object', '66']', '['catalog', 'object', '61']', '['catalog', 'object', '45']', '['catalog', 'object', '81']', '['catalog', 'object', '56']', '['catalog', 'object', '48']']

	[6e5fe9862d22903310e04d3e8b15becb]
	(array) ['['catalog', 'object', '66']', '['catalog', 'object', '138']']

	[044a93c83474a99eb56f1e23585f0405]
	(array) ['['users', 'author', '63']', '['users', 'author', '60']', '['users', 'author', '255']', '['blogs20', 'blog', '23']', '['users', 'author', '251']', '['users', 'author', '56']', '['users', 'author', '316']', '['users', 'author', '61']', '['users', 'author', '248']', '['users', 'author', '85']']

	[2be6073c2ba46e0965b1cc6dcdd4ffa0]
	(array) ['['users', 'author', '61']', '['users', 'author', '85']', '['users', 'author', '248']', '['users', 'author', '308']', '['users', 'author', '45']', '['users', 'author', '60']', '['users', 'author', '277']', '['users', 'author', '316']', '['users', 'author', '174']', '['users', 'author', '81']']

	[035ff029268c794a6e0b4e59fa73052c]
	(array) ['['content', 'content', '5']']

	[aea7c2dc99358decc212a738bb72fc80]
	(array) ['['content', 'content', '6']']

	[umi_captcha]
	(string) 15b3342aa0abd5176b93d68ddf95e3ce

	[umi_captcha_plain]
	(string) 5834


[_GET]
	[path]
	(string) users/restore/4c65c4547e15e789aea6993438d0ad9f/


[Request headers]
	[Host]
	(string) semena-kanabisa.ru

	[Connection]
	(string) keep-alive

	[User-Agent]
	(string) Mozilla/5.0 (Windows NT 5.1) AppleWebKit/535.19 (KHTML, like Gecko) Chrome/18.0.1025.162 Safari/535.19

	[Accept]
	(string) text/html,application/xhtml+xml,application/xml;q=0.9,*/*;q=0.8

	[Referer]
	(string) http://e.mail.ru/cgi-bin/msglist?back=1#readmsg?id=13359631200000000002&folder=0

	[Accept-Encoding]
	(string) gzip,deflate,sdch

	[Accept-Language]
	(string) ru-RU,ru;q=0.8,en-US;q=0.6,en;q=0.4

	[Accept-Charset]
	(string) windows-1251,utf-8;q=0.7,*;q=0.3

	[Cookie]
	(string) stat_id=a949ddhoas4getig0gecuuq6p6; SS_ARE_Override.traceLevel=WARN; toolbar_tables=on; toolbar_fonts=on; eip-panel-state=; eip-panel-state-first=Y; PHPSESSID=0lb6slbh3fc0bda5lhl2mkid07; fprice=200%7C300; fproducers=20; ftgk=10%7C15; ilang=ru; acstate_active=false; acstate_opened=2%7C3%7C4; umi_captcha=15b3342aa0abd5176b93d68ddf95e3ce; _ym_visorc=w


[Response headers]
	[X-Powered-By]
	(string) PHP/5.3.6-13ubuntu3.6

	[Expires]
	(string) Thu, 19 Nov 1981 08:52:00 GMT

	[Cache-Control]
	(string) no-store, no-cache, must-revalidate, post-check=0, pre-check=0

	[Pragma]
	(string) no-cache

	[Status]
	(string) 500 Internal Server Error


[0.0006261]	Not found template &quot;/forget/4c65c4547e15e789aea6993438d0ad9f&quot;.
[0.0006731]	#0 /var/www/clients/client0/web1/web/classes/system/subsystems/umiTemplaters/types/umiTemplaterXSLT.php(15): umiTemplaterXSLT-&gt;prepareXSL('/forget/4c65c45...')
#1 /var/www/clients/client0/web1/web/classes/modules/def_module.php(515): umiTemplaterXSLT-&gt;parse(Array)
#2 /var/www/clients/client0/web1/web/classes/modules/users/__forget.php(166): def_module::parseTemplateForMail('file://users/fo...', Array, false, 4403)
#3 /var/www/clients/client0/web1/web/classes/modules/def_module.php(63) : eval()'d code(1): __forget_users-&gt;restore('4c65c4547e15e78...')
#4 /var/www/clients/client0/web1/web/classes/modules/def_module.php(63): eval()
#5 /var/www/clients/client0/web1/web/classes/modules/users/class.php(25): def_module-&gt;__call('restore', Array)
#6 [internal function]: users-&gt;__call('restore', Array)
#7 [internal function]: users-&gt;restore('4c65c4547e15e78...')
#8 /var/www/clients/client0/web1/web/classes/system/subsystems/streams/udata/udataStream.php(98): call_user_func_array(Array, Array)
#9 /var/www/clients/client0/web1/web/classes/system/subsystems/streams/udata/udataStream.php(15): udataStream-&gt;executeMacros(Array)
#10 [internal function]: udataStream-&gt;stream_open('udata://users/r...', 'rb', 4, NULL)
#11 /var/www/clients/client0/web1/web/classes/system/subsystems/cmsController/cmsController.php(630): file_get_contents('udata://users/r...')
#12 /var/www/clients/client0/web1/web/classes/system/subsystems/cmsController/cmsController.php(614): cmsController-&gt;executeStream('udata://users/r...')
#13 /var/www/clients/client0/web1/web/classes/system/subsystems/cmsController/cmsController.php(312): cmsController-&gt;prepareClientSideGlobalVariablesForXSLT()
#14 /var/www/clients/client0/web1/web/libs/root-src/index.php(130): cmsController-&gt;getGlobalVariables()
#15 /var/www/clients/client0/web1/web/index.php(7): require('/var/www/client...')
#16 {main}
