[_COOKIE]
	[customer-id]
	(string) 20122

	[stat_id]
	(string) 8aggj0vv1d9fiubakca6q78ro2


[_SESSION]
	[starttime]
	(integer) 1343167094

	[http_referer]
	(NULL) 

	[http_target]
	(string) /order_forming/

	[user_id]
	(string) 298

	[is_admin]
	(array) ['']

	[_umi_opaf_disabled_html]
	(integer) 0

	[emarket]
	(array) ['['0', '0']']


[_GET]
	[path]
	(string) order_forming/


[Request headers]
	[Host]
	(string) semena-kanabisa.ru

	[User-Agent]
	(string) Mozilla/5.0 (Windows NT 6.1; rv:14.0) Gecko/20100101 Firefox/14.0.1

	[Accept]
	(string) text/html,application/xhtml+xml,application/xml;q=0.9,*/*;q=0.8

	[Accept-Language]
	(string) ru-ru,ru;q=0.8,en-us;q=0.5,en;q=0.3

	[Accept-Encoding]
	(string) gzip, deflate

	[Connection]
	(string) keep-alive

	[Cookie]
	(string) customer-id=20122; stat_id=8aggj0vv1d9fiubakca6q78ro2


[Response headers]
	[X-Powered-By]
	(string) PHP/5.3.6-13ubuntu3.6

	[Set-Cookie]
	(string) customer-id=20122; expires=Fri, 24-Aug-2012 22:26:58 GMT; path=/

	[Expires]
	(string) Thu, 19 Nov 1981 08:52:00 GMT

	[Cache-Control]
	(string) no-store, no-cache, must-revalidate, post-check=0, pre-check=0

	[Pragma]
	(string) no-cache

	[Status]
	(string) 500 Internal Server Error


[3.6579959]	<p>Произошла критическая ошибка. Скорее всего, потребуется участие разработчиков.  Подробности по ссылке <a title="" target="_blank" href="http://errors.umi-cms.ru/17000/">17000</a></p>
[27.4577460]	#0 /var/www/clients/client0/web1/web/libs/lib.php(111): mysqlConnection-&gt;query('SELECT  id FROM...', false)
#1 /var/www/clients/client0/web1/web/classes/system/subsystems/models/data/umiObjectTypesCollection.php(428): l_mysql_query('SELECT  id FROM...')
#2 /var/www/clients/client0/web1/web/classes/system/subsystems/models/data/umiObjectTypesCollection.php(484): umiObjectTypesCollection-&gt;getTypeByHierarchyTypeId(5)
#3 /var/www/clients/client0/web1/web/classes/modules/stat/class.php(120): umiObjectTypesCollection-&gt;getBaseType('users', 'user')
#4 /var/www/clients/client0/web1/web/classes/system/subsystems/cmsController/cmsController.php(66): stat-&gt;__construct()
#5 /var/www/clients/client0/web1/web/classes/system/subsystems/cmsController/cmsController.php(92): cmsController-&gt;loadModule('stat')
#6 /var/www/clients/client0/web1/web/libs/root-src/index.php(149): cmsController-&gt;getModule('stat')
#7 /var/www/clients/client0/web1/web/index.php(7): require('/var/www/client...')
#8 {main}
