[_COOKIE]
	[customer-id]
	(string) 20122

	[stat_id]
	(string) 8aggj0vv1d9fiubakca6q78ro2


[_SESSION]
	[starttime]
	(integer) 1343168041

	[http_referer]
	(string) http://yandex.ru/yandsearch?lr=213&msid=22881.20143.1343166423.70116&text=%D0%BA%D1%83%D0%BF%D0%B8%D1%82%D1%8C+%D1%81%D0%B5%D0%BC%D0%B5%D0%BD%D0%B0+%D0%BA%D0%BE%D0%BD%D0%BE%D0%BF%D0%BB%D0%B8

	[http_target]
	(string) /

	[user_id]
	(string) 298

	[is_admin]
	(array) ['']

	[_umi_opaf_disabled_html]
	(integer) 0


[_GET]
	[path]
	(string) 


[Request headers]
	[Host]
	(string) semena-kanabisa.ru

	[User-Agent]
	(string) Mozilla/5.0 (Windows NT 6.1; rv:14.0) Gecko/20100101 Firefox/14.0.1

	[Accept]
	(string) text/html,application/xhtml+xml,application/xml;q=0.9,*/*;q=0.8

	[Accept-Language]
	(string) ru-ru,ru;q=0.8,en-us;q=0.5,en;q=0.3

	[Accept-Encoding]
	(string) gzip, deflate

	[Connection]
	(string) keep-alive

	[Referer]
	(string) http://yandex.ru/yandsearch?lr=213&msid=22881.20143.1343166423.70116&text=%D0%BA%D1%83%D0%BF%D0%B8%D1%82%D1%8C+%D1%81%D0%B5%D0%BC%D0%B5%D0%BD%D0%B0+%D0%BA%D0%BE%D0%BD%D0%BE%D0%BF%D0%BB%D0%B8

	[Cookie]
	(string) customer-id=20122; stat_id=8aggj0vv1d9fiubakca6q78ro2


[Response headers]
	[X-Powered-By]
	(string) PHP/5.3.6-13ubuntu3.6

	[Set-Cookie]
	(string) customer-id=20122; expires=Fri, 24-Aug-2012 22:26:59 GMT; path=/

	[Expires]
	(string) Thu, 19 Nov 1981 08:52:00 GMT

	[Cache-Control]
	(string) no-store, no-cache, must-revalidate, post-check=0, pre-check=0

	[Pragma]
	(string) no-cache

	[Status]
	(string) 500 Internal Server Error


[29.0500071]	<p>Произошла критическая ошибка. Скорее всего, потребуется участие разработчиков.  Подробности по ссылке <a title="" target="_blank" href="http://errors.umi-cms.ru/17000/">17000</a></p>
[29.9324951]	#0 /var/www/clients/client0/web1/web/libs/lib.php(111): mysqlConnection-&gt;query('SELECT BIT_OR(c...', false)
#1 /var/www/clients/client0/web1/web/classes/system/subsystems/models/permissions/permissionsCollection.php(245): l_mysql_query('SELECT BIT_OR(c...')
#2 /var/www/clients/client0/web1/web/classes/system/subsystems/models/hierarchy/umiHierarchy.php(1281): permissionsCollection-&gt;isAllowedObject('298', 331)
#3 /var/www/clients/client0/web1/web/classes/system/subsystems/models/hierarchy/umiHierarchy.php(107): umiHierarchy-&gt;isAllowed(331)
#4 /var/www/clients/client0/web1/web/classes/system/subsystems/streams/upage/upageStream.php(12): umiHierarchy-&gt;getElement(331)
#5 [internal function]: upageStream-&gt;stream_open('upage://331', 'rb', 4, NULL)
#6 /var/www/clients/client0/web1/web/classes/system/subsystems/umiTemplaters/types/umiTemplaterXSLT.php(45): XSLTProcessor-&gt;transformToXml(Object(DOMDocument))
#7 /var/www/clients/client0/web1/web/libs/root-src/index.php(134): umiTemplaterXSLT-&gt;parse(Array, 'file:///var/www...')
#8 /var/www/clients/client0/web1/web/index.php(7): require('/var/www/client...')
#9 {main}
