[_SESSION]
	[starttime]
	(integer) 1343176288

	[http_referer]
	(string) http://yandex.ru/yandsearch?text=%D1%81%D0%B5%D0%BC%D1%8F%D0%BD%D1%8B%D1%87&clid=135296&lr=969

	[http_target]
	(string) /contacts/

	[user_id]
	(string) 298

	[is_admin]
	(array) ['']

	[_umi_opaf_disabled_html]
	(integer) 0


[_GET]
	[path]
	(string) contacts/


[Request headers]
	[Host]
	(string) semena-kanabisa.ru

	[Connection]
	(string) keep-alive

	[User-Agent]
	(string) Mozilla/5.0 (Windows NT 5.1) AppleWebKit/536.11 (KHTML, like Gecko) Chrome/20.0.1132.57 Safari/536.11

	[Accept]
	(string) text/html,application/xhtml+xml,application/xml;q=0.9,*/*;q=0.8

	[Referer]
	(string) http://yandex.ru/yandsearch?text=%D1%81%D0%B5%D0%BC%D1%8F%D0%BD%D1%8B%D1%87&clid=135296&lr=969

	[Accept-Encoding]
	(string) gzip,deflate,sdch

	[Accept-Language]
	(string) ru-RU,ru;q=0.8,en-US;q=0.6,en;q=0.4

	[Accept-Charset]
	(string) windows-1251,utf-8;q=0.7,*;q=0.3


[Response headers]
	[X-Powered-By]
	(string) PHP/5.3.6-13ubuntu3.6

	[Set-Cookie]
	(string) PHPSESSID=shi04l1v1s4upkpkta65cgfl16; path=/

	[Expires]
	(string) Thu, 19 Nov 1981 08:52:00 GMT

	[Cache-Control]
	(string) no-store, no-cache, must-revalidate, post-check=0, pre-check=0

	[Pragma]
	(string) no-cache

	[Status]
	(string) 500 Internal Server Error


[3.7264352]	<p>Произошла критическая ошибка. Скорее всего, потребуется участие разработчиков.  Подробности по ссылке <a title="" target="_blank" href="http://errors.umi-cms.ru/17000/">17000</a></p>
[34.0205290]	#0 /var/www/clients/client0/web1/web/libs/lib.php(111): mysqlConnection-&gt;query('SELECT  id FROM...', false)
#1 /var/www/clients/client0/web1/web/classes/system/subsystems/models/data/umiObjectTypesCollection.php(428): l_mysql_query('SELECT  id FROM...')
#2 /var/www/clients/client0/web1/web/classes/system/subsystems/models/data/umiObjectTypesCollection.php(484): umiObjectTypesCollection-&gt;getTypeByHierarchyTypeId(5)
#3 /var/www/clients/client0/web1/web/classes/modules/stat/class.php(120): umiObjectTypesCollection-&gt;getBaseType('users', 'user')
#4 /var/www/clients/client0/web1/web/classes/system/subsystems/cmsController/cmsController.php(66): stat-&gt;__construct()
#5 /var/www/clients/client0/web1/web/classes/system/subsystems/cmsController/cmsController.php(92): cmsController-&gt;loadModule('stat')
#6 /var/www/clients/client0/web1/web/libs/root-src/index.php(149): cmsController-&gt;getModule('stat')
#7 /var/www/clients/client0/web1/web/index.php(7): require('/var/www/client...')
#8 {main}
