[_GET]
	[path]
	(string) 


[Request headers]
	[Host]
	(string) semena-kanabisa.ru

	[Connection]
	(string) Keep-alive

	[Accept]
	(string) text/plain, text/html

	[From]
	(string) googlebot(at)googlebot.com

	[User-Agent]
	(string) Mozilla/5.0 (compatible; Googlebot/2.1; +http://www.google.com/bot.html)

	[Accept-Encoding]
	(string) gzip,deflate


[Response headers]
	[X-Powered-By]
	(string) PHP/5.3.6-13ubuntu3.6

	[Status]
	(string) 500 Internal Server Error


[0.5591631]	<p>Произошла критическая ошибка. Скорее всего, потребуется участие разработчиков.  Подробности по ссылке <a title="" target="_blank" href="http://errors.umi-cms.ru/17000/">17000</a></p>
[1.7576420]	#0 /var/www/clients/client0/web1/web/libs/lib.php(111): mysqlConnection-&gt;query('SELECT id, host...', false)
#1 /var/www/clients/client0/web1/web/classes/system/subsystems/models/hierarchy/domainsCollection.php(172): l_mysql_query('SELECT id, host...')
#2 /var/www/clients/client0/web1/web/classes/system/subsystems/models/hierarchy/domainsCollection.php(13): domainsCollection-&gt;loadDomains()
#3 /var/www/clients/client0/web1/web/classes/system/patterns/singletone.php(21): domainsCollection-&gt;__construct()
#4 /var/www/clients/client0/web1/web/classes/system/subsystems/models/hierarchy/domainsCollection.php(21): singleton::getInstance('domainsCollecti...')
#5 /var/www/clients/client0/web1/web/classes/system/subsystems/cmsController/cmsController.php(712): domainsCollection::getInstance()
#6 /var/www/clients/client0/web1/web/classes/system/subsystems/cmsController/cmsController.php(681): cmsController-&gt;detectDomain()
#7 /var/www/clients/client0/web1/web/classes/system/subsystems/cmsController/cmsController.php(40): cmsController-&gt;init()
#8 /var/www/clients/client0/web1/web/classes/system/patterns/singletone.php(21): cmsController-&gt;__construct()
#9 /var/www/clients/client0/web1/web/classes/system/subsystems/cmsController/cmsController.php(49): singleton::getInstance('cmsController')
#10 /var/www/clients/client0/web1/web/libs/root-src/sbots.php(4): cmsController::getInstance()
#11 /var/www/clients/client0/web1/web/sbots.php(3): require('/var/www/client...')
#12 {main}
