[_SESSION]
	[starttime]
	(integer) 1343179800

	[http_referer]
	(NULL) 

	[http_target]
	(string) /producers/kannabia/afrodite_max_auto/


[_GET]
	[path]
	(string) producers/kannabia/afrodite_max_auto/


[Request headers]
	[Host]
	(string) semena-kanabisa.ru

	[Connection]
	(string) Keep-alive

	[Accept]
	(string) */*

	[From]
	(string) googlebot(at)googlebot.com

	[User-Agent]
	(string) Mozilla/5.0 (compatible; Googlebot/2.1; +http://www.google.com/bot.html)

	[Accept-Encoding]
	(string) gzip,deflate


[Response headers]
	[X-Powered-By]
	(string) PHP/5.3.6-13ubuntu3.6

	[Set-Cookie]
	(string) PHPSESSID=lj0bso68df18eph9109aompur4; path=/

	[Expires]
	(string) Thu, 19 Nov 1981 08:52:00 GMT

	[Cache-Control]
	(string) no-store, no-cache, must-revalidate, post-check=0, pre-check=0

	[Pragma]
	(string) no-cache

	[Status]
	(string) 500 Internal Server Error


[26.5301640]	<p>Произошла критическая ошибка. Скорее всего, потребуется участие разработчиков.  Подробности по ссылке <a title="" target="_blank" href="http://errors.umi-cms.ru/17000/">17000</a></p>
[26.8157961]	#0 /var/www/clients/client0/web1/web/libs/lib.php(111): mysqlConnection-&gt;query('SELECT id FROM ...', true)
#1 /var/www/clients/client0/web1/web/classes/system/subsystems/regedit/regedit.php(32): l_mysql_query('SELECT id FROM ...', true)
#2 /var/www/clients/client0/web1/web/classes/system/subsystems/regedit/regedit.php(44): regedit-&gt;getKey('//modules/produ...')
#3 /var/www/clients/client0/web1/web/classes/system/subsystems/cmsController/cmsController.php(970): regedit-&gt;getVal('//modules/produ...')
#4 /var/www/clients/client0/web1/web/classes/system/subsystems/cmsController/cmsController.php(1050): cmsController-&gt;getSubPathType('producers')
#5 /var/www/clients/client0/web1/web/libs/root-src/index.php(73): cmsController-&gt;analyzePath()
#6 /var/www/clients/client0/web1/web/index.php(7): require('/var/www/client...')
#7 {main}
