[_SESSION]
	[starttime]
	(integer) 1343169527

	[http_referer]
	(NULL) 

	[http_target]
	(string) /producers/dutch_passion/?&per_page=24&order_filter%5Bpercent_tgk%5D=1

	[user_id]
	(string) 298

	[is_admin]
	(array) ['']

	[_umi_opaf_disabled_html]
	(integer) 0


[_GET]
	[path]
	(string) producers/dutch_passion/

	[per_page]
	(string) 24

	[order_filter]
	(array) ['1']


[Request headers]
	[Host]
	(string) semena-kanabisa.ru

	[Connection]
	(string) Keep-alive

	[Accept]
	(string) */*

	[From]
	(string) googlebot(at)googlebot.com

	[User-Agent]
	(string) Mozilla/5.0 (compatible; Googlebot/2.1; +http://www.google.com/bot.html)

	[Accept-Encoding]
	(string) gzip,deflate


[Response headers]
	[X-Powered-By]
	(string) PHP/5.3.6-13ubuntu3.6

	[Set-Cookie]
	(string) PHPSESSID=djri9f5j7o1mk2805p0o6ks6n5; path=/

	[Expires]
	(string) Thu, 19 Nov 1981 08:52:00 GMT

	[Cache-Control]
	(string) no-store, no-cache, must-revalidate, post-check=0, pre-check=0

	[Pragma]
	(string) no-cache

	[Status]
	(string) 500 Internal Server Error


[27.4855480]	<p>Произошла критическая ошибка. Скорее всего, потребуется участие разработчиков.  Подробности по ссылке <a title="" target="_blank" href="http://errors.umi-cms.ru/17000/">17000</a></p>
[29.3674860]	#0 /var/www/clients/client0/web1/web/libs/lib.php(111): mysqlConnection-&gt;query('SELECT h.rel, h...', true)
#1 /var/www/clients/client0/web1/web/classes/system/subsystems/models/hierarchy/umiHierarchyElement.php(444): l_mysql_query('SELECT h.rel, h...', true)
#2 /var/www/clients/client0/web1/web/classes/system/patterns/umiEntinty.php(19): umiHierarchyElement-&gt;loadInfo(false)
#3 /var/www/clients/client0/web1/web/classes/system/subsystems/models/hierarchy/umiHierarchy.php(116): umiEntinty-&gt;__construct(57, false)
#4 /var/www/clients/client0/web1/web/classes/modules/catalog/class.php(238): umiHierarchy-&gt;getElement(57)
#5 [internal function]: catalog-&gt;getObjectsList('0', '16', '24', '0', '0')
#6 /var/www/clients/client0/web1/web/classes/system/subsystems/streams/udata/udataStream.php(98): call_user_func_array(Array, Array)
#7 /var/www/clients/client0/web1/web/classes/system/subsystems/streams/udata/udataStream.php(15): udataStream-&gt;executeMacros(Array)
#8 [internal function]: udataStream-&gt;stream_open('udata://catalog...', 'rb', 4, NULL)
#9 /var/www/clients/client0/web1/web/classes/system/subsystems/umiTemplaters/types/umiTemplaterXSLT.php(45): XSLTProcessor-&gt;transformToXml(Object(DOMDocument))
#10 /var/www/clients/client0/web1/web/libs/root-src/index.php(134): umiTemplaterXSLT-&gt;parse(Array, 'file:///var/www...')
#11 /var/www/clients/client0/web1/web/index.php(7): require('/var/www/client...')
#12 {main}
