[_SESSION]
	[starttime]
	(integer) 1343173313

	[http_referer]
	(NULL) 

	[http_target]
	(string) /producers/kannabia/flash_auto/

	[user_id]
	(string) 298

	[is_admin]
	(array) ['']

	[_umi_opaf_disabled_html]
	(integer) 0


[_GET]
	[path]
	(string) producers/kannabia/flash_auto/


[Request headers]
	[Host]
	(string) semena-kanabisa.ru

	[Connection]
	(string) Keep-alive

	[Accept]
	(string) */*

	[From]
	(string) googlebot(at)googlebot.com

	[User-Agent]
	(string) Mozilla/5.0 (compatible; Googlebot/2.1; +http://www.google.com/bot.html)

	[Accept-Encoding]
	(string) gzip,deflate


[Response headers]
	[X-Powered-By]
	(string) PHP/5.3.6-13ubuntu3.6

	[Set-Cookie]
	(string) PHPSESSID=vj3cld32lpf6d8ui1bpm3c17i3; path=/

	[Expires]
	(string) Thu, 19 Nov 1981 08:52:00 GMT

	[Cache-Control]
	(string) no-store, no-cache, must-revalidate, post-check=0, pre-check=0

	[Pragma]
	(string) no-cache

	[Status]
	(string) 500 Internal Server Error


[22.7069850]	<p>Произошла критическая ошибка. Скорее всего, потребуется участие разработчиков.  Подробности по ссылке <a title="" target="_blank" href="http://errors.umi-cms.ru/17000/">17000</a></p>
[22.9318202]	#0 /var/www/clients/client0/web1/web/libs/lib.php(111): mysqlConnection-&gt;query('SELECT level FR...', false)
#1 /var/www/clients/client0/web1/web/classes/system/subsystems/models/hierarchy/umiHierarchy.php(616): l_mysql_query('SELECT level FR...')
#2 /var/www/clients/client0/web1/web/classes/modules/content/class.php(329): umiHierarchy-&gt;getChilds('28', false, false, 1)
#3 /var/www/clients/client0/web1/web/classes/modules/content/class.php(159): content-&gt;build_menu('28', Array, 0, '/producers/', '2')
#4 [internal function]: content-&gt;menu('0', '2', '28')
#5 /var/www/clients/client0/web1/web/classes/system/subsystems/streams/udata/udataStream.php(98): call_user_func_array(Array, Array)
#6 /var/www/clients/client0/web1/web/classes/system/subsystems/streams/udata/udataStream.php(15): udataStream-&gt;executeMacros(Array)
#7 [internal function]: udataStream-&gt;stream_open('udata://content...', 'rb', 4, NULL)
#8 /var/www/clients/client0/web1/web/classes/system/subsystems/umiTemplaters/types/umiTemplaterXSLT.php(45): XSLTProcessor-&gt;transformToXml(Object(DOMDocument))
#9 /var/www/clients/client0/web1/web/libs/root-src/index.php(134): umiTemplaterXSLT-&gt;parse(Array, 'file:///var/www...')
#10 /var/www/clients/client0/web1/web/index.php(7): require('/var/www/client...')
#11 {main}
