[_SESSION]
	[starttime]
	(integer) 1343185774

	[http_referer]
	(NULL) 

	[http_target]
	(string) /producers/dutch_passion/hollands_hope_regular/

	[user_id]
	(string) 298

	[is_admin]
	(array) ['']

	[_umi_opaf_disabled_html]
	(integer) 0


[_GET]
	[path]
	(string) producers/dutch_passion/hollands_hope_regular/


[Request headers]
	[Host]
	(string) semena-kanabisa.ru

	[Connection]
	(string) Keep-alive

	[Accept]
	(string) */*

	[From]
	(string) googlebot(at)googlebot.com

	[User-Agent]
	(string) Mozilla/5.0 (compatible; Googlebot/2.1; +http://www.google.com/bot.html)

	[Accept-Encoding]
	(string) gzip,deflate


[Response headers]
	[X-Powered-By]
	(string) PHP/5.3.6-13ubuntu3.6

	[Set-Cookie]
	(string) PHPSESSID=k56v70fij414hdjsklhe5c2sr4; path=/

	[Expires]
	(string) Thu, 19 Nov 1981 08:52:00 GMT

	[Cache-Control]
	(string) no-store, no-cache, must-revalidate, post-check=0, pre-check=0

	[Pragma]
	(string) no-cache

	[Status]
	(string) 500 Internal Server Error


[17.0797188]	<p>Произошла критическая ошибка. Скорее всего, потребуется участие разработчиков.  Подробности по ссылке <a title="" target="_blank" href="http://errors.umi-cms.ru/17000/">17000</a></p>
[27.5249519]	#0 /var/www/clients/client0/web1/web/libs/lib.php(111): mysqlConnection-&gt;query('SELECT field_id...', false)
#1 /var/www/clients/client0/web1/web/classes/system/subsystems/models/data/umiObjectProperty.php(340): l_mysql_query('SELECT field_id...')
#2 /var/www/clients/client0/web1/web/classes/system/subsystems/models/data/properties/umiObjectPropertyString.php(14): umiObjectProperty-&gt;getPropData()
#3 /var/www/clients/client0/web1/web/classes/system/subsystems/models/data/umiObjectProperty.php(188): umiObjectPropertyString-&gt;loadValue()
#4 /var/www/clients/client0/web1/web/classes/system/subsystems/models/data/umiObjectProperty.php(32): umiObjectProperty-&gt;loadInfo()
#5 /var/www/clients/client0/web1/web/classes/system/subsystems/models/data/umiObjectProperty.php(44): umiObjectProperty-&gt;__construct(23382, 56, 116)
#6 /var/www/clients/client0/web1/web/classes/system/subsystems/models/data/umiObject.php(275): umiObjectProperty::getProperty(23382, 56, 116)
#7 /var/www/clients/client0/web1/web/classes/system/subsystems/models/data/umiObject.php(370): umiObject-&gt;getPropByName('h1')
#8 /var/www/clients/client0/web1/web/classes/system/subsystems/models/hierarchy/umiHierarchyElement.php(161): umiObject-&gt;getValue('h1', NULL)
#9 /var/www/clients/client0/web1/web/libs/def_macroses.php(192): umiHierarchyElement-&gt;getValue('h1')
#10 /var/www/clients/client0/web1/web/classes/system/subsystems/cmsController/cmsController.php(488): macros_header()
#11 /var/www/clients/client0/web1/web/classes/system/subsystems/cmsController/cmsController.php(312): cmsController-&gt;prepareClientSideGlobalVariablesForXSLT()
#12 /var/www/clients/client0/web1/web/libs/root-src/index.php(130): cmsController-&gt;getGlobalVariables()
#13 /var/www/clients/client0/web1/web/index.php(7): require('/var/www/client...')
#14 {main}
