[_SESSION]
	[starttime]
	(integer) 1343182766

	[http_referer]
	(string) http://www.google.ru/aclk?sa=L&ai=C3DhkalIPUOiHMMnd4ASNr4HQCvHXhcUCyY-BnTbDpduTEQgAEAEoA1CAqYfxA2CEhYCA3B7IAQGpAtrXsGI9Q2A-qgQfT9AbuuOSDUHbiy1EqirQxezKhieaCY4Oas7Qp0hXsw&sig=AOD64_0wN8Z3DALb7Ck7cAmf9bpiqzTNzA&ved=0CFsQ0Qw&adurl=http://Semena-Kanabisa.ru&rct=j&q=%D0%B7%D0%B0%D0%BA%D0%B0%D0%B7+%D1%81%D0%B5%D0%BC%D0%B5%D0%BD%D0%B0+%D0%BA%D0%BE%D0%BD%D0%BE%D0%BF%D0%BB%D0%B8

	[http_target]
	(string) /

	[user_id]
	(string) 298

	[is_admin]
	(array) ['']

	[_umi_opaf_disabled_html]
	(integer) 0


[_GET]
	[path]
	(string) 


[Request headers]
	[Host]
	(string) semena-kanabisa.ru

	[Connection]
	(string) keep-alive

	[User-Agent]
	(string) Mozilla/5.0 (Windows NT 6.1; WOW64) AppleWebKit/536.11 (KHTML, like Gecko) Chrome/20.0.1132.57 Safari/536.11

	[Accept]
	(string) text/html,application/xhtml+xml,application/xml;q=0.9,*/*;q=0.8

	[Referer]
	(string) http://www.google.ru/aclk?sa=L&ai=C3DhkalIPUOiHMMnd4ASNr4HQCvHXhcUCyY-BnTbDpduTEQgAEAEoA1CAqYfxA2CEhYCA3B7IAQGpAtrXsGI9Q2A-qgQfT9AbuuOSDUHbiy1EqirQxezKhieaCY4Oas7Qp0hXsw&sig=AOD64_0wN8Z3DALb7Ck7cAmf9bpiqzTNzA&ved=0CFsQ0Qw&adurl=http://Semena-Kanabisa.ru&rct=j&q=%D0%B7%D0%B0%D0%BA%D0%B0%D0%B7+%D1%81%D0%B5%D0%BC%D0%B5%D0%BD%D0%B0+%D0%BA%D0%BE%D0%BD%D0%BE%D0%BF%D0%BB%D0%B8

	[Accept-Encoding]
	(string) gzip,deflate,sdch

	[Accept-Language]
	(string) ru-RU,ru;q=0.8,en-US;q=0.6,en;q=0.4

	[Accept-Charset]
	(string) windows-1251,utf-8;q=0.7,*;q=0.3


[Response headers]
	[X-Powered-By]
	(string) PHP/5.3.6-13ubuntu3.6

	[Set-Cookie]
	(string) PHPSESSID=cf59ogjvhj9g9mr75d54trqs44; path=/

	[Expires]
	(string) Thu, 19 Nov 1981 08:52:00 GMT

	[Cache-Control]
	(string) no-store, no-cache, must-revalidate, post-check=0, pre-check=0

	[Pragma]
	(string) no-cache

	[Status]
	(string) 500 Internal Server Error


[3.0693011]	<p>Произошла критическая ошибка. Скорее всего, потребуется участие разработчиков.  Подробности по ссылке <a title="" target="_blank" href="http://errors.umi-cms.ru/17000/">17000</a></p>
[26.0900190]	#0 /var/www/clients/client0/web1/web/libs/lib.php(111): mysqlConnection-&gt;query('SELECT id FROM ...', false)
#1 /var/www/clients/client0/web1/web/classes/system/subsystems/models/data/umiObjectTypesCollection.php(343): l_mysql_query('SELECT id FROM ...')
#2 /var/www/clients/client0/web1/web/classes/system/subsystems/selector/executor.php(404): umiObjectTypesCollection-&gt;getChildClasses(116)
#3 /var/www/clients/client0/web1/web/classes/system/subsystems/selector/executor.php(306): selectorExecutor-&gt;buildWhere()
#4 /var/www/clients/client0/web1/web/classes/system/subsystems/selector/executor.php(25): selectorExecutor-&gt;buildQuery('result')
#5 /var/www/clients/client0/web1/web/classes/system/subsystems/selector/selector.php(109): selectorExecutor-&gt;result()
#6 /var/www/clients/client0/web1/web/classes/system/subsystems/selector/selector.php(153): selector-&gt;result()
#7 /var/www/clients/client0/web1/web/classes/system/subsystems/streams/usel/uselStream.php(27): selector-&gt;__get('result')
#8 [internal function]: uselStream-&gt;stream_open('usel://usel_car...', 'rb', 4, NULL)
#9 /var/www/clients/client0/web1/web/classes/system/subsystems/umiTemplaters/types/umiTemplaterXSLT.php(45): XSLTProcessor-&gt;transformToXml(Object(DOMDocument))
#10 /var/www/clients/client0/web1/web/libs/root-src/index.php(134): umiTemplaterXSLT-&gt;parse(Array, 'file:///var/www...')
#11 /var/www/clients/client0/web1/web/index.php(7): require('/var/www/client...')
#12 {main}
