[_COOKIE]
	[stat_id]
	(string) 6f6gr9arrnt3cfv9b1s3f1bst4

	[PHPSESSID]
	(string) 4bd0ds043acijpoq1gtfttner0

	[customer-id]
	(string) 21329

	[_ym_visorc]
	(string) w


[_SESSION]
	[starttime]
	(integer) 1343163014

	[http_target]
	(string) /

	[user_id]
	(string) 298

	[is_admin]
	(array) ['']

	[_umi_opaf_disabled_html]
	(integer) 0

	[old_logged_in_value]
	(boolean) 

	[stat]
	(array) ['', '6f6gr9arrnt3cfv9b1s3f1bst4', '2354', '1', '80678', '3', '852', '852']

	[e76fcad4b37585e78574f7b026a2a13d]
	(array) ['['content', 'content', '1']']

	[88f4cd28cbdd222cf4037bd67f60267a]
	(array) ['['catalog', 'object', '331']', '['catalog', 'object', '332']']

	[116a26203f9ad6135b14f1293a1e3ead]
	(array) ['['catalog', 'object', '225']', '['catalog', 'object', '245']']


[_GET]
	[path]
	(string) producers/paradise_seeds/acid/


[Request headers]
	[User-Agent]
	(string) Opera/9.80 (Windows NT 6.1; U; ru) Presto/2.7.62 Version/11.01

	[Host]
	(string) semena-kanabisa.ru

	[Accept]
	(string) text/html, application/xml;q=0.9, application/xhtml+xml, image/png, image/jpeg, image/gif, image/x-xbitmap, */*;q=0.1

	[Accept-Language]
	(string) ru-RU,ru;q=0.9,en;q=0.8

	[Accept-Charset]
	(string) iso-8859-1, utf-8, utf-16, *;q=0.1

	[Accept-Encoding]
	(string) deflate, gzip, x-gzip, identity, *;q=0

	[Referer]
	(string) http://semena-kanabisa.ru/

	[Cookie]
	(string) stat_id=6f6gr9arrnt3cfv9b1s3f1bst4; PHPSESSID=4bd0ds043acijpoq1gtfttner0; customer-id=21329; _ym_visorc=w

	[Cookie2]
	(string) $Version=1

	[Connection]
	(string) Keep-Alive, TE

	[TE]
	(string) deflate, gzip, chunked, identity, trailers


[Response headers]
	[X-Powered-By]
	(string) PHP/5.3.6-13ubuntu3.6

	[Expires]
	(string) Thu, 19 Nov 1981 08:52:00 GMT

	[Cache-Control]
	(string) no-store, no-cache, must-revalidate, post-check=0, pre-check=0

	[Pragma]
	(string) no-cache

	[Set-Cookie]
	(string) customer-id=21329; expires=Fri, 24-Aug-2012 20:51:18 GMT; path=/

	[Status]
	(string) 500 Internal Server Error


[15.9350681]	<p>Произошла критическая ошибка. Скорее всего, потребуется участие разработчиков.  Подробности по ссылке <a title="" target="_blank" href="http://errors.umi-cms.ru/17000/">17000</a></p>
[16.5098190]	#0 /var/www/clients/client0/web1/web/libs/lib.php(111): mysqlConnection-&gt;query('SELECT  id FROM...', false)
#1 /var/www/clients/client0/web1/web/classes/system/subsystems/models/data/umiObjectTypesCollection.php(428): l_mysql_query('SELECT  id FROM...')
#2 /var/www/clients/client0/web1/web/classes/system/subsystems/models/data/umiObjectTypesCollection.php(484): umiObjectTypesCollection-&gt;getTypeByHierarchyTypeId(5)
#3 /var/www/clients/client0/web1/web/classes/modules/stat/class.php(120): umiObjectTypesCollection-&gt;getBaseType('users', 'user')
#4 /var/www/clients/client0/web1/web/classes/system/subsystems/cmsController/cmsController.php(66): stat-&gt;__construct()
#5 /var/www/clients/client0/web1/web/classes/system/subsystems/cmsController/cmsController.php(92): cmsController-&gt;loadModule('stat')
#6 /var/www/clients/client0/web1/web/libs/root-src/index.php(149): cmsController-&gt;getModule('stat')
#7 /var/www/clients/client0/web1/web/index.php(7): require('/var/www/client...')
#8 {main}
