[_COOKIE]
	[stat_id]
	(string) 6f6gr9arrnt3cfv9b1s3f1bst4

	[PHPSESSID]
	(string) 4bd0ds043acijpoq1gtfttner0

	[customer-id]
	(string) 21329

	[acstate_active]
	(string) false

	[acstate_opened]
	(string) -1


[_SESSION]
	[starttime]
	(integer) 1343166114

	[http_target]
	(string) /

	[user_id]
	(string) 298

	[is_admin]
	(array) ['']

	[_umi_opaf_disabled_html]
	(integer) 0


[_GET]
	[path]
	(string) 


[Request headers]
	[User-Agent]
	(string) Opera/9.80 (Windows NT 6.1; U; ru) Presto/2.7.62 Version/11.01

	[Host]
	(string) semena-kanabisa.ru

	[Accept]
	(string) text/html, application/xml;q=0.9, application/xhtml+xml, image/png, image/jpeg, image/gif, image/x-xbitmap, */*;q=0.1

	[Accept-Language]
	(string) ru-RU,ru;q=0.9,en;q=0.8

	[Accept-Charset]
	(string) iso-8859-1, utf-8, utf-16, *;q=0.1

	[Accept-Encoding]
	(string) deflate, gzip, x-gzip, identity, *;q=0

	[Referer]
	(string) http://www.google.ru/url?sa=t&rct=j&q=%D1%81%D0%B5%D0%BC%D0%B5%D0%BD%D0%B0%20%D0%BA%D0%B0%D0%BD%D0%B0%D0%B1%D0%B8%D1%81%D0%B0%20%D0%BD%D0%B0%D0%BB%D0%BE%D0%B6%D0%B5%D0%BD%D0%BD%D1%8B%D0%BC%20%D0%BF%D0%BB%D0%B0%D1%82%D0%B5%D0%B6%D0%BE%D0%BC&source=web&cd=2&ved=0CGcQFjAB&url=http%3A%2F%2Fsemena-kanabisa.ru%2F&ei=5QgPUIOeDJCXhQeN54CgBA&usg=AFQjCNGEl-XwpiTrZPhKDkmhHYcFfYyd8w&cad=rjt

	[Cookie]
	(string) stat_id=6f6gr9arrnt3cfv9b1s3f1bst4; PHPSESSID=4bd0ds043acijpoq1gtfttner0; customer-id=21329; acstate_active=false; acstate_opened=-1

	[Cookie2]
	(string) $Version=1

	[Connection]
	(string) Keep-Alive, TE

	[TE]
	(string) deflate, gzip, chunked, identity, trailers


[Response headers]
	[X-Powered-By]
	(string) PHP/5.3.6-13ubuntu3.6

	[Expires]
	(string) Thu, 19 Nov 1981 08:52:00 GMT

	[Cache-Control]
	(string) no-store, no-cache, must-revalidate, post-check=0, pre-check=0

	[Pragma]
	(string) no-cache

	[Set-Cookie]
	(string) customer-id=21329; expires=Fri, 24-Aug-2012 22:20:24 GMT; path=/

	[Status]
	(string) 500 Internal Server Error


[26.2017629]	<p>Произошла критическая ошибка. Скорее всего, потребуется участие разработчиков.  Подробности по ссылке <a title="" target="_blank" href="http://errors.umi-cms.ru/17000/">17000</a></p>
[27.0916440]	#0 /var/www/clients/client0/web1/web/libs/lib.php(111): mysqlConnection-&gt;query('SELECT BIT_OR(c...', false)
#1 /var/www/clients/client0/web1/web/classes/system/subsystems/models/permissions/permissionsCollection.php(245): l_mysql_query('SELECT BIT_OR(c...')
#2 /var/www/clients/client0/web1/web/classes/system/subsystems/models/hierarchy/umiHierarchy.php(1281): permissionsCollection-&gt;isAllowedObject('298', 331)
#3 /var/www/clients/client0/web1/web/classes/system/subsystems/models/hierarchy/umiHierarchy.php(107): umiHierarchy-&gt;isAllowed(331)
#4 /var/www/clients/client0/web1/web/classes/system/subsystems/streams/upage/upageStream.php(12): umiHierarchy-&gt;getElement(331)
#5 [internal function]: upageStream-&gt;stream_open('upage://331', 'rb', 4, NULL)
#6 /var/www/clients/client0/web1/web/classes/system/subsystems/umiTemplaters/types/umiTemplaterXSLT.php(45): XSLTProcessor-&gt;transformToXml(Object(DOMDocument))
#7 /var/www/clients/client0/web1/web/libs/root-src/index.php(134): umiTemplaterXSLT-&gt;parse(Array, 'file:///var/www...')
#8 /var/www/clients/client0/web1/web/index.php(7): require('/var/www/client...')
#9 {main}
