[_COOKIE]
	[user_captcha]
	(string) 8424

	[PHPSESSID]
	(string) k1akkts6on1c6ddkhsnrofiii7

	[umi_captcha]
	(string) 831b1ac54cc8db480e3babac5fa2256b

	[umicms_session]
	(string) f16c1451e3e29537fa5a9ddfb9569686

	[acstate_active]
	(string) 0

	[acstate_opened]
	(string) 1

	[ftypes]
	(string) percent_auto

	[stat_id]
	(string) k1akkts6on1c6ddkhsnrofiii7

	[_ym_visorc]
	(string) w


[_SESSION]
	[starttime]
	(integer) 1338323423

	[http_referer]
	(string) http://36ohk6dgmcd1n-c.c.yom.mail.yahoo.net/om/api/1.0/openmail.app.invoke/36ohk6dgmcd1n/11/1.0.35/us/en-US/view.html/0

	[http_target]
	(string) /

	[user_id]
	(integer) 13254

	[is_admin]
	(array) ['', '']

	[_umi_opaf_disabled_html]
	(integer) 0

	[old_logged_in_value]
	(boolean) 1

	[e76fcad4b37585e78574f7b026a2a13d]
	(array) ['['content', 'content', '1']']

	[1e37649b2984ba99b99016ea85c87f26]
	(array) ['['content', 'content', '28']']

	[a2a680ad7364b55d1afe93592ae83dd7]
	(array) ['['catalog', 'category', '408']']

	[5b67b690a55b1fea289e0c090a1b2de1]
	(array) ['['catalog', 'category', '25']', '['catalog', 'object', '331']', '['catalog', 'object', '319']', '['catalog', 'object', '333']', '['catalog', 'object', '335']', '['catalog', 'object', '215']', '['catalog', 'object', '223']']

	[d4154d77f0383ef694c594606790a6c3]
	(array) ['['catalog', 'category', '25']', '['catalog', 'object', '331']', '['catalog', 'object', '319']', '['catalog', 'object', '333']', '['catalog', 'object', '335']', '['catalog', 'object', '215']', '['catalog', 'object', '223']', '['catalog', 'object', '222']', '['catalog', 'object', '226']', '['catalog', 'object', '218']', '['catalog', 'object', '217']', '['catalog', 'object', '219']', '['catalog', 'object', '216']', '['catalog', 'object', '337']', '['catalog', 'object', '399']', '['catalog', 'object', '221']']

	[622649e227af3467b37cf850b1916f9c]
	(array) ['['catalog', 'category', '23']', '['catalog', 'object', '316']', '['catalog', 'object', '253']', '['catalog', 'object', '254']', '['catalog', 'object', '251']', '['catalog', 'object', '255']', '['catalog', 'object', '256']']

	[4ae0f72a86a3c81ba4b2f8fe094b48ed]
	(array) ['['catalog', 'category', '20']', '['catalog', 'object', '189']', '['catalog', 'object', '299']', '['catalog', 'object', '191']', '['catalog', 'object', '281']', '['catalog', 'object', '329']', '['catalog', 'object', '212']']

	[60beb7d100c167a778a2c27ff81f3b94]
	(array) ['['catalog', 'category', '20']', '['catalog', 'object', '189']', '['catalog', 'object', '299']', '['catalog', 'object', '191']', '['catalog', 'object', '281']', '['catalog', 'object', '329']', '['catalog', 'object', '212']', '['catalog', 'object', '193']', '['catalog', 'object', '340']', '['catalog', 'object', '301']', '['catalog', 'object', '303']', '['catalog', 'object', '195']', '['catalog', 'object', '185']', '['catalog', 'object', '168']', '['catalog', 'object', '170']', '['catalog', 'object', '192']', '['catalog', 'object', '174']', '['catalog', 'object', '176']', '['catalog', 'object', '282']', '['catalog', 'object', '283']', '['catalog', 'object', '416']', '['catalog', 'object', '277']']

	[a9873fe459041b7e1311fb7b0352cc46]
	(array) ['['catalog', 'object', '281']', '['catalog', 'object', '422']']

	[umi_captcha]
	(string) 831b1ac54cc8db480e3babac5fa2256b

	[umi_captcha_plain]
	(string) 3318

	[cms_login]
	(string) Ветер

	[cms_pass]
	(string) cb8d648dcd01fb9e4934d11a0a45b123

	[003261e1c5b40af3dd897b8e06961540]
	(array) ['['content', 'content', '12']']

	[6aabccfdfe3a414df18441eea939ab99]
	(array) ['['catalog', 'object', '308']', '['catalog', 'object', '321']', '['catalog', 'object', '319']', '['catalog', 'object', '212']', '['catalog', 'object', '283']', '['catalog', 'object', '65']', '['catalog', 'object', '66']', '['catalog', 'object', '64']', '['catalog', 'object', '324']', '['catalog', 'object', '62']', '['catalog', 'object', '67']', '['catalog', 'object', '63']', '['catalog', 'object', '329']', '['catalog', 'object', '195']', '['catalog', 'object', '393']', '['catalog', 'object', '399']', '['catalog', 'object', '353']', '['catalog', 'object', '354']', '['catalog', 'object', '356']', '['catalog', 'object', '358']', '['catalog', 'object', '359']', '['catalog', 'object', '361']', '['catalog', 'object', '309']']

	[stat]
	(array) ['k1akkts6on1c6ddkhsnrofiii7', '1', '21514', '34306', '1', '2751', '2751']

	[d70949e4eb15494c5e51b626119ac797]
	(array) ['['content', 'content', '30']', '['catalog', 'object', '353']', '['catalog', 'object', '354']', '['catalog', 'object', '356']', '['catalog', 'object', '358']', '['catalog', 'object', '359']', '['catalog', 'object', '361']']


[_GET]
	[path]
	(string) users/restore/f68b7ac035641e1fef4a8fe0a367cc85/


[Request headers]
	[Host]
	(string) semena-kanabisa.ru

	[Connection]
	(string) keep-alive

	[User-Agent]
	(string) Mozilla/5.0 (Windows NT 6.1) AppleWebKit/536.5 (KHTML, like Gecko) Chrome/19.0.1084.52 Safari/536.5

	[Accept]
	(string) text/html,application/xhtml+xml,application/xml;q=0.9,*/*;q=0.8

	[Referer]
	(string) http://36ohk6dgmcd1n-c.c.yom.mail.yahoo.net/om/api/1.0/openmail.app.invoke/36ohk6dgmcd1n/11/1.0.35/us/en-US/view.html/0

	[Accept-Encoding]
	(string) gzip,deflate,sdch

	[Accept-Language]
	(string) ru-RU,ru;q=0.8,en-US;q=0.6,en;q=0.4

	[Accept-Charset]
	(string) windows-1251,utf-8;q=0.7,*;q=0.3

	[Cookie]
	(string) user_captcha=8424; PHPSESSID=k1akkts6on1c6ddkhsnrofiii7; umi_captcha=831b1ac54cc8db480e3babac5fa2256b; umicms_session=f16c1451e3e29537fa5a9ddfb9569686; acstate_active=0; acstate_opened=1; ftypes=percent_auto; stat_id=k1akkts6on1c6ddkhsnrofiii7; _ym_visorc=w


[Response headers]
	[X-Powered-By]
	(string) PHP/5.3.6-13ubuntu3.6

	[Expires]
	(string) Thu, 19 Nov 1981 08:52:00 GMT

	[Cache-Control]
	(string) no-store, no-cache, must-revalidate, post-check=0, pre-check=0

	[Pragma]
	(string) no-cache

	[Status]
	(string) 500 Internal Server Error


[0.0005469]	Not found template &quot;/forget/f68b7ac035641e1fef4a8fe0a367cc85&quot;.
[0.0005720]	#0 /var/www/clients/client0/web1/web/classes/system/subsystems/umiTemplaters/types/umiTemplaterXSLT.php(15): umiTemplaterXSLT-&gt;prepareXSL('/forget/f68b7ac...')
#1 /var/www/clients/client0/web1/web/classes/modules/def_module.php(515): umiTemplaterXSLT-&gt;parse(Array)
#2 /var/www/clients/client0/web1/web/classes/modules/users/__forget.php(166): def_module::parseTemplateForMail('file://users/fo...', Array, false, 13254)
#3 /var/www/clients/client0/web1/web/classes/modules/def_module.php(63) : eval()'d code(1): __forget_users-&gt;restore('f68b7ac035641e1...')
#4 /var/www/clients/client0/web1/web/classes/modules/def_module.php(63): eval()
#5 /var/www/clients/client0/web1/web/classes/modules/users/class.php(25): def_module-&gt;__call('restore', Array)
#6 [internal function]: users-&gt;__call('restore', Array)
#7 [internal function]: users-&gt;restore('f68b7ac035641e1...')
#8 /var/www/clients/client0/web1/web/classes/system/subsystems/streams/udata/udataStream.php(98): call_user_func_array(Array, Array)
#9 /var/www/clients/client0/web1/web/classes/system/subsystems/streams/udata/udataStream.php(15): udataStream-&gt;executeMacros(Array)
#10 [internal function]: udataStream-&gt;stream_open('udata://users/r...', 'rb', 4, NULL)
#11 /var/www/clients/client0/web1/web/classes/system/subsystems/cmsController/cmsController.php(630): file_get_contents('udata://users/r...')
#12 /var/www/clients/client0/web1/web/classes/system/subsystems/cmsController/cmsController.php(614): cmsController-&gt;executeStream('udata://users/r...')
#13 /var/www/clients/client0/web1/web/classes/system/subsystems/cmsController/cmsController.php(312): cmsController-&gt;prepareClientSideGlobalVariablesForXSLT()
#14 /var/www/clients/client0/web1/web/libs/root-src/index.php(130): cmsController-&gt;getGlobalVariables()
#15 /var/www/clients/client0/web1/web/index.php(7): require('/var/www/client...')
#16 {main}
