[_SESSION]
	[starttime]
	(integer) 1343177644

	[http_referer]
	(string) http://www.google.ru/aclk?sa=L&ai=CdxWVg0EPUPqMAaPc4ASDl4CIAfHXhcUCyY-BnTbkjNm8AwgAEAEoA1CAqYfxA2CEhYCApB7IAQGpAtrXsGI9Q2A-qgQfT9DuAzytp5cdrKqtrNWIzd3D5qt2SucrPLbcYl551boFEwjt6YPLzLOxAhVTaZgKHdIhAFTKBQA&ei=gkEPUO2gPNPS4QTSw4CgBQ&sig=AOD64_1zh3DTZQ98JxPr3q8K68Y2Co9kKA&sqi=2&ved=0CFgQ0Qw&adurl=http://Semena-Kanabisa.ru&rct=j&q=%D0%BA%D1%83%D0%BF%D0%B8%D1%82%D1%8C+%D1%81%D0%B5%D0%BC%D0%B5%D0%BD%D0%B0+%D0%BC%D0%B0%D1%80%D0%B8%D1%85%D1%83%D0%B0%D0%BD%D1%8B+%D1%81%D0%BF%D0%B1

	[http_target]
	(string) /

	[user_id]
	(string) 298

	[is_admin]
	(array) ['']

	[_umi_opaf_disabled_html]
	(integer) 0


[_GET]
	[path]
	(string) 


[Request headers]
	[Host]
	(string) semena-kanabisa.ru

	[Connection]
	(string) keep-alive

	[User-Agent]
	(string) Mozilla/5.0 (Windows NT 6.1; WOW64) AppleWebKit/536.11 (KHTML, like Gecko) Chrome/20.0.1132.57 Safari/536.11

	[Accept]
	(string) text/html,application/xhtml+xml,application/xml;q=0.9,*/*;q=0.8

	[Referer]
	(string) http://www.google.ru/aclk?sa=L&ai=CdxWVg0EPUPqMAaPc4ASDl4CIAfHXhcUCyY-BnTbkjNm8AwgAEAEoA1CAqYfxA2CEhYCApB7IAQGpAtrXsGI9Q2A-qgQfT9DuAzytp5cdrKqtrNWIzd3D5qt2SucrPLbcYl551boFEwjt6YPLzLOxAhVTaZgKHdIhAFTKBQA&ei=gkEPUO2gPNPS4QTSw4CgBQ&sig=AOD64_1zh3DTZQ98JxPr3q8K68Y2Co9kKA&sqi=2&ved=0CFgQ0Qw&adurl=http://Semena-Kanabisa.ru&rct=j&q=%D0%BA%D1%83%D0%BF%D0%B8%D1%82%D1%8C+%D1%81%D0%B5%D0%BC%D0%B5%D0%BD%D0%B0+%D0%BC%D0%B0%D1%80%D0%B8%D1%85%D1%83%D0%B0%D0%BD%D1%8B+%D1%81%D0%BF%D0%B1

	[Accept-Encoding]
	(string) gzip,deflate,sdch

	[Accept-Language]
	(string) ru-RU,ru;q=0.8,en-US;q=0.6,en;q=0.4

	[Accept-Charset]
	(string) windows-1251,utf-8;q=0.7,*;q=0.3


[Response headers]
	[X-Powered-By]
	(string) PHP/5.3.6-13ubuntu3.6

	[Set-Cookie]
	(string) PHPSESSID=7lqciknuuflqolm7a7m1h0i0p4; path=/

	[Expires]
	(string) Thu, 19 Nov 1981 08:52:00 GMT

	[Cache-Control]
	(string) no-store, no-cache, must-revalidate, post-check=0, pre-check=0

	[Pragma]
	(string) no-cache

	[Status]
	(string) 500 Internal Server Error


[32.9045849]	<p>Произошла критическая ошибка. Скорее всего, потребуется участие разработчиков.  Подробности по ссылке <a title="" target="_blank" href="http://errors.umi-cms.ru/17000/">17000</a></p>
[33.5291338]	#0 /var/www/clients/client0/web1/web/libs/lib.php(111): mysqlConnection-&gt;query('SELECT cp.metho...', false)
#1 /var/www/clients/client0/web1/web/classes/system/subsystems/models/permissions/permissionsCollection.php(195): l_mysql_query('SELECT cp.metho...')
#2 /var/www/clients/client0/web1/web/libs/system.php(39): permissionsCollection-&gt;isAllowedMethod('298', 'emarket', 'cart')
#3 /var/www/clients/client0/web1/web/classes/system/subsystems/streams/udata/udataStream.php(92): system_is_allowed('emarket', 'cart')
#4 /var/www/clients/client0/web1/web/classes/system/subsystems/streams/udata/udataStream.php(15): udataStream-&gt;executeMacros(Array)
#5 [internal function]: udataStream-&gt;stream_open('udata://emarket...', 'rb', 4, NULL)
#6 /var/www/clients/client0/web1/web/classes/system/subsystems/umiTemplaters/types/umiTemplaterXSLT.php(45): XSLTProcessor-&gt;transformToXml(Object(DOMDocument))
#7 /var/www/clients/client0/web1/web/libs/root-src/index.php(134): umiTemplaterXSLT-&gt;parse(Array, 'file:///var/www...')
#8 /var/www/clients/client0/web1/web/index.php(7): require('/var/www/client...')
#9 {main}
