[_COOKIE]
	[stat_id]
	(string) blmlsofda1rgau22a0afe65r93

	[customer-id]
	(string) 28113


[_SESSION]
	[starttime]
	(integer) 1343164120

	[http_target]
	(string) /producers/paradise_seeds/auto_whiteberry/


[_GET]
	[path]
	(string) producers/paradise_seeds/auto_whiteberry/


[Request headers]
	[Host]
	(string) semena-kanabisa.ru

	[Connection]
	(string) keep-alive

	[User-Agent]
	(string) Mozilla/5.0 (Windows NT 6.1; WOW64) AppleWebKit/536.11 (KHTML, like Gecko) Chrome/20.0.1132.57 Safari/536.11

	[Accept]
	(string) text/html,application/xhtml+xml,application/xml;q=0.9,*/*;q=0.8

	[Referer]
	(string) http://vk.com/away.php?to=http%3A%2F%2Fsemena-kanabisa.ru%2Fproducers%2Fparadise_seeds%2Fauto_whiteberry%2F

	[Accept-Encoding]
	(string) gzip,deflate,sdch

	[Accept-Language]
	(string) ru-RU,ru;q=0.8,en-US;q=0.6,en;q=0.4

	[Accept-Charset]
	(string) windows-1251,utf-8;q=0.7,*;q=0.3

	[Cookie]
	(string) stat_id=blmlsofda1rgau22a0afe65r93; customer-id=28113


[Response headers]
	[X-Powered-By]
	(string) PHP/5.3.6-13ubuntu3.6

	[Set-Cookie]
	(string) PHPSESSID=502jf44ov7hsukhijs7uenoat0; path=/

	[Expires]
	(string) Thu, 19 Nov 1981 08:52:00 GMT

	[Cache-Control]
	(string) no-store, no-cache, must-revalidate, post-check=0, pre-check=0

	[Pragma]
	(string) no-cache

	[Status]
	(string) 500 Internal Server Error


[0.2147639]	<p>Произошла критическая ошибка. Скорее всего, потребуется участие разработчиков.  Подробности по ссылке <a title="" target="_blank" href="http://errors.umi-cms.ru/17000/">17000</a></p>
[0.2480559]	#0 /var/www/clients/client0/web1/web/libs/lib.php(111): mysqlConnection-&gt;query('SELECT id FROM ...', true)
#1 /var/www/clients/client0/web1/web/classes/system/subsystems/regedit/regedit.php(32): l_mysql_query('SELECT id FROM ...', true)
#2 /var/www/clients/client0/web1/web/classes/system/subsystems/regedit/regedit.php(44): regedit-&gt;getKey('//modules/produ...')
#3 /var/www/clients/client0/web1/web/classes/system/subsystems/cmsController/cmsController.php(970): regedit-&gt;getVal('//modules/produ...')
#4 /var/www/clients/client0/web1/web/classes/system/subsystems/cmsController/cmsController.php(1050): cmsController-&gt;getSubPathType('producers')
#5 /var/www/clients/client0/web1/web/libs/root-src/index.php(73): cmsController-&gt;analyzePath()
#6 /var/www/clients/client0/web1/web/index.php(7): require('/var/www/client...')
#7 {main}
