[_COOKIE]
	[PHPSESSID]
	(string) nnk29dpgnbqdul24mlj62ftno6

	[stat_id]
	(string) nnk29dpgnbqdul24mlj62ftno6

	[_ym_visorc]
	(string) w


[_SESSION]
	[starttime]
	(integer) 1338382911

	[http_target]
	(string) /producers/paradise_seeds/belladonna/


[_GET]
	[path]
	(string) producers/paradise_seeds/belladonna/


[Request headers]
	[Accept]
	(string) text/html, application/xhtml+xml, */*

	[Referer]
	(string) http://semena-kanabisa.ru/

	[Accept-Language]
	(string) ru-RU

	[User-Agent]
	(string) Mozilla/5.0 (compatible; MSIE 9.0; Windows NT 6.1; WOW64; Trident/5.0; NP06)

	[Accept-Encoding]
	(string) gzip, deflate

	[Host]
	(string) semena-kanabisa.ru

	[Connection]
	(string) Keep-Alive

	[Cookie]
	(string) PHPSESSID=nnk29dpgnbqdul24mlj62ftno6; stat_id=nnk29dpgnbqdul24mlj62ftno6; _ym_visorc=w


[Response headers]
	[X-Powered-By]
	(string) PHP/5.3.6-13ubuntu3.6

	[Expires]
	(string) Thu, 19 Nov 1981 08:52:00 GMT

	[Cache-Control]
	(string) no-store, no-cache, must-revalidate, post-check=0, pre-check=0

	[Pragma]
	(string) no-cache

	[Status]
	(string) 500 Internal Server Error


[0.0001988]	<p>Произошла критическая ошибка. Скорее всего, потребуется участие разработчиков.  Подробности по ссылке <a title="" target="_blank" href="http://errors.umi-cms.ru/17000/">17000</a></p>
[0.1296368]	#0 /var/www/clients/client0/web1/web/libs/lib.php(111): mysqlConnection-&gt;query('SELECT id, pref...', false)
#1 /var/www/clients/client0/web1/web/classes/system/subsystems/models/hierarchy/langsCollection.php(34): l_mysql_query('SELECT id, pref...')
#2 /var/www/clients/client0/web1/web/classes/system/subsystems/models/hierarchy/langsCollection.php(14): langsCollection-&gt;loadLangs()
#3 /var/www/clients/client0/web1/web/classes/system/patterns/singletone.php(21): langsCollection-&gt;__construct()
#4 /var/www/clients/client0/web1/web/classes/system/subsystems/models/hierarchy/langsCollection.php(22): singleton::getInstance('langsCollection')
#5 /var/www/clients/client0/web1/web/classes/system/subsystems/cmsController/cmsController.php(779): langsCollection::getInstance()
#6 /var/www/clients/client0/web1/web/classes/system/subsystems/cmsController/cmsController.php(683): cmsController-&gt;detectLang()
#7 /var/www/clients/client0/web1/web/classes/system/subsystems/cmsController/cmsController.php(40): cmsController-&gt;init()
#8 /var/www/clients/client0/web1/web/classes/system/patterns/singletone.php(21): cmsController-&gt;__construct()
#9 /var/www/clients/client0/web1/web/classes/system/subsystems/cmsController/cmsController.php(49): singleton::getInstance('cmsController')
#10 /var/www/clients/client0/web1/web/libs/root-src/index.php(71): cmsController::getInstance()
#11 /var/www/clients/client0/web1/web/index.php(7): require('/var/www/client...')
#12 {main}
