[_COOKIE]
	[PHPSESSID]
	(string) 73a6gkpk0fp61o4uo7jachb0u4

	[stat_id]
	(string) 73a6gkpk0fp61o4uo7jachb0u4

	[_ym_visorc]
	(string) w


[_SESSION]
	[starttime]
	(integer) 1343163141

	[http_referer]
	(string) http://www.google.ru/aclk?sa=L&ai=CwPc1vgUPUKP1Lejg4ATz7oDgAfHXhcUCgc2WnjbFrLyyAggDEAFQgKmH8QNghIWAgKQeyAEBqQI9hjH9IktgPqoEH0_QnrmZ3zgixjHP52T8WcFjpsVrLJ_FC3gXDbu5wJk&sig=AOD64_0RhAcNd18oWk0bs_OXnu6B-ZPAGg&ved=0CKMBENEM&adurl=http://Semena-Kanabisa.ru&rct=j&q=high-stone.shop&cad=rjt

	[http_target]
	(string) /

	[user_id]
	(string) 298

	[is_admin]
	(array) ['']

	[_umi_opaf_disabled_html]
	(integer) 0

	[old_logged_in_value]
	(boolean) 

	[stat]
	(array) ['', '73a6gkpk0fp61o4uo7jachb0u4', '1', '47915', '80666', '2', '2', '2']

	[e76fcad4b37585e78574f7b026a2a13d]
	(array) ['['content', 'content', '1']']

	[f7184cb594eda4675ecaa6d0cfae1eec]
	(array) ['['content', 'content', '3']']


[_GET]
	[path]
	(string) producers/serious_seeds/white_russian_regular/


[Request headers]
	[Host]
	(string) semena-kanabisa.ru

	[Connection]
	(string) keep-alive

	[User-Agent]
	(string) Mozilla/5.0 (Windows NT 6.1) AppleWebKit/536.11 (KHTML, like Gecko) Chrome/20.0.1132.57 Safari/536.11

	[Accept]
	(string) text/html,application/xhtml+xml,application/xml;q=0.9,*/*;q=0.8

	[Referer]
	(string) http://semena-kanabisa.ru/

	[Accept-Encoding]
	(string) gzip,deflate,sdch

	[Accept-Language]
	(string) ru-RU,ru;q=0.8,en-US;q=0.6,en;q=0.4

	[Accept-Charset]
	(string) windows-1251,utf-8;q=0.7,*;q=0.3

	[Cookie]
	(string) PHPSESSID=73a6gkpk0fp61o4uo7jachb0u4; stat_id=73a6gkpk0fp61o4uo7jachb0u4; _ym_visorc=w


[Response headers]
	[X-Powered-By]
	(string) PHP/5.3.6-13ubuntu3.6

	[Expires]
	(string) Thu, 19 Nov 1981 08:52:00 GMT

	[Cache-Control]
	(string) no-store, no-cache, must-revalidate, post-check=0, pre-check=0

	[Pragma]
	(string) no-cache

	[Status]
	(string) 500 Internal Server Error


[11.9345970]	<p>Произошла критическая ошибка. Скорее всего, потребуется участие разработчиков.  Подробности по ссылке <a title="" target="_blank" href="http://errors.umi-cms.ru/17000/">17000</a></p>
[13.3704228]	#0 /var/www/clients/client0/web1/web/libs/lib.php(111): mysqlConnection-&gt;query('SELECT id FROM ...', false)
#1 /var/www/clients/client0/web1/web/classes/system/subsystems/models/hierarchy/umiHierarchy.php(1113): l_mysql_query('SELECT id FROM ...')
#2 /var/www/clients/client0/web1/web/classes/system/subsystems/models/selection/umiSelection.php(420): umiHierarchy-&gt;getDefaultElementId()
#3 /var/www/clients/client0/web1/web/classes/modules/catalog/class.php(163): umiSelection-&gt;addHierarchyFilter(252, 0)
#4 [internal function]: catalog-&gt;getObjectsList('0', '252')
#5 /var/www/clients/client0/web1/web/classes/system/subsystems/streams/udata/udataStream.php(98): call_user_func_array(Array, Array)
#6 /var/www/clients/client0/web1/web/classes/system/subsystems/streams/udata/udataStream.php(15): udataStream-&gt;executeMacros(Array)
#7 [internal function]: udataStream-&gt;stream_open('udata://catalog...', 'rb', 4, NULL)
#8 /var/www/clients/client0/web1/web/classes/system/subsystems/umiTemplaters/types/umiTemplaterXSLT.php(45): XSLTProcessor-&gt;transformToXml(Object(DOMDocument))
#9 /var/www/clients/client0/web1/web/libs/root-src/index.php(134): umiTemplaterXSLT-&gt;parse(Array, 'file:///var/www...')
#10 /var/www/clients/client0/web1/web/index.php(7): require('/var/www/client...')
#11 {main}
