[_COOKIE]
	[PHPSESSID]
	(string) 3drfpqr2lqtt2rimtd5j1fpae5

	[fproducers]
	(string) 350

	[acstate_active]
	(string) 0

	[acstate_opened]
	(string) 4

	[umi_captcha]
	(string) ee0c1616bbc82804b2f4b635d4a055fb

	[user_captcha]
	(string) 6422

	[stat_id]
	(string) 3drfpqr2lqtt2rimtd5j1fpae5


[_SESSION]
	[starttime]
	(integer) 1337825062

	[http_referer]
	(NULL) 

	[http_target]
	(string) /users/auth/

	[user_id]
	(string) 298

	[is_admin]
	(array) ['']

	[_umi_opaf_disabled_html]
	(integer) 0


[_GET]
	[path]
	(string) users/auth/


[Request headers]
	[User-Agent]
	(string) Opera/9.80 (Series 60; Opera Mini/6.5.29702/27.1741; U; ru) Presto/2.8.119 Version/11.10

	[Host]
	(string) semena-kanabisa.ru

	[Accept]
	(string) text/html, application/xml;q=0.9, application/xhtml+xml, image/png, image/webp, image/jpeg, image/gif, image/x-xbitmap, */*;q=0.1

	[Accept-Language]
	(string) ru,en;q=0.9

	[Accept-Encoding]
	(string) gzip, deflate

	[Cookie]
	(string) PHPSESSID=3drfpqr2lqtt2rimtd5j1fpae5; fproducers=350; acstate_active=0; acstate_opened=4; umi_captcha=ee0c1616bbc82804b2f4b635d4a055fb; user_captcha=6422; stat_id=3drfpqr2lqtt2rimtd5j1fpae5

	[Connection]
	(string) Keep-Alive

	[X-OperaMini-Phone]
	(string) Nokia #

	[x-forwarded-for]
	(string) 217.118.93.107

	[X-OperaMini-Features]
	(string) advanced, download, file_system, touch, folding, viewport, routing

	[X-OperaMini-Phone-UA]
	(string) Mozilla/5.0 (Symbian/3; Series60/5.2 NokiaE7-00/025.007; Profile/MIDP-2.1 Configuration/CLDC-1.1 ) AppleWebKit/525 (KHTML, like Gecko) Version/3.0 NokiaBrowser/7.3.1.37


[Response headers]
	[X-Powered-By]
	(string) PHP/5.3.6-13ubuntu3.6

	[Expires]
	(string) Thu, 19 Nov 1981 08:52:00 GMT

	[Cache-Control]
	(string) no-store, no-cache, must-revalidate, post-check=0, pre-check=0

	[Pragma]
	(string) no-cache

	[Status]
	(string) 500 Internal Server Error


[1.8168340]	<p>Произошла критическая ошибка. Скорее всего, потребуется участие разработчиков.  Подробности по ссылке <a title="" target="_blank" href="http://errors.umi-cms.ru/17000/">17000</a></p>
[2.1781800]	#0 /var/www/clients/client0/web1/web/libs/lib.php(111): mysqlConnection-&gt;query('SELECT cp.metho...', false)
#1 /var/www/clients/client0/web1/web/classes/system/subsystems/models/permissions/permissionsCollection.php(195): l_mysql_query('SELECT cp.metho...')
#2 /var/www/clients/client0/web1/web/libs/system.php(39): permissionsCollection-&gt;isAllowedMethod('298', 'catalog', 'getCategoryList')
#3 /var/www/clients/client0/web1/web/classes/system/subsystems/streams/udata/udataStream.php(92): system_is_allowed('catalog', 'getCategoryList')
#4 /var/www/clients/client0/web1/web/classes/system/subsystems/streams/udata/udataStream.php(15): udataStream-&gt;executeMacros(Array)
#5 [internal function]: udataStream-&gt;stream_open('udata://catalog...', 'rb', 4, NULL)
#6 /var/www/clients/client0/web1/web/classes/system/subsystems/umiTemplaters/types/umiTemplaterXSLT.php(45): XSLTProcessor-&gt;transformToXml(Object(DOMDocument))
#7 /var/www/clients/client0/web1/web/libs/root-src/index.php(134): umiTemplaterXSLT-&gt;parse(Array, 'file:///var/www...')
#8 /var/www/clients/client0/web1/web/index.php(7): require('/var/www/client...')
#9 {main}
