[_COOKIE]
	[stat_id]
	(string) c4reeujblos1pd29g1dc6uubq2

	[PHPSESSID]
	(string) rnov65rn1726lsiflpackd4en7

	[umi_captcha]
	(string) 6cf821bc98b2d343170185bb3de84cc4

	[user_captcha]
	(string) 4412


[_SESSION]
	[starttime]
	(integer) 1343165503

	[http_referer]
	(NULL) 

	[http_target]
	(string) /producers/grassomatic/auto_ak/

	[user_id]
	(string) 298

	[is_admin]
	(array) ['']

	[_umi_opaf_disabled_html]
	(integer) 0

	[old_logged_in_value]
	(boolean) 

	[stat]
	(array) ['']


[_GET]
	[path]
	(string) producers/grassomatic/auto_ak/


[Request headers]
	[Host]
	(string) semena-kanabisa.ru

	[Connection]
	(string) keep-alive

	[User-Agent]
	(string) Mozilla/5.0 (X11; Linux x86_64) AppleWebKit/535.19 (KHTML, like Gecko) Ubuntu/10.04 Chromium/18.0.1025.151 Chrome/18.0.1025.151 Safari/535.19

	[Accept]
	(string) text/html,application/xhtml+xml,application/xml;q=0.9,*/*;q=0.8

	[Accept-Encoding]
	(string) gzip,deflate,sdch

	[Accept-Language]
	(string) ru-RU,ru;q=0.8,en-US;q=0.6,en;q=0.4

	[Accept-Charset]
	(string) windows-1251,utf-8;q=0.7,*;q=0.3

	[Cookie]
	(string) stat_id=c4reeujblos1pd29g1dc6uubq2; PHPSESSID=rnov65rn1726lsiflpackd4en7; umi_captcha=6cf821bc98b2d343170185bb3de84cc4; user_captcha=4412


[Response headers]
	[X-Powered-By]
	(string) PHP/5.3.6-13ubuntu3.6

	[Expires]
	(string) Thu, 19 Nov 1981 08:52:00 GMT

	[Cache-Control]
	(string) no-store, no-cache, must-revalidate, post-check=0, pre-check=0

	[Pragma]
	(string) no-cache

	[Status]
	(string) 500 Internal Server Error


[20.2734921]	<p>Произошла критическая ошибка. Скорее всего, потребуется участие разработчиков.  Подробности по ссылке <a title="" target="_blank" href="http://errors.umi-cms.ru/17000/">17000</a></p>
[20.6779881]	#0 /var/www/clients/client0/web1/web/libs/lib.php(111): mysqlConnection-&gt;query('SELECT   `id` F...', false)
#1 /var/www/clients/client0/web1/web/classes/modules/stat/classes/statistic.php(166): l_mysql_query('SELECT   `id` F...')
#2 /var/www/clients/client0/web1/web/classes/modules/stat/class.php(212): statistic-&gt;run()
#3 /var/www/clients/client0/web1/web/libs/root-src/index.php(150): stat-&gt;pushStat()
#4 /var/www/clients/client0/web1/web/index.php(7): require('/var/www/client...')
#5 {main}
