[_COOKIE]
	[_ym_visorc]
	(string) w

	[PHPSESSID]
	(string) f6crlhannp5ebjj2rfghqo2g91

	[stat_id]
	(string) f6crlhannp5ebjj2rfghqo2g91


[_SESSION]
	[starttime]
	(integer) 1343187205

	[http_target]
	(string) /producers/pyramid_seeds/white_widow_pyramid/

	[user_id]
	(string) 298

	[is_admin]
	(array) ['']

	[_umi_opaf_disabled_html]
	(integer) 0


[_GET]
	[path]
	(string) producers/grassomatic/


[Request headers]
	[Host]
	(string) semena-kanabisa.ru

	[User-Agent]
	(string) Mozilla/5.0 (iPad; CPU OS 5_1_1 like Mac OS X) AppleWebKit/534.46 (KHTML, like Gecko) Version/5.1 Mobile/9B206 Safari/7534.48.3

	[Accept]
	(string) text/html,application/xhtml+xml,application/xml;q=0.9,*/*;q=0.8

	[Referer]
	(string) http://semena-kanabisa.ru/

	[Accept-Language]
	(string) ru

	[Accept-Encoding]
	(string) gzip, deflate

	[Cookie]
	(string) _ym_visorc=w; PHPSESSID=f6crlhannp5ebjj2rfghqo2g91; stat_id=f6crlhannp5ebjj2rfghqo2g91

	[Connection]
	(string) keep-alive


[Response headers]
	[X-Powered-By]
	(string) PHP/5.3.6-13ubuntu3.6

	[Expires]
	(string) Thu, 19 Nov 1981 08:52:00 GMT

	[Cache-Control]
	(string) no-store, no-cache, must-revalidate, post-check=0, pre-check=0

	[Pragma]
	(string) no-cache

	[Status]
	(string) 500 Internal Server Error


[22.0162928]	Default domain could not be found
[22.1446779]	#0 /var/www/clients/client0/web1/web/classes/system/subsystems/cmsController/cmsController.php(681): cmsController-&gt;detectDomain()
#1 /var/www/clients/client0/web1/web/classes/system/subsystems/cmsController/cmsController.php(40): cmsController-&gt;init()
#2 /var/www/clients/client0/web1/web/classes/system/patterns/singletone.php(21): cmsController-&gt;__construct()
#3 /var/www/clients/client0/web1/web/classes/system/subsystems/cmsController/cmsController.php(49): singleton::getInstance('cmsController')
#4 /var/www/clients/client0/web1/web/libs/root-src/index.php(71): cmsController::getInstance()
#5 /var/www/clients/client0/web1/web/index.php(7): require('/var/www/client...')
#6 {main}
