[_COOKIE]
	[user_captcha]
	(string) 6843

	[stat_id]
	(string) 08v0vbpdki8hgd4te053jvpk65

	[SS_ARE_Override_traceLevel]
	(string) WARN

	[PHPSESSID]
	(string) ap7vpuo0u4b3nai01o1jv508r4

	[_ym_visorc]
	(string) w


[_SESSION]
	[starttime]
	(integer) 1338882367

	[http_referer]
	(string) http://e.mail.ru/cgi-bin/msglist?back=1

	[http_target]
	(string) /

	[user_id]
	(string) 298

	[is_admin]
	(array) ['']

	[_umi_opaf_disabled_html]
	(integer) 0

	[old_logged_in_value]
	(boolean) 

	[stat]
	(array) ['', '08v0vbpdki8hgd4te053jvpk65', '15517', '1', '39090', '1', '1', '1']

	[e76fcad4b37585e78574f7b026a2a13d]
	(array) ['['content', 'content', '1']']


[_GET]
	[path]
	(string) users/restore/1432b0a362d5c7587abf8a0a6c239250/


[Request headers]
	[User-Agent]
	(string) Opera/9.80 (Windows NT 6.1; U; MRA 5.10 (build 5310); ru) Presto/2.7.62 Version/11.01

	[Host]
	(string) semena-kanabisa.ru

	[Accept]
	(string) text/html, application/xml;q=0.9, application/xhtml+xml, image/png, image/jpeg, image/gif, image/x-xbitmap, */*;q=0.1

	[Accept-Language]
	(string) ru-RU,ru;q=0.9,en;q=0.8

	[Accept-Charset]
	(string) iso-8859-1, utf-8, utf-16, *;q=0.1

	[Accept-Encoding]
	(string) deflate, gzip, x-gzip, identity, *;q=0

	[Referer]
	(string) http://e.mail.ru/cgi-bin/msglist?back=1

	[Cookie]
	(string) user_captcha=6843; stat_id=08v0vbpdki8hgd4te053jvpk65; SS_ARE_Override.traceLevel=WARN; PHPSESSID=ap7vpuo0u4b3nai01o1jv508r4; _ym_visorc=w

	[Cookie2]
	(string) $Version=1

	[Connection]
	(string) Keep-Alive, TE

	[TE]
	(string) deflate, gzip, chunked, identity, trailers


[Response headers]
	[X-Powered-By]
	(string) PHP/5.3.6-13ubuntu3.6

	[Expires]
	(string) Thu, 19 Nov 1981 08:52:00 GMT

	[Cache-Control]
	(string) no-store, no-cache, must-revalidate, post-check=0, pre-check=0

	[Pragma]
	(string) no-cache

	[Status]
	(string) 500 Internal Server Error


[0.0001481]	Not found template &quot;/forget/1432b0a362d5c7587abf8a0a6c239250&quot;.
[0.0001659]	#0 /var/www/clients/client0/web1/web/classes/system/subsystems/umiTemplaters/types/umiTemplaterXSLT.php(15): umiTemplaterXSLT-&gt;prepareXSL('/forget/1432b0a...')
#1 /var/www/clients/client0/web1/web/classes/modules/def_module.php(515): umiTemplaterXSLT-&gt;parse(Array)
#2 /var/www/clients/client0/web1/web/classes/modules/users/__forget.php(166): def_module::parseTemplateForMail('file://users/fo...', Array, false, 9927)
#3 /var/www/clients/client0/web1/web/classes/modules/def_module.php(63) : eval()'d code(1): __forget_users-&gt;restore('1432b0a362d5c75...')
#4 /var/www/clients/client0/web1/web/classes/modules/def_module.php(63): eval()
#5 /var/www/clients/client0/web1/web/classes/modules/users/class.php(25): def_module-&gt;__call('restore', Array)
#6 [internal function]: users-&gt;__call('restore', Array)
#7 [internal function]: users-&gt;restore('1432b0a362d5c75...')
#8 /var/www/clients/client0/web1/web/classes/system/subsystems/streams/udata/udataStream.php(98): call_user_func_array(Array, Array)
#9 /var/www/clients/client0/web1/web/classes/system/subsystems/streams/udata/udataStream.php(15): udataStream-&gt;executeMacros(Array)
#10 [internal function]: udataStream-&gt;stream_open('udata://users/r...', 'rb', 4, NULL)
#11 /var/www/clients/client0/web1/web/classes/system/subsystems/cmsController/cmsController.php(630): file_get_contents('udata://users/r...')
#12 /var/www/clients/client0/web1/web/classes/system/subsystems/cmsController/cmsController.php(614): cmsController-&gt;executeStream('udata://users/r...')
#13 /var/www/clients/client0/web1/web/classes/system/subsystems/cmsController/cmsController.php(312): cmsController-&gt;prepareClientSideGlobalVariablesForXSLT()
#14 /var/www/clients/client0/web1/web/libs/root-src/index.php(130): cmsController-&gt;getGlobalVariables()
#15 /var/www/clients/client0/web1/web/index.php(7): require('/var/www/client...')
#16 {main}
