[_COOKIE]
	[stat_id]
	(string) 3eiq02crbno5f4ik12uibhhhr3


[_SESSION]
	[starttime]
	(integer) 1343163441

	[http_target]
	(string) /

	[user_id]
	(string) 298

	[is_admin]
	(array) ['']

	[_umi_opaf_disabled_html]
	(integer) 0


[_GET]
	[path]
	(string) 


[Request headers]
	[Host]
	(string) semena-kanabisa.ru

	[Connection]
	(string) keep-alive

	[Accept]
	(string) text/html,application/xhtml+xml,application/xml;q=0.9,*/*;q=0.8

	[User-Agent]
	(string) Mozilla/5.0 (Windows; U; Windows NT 5.1; en-US; Valve Steam GameOverlay/1911; ) AppleWebKit/535.15 (KHTML, like Gecko) Chrome/18.0.989.0 Safari/535.11

	[Referer]
	(string) http://www.google.ru/url?sa=t&rct=j&q=%D1%81%D0%B5%D0%BC%D1%8F%D0%BD%D1%8B%D1%87&source=web&cd=1&sqi=2&ved=0CEwQFjAA&url=http%3A%2F%2Fsemena-kanabisa.ru%2F&ei=lwsPUPixJ8Pf4QSjmoHwDg&usg=AFQjCNGEl-XwpiTrZPhKDkmhHYcFfYyd8w&cad=rjt

	[Accept-Encoding]
	(string) gzip,deflate

	[Accept-Language]
	(string) en-us,en

	[Accept-Charset]
	(string) iso-8859-1,*,utf-8

	[Cookie]
	(string) stat_id=3eiq02crbno5f4ik12uibhhhr3


[Response headers]
	[X-Powered-By]
	(string) PHP/5.3.6-13ubuntu3.6

	[Set-Cookie]
	(string) PHPSESSID=mcf4iv6giri5g7goqpho2uuoo6; path=/

	[Expires]
	(string) Thu, 19 Nov 1981 08:52:00 GMT

	[Cache-Control]
	(string) no-store, no-cache, must-revalidate, post-check=0, pre-check=0

	[Pragma]
	(string) no-cache

	[Status]
	(string) 500 Internal Server Error


[11.8960829]	<p>Произошла критическая ошибка. Скорее всего, потребуется участие разработчиков.  Подробности по ссылке <a title="" target="_blank" href="http://errors.umi-cms.ru/17000/">17000</a></p>
[12.3551509]	#0 /var/www/clients/client0/web1/web/libs/lib.php(111): mysqlConnection-&gt;query('SELECT name, pa...', false)
#1 /var/www/clients/client0/web1/web/classes/system/subsystems/models/data/umiObjectType.php(280): l_mysql_query('SELECT name, pa...')
#2 /var/www/clients/client0/web1/web/classes/system/patterns/umiEntinty.php(19): umiObjectType-&gt;loadInfo(false)
#3 /var/www/clients/client0/web1/web/classes/system/subsystems/models/data/umiObjectTypesCollection.php(259): umiEntinty-&gt;__construct('116')
#4 /var/www/clients/client0/web1/web/classes/system/subsystems/models/data/umiObjectTypesCollection.php(40): umiObjectTypesCollection-&gt;loadType('116')
#5 /var/www/clients/client0/web1/web/classes/system/subsystems/streams/utype/utypeStream.php(20): umiObjectTypesCollection-&gt;getType('116')
#6 [internal function]: utypeStream-&gt;stream_open('utype://116', 'rb', 4, NULL)
#7 /var/www/clients/client0/web1/web/classes/system/subsystems/umiTemplaters/types/umiTemplaterXSLT.php(45): XSLTProcessor-&gt;transformToXml(Object(DOMDocument))
#8 /var/www/clients/client0/web1/web/libs/root-src/index.php(134): umiTemplaterXSLT-&gt;parse(Array, 'file:///var/www...')
#9 /var/www/clients/client0/web1/web/index.php(7): require('/var/www/client...')
#10 {main}
