[_COOKIE]
	[PHPSESSID]
	(string) k3c6uotu158h9i8j2mkd0irlo1

	[stat_id]
	(string) k3c6uotu158h9i8j2mkd0irlo1

	[acstate_active]
	(string) 0

	[acstate_opened]
	(string) 1

	[ftypes]
	(string) percent_auto

	[_ym_visorc]
	(string) w


[_SESSION]
	[starttime]
	(integer) 1338450596

	[http_referer]
	(string) http://e.mail.ru/cgi-bin/msglist

	[http_target]
	(string) /users/restore/c4b9c254aac4fc85fdcb8571f61d094e/

	[user_id]
	(string) 298

	[is_admin]
	(array) ['']

	[_umi_opaf_disabled_html]
	(integer) 0

	[old_logged_in_value]
	(boolean) 

	[stat]
	(array) ['', 'k3c6uotu158h9i8j2mkd0irlo1', '1', '22147', '35393', '3', '3023', '3023']

	[e76fcad4b37585e78574f7b026a2a13d]
	(array) ['['content', 'content', '1']']

	[6aabccfdfe3a414df18441eea939ab99]
	(array) ['['catalog', 'object', '308']', '['catalog', 'object', '319']', '['catalog', 'object', '212']', '['catalog', 'object', '283']', '['catalog', 'object', '65']', '['catalog', 'object', '64']', '['catalog', 'object', '324']', '['catalog', 'object', '62']', '['catalog', 'object', '63']', '['catalog', 'object', '329']', '['catalog', 'object', '393']', '['catalog', 'object', '353']', '['catalog', 'object', '354']', '['catalog', 'object', '356']', '['catalog', 'object', '358']', '['catalog', 'object', '359']', '['catalog', 'object', '361']', '['catalog', 'object', '321']', '['catalog', 'object', '409']', '['catalog', 'object', '411']', '['catalog', 'object', '413']', '['catalog', 'object', '414']', '['catalog', 'object', '415']']

	[d70949e4eb15494c5e51b626119ac797]
	(array) ['['content', 'content', '30']', '['catalog', 'object', '353']', '['catalog', 'object', '409']', '['catalog', 'object', '354']', '['catalog', 'object', '356']', '['catalog', 'object', '358']', '['catalog', 'object', '359']']

	[61f3df732da7aa730b991bdb09df172d]
	(array) ['['content', 'content', '30']', '['catalog', 'object', '353']', '['catalog', 'object', '409']', '['catalog', 'object', '354']', '['catalog', 'object', '356']', '['catalog', 'object', '358']', '['catalog', 'object', '359']', '['catalog', 'object', '411']', '['catalog', 'object', '361']', '['catalog', 'object', '329']', '['catalog', 'object', '65']', '['catalog', 'object', '319']', '['catalog', 'object', '212']', '['catalog', 'object', '308']', '['catalog', 'object', '413']', '['catalog', 'object', '321']', '['catalog', 'object', '393']', '['catalog', 'object', '414']', '['catalog', 'object', '64']', '['catalog', 'object', '324']', '['catalog', 'object', '283']', '['catalog', 'object', '415']', '['catalog', 'object', '62']', '['catalog', 'object', '63']']


[_GET]
	[path]
	(string) users/restore/38af7fd6af581b0f8c5ebff39f734b95/


[Request headers]
	[User-Agent]
	(string) Opera/9.80 (Windows NT 6.1; U; ru) Presto/2.10.229 Version/11.64

	[Host]
	(string) semena-kanabisa.ru

	[Accept]
	(string) text/html, application/xml;q=0.9, application/xhtml+xml, image/png, image/webp, image/jpeg, image/gif, image/x-xbitmap, */*;q=0.1

	[Accept-Language]
	(string) ru-RU,ru;q=0.9,en;q=0.8

	[Accept-Encoding]
	(string) gzip, deflate

	[Referer]
	(string) http://e.mail.ru/cgi-bin/msglist

	[Cookie]
	(string) PHPSESSID=k3c6uotu158h9i8j2mkd0irlo1; stat_id=k3c6uotu158h9i8j2mkd0irlo1; acstate_active=0; acstate_opened=1; ftypes=percent_auto; _ym_visorc=w

	[Connection]
	(string) Keep-Alive


[Response headers]
	[X-Powered-By]
	(string) PHP/5.3.6-13ubuntu3.6

	[Expires]
	(string) Thu, 19 Nov 1981 08:52:00 GMT

	[Cache-Control]
	(string) no-store, no-cache, must-revalidate, post-check=0, pre-check=0

	[Pragma]
	(string) no-cache

	[Status]
	(string) 500 Internal Server Error


[0.0009060]	Not found template &quot;/forget/38af7fd6af581b0f8c5ebff39f734b95&quot;.
[0.0020800]	#0 /var/www/clients/client0/web1/web/classes/system/subsystems/umiTemplaters/types/umiTemplaterXSLT.php(15): umiTemplaterXSLT-&gt;prepareXSL('/forget/38af7fd...')
#1 /var/www/clients/client0/web1/web/classes/modules/def_module.php(515): umiTemplaterXSLT-&gt;parse(Array)
#2 /var/www/clients/client0/web1/web/classes/modules/users/__forget.php(166): def_module::parseTemplateForMail('file://users/fo...', Array, false, 14233)
#3 /var/www/clients/client0/web1/web/classes/modules/def_module.php(63) : eval()'d code(1): __forget_users-&gt;restore('38af7fd6af581b0...')
#4 /var/www/clients/client0/web1/web/classes/modules/def_module.php(63): eval()
#5 /var/www/clients/client0/web1/web/classes/modules/users/class.php(25): def_module-&gt;__call('restore', Array)
#6 [internal function]: users-&gt;__call('restore', Array)
#7 [internal function]: users-&gt;restore('38af7fd6af581b0...')
#8 /var/www/clients/client0/web1/web/classes/system/subsystems/streams/udata/udataStream.php(98): call_user_func_array(Array, Array)
#9 /var/www/clients/client0/web1/web/classes/system/subsystems/streams/udata/udataStream.php(15): udataStream-&gt;executeMacros(Array)
#10 [internal function]: udataStream-&gt;stream_open('udata://users/r...', 'rb', 4, NULL)
#11 /var/www/clients/client0/web1/web/classes/system/subsystems/cmsController/cmsController.php(630): file_get_contents('udata://users/r...')
#12 /var/www/clients/client0/web1/web/classes/system/subsystems/cmsController/cmsController.php(614): cmsController-&gt;executeStream('udata://users/r...')
#13 /var/www/clients/client0/web1/web/classes/system/subsystems/cmsController/cmsController.php(312): cmsController-&gt;prepareClientSideGlobalVariablesForXSLT()
#14 /var/www/clients/client0/web1/web/libs/root-src/index.php(130): cmsController-&gt;getGlobalVariables()
#15 /var/www/clients/client0/web1/web/index.php(7): require('/var/www/client...')
#16 {main}
