[_SESSION]
	[starttime]
	(integer) 1343168320

	[http_referer]
	(NULL) 

	[http_target]
	(string) /

	[user_id]
	(string) 298

	[is_admin]
	(array) ['']

	[_umi_opaf_disabled_html]
	(integer) 0


[_GET]
	[path]
	(string) 


[Request headers]
	[Host]
	(string) semena-kanabisa.ru

	[Accept-Encoding]
	(string) gzip

	[Accept-Language]
	(string) ru-RU, en-US

	[x-wap-profile]
	(string) http://www.htcmms.com.tw/Android/Common/PG88/ua-profile.xml

	[Accept-Charset]
	(string) utf-8, iso-8859-1, utf-16, *;q=0.7

	[Keep-Alive]
	(string) 115

	[User-Agent]
	(string) Mozilla/5.0 (Linux; U; Android 2.3.5; ru-ru; HTC_DesireS_S510e Build/GRJ90) AppleWebKit/533.1 (KHTML, like Gecko) Version/4.0 Mobile Safari/533.1

	[Connection]
	(string) keep-alive

	[Accept]
	(string) application/xml,application/xhtml+xml,text/html;q=0.9,text/plain;q=0.8,image/png,*/*;q=0.5

	[Cache-Control]
	(string) no-cache

	[Pragma]
	(string) no-cache


[Response headers]
	[X-Powered-By]
	(string) PHP/5.3.6-13ubuntu3.6

	[Set-Cookie]
	(string) PHPSESSID=tc4p9lutdjifkbllqohdfoebl5; path=/

	[Expires]
	(string) Thu, 19 Nov 1981 08:52:00 GMT

	[Cache-Control]
	(string) no-store, no-cache, must-revalidate, post-check=0, pre-check=0

	[Pragma]
	(string) no-cache

	[Status]
	(string) 500 Internal Server Error


[26.8135328]	<p>Произошла критическая ошибка. Скорее всего, потребуется участие разработчиков.  Подробности по ссылке <a title="" target="_blank" href="http://errors.umi-cms.ru/17000/">17000</a></p>
[27.9909079]	#0 /var/www/clients/client0/web1/web/libs/lib.php(111): mysqlConnection-&gt;query('SELECT rel_id F...', false)
#1 /var/www/clients/client0/web1/web/classes/system/subsystems/models/hierarchy/umiHierarchy.php(553): l_mysql_query('SELECT rel_id F...')
#2 /var/www/clients/client0/web1/web/classes/system/subsystems/models/hierarchy/umiHierarchy.php(801): umiHierarchy-&gt;getAllParents(331, false, false)
#3 /var/www/clients/client0/web1/web/classes/system/utils/translators/wrappers/umiHierarchyElementWrapper.php(20): umiHierarchy-&gt;getPathById(331)
#4 /var/www/clients/client0/web1/web/classes/system/utils/translators/wrappers/umiHierarchyElementWrapper.php(4): umiHierarchyElementWrapper-&gt;translateData(Object(umiHierarchyElement))
#5 /var/www/clients/client0/web1/web/classes/system/utils/translators/xmlTranslator.php(37): umiHierarchyElementWrapper-&gt;translate(Object(umiHierarchyElement))
#6 /var/www/clients/client0/web1/web/classes/system/utils/translators/xmlTranslator.php(126): xmlTranslator-&gt;chooseTranslator(Object(DOMElement), Object(umiHierarchyElement))
#7 /var/www/clients/client0/web1/web/classes/system/utils/translators/xmlTranslator.php(29): xmlTranslator-&gt;translateArray(Object(DOMElement), Array)
#8 /var/www/clients/client0/web1/web/classes/system/utils/translators/xmlTranslator.php(22): xmlTranslator-&gt;chooseTranslator(Object(DOMElement), Array)
#9 /var/www/clients/client0/web1/web/classes/system/subsystems/streams/umiBaseStream.php(201): xmlTranslator-&gt;translateToXml(Object(DOMElement), Array)
#10 /var/www/clients/client0/web1/web/classes/system/subsystems/streams/usel/uselStream.php(167): umiBaseStream-&gt;translateToXml(Array)
#11 /var/www/clients/client0/web1/web/classes/system/subsystems/streams/usel/uselStream.php(35): uselStream-&gt;translateToXml(Array)
#12 [internal function]: uselStream-&gt;stream_open('usel://usel_car...', 'rb', 4, NULL)
#13 /var/www/clients/client0/web1/web/classes/system/subsystems/umiTemplaters/types/umiTemplaterXSLT.php(45): XSLTProcessor-&gt;transformToXml(Object(DOMDocument))
#14 /var/www/clients/client0/web1/web/libs/root-src/index.php(134): umiTemplaterXSLT-&gt;parse(Array, 'file:///var/www...')
#15 /var/www/clients/client0/web1/web/index.php(7): require('/var/www/client...')
#16 {main}
