[_COOKIE]
	[stat_id]
	(string) 0q1ffgnd0g1ndtfiivrt9mi4d0


[_SESSION]
	[starttime]
	(integer) 1343186603

	[http_target]
	(string) /


[_GET]
	[path]
	(string) 


[Request headers]
	[Host]
	(string) semena-kanabisa.ru

	[User-Agent]
	(string) Mozilla/5.0 (Windows NT 5.1; rv:14.0) Gecko/20100101 Firefox/14.0.1

	[Accept]
	(string) text/html,application/xhtml+xml,application/xml;q=0.9,*/*;q=0.8

	[Accept-Language]
	(string) ru-ru,ru;q=0.8,en-us;q=0.5,en;q=0.3

	[Accept-Encoding]
	(string) gzip, deflate

	[Connection]
	(string) keep-alive

	[Referer]
	(string) http://www.google.ru/url?sa=t&rct=j&q=&esrc=s&source=web&cd=1&ved=0CEwQFjAA&url=http%3A%2F%2Fsemena-kanabisa.ru%2F&ei=6kUPUJbhNebP4QTQ34C4CA&usg=AFQjCNGEl-XwpiTrZPhKDkmhHYcFfYyd8w

	[Cookie]
	(string) stat_id=0q1ffgnd0g1ndtfiivrt9mi4d0


[Response headers]
	[X-Powered-By]
	(string) PHP/5.3.6-13ubuntu3.6

	[Set-Cookie]
	(string) PHPSESSID=hfe71eqfba7uu0v7ks7lvmv6v5; path=/

	[Expires]
	(string) Thu, 19 Nov 1981 08:52:00 GMT

	[Cache-Control]
	(string) no-store, no-cache, must-revalidate, post-check=0, pre-check=0

	[Pragma]
	(string) no-cache

	[Status]
	(string) 500 Internal Server Error


[3.9847810]	<p>Произошла критическая ошибка. Скорее всего, потребуется участие разработчиков.  Подробности по ссылке <a title="" target="_blank" href="http://errors.umi-cms.ru/17000/">17000</a></p>
[4.2216849]	#0 /var/www/clients/client0/web1/web/libs/lib.php(111): mysqlConnection-&gt;query('SELECT id, pref...', false)
#1 /var/www/clients/client0/web1/web/classes/system/subsystems/models/hierarchy/langsCollection.php(34): l_mysql_query('SELECT id, pref...')
#2 /var/www/clients/client0/web1/web/classes/system/subsystems/models/hierarchy/langsCollection.php(14): langsCollection-&gt;loadLangs()
#3 /var/www/clients/client0/web1/web/classes/system/patterns/singletone.php(21): langsCollection-&gt;__construct()
#4 /var/www/clients/client0/web1/web/classes/system/subsystems/models/hierarchy/langsCollection.php(22): singleton::getInstance('langsCollection')
#5 /var/www/clients/client0/web1/web/classes/system/subsystems/cmsController/cmsController.php(779): langsCollection::getInstance()
#6 /var/www/clients/client0/web1/web/classes/system/subsystems/cmsController/cmsController.php(683): cmsController-&gt;detectLang()
#7 /var/www/clients/client0/web1/web/classes/system/subsystems/cmsController/cmsController.php(40): cmsController-&gt;init()
#8 /var/www/clients/client0/web1/web/classes/system/patterns/singletone.php(21): cmsController-&gt;__construct()
#9 /var/www/clients/client0/web1/web/classes/system/subsystems/cmsController/cmsController.php(49): singleton::getInstance('cmsController')
#10 /var/www/clients/client0/web1/web/libs/root-src/index.php(71): cmsController::getInstance()
#11 /var/www/clients/client0/web1/web/index.php(7): require('/var/www/client...')
#12 {main}
