[_COOKIE]
	[stat_id]
	(string) 0q1ffgnd0g1ndtfiivrt9mi4d0


[_SESSION]
	[starttime]
	(integer) 1343186680

	[http_referer]
	(string) http://www.google.ru/aclk?sa=L&ai=CwHRzPmUPUK69I4re4ASh-oGYBPHXhcUCgc2Wnjb0jZ7SSggDEAFQgKmH8QNghAXIAQGpAtrXsGI9Q2A-qgQfT9AlIG43-2EClB6kE0zsp4Flkw1D8p4_ApgacXNVwg&sig=AOD64_2CfRzjJ1n28b4xWayFR3EYsU0lHw&ved=0CIEBENEM&adurl=http://Semena-Kanabisa.ru&rct=j&q=xseeds.ru

	[http_target]
	(string) /


[_GET]
	[path]
	(string) 


[Request headers]
	[Host]
	(string) semena-kanabisa.ru

	[User-Agent]
	(string) Mozilla/5.0 (Windows NT 5.1; rv:14.0) Gecko/20100101 Firefox/14.0.1

	[Accept]
	(string) text/html,application/xhtml+xml,application/xml;q=0.9,*/*;q=0.8

	[Accept-Language]
	(string) ru-ru,ru;q=0.8,en-us;q=0.5,en;q=0.3

	[Accept-Encoding]
	(string) gzip, deflate

	[Connection]
	(string) keep-alive

	[Referer]
	(string) http://www.google.ru/aclk?sa=L&ai=CwHRzPmUPUK69I4re4ASh-oGYBPHXhcUCgc2Wnjb0jZ7SSggDEAFQgKmH8QNghAXIAQGpAtrXsGI9Q2A-qgQfT9AlIG43-2EClB6kE0zsp4Flkw1D8p4_ApgacXNVwg&sig=AOD64_2CfRzjJ1n28b4xWayFR3EYsU0lHw&ved=0CIEBENEM&adurl=http://Semena-Kanabisa.ru&rct=j&q=xseeds.ru

	[Cookie]
	(string) stat_id=0q1ffgnd0g1ndtfiivrt9mi4d0


[Response headers]
	[X-Powered-By]
	(string) PHP/5.3.6-13ubuntu3.6

	[Set-Cookie]
	(string) PHPSESSID=cj8k8bifv8q2e8ipu0788fc1t0; path=/

	[Expires]
	(string) Thu, 19 Nov 1981 08:52:00 GMT

	[Cache-Control]
	(string) no-store, no-cache, must-revalidate, post-check=0, pre-check=0

	[Pragma]
	(string) no-cache

	[Status]
	(string) 500 Internal Server Error


[0.0475409]	Default domain could not be found
[0.1793139]	#0 /var/www/clients/client0/web1/web/classes/system/subsystems/cmsController/cmsController.php(681): cmsController-&gt;detectDomain()
#1 /var/www/clients/client0/web1/web/classes/system/subsystems/cmsController/cmsController.php(40): cmsController-&gt;init()
#2 /var/www/clients/client0/web1/web/classes/system/patterns/singletone.php(21): cmsController-&gt;__construct()
#3 /var/www/clients/client0/web1/web/classes/system/subsystems/cmsController/cmsController.php(49): singleton::getInstance('cmsController')
#4 /var/www/clients/client0/web1/web/libs/root-src/index.php(71): cmsController::getInstance()
#5 /var/www/clients/client0/web1/web/index.php(7): require('/var/www/client...')
#6 {main}
