[_COOKIE]
	[stat_id]
	(string) 5b0qali0g0qietn2eoucqlicr3

	[customer-id]
	(string) 9754


[_SESSION]
	[starttime]
	(integer) 1338382847

	[http_referer]
	(string) http://vk.com/semyanich

	[http_target]
	(string) /

	[user_id]
	(string) 298

	[is_admin]
	(array) ['']

	[_umi_opaf_disabled_html]
	(integer) 0


[_GET]
	[path]
	(string) 


[Request headers]
	[Host]
	(string) www.semena-kanabisa.ru

	[Connection]
	(string) keep-alive

	[User-Agent]
	(string) Mozilla/5.0 (Windows NT 6.1; WOW64) AppleWebKit/536.5 (KHTML, like Gecko) Chrome/19.0.1084.52 Safari/536.5

	[Accept]
	(string) text/html,application/xhtml+xml,application/xml;q=0.9,*/*;q=0.8

	[Referer]
	(string) http://vk.com/semyanich

	[Accept-Encoding]
	(string) gzip,deflate,sdch

	[Accept-Language]
	(string) ru-RU,ru;q=0.8,en-US;q=0.6,en;q=0.4

	[Accept-Charset]
	(string) windows-1251,utf-8;q=0.7,*;q=0.3

	[Cookie]
	(string) stat_id=5b0qali0g0qietn2eoucqlicr3; customer-id=9754


[Response headers]
	[X-Powered-By]
	(string) PHP/5.3.6-13ubuntu3.6

	[Set-Cookie]
	(string) customer-id=9754; expires=Sat, 30-Jun-2012 13:01:15 GMT; path=/

	[Expires]
	(string) Thu, 19 Nov 1981 08:52:00 GMT

	[Cache-Control]
	(string) no-store, no-cache, must-revalidate, post-check=0, pre-check=0

	[Pragma]
	(string) no-cache

	[Status]
	(string) 500 Internal Server Error


[0.0001481]	<p>Произошла критическая ошибка. Скорее всего, потребуется участие разработчиков.  Подробности по ссылке <a title="" target="_blank" href="http://errors.umi-cms.ru/17000/">17000</a></p>
[0.0001822]	#0 /var/www/clients/client0/web1/web/libs/lib.php(111): mysqlConnection-&gt;query('SELECT `class_p...', false)
#1 /var/www/clients/client0/web1/web/classes/system/subsystems/models/data/baseRestriction.php(30): l_mysql_query('SELECT `class_p...')
#2 /var/www/clients/client0/web1/web/classes/system/subsystems/models/data/umiObjectProperty.php(75): baseRestriction::get(2)
#3 /var/www/clients/client0/web1/web/classes/system/utils/translators/wrappers/umiObjectPropertyWrapper.php(12): umiObjectProperty-&gt;getValue()
#4 /var/www/clients/client0/web1/web/classes/system/utils/translators/wrappers/umiObjectPropertyWrapper.php(6): umiObjectPropertyWrapper-&gt;translateData(Object(umiObjectPropertyString))
#5 /var/www/clients/client0/web1/web/classes/system/utils/translators/wrappers/umiFieldsGroupWrapper.php(28): umiObjectPropertyWrapper-&gt;translate(Object(umiObjectPropertyString))
#6 /var/www/clients/client0/web1/web/classes/system/utils/translators/wrappers/umiObjectWrapper.php(76): umiFieldsGroupWrapper-&gt;translateProperties(Object(umiFieldsGroup), Object(umiObject))
#7 /var/www/clients/client0/web1/web/classes/system/utils/translators/wrappers/umiObjectWrapper.php(4): umiObjectWrapper-&gt;translateData(Object(umiObject))
#8 /var/www/clients/client0/web1/web/classes/system/utils/translators/xmlTranslator.php(37): umiObjectWrapper-&gt;translate(Object(umiObject))
#9 /var/www/clients/client0/web1/web/classes/system/utils/translators/xmlTranslator.php(97): xmlTranslator-&gt;chooseTranslator(Object(DOMElement), Object(umiObject), true)
#10 /var/www/clients/client0/web1/web/classes/system/utils/translators/xmlTranslator.php(29): xmlTranslator-&gt;translateArray(Object(DOMElement), Array)
#11 /var/www/clients/client0/web1/web/classes/system/utils/translators/xmlTranslator.php(173): xmlTranslator-&gt;chooseTranslator(Object(DOMElement), Array)
#12 /var/www/clients/client0/web1/web/classes/system/utils/translators/xmlTranslator.php(29): xmlTranslator-&gt;translateArray(Object(DOMElement), Array)
#13 /var/www/clients/client0/web1/web/classes/system/utils/translators/xmlTranslator.php(22): xmlTranslator-&gt;chooseTranslator(Object(DOMElement), Array)
#14 /var/www/clients/client0/web1/web/classes/system/subsystems/streams/umiBaseStream.php(201): xmlTranslator-&gt;translateToXml(Object(DOMElement), Array)
#15 /var/www/clients/client0/web1/web/classes/system/subsystems/streams/udata/udataStream.php(122): umiBaseStream-&gt;translateToXml(Array)
#16 /var/www/clients/client0/web1/web/classes/system/subsystems/streams/udata/udataStream.php(43): udataStream-&gt;translateToXml('emarket', 'cart', Array)
#17 [internal function]: udataStream-&gt;stream_open('udata://emarket...', 'rb', 4, NULL)
#18 /var/www/clients/client0/web1/web/classes/system/subsystems/umiTemplaters/types/umiTemplaterXSLT.php(45): XSLTProcessor-&gt;transformToXml(Object(DOMDocument))
#19 /var/www/clients/client0/web1/web/libs/root-src/index.php(134): umiTemplaterXSLT-&gt;parse(Array, 'file:///var/www...')
#20 /var/www/clients/client0/web1/web/index.php(7): require('/var/www/client...')
#21 {main}
