[_COOKIE]
	[stat_id]
	(string) egqnlrcp95bqv9t3elfvjb6906


[_SESSION]
	[starttime]
	(integer) 1343173313

	[http_referer]
	(string) http://www.google.ru/webhp?sourceid=chrome-instant&ie=UTF-8#hl=ru&newwindow=1&sclient=psy-ab&q=%D0%BC%D0%B5%D1%82%D0%BE%D0%B4+%D0%BF%D1%80%D0%BE%D1%80%D0%B0%D1%89%D0%B8%D0%B2%D0%B0%D0%BD%D0%B8%D1%8F+%D1%81%D0%B5%D0%BC%D1%8F%D0%BD+greenhouse&oq=%D0%BC%D0%B5%D1%82%D0%BE%D0%B4+%D0%BF%D1%80%D0%BE%D1%80%D0%B0%D1%89%D0%B8%D0%B2%D0%B0%D0%BD%D0%B8%D1%8F+%D1%81%D0%B5%D0%BC%D1%8F%D0%BD+greenhouse&gs_l=hp.3...75657.83177.2.83747.11.11.0.0.0.0.189.1729.0j11.11.0...0.0...1c.BwEaJVm-cJA&pbx=1&bav=on.2,or.r_gc.r_pw.r_qf.,cf.osb&fp=e6b1402802aff033&biw=1440&bih=809

	[http_target]
	(string) /

	[user_id]
	(string) 298

	[is_admin]
	(array) ['']

	[_umi_opaf_disabled_html]
	(integer) 0


[_GET]
	[path]
	(string) 


[Request headers]
	[Host]
	(string) semena-kanabisa.ru

	[Connection]
	(string) keep-alive

	[User-Agent]
	(string) Mozilla/5.0 (Windows NT 5.1) AppleWebKit/536.11 (KHTML, like Gecko) Chrome/20.0.1132.57 Safari/536.11

	[Accept]
	(string) text/html,application/xhtml+xml,application/xml;q=0.9,*/*;q=0.8

	[X-Chrome-Variations]
	(string) CMu1yQEIi7bJAQietskBCKO2yQEIp7bJAQixg8oBCMiDygE=

	[Referer]
	(string) http://www.google.ru/webhp?sourceid=chrome-instant&ie=UTF-8#hl=ru&newwindow=1&sclient=psy-ab&q=%D0%BC%D0%B5%D1%82%D0%BE%D0%B4+%D0%BF%D1%80%D0%BE%D1%80%D0%B0%D1%89%D0%B8%D0%B2%D0%B0%D0%BD%D0%B8%D1%8F+%D1%81%D0%B5%D0%BC%D1%8F%D0%BD+greenhouse&oq=%D0%BC%D0%B5%D1%82%D0%BE%D0%B4+%D0%BF%D1%80%D0%BE%D1%80%D0%B0%D1%89%D0%B8%D0%B2%D0%B0%D0%BD%D0%B8%D1%8F+%D1%81%D0%B5%D0%BC%D1%8F%D0%BD+greenhouse&gs_l=hp.3...75657.83177.2.83747.11.11.0.0.0.0.189.1729.0j11.11.0...0.0...1c.BwEaJVm-cJA&pbx=1&bav=on.2,or.r_gc.r_pw.r_qf.,cf.osb&fp=e6b1402802aff033&biw=1440&bih=809

	[Accept-Encoding]
	(string) gzip,deflate,sdch

	[Accept-Language]
	(string) ru-RU,ru;q=0.8,en-US;q=0.6,en;q=0.4

	[Accept-Charset]
	(string) windows-1251,utf-8;q=0.7,*;q=0.3

	[Cookie]
	(string) stat_id=egqnlrcp95bqv9t3elfvjb6906


[Response headers]
	[X-Powered-By]
	(string) PHP/5.3.6-13ubuntu3.6

	[Set-Cookie]
	(string) PHPSESSID=gmrv2qr9fmi9n10h7dbuo6ibp4; path=/

	[Expires]
	(string) Thu, 19 Nov 1981 08:52:00 GMT

	[Cache-Control]
	(string) no-store, no-cache, must-revalidate, post-check=0, pre-check=0

	[Pragma]
	(string) no-cache

	[Status]
	(string) 500 Internal Server Error


[10.0886550]	<p>Произошла критическая ошибка. Скорее всего, потребуется участие разработчиков.  Подробности по ссылке <a title="" target="_blank" href="http://errors.umi-cms.ru/17000/">17000</a></p>
[35.4934139]	#0 /var/www/clients/client0/web1/web/libs/lib.php(111): mysqlConnection-&gt;query('SELECT BIT_OR(c...', false)
#1 /var/www/clients/client0/web1/web/classes/system/subsystems/models/permissions/permissionsCollection.php(245): l_mysql_query('SELECT BIT_OR(c...')
#2 /var/www/clients/client0/web1/web/classes/system/subsystems/models/hierarchy/umiHierarchy.php(1281): permissionsCollection-&gt;isAllowedObject('298', 54)
#3 /var/www/clients/client0/web1/web/classes/system/subsystems/models/hierarchy/umiHierarchy.php(107): umiHierarchy-&gt;isAllowed(54)
#4 /var/www/clients/client0/web1/web/classes/system/subsystems/streams/upage/upageStream.php(12): umiHierarchy-&gt;getElement(54)
#5 [internal function]: upageStream-&gt;stream_open('upage://54', 'rb', 4, NULL)
#6 /var/www/clients/client0/web1/web/classes/system/subsystems/umiTemplaters/types/umiTemplaterXSLT.php(45): XSLTProcessor-&gt;transformToXml(Object(DOMDocument))
#7 /var/www/clients/client0/web1/web/libs/root-src/index.php(134): umiTemplaterXSLT-&gt;parse(Array, 'file:///var/www...')
#8 /var/www/clients/client0/web1/web/index.php(7): require('/var/www/client...')
#9 {main}
