[_COOKIE]
	[stat_id]
	(string) cqvlt6qnbhqkrhebv0vlui8kk0

	[user_captcha]
	(string) 1322

	[customer-id]
	(string) 28626


[_SESSION]
	[starttime]
	(integer) 1343164939

	[http_referer]
	(string) http://go.mail.ru/search?mailru=1&iewtf=%E2%98%A0&q=%D1%81%D0%B5%D0%BC%D1%8F%D0%BD%D1%8B%D1%87+%D0%BC%D0%B0%D0%B3%D0%B0%D0%B7%D0%B8%D0%BD+%D1%81%D0%B5%D0%BC%D1%8F%D0%BD&us=4

	[http_target]
	(string) /producers/dutch_passion/white_widow/


[_GET]
	[path]
	(string) producers/dutch_passion/white_widow/


[Request headers]
	[Accept]
	(string) text/html, application/xhtml+xml, */*

	[Referer]
	(string) http://go.mail.ru/search?mailru=1&iewtf=%E2%98%A0&q=%D1%81%D0%B5%D0%BC%D1%8F%D0%BD%D1%8B%D1%87+%D0%BC%D0%B0%D0%B3%D0%B0%D0%B7%D0%B8%D0%BD+%D1%81%D0%B5%D0%BC%D1%8F%D0%BD&us=4

	[Accept-Language]
	(string) ru-RU

	[User-Agent]
	(string) Mozilla/5.0 (compatible; MSIE 9.0; Windows NT 6.1; Trident/5.0)

	[Accept-Encoding]
	(string) gzip, deflate

	[Host]
	(string) semena-kanabisa.ru

	[Connection]
	(string) Keep-Alive

	[Cookie]
	(string) stat_id=cqvlt6qnbhqkrhebv0vlui8kk0; user_captcha=1322; customer-id=28626


[Response headers]
	[X-Powered-By]
	(string) PHP/5.3.6-13ubuntu3.6

	[Set-Cookie]
	(string) PHPSESSID=guf1nqcomcfpk489q3du7hbtn0; path=/

	[Expires]
	(string) Thu, 19 Nov 1981 08:52:00 GMT

	[Cache-Control]
	(string) no-store, no-cache, must-revalidate, post-check=0, pre-check=0

	[Pragma]
	(string) no-cache

	[Status]
	(string) 500 Internal Server Error


[0.3257530]	Default domain could not be found
[0.8954871]	#0 /var/www/clients/client0/web1/web/classes/system/subsystems/cmsController/cmsController.php(681): cmsController-&gt;detectDomain()
#1 /var/www/clients/client0/web1/web/classes/system/subsystems/cmsController/cmsController.php(40): cmsController-&gt;init()
#2 /var/www/clients/client0/web1/web/classes/system/patterns/singletone.php(21): cmsController-&gt;__construct()
#3 /var/www/clients/client0/web1/web/classes/system/subsystems/cmsController/cmsController.php(49): singleton::getInstance('cmsController')
#4 /var/www/clients/client0/web1/web/libs/root-src/index.php(71): cmsController::getInstance()
#5 /var/www/clients/client0/web1/web/index.php(7): require('/var/www/client...')
#6 {main}
