[_COOKIE]
	[PHPSESSID]
	(string) 20in5u758h96bb1piug94rnqh6

	[stat_id]
	(string) 20in5u758h96bb1piug94rnqh6

	[fprice]
	(string) 100|200

	[ftgk]
	(string) 15|20

	[acstate_active]
	(string) 0

	[acstate_opened]
	(string) 1|2|3|4|0

	[fcats]
	(string) inside


[_SESSION]
	[starttime]
	(integer) 1343185970

	[http_target]
	(string) /producers/pyramid_seeds/auto_lennon/

	[user_id]
	(string) 298

	[is_admin]
	(array) ['']

	[_umi_opaf_disabled_html]
	(integer) 0


[_GET]
	[path]
	(string) producers/pyramid_seeds/auto_lennon/


[Request headers]
	[Host]
	(string) semena-kanabisa.ru

	[Connection]
	(string) keep-alive

	[User-Agent]
	(string) Mozilla/5.0 (Windows NT 5.1) AppleWebKit/536.11 (KHTML, like Gecko) Chrome/20.0.1132.57 Safari/536.11

	[Accept]
	(string) text/html,application/xhtml+xml,application/xml;q=0.9,*/*;q=0.8

	[Referer]
	(string) http://semena-kanabisa.ru/

	[Accept-Encoding]
	(string) gzip,deflate,sdch

	[Accept-Language]
	(string) ru-RU,ru;q=0.8,en-US;q=0.6,en;q=0.4

	[Accept-Charset]
	(string) windows-1251,utf-8;q=0.7,*;q=0.3

	[Cookie]
	(string) PHPSESSID=20in5u758h96bb1piug94rnqh6; stat_id=20in5u758h96bb1piug94rnqh6; fprice=100%7C200; ftgk=15%7C20; acstate_active=0; acstate_opened=1%7C2%7C3%7C4%7C0; fcats=inside


[Response headers]
	[X-Powered-By]
	(string) PHP/5.3.6-13ubuntu3.6

	[Expires]
	(string) Thu, 19 Nov 1981 08:52:00 GMT

	[Cache-Control]
	(string) no-store, no-cache, must-revalidate, post-check=0, pre-check=0

	[Pragma]
	(string) no-cache

	[Status]
	(string) 500 Internal Server Error


[0.4877770]	<p>Произошла критическая ошибка. Скорее всего, потребуется участие разработчиков.  Подробности по ссылке <a title="" target="_blank" href="http://errors.umi-cms.ru/17000/">17000</a></p>
[0.8453610]	#0 /var/www/clients/client0/web1/web/libs/lib.php(111): mysqlConnection-&gt;query('SELECT  `id`, `...', false)
#1 /var/www/clients/client0/web1/web/classes/system/subsystems/models/hierarchy/umiHierarchyTypesCollection.php(120): l_mysql_query('SELECT  `id`, `...')
#2 /var/www/clients/client0/web1/web/classes/system/subsystems/models/hierarchy/umiHierarchyTypesCollection.php(9): umiHierarchyTypesCollection-&gt;loadTypes()
#3 /var/www/clients/client0/web1/web/classes/system/patterns/singletone.php(21): umiHierarchyTypesCollection-&gt;__construct()
#4 /var/www/clients/client0/web1/web/classes/system/subsystems/models/hierarchy/umiHierarchyTypesCollection.php(17): singleton::getInstance('umiHierarchyTyp...')
#5 /var/www/clients/client0/web1/web/classes/system/subsystems/cmsController/cmsController.php(1143): umiHierarchyTypesCollection::getInstance()
#6 /var/www/clients/client0/web1/web/libs/root-src/index.php(73): cmsController-&gt;analyzePath()
#7 /var/www/clients/client0/web1/web/index.php(7): require('/var/www/client...')
#8 {main}
