[_COOKIE]
	[stat_id]
	(string) un76tioa7senv1qduv6prt1c23


[_SESSION]
	[starttime]
	(integer) 1343185889

	[http_referer]
	(string) http://vk.com/id165763259

	[http_target]
	(string) /producers/paradise_seeds/auto_whiteberry/


[_GET]
	[path]
	(string) producers/paradise_seeds/auto_whiteberry/


[Request headers]
	[User-Agent]
	(string) Opera/9.80 (Windows NT 5.1; U; ru) Presto/2.10.289 Version/12.00

	[Host]
	(string) semena-kanabisa.ru

	[Accept]
	(string) text/html, application/xml;q=0.9, application/xhtml+xml, image/png, image/webp, image/jpeg, image/gif, image/x-xbitmap, */*;q=0.1

	[Accept-Language]
	(string) ru-RU,ru;q=0.9,en;q=0.8

	[Accept-Encoding]
	(string) gzip, deflate

	[Referer]
	(string) http://vk.com/id165763259

	[Cookie]
	(string) stat_id=un76tioa7senv1qduv6prt1c23

	[Connection]
	(string) Keep-Alive


[Response headers]
	[X-Powered-By]
	(string) PHP/5.3.6-13ubuntu3.6

	[Set-Cookie]
	(string) PHPSESSID=15nekkjolsn6uo5npk2jucp3c4; path=/

	[Expires]
	(string) Thu, 19 Nov 1981 08:52:00 GMT

	[Cache-Control]
	(string) no-store, no-cache, must-revalidate, post-check=0, pre-check=0

	[Pragma]
	(string) no-cache

	[Status]
	(string) 500 Internal Server Error


[3.5381391]	<p>Произошла критическая ошибка. Скорее всего, потребуется участие разработчиков.  Подробности по ссылке <a title="" target="_blank" href="http://errors.umi-cms.ru/17000/">17000</a></p>
[3.9878411]	#0 /var/www/clients/client0/web1/web/libs/lib.php(111): mysqlConnection-&gt;query('SELECT `id` FRO...', false)
#1 /var/www/clients/client0/web1/web/classes/system/subsystems/models/data/umiObjectsCollection.php(114): l_mysql_query('SELECT `id` FRO...')
#2 /var/www/clients/client0/web1/web/classes/modules/users/class.php(11): umiObjectsCollection-&gt;getObjectIdByGUID('users-users-15')
#3 /var/www/clients/client0/web1/web/classes/system/subsystems/cmsController/cmsController.php(66): users-&gt;__construct()
#4 /var/www/clients/client0/web1/web/classes/system/subsystems/cmsController/cmsController.php(92): cmsController-&gt;loadModule('users')
#5 /var/www/clients/client0/web1/web/classes/system/subsystems/models/permissions/permissionsCollection.php(32): cmsController-&gt;getModule('users')
#6 /var/www/clients/client0/web1/web/classes/system/patterns/singletone.php(21): permissionsCollection-&gt;__construct()
#7 /var/www/clients/client0/web1/web/classes/system/subsystems/models/permissions/permissionsCollection.php(53): singleton::getInstance('permissionsColl...')
#8 /var/www/clients/client0/web1/web/classes/system/subsystems/models/hierarchy/umiHierarchy.php(1280): permissionsCollection::getInstance()
#9 /var/www/clients/client0/web1/web/classes/system/subsystems/models/hierarchy/umiHierarchy.php(107): umiHierarchy-&gt;isAllowed('472')
#10 /var/www/clients/client0/web1/web/classes/system/subsystems/cmsController/cmsController.php(1113): umiHierarchy-&gt;getElement('472')
#11 /var/www/clients/client0/web1/web/libs/root-src/index.php(73): cmsController-&gt;analyzePath()
#12 /var/www/clients/client0/web1/web/index.php(7): require('/var/www/client...')
#13 {main}
