[_COOKIE]
	[stat_id]
	(string) re2hgep9dpqcevem2b9tn69bg7


[_SESSION]
	[starttime]
	(integer) 1339044123

	[http_referer]
	(NULL) 

	[http_target]
	(string) /


[_GET]
	[path]
	(string) 


[Request headers]
	[User-Agent]
	(string) Opera/9.80 (Windows NT 6.1; WOW64; U; Edition Rambler; ru) Presto/2.10.229 Version/11.64

	[Host]
	(string) semena-kanabisa.ru

	[Accept]
	(string) text/html, application/xml;q=0.9, application/xhtml+xml, image/png, image/webp, image/jpeg, image/gif, image/x-xbitmap, */*;q=0.1

	[Accept-Language]
	(string) ru-RU,ru;q=0.9,en;q=0.8

	[Accept-Encoding]
	(string) gzip, deflate

	[Cookie]
	(string) stat_id=re2hgep9dpqcevem2b9tn69bg7

	[Connection]
	(string) Keep-Alive


[Response headers]
	[X-Powered-By]
	(string) PHP/5.3.6-13ubuntu3.6

	[Set-Cookie]
	(string) PHPSESSID=ohcd06sjfjlq53rg0fboasu6d7; path=/

	[Expires]
	(string) Thu, 19 Nov 1981 08:52:00 GMT

	[Cache-Control]
	(string) no-store, no-cache, must-revalidate, post-check=0, pre-check=0

	[Pragma]
	(string) no-cache

	[Status]
	(string) 500 Internal Server Error


[0.0263031]	<p>Произошла критическая ошибка. Скорее всего, потребуется участие разработчиков.  Подробности по ссылке <a title="" target="_blank" href="http://errors.umi-cms.ru/17000/">17000</a></p>
[0.4580910]	#0 /var/www/clients/client0/web1/web/libs/lib.php(111): mysqlConnection-&gt;query('SELECT id, pref...', false)
#1 /var/www/clients/client0/web1/web/classes/system/subsystems/models/hierarchy/langsCollection.php(34): l_mysql_query('SELECT id, pref...')
#2 /var/www/clients/client0/web1/web/classes/system/subsystems/models/hierarchy/langsCollection.php(14): langsCollection-&gt;loadLangs()
#3 /var/www/clients/client0/web1/web/classes/system/patterns/singletone.php(21): langsCollection-&gt;__construct()
#4 /var/www/clients/client0/web1/web/classes/system/subsystems/models/hierarchy/langsCollection.php(22): singleton::getInstance('langsCollection')
#5 /var/www/clients/client0/web1/web/classes/system/subsystems/cmsController/cmsController.php(779): langsCollection::getInstance()
#6 /var/www/clients/client0/web1/web/classes/system/subsystems/cmsController/cmsController.php(683): cmsController-&gt;detectLang()
#7 /var/www/clients/client0/web1/web/classes/system/subsystems/cmsController/cmsController.php(40): cmsController-&gt;init()
#8 /var/www/clients/client0/web1/web/classes/system/patterns/singletone.php(21): cmsController-&gt;__construct()
#9 /var/www/clients/client0/web1/web/classes/system/subsystems/cmsController/cmsController.php(49): singleton::getInstance('cmsController')
#10 /var/www/clients/client0/web1/web/libs/root-src/index.php(71): cmsController::getInstance()
#11 /var/www/clients/client0/web1/web/index.php(7): require('/var/www/client...')
#12 {main}
