[_COOKIE]
	[stat_id]
	(string) t1d4inu5nj24srnkjlqre1gbg6

	[customer-id]
	(string) 11782

	[PHPSESSID]
	(string) jv1dre7mtkuj9uf56rrdammrm6

	[acstate_active]
	(string) 0

	[acstate_opened]
	(string) 0|1|4

	[fcats]
	(string) inside

	[ftypes]
	(string) sissified

	[fproducers]
	(string) 16


[_SESSION]
	[starttime]
	(integer) 1337825047

	[http_referer]
	(NULL) 

	[http_target]
	(string) /?from=olk

	[user_id]
	(string) 298

	[is_admin]
	(array) ['']

	[_umi_opaf_disabled_html]
	(integer) 0


[_GET]
	[path]
	(string) 

	[from]
	(string) olk


[Request headers]
	[Host]
	(string) semena-kanabisa.ru

	[User-Agent]
	(string) Mozilla/5.0 (Windows NT 6.1; rv:12.0) Gecko/20100101 Firefox/12.0

	[Accept]
	(string) text/html,application/xhtml+xml,application/xml;q=0.9,*/*;q=0.8

	[Accept-Language]
	(string) ru-ru,ru;q=0.8,en-us;q=0.5,en;q=0.3

	[Accept-Encoding]
	(string) gzip, deflate

	[Connection]
	(string) keep-alive

	[Cookie]
	(string) stat_id=t1d4inu5nj24srnkjlqre1gbg6; customer-id=11782; PHPSESSID=jv1dre7mtkuj9uf56rrdammrm6; acstate_active=0; acstate_opened=0%7C1%7C4; fcats=inside; ftypes=sissified; fproducers=16


[Response headers]
	[X-Powered-By]
	(string) PHP/5.3.6-13ubuntu3.6

	[Expires]
	(string) Thu, 19 Nov 1981 08:52:00 GMT

	[Cache-Control]
	(string) no-store, no-cache, must-revalidate, post-check=0, pre-check=0

	[Pragma]
	(string) no-cache

	[Status]
	(string) 500 Internal Server Error


[19.2782650]	<p>Произошла критическая ошибка. Скорее всего, потребуется участие разработчиков.  Подробности по ссылке <a title="" target="_blank" href="http://errors.umi-cms.ru/17000/">17000</a></p>
[19.3364191]	#0 /var/www/clients/client0/web1/web/libs/lib.php(111): mysqlConnection-&gt;query('SELECT  id FROM...', false)
#1 /var/www/clients/client0/web1/web/classes/system/subsystems/models/data/umiObjectTypesCollection.php(428): l_mysql_query('SELECT  id FROM...')
#2 /var/www/clients/client0/web1/web/classes/system/subsystems/models/data/umiObjectTypesCollection.php(484): umiObjectTypesCollection-&gt;getTypeByHierarchyTypeId(53)
#3 /var/www/clients/client0/web1/web/classes/modules/emarket/classes/customer/customer.php(167): umiObjectTypesCollection-&gt;getBaseType('emarket', 'customer')
#4 /var/www/clients/client0/web1/web/classes/modules/emarket/classes/customer/customer.php(144): customer::createGuestCustomer()
#5 /var/www/clients/client0/web1/web/classes/modules/emarket/classes/customer/customer.php(19): customer::getCustomerId()
#6 /var/www/clients/client0/web1/web/classes/modules/emarket/__purchasing.php(377): customer::get()
#7 /var/www/clients/client0/web1/web/classes/modules/emarket/__purchasing.php(274): __emarket_purchasing-&gt;getBasketOrder()
#8 /var/www/clients/client0/web1/web/classes/modules/def_module.php(63) : eval()'d code(1): __emarket_purchasing-&gt;cart()
#9 /var/www/clients/client0/web1/web/classes/modules/def_module.php(63): eval()
#10 [internal function]: def_module-&gt;__call('cart', Array)
#11 [internal function]: emarket-&gt;cart()
#12 /var/www/clients/client0/web1/web/classes/system/subsystems/streams/udata/udataStream.php(98): call_user_func_array(Array, Array)
#13 /var/www/clients/client0/web1/web/classes/system/subsystems/streams/udata/udataStream.php(15): udataStream-&gt;executeMacros(Array)
#14 [internal function]: udataStream-&gt;stream_open('udata://emarket...', 'rb', 4, NULL)
#15 /var/www/clients/client0/web1/web/classes/system/subsystems/umiTemplaters/types/umiTemplaterXSLT.php(45): XSLTProcessor-&gt;transformToXml(Object(DOMDocument))
#16 /var/www/clients/client0/web1/web/libs/root-src/index.php(134): umiTemplaterXSLT-&gt;parse(Array, 'file:///var/www...')
#17 /var/www/clients/client0/web1/web/index.php(7): require('/var/www/client...')
#18 {main}
