[_COOKIE]
	[umi_captcha]
	(string) d0ac1ed0c5cb9ecbca3d2496ec1ad984

	[user_captcha]
	(string) 4225

	[acstate_active]
	(string) false

	[acstate_opened]
	(string) 0|1|2

	[eip-panel-state]
	(string) 

	[stat_id]
	(string) lcchis7plmrlhlo2stql4ur6j5

	[PHPSESSID]
	(string) bno41qn7b47ts51f1009p9l5b0

	[umicms_session]
	(string) d82a669aaf8b18c81fc14b8b49574d62

	[ilang]
	(string) ru

	[_ym_visorc]
	(string) w


[_SESSION]
	[starttime]
	(integer) 1336048532

	[http_target]
	(string) /

	[user_id]
	(integer) 4234

	[is_admin]
	(array) ['', '']

	[_umi_opaf_disabled_html]
	(integer) 0

	[old_logged_in_value]
	(boolean) 1

	[stat]
	(array) ['', 'lcchis7plmrlhlo2stql4ur6j5', '11408', '18020', '1', '1', '1', '1', '1', '9103']

	[e76fcad4b37585e78574f7b026a2a13d]
	(array) ['['content', 'content', '1']']

	[http_referer]
	(NULL) 

	[cms_login]
	(string) bosya

	[cms_pass]
	(string) ce922d89a6c244fb0c5aff66bc46e9be


[_GET]
	[path]
	(string) users/restore/6d8dedda4871348af3a1febcc5ce5a83/


[Request headers]
	[Host]
	(string) semena-kanabisa.ru

	[Connection]
	(string) keep-alive

	[User-Agent]
	(string) Mozilla/5.0 (Windows NT 6.1; WOW64) AppleWebKit/535.19 (KHTML, like Gecko) Chrome/18.0.1025.168 Safari/535.19

	[Accept]
	(string) text/html,application/xhtml+xml,application/xml;q=0.9,*/*;q=0.8

	[Accept-Encoding]
	(string) gzip,deflate,sdch

	[Accept-Language]
	(string) ru-RU,ru;q=0.8,en-US;q=0.6,en;q=0.4

	[Accept-Charset]
	(string) windows-1251,utf-8;q=0.7,*;q=0.3

	[Cookie]
	(string) umi_captcha=d0ac1ed0c5cb9ecbca3d2496ec1ad984; user_captcha=4225; acstate_active=false; acstate_opened=0%7C1%7C2; eip-panel-state=; stat_id=lcchis7plmrlhlo2stql4ur6j5; PHPSESSID=bno41qn7b47ts51f1009p9l5b0; umicms_session=d82a669aaf8b18c81fc14b8b49574d62; ilang=ru; _ym_visorc=w


[Response headers]
	[X-Powered-By]
	(string) PHP/5.3.6-13ubuntu3.6

	[Expires]
	(string) Thu, 19 Nov 1981 08:52:00 GMT

	[Cache-Control]
	(string) no-store, no-cache, must-revalidate, post-check=0, pre-check=0

	[Pragma]
	(string) no-cache

	[Status]
	(string) 500 Internal Server Error


[0.0001669]	Not found template &quot;/forget/6d8dedda4871348af3a1febcc5ce5a83&quot;.
[0.0002098]	#0 /var/www/clients/client0/web1/web/classes/system/subsystems/umiTemplaters/types/umiTemplaterXSLT.php(15): umiTemplaterXSLT-&gt;prepareXSL('/forget/6d8dedd...')
#1 /var/www/clients/client0/web1/web/classes/modules/def_module.php(515): umiTemplaterXSLT-&gt;parse(Array)
#2 /var/www/clients/client0/web1/web/classes/modules/users/__forget.php(166): def_module::parseTemplateForMail('file://users/fo...', Array, false, 4234)
#3 /var/www/clients/client0/web1/web/classes/modules/def_module.php(63) : eval()'d code(1): __forget_users-&gt;restore('6d8dedda4871348...')
#4 /var/www/clients/client0/web1/web/classes/modules/def_module.php(63): eval()
#5 /var/www/clients/client0/web1/web/classes/modules/users/class.php(25): def_module-&gt;__call('restore', Array)
#6 [internal function]: users-&gt;__call('restore', Array)
#7 [internal function]: users-&gt;restore('6d8dedda4871348...')
#8 /var/www/clients/client0/web1/web/classes/system/subsystems/streams/udata/udataStream.php(98): call_user_func_array(Array, Array)
#9 /var/www/clients/client0/web1/web/classes/system/subsystems/streams/udata/udataStream.php(15): udataStream-&gt;executeMacros(Array)
#10 [internal function]: udataStream-&gt;stream_open('udata://users/r...', 'rb', 4, NULL)
#11 /var/www/clients/client0/web1/web/classes/system/subsystems/cmsController/cmsController.php(630): file_get_contents('udata://users/r...')
#12 /var/www/clients/client0/web1/web/classes/system/subsystems/cmsController/cmsController.php(614): cmsController-&gt;executeStream('udata://users/r...')
#13 /var/www/clients/client0/web1/web/classes/system/subsystems/cmsController/cmsController.php(312): cmsController-&gt;prepareClientSideGlobalVariablesForXSLT()
#14 /var/www/clients/client0/web1/web/libs/root-src/index.php(130): cmsController-&gt;getGlobalVariables()
#15 /var/www/clients/client0/web1/web/index.php(7): require('/var/www/client...')
#16 {main}
