[_COOKIE]
	[stat_id]
	(string) it60esba78dgs78j4o5hjc4813

	[PHPSESSID]
	(string) tfp49jpfsj9t7em253ot796bu4

	[acstate_active]
	(string) false

	[acstate_opened]
	(string) -1

	[umi_captcha]
	(string) 3e77a14629775492504515dc4b23deda


[_SESSION]
	[starttime]
	(integer) 1343186732

	[http_target]
	(string) /producers/dutch_passion/?p=3


[_GET]
	[path]
	(string) producers/dutch_passion/

	[p]
	(string) 3


[Request headers]
	[Host]
	(string) semena-kanabisa.ru

	[User-Agent]
	(string) Mozilla/5.0 (Windows; U; Windows NT 5.1; ru; rv:1.9.2.15) Gecko/20110303 Firefox/3.6.15

	[Accept]
	(string) text/html,application/xhtml+xml,application/xml;q=0.9,*/*;q=0.8

	[Accept-Language]
	(string) ru-ru,ru;q=0.8,en-us;q=0.5,en;q=0.3

	[Accept-Encoding]
	(string) gzip,deflate

	[Accept-Charset]
	(string) windows-1251,utf-8;q=0.7,*;q=0.7

	[Keep-Alive]
	(string) 115

	[Connection]
	(string) keep-alive

	[Referer]
	(string) http://semena-kanabisa.ru/producers/dutch_passion/?p=4

	[Cookie]
	(string) stat_id=it60esba78dgs78j4o5hjc4813; PHPSESSID=tfp49jpfsj9t7em253ot796bu4; acstate_active=false; acstate_opened=-1; umi_captcha=3e77a14629775492504515dc4b23deda


[Response headers]
	[X-Powered-By]
	(string) PHP/5.3.6-13ubuntu3.6

	[Expires]
	(string) Thu, 19 Nov 1981 08:52:00 GMT

	[Cache-Control]
	(string) no-store, no-cache, must-revalidate, post-check=0, pre-check=0

	[Pragma]
	(string) no-cache

	[Status]
	(string) 500 Internal Server Error


[1.0700750]	Default domain could not be found
[1.4168651]	#0 /var/www/clients/client0/web1/web/classes/system/subsystems/cmsController/cmsController.php(681): cmsController-&gt;detectDomain()
#1 /var/www/clients/client0/web1/web/classes/system/subsystems/cmsController/cmsController.php(40): cmsController-&gt;init()
#2 /var/www/clients/client0/web1/web/classes/system/patterns/singletone.php(21): cmsController-&gt;__construct()
#3 /var/www/clients/client0/web1/web/classes/system/subsystems/cmsController/cmsController.php(49): singleton::getInstance('cmsController')
#4 /var/www/clients/client0/web1/web/libs/root-src/index.php(71): cmsController::getInstance()
#5 /var/www/clients/client0/web1/web/index.php(7): require('/var/www/client...')
#6 {main}
