[_COOKIE]
	[stat_id]
	(string) dulc7gljdfdksqdu4aqits1ad3

	[customer-id]
	(string) 24846

	[PHPSESSID]
	(string) 8r6316bj3soqm2vf982hh9f0v6


[_SESSION]
	[starttime]
	(integer) 1343165480

	[http_referer]
	(NULL) 

	[http_target]
	(string) /?from=olk

	[user_id]
	(string) 298

	[is_admin]
	(array) ['']

	[_umi_opaf_disabled_html]
	(integer) 0


[_GET]
	[path]
	(string) producers/dutch_passion/orange_bud/


[Request headers]
	[Host]
	(string) semena-kanabisa.ru

	[User-Agent]
	(string) Mozilla/5.0 (Windows; U; Windows NT 6.1; ru; rv:1.9.2.25) Gecko/20111212 MRA 5.7 (build 03686) Firefox/3.6.25

	[Accept]
	(string) text/html,application/xhtml+xml,application/xml;q=0.9,*/*;q=0.8

	[Accept-Language]
	(string) ru-ru,ru;q=0.8,en-us;q=0.5,en;q=0.3

	[Accept-Encoding]
	(string) gzip,deflate

	[Accept-Charset]
	(string) windows-1251,utf-8;q=0.7,*;q=0.7

	[Keep-Alive]
	(string) 115

	[Connection]
	(string) keep-alive

	[Referer]
	(string) http://semena-kanabisa.ru/?from=olk

	[Cookie]
	(string) stat_id=dulc7gljdfdksqdu4aqits1ad3; customer-id=24846; PHPSESSID=8r6316bj3soqm2vf982hh9f0v6


[Response headers]
	[X-Powered-By]
	(string) PHP/5.3.6-13ubuntu3.6

	[Expires]
	(string) Thu, 19 Nov 1981 08:52:00 GMT

	[Cache-Control]
	(string) no-store, no-cache, must-revalidate, post-check=0, pre-check=0

	[Pragma]
	(string) no-cache

	[Set-Cookie]
	(string) customer-id=24846; expires=Fri, 24-Aug-2012 22:27:34 GMT; path=/

	[Status]
	(string) 500 Internal Server Error


[21.4829540]	<p>Произошла критическая ошибка. Скорее всего, потребуется участие разработчиков.  Подробности по ссылке <a title="" target="_blank" href="http://errors.umi-cms.ru/17000/">17000</a></p>
[22.2578261]	#0 /var/www/clients/client0/web1/web/libs/lib.php(111): mysqlConnection-&gt;query('SELECT id FROM ...', false)
#1 /var/www/clients/client0/web1/web/classes/system/subsystems/models/hierarchy/umiHierarchy.php(1113): l_mysql_query('SELECT id FROM ...')
#2 /var/www/clients/client0/web1/web/classes/system/subsystems/models/selection/umiSelection.php(420): umiHierarchy-&gt;getDefaultElementId()
#3 /var/www/clients/client0/web1/web/classes/modules/catalog/class.php(163): umiSelection-&gt;addHierarchyFilter(47, 0)
#4 [internal function]: catalog-&gt;getObjectsList('0', '47')
#5 /var/www/clients/client0/web1/web/classes/system/subsystems/streams/udata/udataStream.php(98): call_user_func_array(Array, Array)
#6 /var/www/clients/client0/web1/web/classes/system/subsystems/streams/udata/udataStream.php(15): udataStream-&gt;executeMacros(Array)
#7 [internal function]: udataStream-&gt;stream_open('udata://catalog...', 'rb', 4, NULL)
#8 /var/www/clients/client0/web1/web/classes/system/subsystems/umiTemplaters/types/umiTemplaterXSLT.php(45): XSLTProcessor-&gt;transformToXml(Object(DOMDocument))
#9 /var/www/clients/client0/web1/web/libs/root-src/index.php(134): umiTemplaterXSLT-&gt;parse(Array, 'file:///var/www...')
#10 /var/www/clients/client0/web1/web/index.php(7): require('/var/www/client...')
#11 {main}
