[_COOKIE]
	[PHPSESSID]
	(string) jvc4o59g6ol31odjrf7isk22h0

	[stat_id]
	(string) jvc4o59g6ol31odjrf7isk22h0

	[_ym_visorc]
	(string) w

	[customer-id]
	(string) 15312


[_SESSION]
	[starttime]
	(integer) 1338806876

	[http_referer]
	(string) http://e.mail.ru/cgi-bin/msglist?back=1

	[http_target]
	(string) /

	[user_id]
	(string) 298

	[is_admin]
	(array) ['']

	[_umi_opaf_disabled_html]
	(integer) 0

	[old_logged_in_value]
	(boolean) 

	[stat]
	(array) ['', 'jvc4o59g6ol31odjrf7isk22h0', '1', '23843', '38466', '10', '503', '503']

	[e76fcad4b37585e78574f7b026a2a13d]
	(array) ['['content', 'content', '1']']

	[13caab3cd544d156d45335d48c73b40a]
	(array) ['['catalog', 'object', '412']', '['catalog', 'object', '433']', '['catalog', 'object', '420']']

	[15404097aa032c7536e72030f31f429a]
	(array) ['['content', 'content', '14']']

	[003261e1c5b40af3dd897b8e06961540]
	(array) ['['content', 'content', '12']']

	[c8513fcdb5de73fae43a7417c04d9fe7]
	(array) ['['catalog', 'object', '45']', '['catalog', 'object', '105']']

	[4bf3d7aa7070e3e3ba0a1ea660ef814b]
	(array) ['['content', 'content', '268']']

	[emarket]
	(array) ['['0', '0']']

	[f3ed7e21a51ea57541a9dbbeae86cfb5]
	(array) ['['content', 'content', '269']']


[_GET]
	[path]
	(string) users/restore/e15b8ba2ef224955300254c303137720/


[Request headers]
	[Host]
	(string) semena-kanabisa.ru

	[User-Agent]
	(string) Mozilla/5.0 (Windows; U; Windows NT 5.1; ru; rv:1.9.1.1) Gecko/20090715 Firefox/3.5.1

	[Accept]
	(string) text/html,application/xhtml+xml,application/xml;q=0.9,*/*;q=0.8

	[Accept-Language]
	(string) ru,en-us;q=0.7,en;q=0.3

	[Accept-Encoding]
	(string) gzip,deflate

	[Accept-Charset]
	(string) windows-1251,utf-8;q=0.7,*;q=0.7

	[Keep-Alive]
	(string) 300

	[Connection]
	(string) keep-alive

	[Referer]
	(string) http://e.mail.ru/cgi-bin/msglist?back=1

	[Cookie]
	(string) PHPSESSID=jvc4o59g6ol31odjrf7isk22h0; stat_id=jvc4o59g6ol31odjrf7isk22h0; _ym_visorc=w; customer-id=15312


[Response headers]
	[X-Powered-By]
	(string) PHP/5.3.6-13ubuntu3.6

	[Expires]
	(string) Thu, 19 Nov 1981 08:52:00 GMT

	[Cache-Control]
	(string) no-store, no-cache, must-revalidate, post-check=0, pre-check=0

	[Pragma]
	(string) no-cache

	[Status]
	(string) 500 Internal Server Error


[0.0010149]	Not found template &quot;/forget/e15b8ba2ef224955300254c303137720&quot;.
[0.0018039]	#0 /var/www/clients/client0/web1/web/classes/system/subsystems/umiTemplaters/types/umiTemplaterXSLT.php(15): umiTemplaterXSLT-&gt;prepareXSL('/forget/e15b8ba...')
#1 /var/www/clients/client0/web1/web/classes/modules/def_module.php(515): umiTemplaterXSLT-&gt;parse(Array)
#2 /var/www/clients/client0/web1/web/classes/modules/users/__forget.php(166): def_module::parseTemplateForMail('file://users/fo...', Array, false, 4404)
#3 /var/www/clients/client0/web1/web/classes/modules/def_module.php(63) : eval()'d code(1): __forget_users-&gt;restore('e15b8ba2ef22495...')
#4 /var/www/clients/client0/web1/web/classes/modules/def_module.php(63): eval()
#5 /var/www/clients/client0/web1/web/classes/modules/users/class.php(25): def_module-&gt;__call('restore', Array)
#6 [internal function]: users-&gt;__call('restore', Array)
#7 [internal function]: users-&gt;restore('e15b8ba2ef22495...')
#8 /var/www/clients/client0/web1/web/classes/system/subsystems/streams/udata/udataStream.php(98): call_user_func_array(Array, Array)
#9 /var/www/clients/client0/web1/web/classes/system/subsystems/streams/udata/udataStream.php(15): udataStream-&gt;executeMacros(Array)
#10 [internal function]: udataStream-&gt;stream_open('udata://users/r...', 'rb', 4, NULL)
#11 /var/www/clients/client0/web1/web/classes/system/subsystems/cmsController/cmsController.php(630): file_get_contents('udata://users/r...')
#12 /var/www/clients/client0/web1/web/classes/system/subsystems/cmsController/cmsController.php(614): cmsController-&gt;executeStream('udata://users/r...')
#13 /var/www/clients/client0/web1/web/classes/system/subsystems/cmsController/cmsController.php(312): cmsController-&gt;prepareClientSideGlobalVariablesForXSLT()
#14 /var/www/clients/client0/web1/web/libs/root-src/index.php(130): cmsController-&gt;getGlobalVariables()
#15 /var/www/clients/client0/web1/web/index.php(7): require('/var/www/client...')
#16 {main}
