[_COOKIE]
	[stat_id]
	(string) coj1qk2cp0nqe3n5uvjf2cfhu5


[_SESSION]
	[starttime]
	(integer) 1337827396

	[http_referer]
	(string) http://dzagiseeds.ru/

	[http_target]
	(string) /


[_GET]
	[path]
	(string) 


[Request headers]
	[Host]
	(string) semena-kanabisa.ru

	[User-Agent]
	(string) Mozilla/5.0 (X11; Ubuntu; Linux i686; rv:12.0) Gecko/20100101 Firefox/12.0

	[Accept]
	(string) text/html,application/xhtml+xml,application/xml;q=0.9,*/*;q=0.8

	[Accept-Language]
	(string) en-us,en;q=0.5

	[Accept-Encoding]
	(string) gzip, deflate

	[Connection]
	(string) keep-alive

	[Referer]
	(string) http://dzagiseeds.ru/

	[Cookie]
	(string) stat_id=coj1qk2cp0nqe3n5uvjf2cfhu5


[Response headers]
	[X-Powered-By]
	(string) PHP/5.3.6-13ubuntu3.6

	[Set-Cookie]
	(string) PHPSESSID=lh7fqm6b4oht767fb1vkafmka6; path=/

	[Expires]
	(string) Thu, 19 Nov 1981 08:52:00 GMT

	[Cache-Control]
	(string) no-store, no-cache, must-revalidate, post-check=0, pre-check=0

	[Pragma]
	(string) no-cache

	[Status]
	(string) 500 Internal Server Error


[0.2151599]	<p>Произошла критическая ошибка. Скорее всего, потребуется участие разработчиков.  Подробности по ссылке <a title="" target="_blank" href="http://errors.umi-cms.ru/17000/">17000</a></p>
[0.7892599]	#0 /var/www/clients/client0/web1/web/libs/lib.php(111): mysqlConnection-&gt;query('SELECT id, pref...', false)
#1 /var/www/clients/client0/web1/web/classes/system/subsystems/models/hierarchy/langsCollection.php(34): l_mysql_query('SELECT id, pref...')
#2 /var/www/clients/client0/web1/web/classes/system/subsystems/models/hierarchy/langsCollection.php(14): langsCollection-&gt;loadLangs()
#3 /var/www/clients/client0/web1/web/classes/system/patterns/singletone.php(21): langsCollection-&gt;__construct()
#4 /var/www/clients/client0/web1/web/classes/system/subsystems/models/hierarchy/langsCollection.php(22): singleton::getInstance('langsCollection')
#5 /var/www/clients/client0/web1/web/classes/system/subsystems/cmsController/cmsController.php(779): langsCollection::getInstance()
#6 /var/www/clients/client0/web1/web/classes/system/subsystems/cmsController/cmsController.php(683): cmsController-&gt;detectLang()
#7 /var/www/clients/client0/web1/web/classes/system/subsystems/cmsController/cmsController.php(40): cmsController-&gt;init()
#8 /var/www/clients/client0/web1/web/classes/system/patterns/singletone.php(21): cmsController-&gt;__construct()
#9 /var/www/clients/client0/web1/web/classes/system/subsystems/cmsController/cmsController.php(49): singleton::getInstance('cmsController')
#10 /var/www/clients/client0/web1/web/libs/root-src/index.php(71): cmsController::getInstance()
#11 /var/www/clients/client0/web1/web/index.php(7): require('/var/www/client...')
#12 {main}
