[_SESSION]
	[starttime]
	(integer) 1343184646

	[user_id]
	(string) 298

	[is_admin]
	(array) ['']

	[_umi_opaf_disabled_html]
	(integer) 0


[_GET]
	[path]
	(string) 


[Request headers]
	[Cache-Control]
	(string) no-cache

	[Connection]
	(string) Keep-Alive

	[Pragma]
	(string) no-cache

	[Accept]
	(string) */*

	[Accept-Encoding]
	(string) 

	[From]
	(string) bingbot(at)microsoft.com

	[Host]
	(string) semena-kanabisa.ru

	[User-Agent]
	(string) Mozilla/5.0 (compatible; bingbot/2.0; +http://www.bing.com/bingbot.htm)


[Response headers]
	[X-Powered-By]
	(string) PHP/5.3.6-13ubuntu3.6

	[Set-Cookie]
	(string) PHPSESSID=2h3o5af3bdg9pdh6lqurn0l3b0; path=/

	[Expires]
	(string) Thu, 19 Nov 1981 08:52:00 GMT

	[Cache-Control]
	(string) no-store, no-cache, must-revalidate, post-check=0, pre-check=0

	[Pragma]
	(string) no-cache

	[Status]
	(string) 500 Internal Server Error


[0.8272300]	<p>Произошла критическая ошибка. Скорее всего, потребуется участие разработчиков.  Подробности по ссылке <a title="" target="_blank" href="http://errors.umi-cms.ru/17000/">17000</a></p>
[1.1846659]	#0 /var/www/clients/client0/web1/web/libs/lib.php(111): mysqlConnection-&gt;query('SELECT id, alt_...', false)
#1 /var/www/clients/client0/web1/web/classes/system/subsystems/models/hierarchy/umiHierarchy.php(823): l_mysql_query('SELECT id, alt_...')
#2 /var/www/clients/client0/web1/web/classes/system/subsystems/models/hierarchy/umiHierarchyElement.php(894): umiHierarchy-&gt;getPathById(436)
#3 /var/www/clients/client0/web1/web/libs/root-src/sbots.php(18): umiHierarchyElement-&gt;__get('link')
#4 /var/www/clients/client0/web1/web/sbots.php(3): require('/var/www/client...')
#5 {main}
