[_SESSION]
	[starttime]
	(integer) 1343169258

	[http_referer]
	(string) http://yandex.ru/yandsearch?text=%D0%B3%D0%B4%D0%B5+%D0%B2+%D0%BC%D0%BE%D1%81%D0%BA%D0%B2%D0%B5+%D0%BA%D1%83%D0%BF%D0%B8%D1%82%D1%8C+%D1%81%D0%B5%D0%BC%D0%B5%D0%BD%D0%B0+%D0%BA%D0%BE%D0%BD%D0%BE%D0%BF%D0%BB%D0%B8&lr=213

	[http_target]
	(string) /

	[user_id]
	(string) 298

	[is_admin]
	(array) ['']

	[_umi_opaf_disabled_html]
	(integer) 0


[_GET]
	[path]
	(string) 


[Request headers]
	[Accept]
	(string) */*

	[Referer]
	(string) http://yandex.ru/yandsearch?text=%D0%B3%D0%B4%D0%B5+%D0%B2+%D0%BC%D0%BE%D1%81%D0%BA%D0%B2%D0%B5+%D0%BA%D1%83%D0%BF%D0%B8%D1%82%D1%8C+%D1%81%D0%B5%D0%BC%D0%B5%D0%BD%D0%B0+%D0%BA%D0%BE%D0%BD%D0%BE%D0%BF%D0%BB%D0%B8&lr=213

	[Accept-Language]
	(string) ru-RU

	[User-Agent]
	(string) Mozilla/4.0 (compatible; MSIE 7.0; Windows NT 6.1; Trident/5.0; SLCC2; .NET CLR 2.0.50727; .NET CLR 3.5.30729; .NET CLR 3.0.30729; .NET4.0C)

	[X-McProxyFilter]
	(string) *************

	[Host]
	(string) semena-kanabisa.ru

	[Connection]
	(string) Keep-Alive


[Response headers]
	[X-Powered-By]
	(string) PHP/5.3.6-13ubuntu3.6

	[Set-Cookie]
	(string) PHPSESSID=bv3scj8bu019i684qbvidqtef1; path=/

	[Expires]
	(string) Thu, 19 Nov 1981 08:52:00 GMT

	[Cache-Control]
	(string) no-store, no-cache, must-revalidate, post-check=0, pre-check=0

	[Pragma]
	(string) no-cache

	[Status]
	(string) 500 Internal Server Error


[2.3356092]	<p>Произошла критическая ошибка. Скорее всего, потребуется участие разработчиков.  Подробности по ссылке <a title="" target="_blank" href="http://errors.umi-cms.ru/17000/">17000</a></p>
[26.1440201]	#0 /var/www/clients/client0/web1/web/libs/lib.php(111): mysqlConnection-&gt;query('SELECT rel_id F...', false)
#1 /var/www/clients/client0/web1/web/classes/system/subsystems/models/hierarchy/umiHierarchy.php(553): l_mysql_query('SELECT rel_id F...')
#2 /var/www/clients/client0/web1/web/classes/system/subsystems/models/hierarchy/umiHierarchy.php(801): umiHierarchy-&gt;getAllParents(224, false, false)
#3 /var/www/clients/client0/web1/web/classes/system/utils/translators/wrappers/umiHierarchyElementWrapper.php(20): umiHierarchy-&gt;getPathById(224)
#4 /var/www/clients/client0/web1/web/classes/system/utils/translators/wrappers/umiHierarchyElementWrapper.php(4): umiHierarchyElementWrapper-&gt;translateData(Object(umiHierarchyElement))
#5 /var/www/clients/client0/web1/web/classes/system/utils/translators/xmlTranslator.php(37): umiHierarchyElementWrapper-&gt;translate(Object(umiHierarchyElement))
#6 /var/www/clients/client0/web1/web/classes/system/utils/translators/xmlTranslator.php(126): xmlTranslator-&gt;chooseTranslator(Object(DOMElement), Object(umiHierarchyElement))
#7 /var/www/clients/client0/web1/web/classes/system/utils/translators/xmlTranslator.php(29): xmlTranslator-&gt;translateArray(Object(DOMElement), Array)
#8 /var/www/clients/client0/web1/web/classes/system/utils/translators/xmlTranslator.php(22): xmlTranslator-&gt;chooseTranslator(Object(DOMElement), Array)
#9 /var/www/clients/client0/web1/web/classes/system/subsystems/streams/umiBaseStream.php(201): xmlTranslator-&gt;translateToXml(Object(DOMElement), Array)
#10 /var/www/clients/client0/web1/web/classes/system/subsystems/streams/usel/uselStream.php(167): umiBaseStream-&gt;translateToXml(Array)
#11 /var/www/clients/client0/web1/web/classes/system/subsystems/streams/usel/uselStream.php(35): uselStream-&gt;translateToXml(Array)
#12 [internal function]: uselStream-&gt;stream_open('usel://usel_car...', 'rb', 4, NULL)
#13 /var/www/clients/client0/web1/web/classes/system/subsystems/umiTemplaters/types/umiTemplaterXSLT.php(45): XSLTProcessor-&gt;transformToXml(Object(DOMDocument))
#14 /var/www/clients/client0/web1/web/libs/root-src/index.php(134): umiTemplaterXSLT-&gt;parse(Array, 'file:///var/www...')
#15 /var/www/clients/client0/web1/web/index.php(7): require('/var/www/client...')
#16 {main}
