[_COOKIE]
	[stat_id]
	(string) g209jl9igufkjqmdm5jaa74j32

	[SS_ARE_Override_traceLevel]
	(string) WARN

	[user_captcha]
	(string) 5158

	[PHPSESSID]
	(string) m55sqiv1gq817fpj5fl67skm22

	[ftgk]
	(string) 20|100

	[acstate_active]
	(string) false

	[acstate_opened]
	(string) 2


[_SESSION]
	[starttime]
	(integer) 1337825048

	[http_target]
	(string) /producers/joint_doctor/lowryder_2/

	[user_id]
	(string) 298

	[is_admin]
	(array) ['']

	[_umi_opaf_disabled_html]
	(integer) 0


[_GET]
	[path]
	(string) producers/joint_doctor/lowryder_2/


[Request headers]
	[Host]
	(string) semena-kanabisa.ru

	[User-Agent]
	(string) Mozilla/5.0 (Windows NT 5.1; rv:12.0) Gecko/20100101 Firefox/12.0

	[Accept]
	(string) text/html,application/xhtml+xml,application/xml;q=0.9,*/*;q=0.8

	[Accept-Language]
	(string) ru

	[Accept-Encoding]
	(string) gzip, deflate

	[Connection]
	(string) keep-alive

	[Referer]
	(string) http://semena-kanabisa.ru/

	[Cookie]
	(string) stat_id=g209jl9igufkjqmdm5jaa74j32; SS_ARE_Override.traceLevel=WARN; user_captcha=5158; PHPSESSID=m55sqiv1gq817fpj5fl67skm22; ftgk=20%7C100; acstate_active=false; acstate_opened=2


[Response headers]
	[X-Powered-By]
	(string) PHP/5.3.6-13ubuntu3.6

	[Expires]
	(string) Thu, 19 Nov 1981 08:52:00 GMT

	[Cache-Control]
	(string) no-store, no-cache, must-revalidate, post-check=0, pre-check=0

	[Pragma]
	(string) no-cache

	[Status]
	(string) 500 Internal Server Error


[28.1516230]	<p>Произошла критическая ошибка. Скорее всего, потребуется участие разработчиков.  Подробности по ссылке <a title="" target="_blank" href="http://errors.umi-cms.ru/17000/">17000</a></p>
[29.5721300]	#0 /var/www/clients/client0/web1/web/libs/lib.php(111): mysqlConnection-&gt;query('SELECT BIT_OR(c...', false)
#1 /var/www/clients/client0/web1/web/classes/system/subsystems/models/permissions/permissionsCollection.php(245): l_mysql_query('SELECT BIT_OR(c...')
#2 /var/www/clients/client0/web1/web/classes/system/subsystems/models/hierarchy/umiHierarchy.php(1281): permissionsCollection-&gt;isAllowedObject('298', 2)
#3 /var/www/clients/client0/web1/web/classes/system/subsystems/models/hierarchy/umiHierarchy.php(107): umiHierarchy-&gt;isAllowed(2)
#4 /var/www/clients/client0/web1/web/classes/system/subsystems/streams/upage/upageStream.php(12): umiHierarchy-&gt;getElement(2)
#5 [internal function]: upageStream-&gt;stream_open('upage://2', 'rb', 4, NULL)
#6 /var/www/clients/client0/web1/web/classes/system/subsystems/umiTemplaters/types/umiTemplaterXSLT.php(45): XSLTProcessor-&gt;transformToXml(Object(DOMDocument))
#7 /var/www/clients/client0/web1/web/libs/root-src/index.php(134): umiTemplaterXSLT-&gt;parse(Array, 'file:///var/www...')
#8 /var/www/clients/client0/web1/web/index.php(7): require('/var/www/client...')
#9 {main}
