[_COOKIE]
	[stat_id]
	(string) g209jl9igufkjqmdm5jaa74j32

	[SS_ARE_Override_traceLevel]
	(string) WARN

	[user_captcha]
	(string) 5158

	[PHPSESSID]
	(string) m55sqiv1gq817fpj5fl67skm22

	[ftgk]
	(string) 20|100

	[acstate_active]
	(string) false

	[acstate_opened]
	(string) 2


[_SESSION]
	[starttime]
	(integer) 1337830669

	[http_target]
	(string) /producers/joint_doctor/lowryder_2/

	[user_id]
	(string) 298

	[is_admin]
	(array) ['']

	[_umi_opaf_disabled_html]
	(integer) 0

	[http_referer]
	(NULL) 


[_GET]
	[path]
	(string) producers/green_house_seeds/

	[order_filter]
	(array) ['1']

	[per_page]
	(string) 24


[Request headers]
	[Host]
	(string) semena-kanabisa.ru

	[User-Agent]
	(string) Mozilla/5.0 (Windows NT 5.1; rv:12.0) Gecko/20100101 Firefox/12.0

	[Accept]
	(string) text/html,application/xhtml+xml,application/xml;q=0.9,*/*;q=0.8

	[Accept-Language]
	(string) ru

	[Accept-Encoding]
	(string) gzip, deflate

	[Connection]
	(string) keep-alive

	[Cookie]
	(string) stat_id=g209jl9igufkjqmdm5jaa74j32; SS_ARE_Override.traceLevel=WARN; user_captcha=5158; PHPSESSID=m55sqiv1gq817fpj5fl67skm22; ftgk=20%7C100; acstate_active=false; acstate_opened=2


[Response headers]
	[X-Powered-By]
	(string) PHP/5.3.6-13ubuntu3.6

	[Expires]
	(string) Thu, 19 Nov 1981 08:52:00 GMT

	[Cache-Control]
	(string) no-store, no-cache, must-revalidate, post-check=0, pre-check=0

	[Pragma]
	(string) no-cache

	[Status]
	(string) 500 Internal Server Error


[0.3706911]	Default domain could not be found
[1.1511440]	#0 /var/www/clients/client0/web1/web/classes/system/subsystems/cmsController/cmsController.php(681): cmsController-&gt;detectDomain()
#1 /var/www/clients/client0/web1/web/classes/system/subsystems/cmsController/cmsController.php(40): cmsController-&gt;init()
#2 /var/www/clients/client0/web1/web/classes/system/patterns/singletone.php(21): cmsController-&gt;__construct()
#3 /var/www/clients/client0/web1/web/classes/system/subsystems/cmsController/cmsController.php(49): singleton::getInstance('cmsController')
#4 /var/www/clients/client0/web1/web/libs/root-src/index.php(71): cmsController::getInstance()
#5 /var/www/clients/client0/web1/web/index.php(7): require('/var/www/client...')
#6 {main}
