[_COOKIE]
	[stat_id]
	(string) 5fbba282ccpmsguhtskc7mche1

	[customer-id]
	(string) 16094

	[acstate_active]
	(string) false

	[acstate_opened]
	(string) -1

	[_ym_visorc]
	(string) w


[_SESSION]
	[starttime]
	(integer) 1339043601

	[http_target]
	(string) /producers/green_house_seeds/

	[user_id]
	(string) 298

	[is_admin]
	(array) ['']

	[_umi_opaf_disabled_html]
	(integer) 0


[_GET]
	[path]
	(string) producers/green_house_seeds/


[Request headers]
	[User-Agent]
	(string) Opera/9.80 (Windows NT 6.1; WOW64; U; MRA 5.9 (build 4876); ru) Presto/2.10.229 Version/11.64

	[Host]
	(string) semena-kanabisa.ru

	[Accept]
	(string) text/html, application/xml;q=0.9, application/xhtml+xml, image/png, image/webp, image/jpeg, image/gif, image/x-xbitmap, */*;q=0.1

	[Accept-Language]
	(string) ru-RU,ru;q=0.9,en;q=0.8

	[Accept-Encoding]
	(string) gzip, deflate

	[Referer]
	(string) http://semena-kanabisa.ru/order_forming/

	[Cookie]
	(string) stat_id=5fbba282ccpmsguhtskc7mche1; customer-id=16094; acstate_active=false; acstate_opened=-1; _ym_visorc=w

	[X-Forwarded-For]
	(string) 10.104.169.239

	[Cache-Control]
	(string) max-age=259200

	[Connection]
	(string) keep-alive


[Response headers]
	[X-Powered-By]
	(string) PHP/5.3.6-13ubuntu3.6

	[Set-Cookie]
	(string) PHPSESSID=p7otue99kkb81f4gek5cn6f3c7; path=/

	[Expires]
	(string) Thu, 19 Nov 1981 08:52:00 GMT

	[Cache-Control]
	(string) no-store, no-cache, must-revalidate, post-check=0, pre-check=0

	[Pragma]
	(string) no-cache

	[Status]
	(string) 500 Internal Server Error


[0.9777031]	<p>Произошла критическая ошибка. Скорее всего, потребуется участие разработчиков.  Подробности по ссылке <a title="" target="_blank" href="http://errors.umi-cms.ru/17000/">17000</a></p>
[1.1327209]	#0 /var/www/clients/client0/web1/web/libs/lib.php(111): mysqlConnection-&gt;query('SELECT cp.metho...', false)
#1 /var/www/clients/client0/web1/web/classes/system/subsystems/models/permissions/permissionsCollection.php(195): l_mysql_query('SELECT cp.metho...')
#2 /var/www/clients/client0/web1/web/classes/system/subsystems/cmsController/cmsController.php(469): permissionsCollection-&gt;isAllowedMethod('298', 'catalog', 'category')
#3 /var/www/clients/client0/web1/web/classes/system/subsystems/cmsController/cmsController.php(312): cmsController-&gt;prepareClientSideGlobalVariablesForXSLT()
#4 /var/www/clients/client0/web1/web/libs/root-src/index.php(130): cmsController-&gt;getGlobalVariables()
#5 /var/www/clients/client0/web1/web/index.php(7): require('/var/www/client...')
#6 {main}
