[_COOKIE]
	[stat_id]
	(string) 5fbba282ccpmsguhtskc7mche1

	[customer-id]
	(string) 16094

	[acstate_active]
	(string) false

	[acstate_opened]
	(string) -1

	[_ym_visorc]
	(string) w


[_SESSION]
	[starttime]
	(integer) 1339043399

	[http_target]
	(string) /producers/green_house_seeds/

	[user_id]
	(string) 298

	[is_admin]
	(array) ['']

	[_umi_opaf_disabled_html]
	(integer) 0


[_GET]
	[path]
	(string) producers/green_house_seeds/


[Request headers]
	[User-Agent]
	(string) Opera/9.80 (Windows NT 6.1; WOW64; U; MRA 5.9 (build 4876); ru) Presto/2.10.229 Version/11.64

	[Host]
	(string) semena-kanabisa.ru

	[Accept]
	(string) text/html, application/xml;q=0.9, application/xhtml+xml, image/png, image/webp, image/jpeg, image/gif, image/x-xbitmap, */*;q=0.1

	[Accept-Language]
	(string) ru-RU,ru;q=0.9,en;q=0.8

	[Accept-Encoding]
	(string) gzip, deflate

	[Referer]
	(string) http://semena-kanabisa.ru/order_forming/

	[Cookie]
	(string) stat_id=5fbba282ccpmsguhtskc7mche1; customer-id=16094; acstate_active=false; acstate_opened=-1; _ym_visorc=w

	[X-Forwarded-For]
	(string) 10.104.169.239

	[Cache-Control]
	(string) max-age=259200

	[Connection]
	(string) keep-alive


[Response headers]
	[X-Powered-By]
	(string) PHP/5.3.6-13ubuntu3.6

	[Set-Cookie]
	(string) PHPSESSID=fh2eefi38svfi8c4hd3a2b32l6; path=/

	[Expires]
	(string) Thu, 19 Nov 1981 08:52:00 GMT

	[Cache-Control]
	(string) no-store, no-cache, must-revalidate, post-check=0, pre-check=0

	[Pragma]
	(string) no-cache

	[Status]
	(string) 500 Internal Server Error


[4.9672351]	<p>Произошла критическая ошибка. Скорее всего, потребуется участие разработчиков.  Подробности по ссылке <a title="" target="_blank" href="http://errors.umi-cms.ru/17000/">17000</a></p>
[7.1530590]	#0 /var/www/clients/client0/web1/web/libs/lib.php(111): mysqlConnection-&gt;query('SELECT rel_id F...', false)
#1 /var/www/clients/client0/web1/web/classes/system/subsystems/models/hierarchy/umiHierarchy.php(553): l_mysql_query('SELECT rel_id F...')
#2 /var/www/clients/client0/web1/web/classes/system/subsystems/models/hierarchy/umiHierarchy.php(801): umiHierarchy-&gt;getAllParents(28, false, false)
#3 /var/www/clients/client0/web1/web/classes/system/utils/translators/wrappers/umiHierarchyElementWrapper.php(20): umiHierarchy-&gt;getPathById(28)
#4 /var/www/clients/client0/web1/web/classes/system/utils/translators/wrappers/umiHierarchyElementWrapper.php(4): umiHierarchyElementWrapper-&gt;translateData(Object(umiHierarchyElement))
#5 /var/www/clients/client0/web1/web/classes/system/utils/translators/xmlTranslator.php(37): umiHierarchyElementWrapper-&gt;translate(Object(umiHierarchyElement))
#6 /var/www/clients/client0/web1/web/classes/system/utils/translators/xmlTranslator.php(126): xmlTranslator-&gt;chooseTranslator(Object(DOMElement), Object(umiHierarchyElement))
#7 /var/www/clients/client0/web1/web/classes/system/utils/translators/xmlTranslator.php(29): xmlTranslator-&gt;translateArray(Object(DOMElement), Array)
#8 /var/www/clients/client0/web1/web/classes/system/utils/translators/xmlTranslator.php(173): xmlTranslator-&gt;chooseTranslator(Object(DOMElement), Array)
#9 /var/www/clients/client0/web1/web/classes/system/utils/translators/xmlTranslator.php(29): xmlTranslator-&gt;translateArray(Object(DOMElement), Array)
#10 /var/www/clients/client0/web1/web/classes/system/utils/translators/xmlTranslator.php(22): xmlTranslator-&gt;chooseTranslator(Object(DOMElement), Array)
#11 /var/www/clients/client0/web1/web/classes/system/subsystems/umiTemplaters/types/umiTemplaterXSLT.php(101): xmlTranslator-&gt;translateToXml(Object(DOMElement), Array)
#12 /var/www/clients/client0/web1/web/classes/system/subsystems/umiTemplaters/types/umiTemplaterXSLT.php(18): umiTemplaterXSLT-&gt;prepareXML(Array)
#13 /var/www/clients/client0/web1/web/libs/root-src/index.php(134): umiTemplaterXSLT-&gt;parse(Array, 'file:///var/www...')
#14 /var/www/clients/client0/web1/web/index.php(7): require('/var/www/client...')
#15 {main}
