[_SESSION]
	[starttime]
	(integer) 1339043673

	[user_id]
	(string) 298

	[is_admin]
	(array) ['']

	[_umi_opaf_disabled_html]
	(integer) 0


[_GET]
	[path]
	(string) 


[Request headers]
	[Host]
	(string) www.semena-kanabisa.ru

	[Connection]
	(string) Keep-alive

	[Accept]
	(string) text/plain, text/html

	[From]
	(string) googlebot(at)googlebot.com

	[User-Agent]
	(string) Mozilla/5.0 (compatible; Googlebot/2.1; +http://www.google.com/bot.html)

	[Accept-Encoding]
	(string) gzip,deflate


[Response headers]
	[X-Powered-By]
	(string) PHP/5.3.6-13ubuntu3.6

	[Set-Cookie]
	(string) PHPSESSID=mj76ktprrard6q9f0bc5qpo4v3; path=/

	[Expires]
	(string) Thu, 19 Nov 1981 08:52:00 GMT

	[Cache-Control]
	(string) no-store, no-cache, must-revalidate, post-check=0, pre-check=0

	[Pragma]
	(string) no-cache

	[Status]
	(string) 500 Internal Server Error


[3.7230701]	<p>Произошла критическая ошибка. Скорее всего, потребуется участие разработчиков.  Подробности по ссылке <a title="" target="_blank" href="http://errors.umi-cms.ru/17000/">17000</a></p>
[5.5131950]	#0 /var/www/clients/client0/web1/web/classes/system/subsystems/selector/executor.php(34): mysqlConnection-&gt;query('SELECT DISTINCT...')
#1 /var/www/clients/client0/web1/web/classes/system/subsystems/selector/selector.php(109): selectorExecutor-&gt;result()
#2 /var/www/clients/client0/web1/web/classes/system/subsystems/selector/selector.php(153): selector-&gt;result()
#3 /var/www/clients/client0/web1/web/libs/root-src/sbots.php(17): selector-&gt;__get('result')
#4 /var/www/clients/client0/web1/web/sbots.php(3): require('/var/www/client...')
#5 {main}
