[_COOKIE]
	[stat_id]
	(string) jr9p13lhercj4a9j7hhrck5e96

	[user_captcha]
	(string) 2242

	[PHPSESSID]
	(string) ntueca8bnke1h8dcskdvn2aot0

	[_ym_visorc]
	(string) w


[_SESSION]
	[starttime]
	(integer) 1340899239

	[http_referer]
	(NULL) 

	[http_target]
	(string) /users/restore/6128a44402b737814753d28576ae2dac/

	[user_id]
	(integer) 14873

	[is_admin]
	(array) ['', '']

	[_umi_opaf_disabled_html]
	(integer) 0

	[old_logged_in_value]
	(boolean) 1

	[e76fcad4b37585e78574f7b026a2a13d]
	(array) ['['content', 'content', '1']']

	[cms_login]
	(string) LAKILUHCIANO

	[cms_pass]
	(string) 6894dcd3a978245336f92b7a7ced1038

	[stat]
	(array) ['jr9p13lhercj4a9j7hhrck5e96', '23073', '57186', '8', '1', '5', '5', '']

	[15404097aa032c7536e72030f31f429a]
	(array) ['['content', 'content', '14']']

	[003261e1c5b40af3dd897b8e06961540]
	(array) ['['content', 'content', '12']']

	[5538aa60d8821ab9479100ce4f31f9e4]
	(array) ['['content', 'content', '294']']

	[b6452221aa0b889a662af9030723bec8]
	(array) ['['users', 'author', '51']', '['users', 'author', '61']', '['users', 'author', '59']', '['users', 'author', '216']', '['users', 'author', '85']', '['users', 'author', '45']', '['users', 'author', '353']', '['users', 'author', '388']', '['users', 'author', '297']', '['users', 'author', '60']']

	[aea7c2dc99358decc212a738bb72fc80]
	(array) ['['content', 'content', '6']']

	[errors_1340899239]
	(array) ['['Неизвестный адрес получателя', '', '']']


[_GET]
	[path]
	(string) webforms/mysend/


[Request headers]
	[Accept]
	(string) image/jpeg, application/x-ms-application, image/gif, application/xaml+xml, image/pjpeg, application/x-ms-xbap, application/msword, application/vnd.ms-excel, */*

	[Accept-Language]
	(string) ru-RU

	[User-Agent]
	(string) Mozilla/4.0 (compatible; MSIE 8.0; Windows NT 6.1; Trident/4.0; MRSPUTNIK 2, 4, 0, 432; GTB7.3; SLCC2; .NET CLR 2.0.50727; .NET CLR 3.5.30729; .NET CLR 3.0.30729; Media Center PC 6.0; Tablet PC 2.0)

	[Accept-Encoding]
	(string) gzip, deflate

	[Host]
	(string) semena-kanabisa.ru

	[Connection]
	(string) Keep-Alive

	[Cookie]
	(string) stat_id=jr9p13lhercj4a9j7hhrck5e96; user_captcha=2242; PHPSESSID=ntueca8bnke1h8dcskdvn2aot0; _ym_visorc=w


[Response headers]
	[X-Powered-By]
	(string) PHP/5.3.6-13ubuntu3.6

	[Expires]
	(string) Thu, 19 Nov 1981 08:52:00 GMT

	[Cache-Control]
	(string) no-store, no-cache, must-revalidate, post-check=0, pre-check=0

	[Pragma]
	(string) no-cache

	[Set-Cookie]
	(string) umicms_session=5af1fa2328cf35f6757b223411dc7acf; expires=Thu, 28-Jun-2012 16:15:39 GMT; path=/

	[Status]
	(string) 500 Internal Server Error


[0.0002279]	Can't find error redirect string
[0.0002470]	#0 /var/www/clients/client0/web1/web/classes/modules/def_module.php(947): def_module-&gt;errorPanic()
#1 /var/www/clients/client0/web1/web/classes/modules/webforms/class.php(182): def_module-&gt;errorNewMessage('%unknown_addres...')
#2 /var/www/clients/client0/web1/web/classes/modules/webforms/class.php(193): webforms-&gt;checkAddressExistence(NULL)
#3 /var/www/clients/client0/web1/web/classes/modules/webforms/__custom.php(94): webforms-&gt;guessAddressValue(NULL)
#4 /var/www/clients/client0/web1/web/classes/modules/def_module.php(63) : eval()'d code(1): __custom_webforms-&gt;mysend()
#5 /var/www/clients/client0/web1/web/classes/modules/def_module.php(63): eval()
#6 [internal function]: def_module-&gt;__call('mysend', Array)
#7 [internal function]: webforms-&gt;mysend()
#8 /var/www/clients/client0/web1/web/classes/system/subsystems/streams/udata/udataStream.php(98): call_user_func_array(Array, Array)
#9 /var/www/clients/client0/web1/web/classes/system/subsystems/streams/udata/udataStream.php(15): udataStream-&gt;executeMacros(Array)
#10 [internal function]: udataStream-&gt;stream_open('udata://webform...', 'rb', 4, NULL)
#11 /var/www/clients/client0/web1/web/classes/system/subsystems/cmsController/cmsController.php(630): file_get_contents('udata://webform...')
#12 /var/www/clients/client0/web1/web/classes/system/subsystems/cmsController/cmsController.php(614): cmsController-&gt;executeStream('udata://webform...')
#13 /var/www/clients/client0/web1/web/classes/system/subsystems/cmsController/cmsController.php(312): cmsController-&gt;prepareClientSideGlobalVariablesForXSLT()
#14 /var/www/clients/client0/web1/web/libs/root-src/index.php(130): cmsController-&gt;getGlobalVariables()
#15 /var/www/clients/client0/web1/web/index.php(7): require('/var/www/client...')
#16 {main}
