[_SESSION]
	[starttime]
	(integer) 1343175616

	[http_referer]
	(string) http://www.google.ru/aclk?sa=L&ai=Cdhd0GTkPULGTHIGamQX6q4DoBfHXhcUCyY-BnTbhyJzyAggAEAEoA1CAqYfxA2CEBcgBAakC2tewYj1DYD6qBB9P0Jt7BXoXsm79IYf7iL6Gqz6Qcf9CEN2DGALOKXJv&sig=AOD64_1YHr3iDqmhE4rnaWqckjtxXyhhIA&ved=0CFcQ0Qw&adurl=http://Semena-Kanabisa.ru&rct=j&q=%D1%81%D0%B5%D0%BC%D0%B5%D0%BD%D0%B0%20%D0%BA%D0%BE%D0%BD%D0%BE%D0%BF%D0%BB%D0%B8%20%D0%BA%D0%B0%D0%B7%D0%B0%D1%85%D1%81%D1%82%D0%B0%D0%BD&cad=rja

	[http_target]
	(string) /

	[user_id]
	(string) 298

	[is_admin]
	(array) ['']

	[_umi_opaf_disabled_html]
	(integer) 0


[_GET]
	[path]
	(string) 


[Request headers]
	[Host]
	(string) semena-kanabisa.ru

	[Connection]
	(string) keep-alive

	[User-Agent]
	(string) Mozilla/5.0 (Windows NT 6.1; WOW64) AppleWebKit/536.11 (KHTML, like Gecko) Chrome/20.0.1132.57 Safari/536.11

	[Accept]
	(string) text/html,application/xhtml+xml,application/xml;q=0.9,*/*;q=0.8

	[Referer]
	(string) http://www.google.ru/aclk?sa=L&ai=Cdhd0GTkPULGTHIGamQX6q4DoBfHXhcUCyY-BnTbhyJzyAggAEAEoA1CAqYfxA2CEBcgBAakC2tewYj1DYD6qBB9P0Jt7BXoXsm79IYf7iL6Gqz6Qcf9CEN2DGALOKXJv&sig=AOD64_1YHr3iDqmhE4rnaWqckjtxXyhhIA&ved=0CFcQ0Qw&adurl=http://Semena-Kanabisa.ru&rct=j&q=%D1%81%D0%B5%D0%BC%D0%B5%D0%BD%D0%B0%20%D0%BA%D0%BE%D0%BD%D0%BE%D0%BF%D0%BB%D0%B8%20%D0%BA%D0%B0%D0%B7%D0%B0%D1%85%D1%81%D1%82%D0%B0%D0%BD&cad=rja

	[Accept-Encoding]
	(string) gzip,deflate,sdch

	[Accept-Language]
	(string) ru-RU,ru;q=0.8,en-US;q=0.6,en;q=0.4

	[Accept-Charset]
	(string) windows-1251,utf-8;q=0.7,*;q=0.3


[Response headers]
	[X-Powered-By]
	(string) PHP/5.3.6-13ubuntu3.6

	[Set-Cookie]
	(string) PHPSESSID=ufbmaq6ob3n7hg4ee8sr9doo10; path=/

	[Expires]
	(string) Thu, 19 Nov 1981 08:52:00 GMT

	[Cache-Control]
	(string) no-store, no-cache, must-revalidate, post-check=0, pre-check=0

	[Pragma]
	(string) no-cache

	[Status]
	(string) 500 Internal Server Error


[4.2002831]	<p>Произошла критическая ошибка. Скорее всего, потребуется участие разработчиков.  Подробности по ссылке <a title="" target="_blank" href="http://errors.umi-cms.ru/17000/">17000</a></p>
[24.4194520]	#0 /var/www/clients/client0/web1/web/libs/lib.php(111): mysqlConnection-&gt;query('SELECT rel_id F...', false)
#1 /var/www/clients/client0/web1/web/classes/system/subsystems/models/hierarchy/umiHierarchy.php(553): l_mysql_query('SELECT rel_id F...')
#2 /var/www/clients/client0/web1/web/classes/system/subsystems/models/hierarchy/umiHierarchy.php(801): umiHierarchy-&gt;getAllParents(253, false, false)
#3 /var/www/clients/client0/web1/web/classes/system/utils/translators/wrappers/umiHierarchyElementWrapper.php(20): umiHierarchy-&gt;getPathById(253)
#4 /var/www/clients/client0/web1/web/classes/system/utils/translators/wrappers/umiHierarchyElementWrapper.php(4): umiHierarchyElementWrapper-&gt;translateData(Object(umiHierarchyElement))
#5 /var/www/clients/client0/web1/web/classes/system/utils/translators/xmlTranslator.php(37): umiHierarchyElementWrapper-&gt;translate(Object(umiHierarchyElement))
#6 /var/www/clients/client0/web1/web/classes/system/utils/translators/xmlTranslator.php(126): xmlTranslator-&gt;chooseTranslator(Object(DOMElement), Object(umiHierarchyElement))
#7 /var/www/clients/client0/web1/web/classes/system/utils/translators/xmlTranslator.php(29): xmlTranslator-&gt;translateArray(Object(DOMElement), Array)
#8 /var/www/clients/client0/web1/web/classes/system/utils/translators/xmlTranslator.php(22): xmlTranslator-&gt;chooseTranslator(Object(DOMElement), Array)
#9 /var/www/clients/client0/web1/web/classes/system/subsystems/streams/umiBaseStream.php(201): xmlTranslator-&gt;translateToXml(Object(DOMElement), Array)
#10 /var/www/clients/client0/web1/web/classes/system/subsystems/streams/usel/uselStream.php(167): umiBaseStream-&gt;translateToXml(Array)
#11 /var/www/clients/client0/web1/web/classes/system/subsystems/streams/usel/uselStream.php(35): uselStream-&gt;translateToXml(Array)
#12 [internal function]: uselStream-&gt;stream_open('usel://usel_car...', 'rb', 4, NULL)
#13 /var/www/clients/client0/web1/web/classes/system/subsystems/umiTemplaters/types/umiTemplaterXSLT.php(45): XSLTProcessor-&gt;transformToXml(Object(DOMDocument))
#14 /var/www/clients/client0/web1/web/libs/root-src/index.php(134): umiTemplaterXSLT-&gt;parse(Array, 'file:///var/www...')
#15 /var/www/clients/client0/web1/web/index.php(7): require('/var/www/client...')
#16 {main}
