[_COOKIE]
	[PHPSESSID]
	(string) 5vfjlmb5bgbf93jcef92r0mdp1

	[stat_id]
	(string) 5vfjlmb5bgbf93jcef92r0mdp1

	[ilang]
	(string) ru


[_SESSION]
	[starttime]
	(integer) 1337825062

	[http_referer]
	(NULL) 

	[http_target]
	(string) /

	[user_id]
	(string) 298

	[is_admin]
	(array) ['']

	[_umi_opaf_disabled_html]
	(integer) 0


[_GET]
	[path]
	(string) 


[Request headers]
	[Host]
	(string) semena-kanabisa.ru

	[Connection]
	(string) keep-alive

	[User-Agent]
	(string) Mozilla/5.0 (Windows NT 6.1) AppleWebKit/536.5 (KHTML, like Gecko) Chrome/19.0.1084.46 Safari/536.5

	[Accept]
	(string) text/html,application/xhtml+xml,application/xml;q=0.9,*/*;q=0.8

	[Accept-Encoding]
	(string) gzip,deflate,sdch

	[Accept-Language]
	(string) ru-RU,ru;q=0.8,en-US;q=0.6,en;q=0.4

	[Accept-Charset]
	(string) windows-1251,utf-8;q=0.7,*;q=0.3

	[Cookie]
	(string) PHPSESSID=5vfjlmb5bgbf93jcef92r0mdp1; stat_id=5vfjlmb5bgbf93jcef92r0mdp1; ilang=ru


[Response headers]
	[X-Powered-By]
	(string) PHP/5.3.6-13ubuntu3.6

	[Expires]
	(string) Thu, 19 Nov 1981 08:52:00 GMT

	[Cache-Control]
	(string) no-store, no-cache, must-revalidate, post-check=0, pre-check=0

	[Pragma]
	(string) no-cache

	[Status]
	(string) 500 Internal Server Error


[20.0856888]	<p>Произошла критическая ошибка. Скорее всего, потребуется участие разработчиков.  Подробности по ссылке <a title="" target="_blank" href="http://errors.umi-cms.ru/17000/">17000</a></p>
[20.5903409]	#0 /var/www/clients/client0/web1/web/libs/lib.php(111): mysqlConnection-&gt;query('SELECT name, pa...', false)
#1 /var/www/clients/client0/web1/web/classes/system/subsystems/models/data/umiObjectType.php(280): l_mysql_query('SELECT name, pa...')
#2 /var/www/clients/client0/web1/web/classes/system/patterns/umiEntinty.php(19): umiObjectType-&gt;loadInfo(false)
#3 /var/www/clients/client0/web1/web/classes/system/subsystems/models/data/umiObjectTypesCollection.php(259): umiEntinty-&gt;__construct('116')
#4 /var/www/clients/client0/web1/web/classes/system/subsystems/models/data/umiObjectTypesCollection.php(40): umiObjectTypesCollection-&gt;loadType('116')
#5 /var/www/clients/client0/web1/web/classes/system/subsystems/streams/utype/utypeStream.php(20): umiObjectTypesCollection-&gt;getType('116')
#6 [internal function]: utypeStream-&gt;stream_open('utype://116', 'rb', 4, NULL)
#7 /var/www/clients/client0/web1/web/classes/system/subsystems/umiTemplaters/types/umiTemplaterXSLT.php(45): XSLTProcessor-&gt;transformToXml(Object(DOMDocument))
#8 /var/www/clients/client0/web1/web/libs/root-src/index.php(134): umiTemplaterXSLT-&gt;parse(Array, 'file:///var/www...')
#9 /var/www/clients/client0/web1/web/index.php(7): require('/var/www/client...')
#10 {main}
