[_COOKIE]
	[PHPSESSID]
	(string) 5vfjlmb5bgbf93jcef92r0mdp1

	[stat_id]
	(string) 5vfjlmb5bgbf93jcef92r0mdp1

	[umicms_session]
	(string) 6385f841fcdd084a0b3033b8732ae6ed

	[ilang]
	(string) ru


[_SESSION]
	[starttime]
	(integer) 1337828639

	[http_referer]
	(NULL) 

	[http_target]
	(string) /admin

	[user_id]
	(integer) 10

	[is_admin]
	(array) ['']

	[_umi_opaf_disabled_html]
	(integer) 1

	[old_logged_in_value]
	(boolean) 

	[cms_login]
	(string) admin

	[cms_pass]
	(string) bbe8180d60290154644a9b19677bdad1

	[user_is_sv]
	(boolean) 1

	[paging]
	(array) ['['['['['', '2', '', '', '', '', '', '', '', '', '', '', '', '', '', '', '', '', '', '', '', '', '', '', '', '', '', '', '', '', '', '', '', '', '', '', '', '', '', '', '', '', '', '', '', '', '', '']']']']']


[_GET]
	[path]
	(string) 


[Request headers]
	[Host]
	(string) semena-kanabisa.ru

	[Connection]
	(string) keep-alive

	[User-Agent]
	(string) Mozilla/5.0 (Windows NT 6.1) AppleWebKit/536.5 (KHTML, like Gecko) Chrome/19.0.1084.46 Safari/536.5

	[Accept]
	(string) text/html,application/xhtml+xml,application/xml;q=0.9,*/*;q=0.8

	[Accept-Encoding]
	(string) gzip,deflate,sdch

	[Accept-Language]
	(string) ru-RU,ru;q=0.8,en-US;q=0.6,en;q=0.4

	[Accept-Charset]
	(string) windows-1251,utf-8;q=0.7,*;q=0.3

	[Cookie]
	(string) PHPSESSID=5vfjlmb5bgbf93jcef92r0mdp1; stat_id=5vfjlmb5bgbf93jcef92r0mdp1; umicms_session=6385f841fcdd084a0b3033b8732ae6ed; ilang=ru


[Response headers]
	[X-Powered-By]
	(string) PHP/5.3.6-13ubuntu3.6

	[Expires]
	(string) Thu, 19 Nov 1981 08:52:00 GMT

	[Cache-Control]
	(string) no-store, no-cache, must-revalidate, post-check=0, pre-check=0

	[Pragma]
	(string) no-cache

	[Status]
	(string) 500 Internal Server Error


[19.2285240]	Default domain could not be found
[20.5061350]	#0 /var/www/clients/client0/web1/web/classes/system/subsystems/cmsController/cmsController.php(681): cmsController-&gt;detectDomain()
#1 /var/www/clients/client0/web1/web/classes/system/subsystems/cmsController/cmsController.php(40): cmsController-&gt;init()
#2 /var/www/clients/client0/web1/web/classes/system/patterns/singletone.php(21): cmsController-&gt;__construct()
#3 /var/www/clients/client0/web1/web/classes/system/subsystems/cmsController/cmsController.php(49): singleton::getInstance('cmsController')
#4 /var/www/clients/client0/web1/web/libs/root-src/index.php(71): cmsController::getInstance()
#5 /var/www/clients/client0/web1/web/index.php(7): require('/var/www/client...')
#6 {main}
