[_COOKIE]
	[customer-id]
	(string) 26761

	[stat_id]
	(string) gmpmvfiq9b8urstq54l838eu63


[_SESSION]
	[starttime]
	(integer) 1343180532

	[http_target]
	(string) /

	[user_id]
	(string) 298

	[is_admin]
	(array) ['']

	[_umi_opaf_disabled_html]
	(integer) 0


[_GET]
	[path]
	(string) 


[Request headers]
	[Host]
	(string) semena-kanabisa.ru

	[User-Agent]
	(string) Mozilla/5.0 (iPad; CPU OS 5_1_1 like Mac OS X) AppleWebKit/534.46 (KHTML, like Gecko) Version/5.1 Mobile/9B206 Safari/7534.48.3

	[Accept]
	(string) text/html,application/xhtml+xml,application/xml;q=0.9,*/*;q=0.8

	[Referer]
	(string) http://www.google.ru/url?sa=t&rct=j&q=%D1%81%D0%B5%D0%BC%D1%8F%D0%BD%D1%8B%D1%87&source=web&cd=1&ved=0CFkQFjAA&url=http%3A%2F%2Fsemena-kanabisa.ru%2F&ei=zEQPULfLBtCK4gTz9IH4DA&usg=AFQjCNGEl-XwpiTrZPhKDkmhHYcFfYyd8w&cad=rjt

	[Accept-Language]
	(string) ru

	[Accept-Encoding]
	(string) gzip, deflate

	[Cookie]
	(string) customer-id=26761; stat_id=gmpmvfiq9b8urstq54l838eu63

	[Connection]
	(string) keep-alive


[Response headers]
	[X-Powered-By]
	(string) PHP/5.3.6-13ubuntu3.6

	[Set-Cookie]
	(string) customer-id=26761; expires=Sat, 25-Aug-2012 03:01:43 GMT; path=/

	[Expires]
	(string) Thu, 19 Nov 1981 08:52:00 GMT

	[Cache-Control]
	(string) no-store, no-cache, must-revalidate, post-check=0, pre-check=0

	[Pragma]
	(string) no-cache

	[Status]
	(string) 500 Internal Server Error


[24.0810928]	<p>Произошла критическая ошибка. Скорее всего, потребуется участие разработчиков.  Подробности по ссылке <a title="" target="_blank" href="http://errors.umi-cms.ru/17000/">17000</a></p>
[25.2957220]	#0 /var/www/clients/client0/web1/web/libs/lib.php(111): mysqlConnection-&gt;query('START TRANSACTI...', false)
#1 /var/www/clients/client0/web1/web/classes/system/subsystems/models/data/umiObject.php(397): l_mysql_query('START TRANSACTI...')
#2 /var/www/clients/client0/web1/web/classes/system/patterns/umiObjectProxy.php(62): umiObject-&gt;commit()
#3 /var/www/clients/client0/web1/web/classes/modules/def_module.php(63) : eval()'d code(1): umiObjectProxy-&gt;__destruct()
#4 /var/www/clients/client0/web1/web/classes/modules/def_module.php(63) : eval()'d code(1): __emarket_purchasing-&gt;order(631, 'default')
#5 /var/www/clients/client0/web1/web/classes/modules/def_module.php(63): eval()
#6 /var/www/clients/client0/web1/web/classes/modules/emarket/__purchasing.php(276): def_module-&gt;__call('order', Array)
#7 /var/www/clients/client0/web1/web/classes/modules/emarket/__purchasing.php(276): emarket-&gt;order(631, 'default')
#8 /var/www/clients/client0/web1/web/classes/modules/def_module.php(63) : eval()'d code(1): __emarket_purchasing-&gt;cart()
#9 /var/www/clients/client0/web1/web/classes/modules/def_module.php(63): eval()
#10 [internal function]: def_module-&gt;__call('cart', Array)
#11 [internal function]: emarket-&gt;cart()
#12 /var/www/clients/client0/web1/web/classes/system/subsystems/streams/udata/udataStream.php(98): call_user_func_array(Array, Array)
#13 /var/www/clients/client0/web1/web/classes/system/subsystems/streams/udata/udataStream.php(15): udataStream-&gt;executeMacros(Array)
#14 [internal function]: udataStream-&gt;stream_open('udata://emarket...', 'rb', 4, NULL)
#15 /var/www/clients/client0/web1/web/classes/system/subsystems/umiTemplaters/types/umiTemplaterXSLT.php(45): XSLTProcessor-&gt;transformToXml(Object(DOMDocument))
#16 /var/www/clients/client0/web1/web/libs/root-src/index.php(134): umiTemplaterXSLT-&gt;parse(Array, 'file:///var/www...')
#17 /var/www/clients/client0/web1/web/index.php(7): require('/var/www/client...')
#18 {main}
