[_SESSION]
	[starttime]
	(integer) 1343163788

	[http_referer]
	(string) http://www.google.ru/aclk?sa=L&ai=C9ZbNEg0PUKaxJtO5hQeVtIC4CPHXhcUCyY-BnTapj9TzGggAEAFQgKmH8QNghIWAgNQeyAEBqQI9hjH9IktgPqoEH0_QCLWTh3WNZDTPmbPa9pZmXP1qajy25p4Fa4XeYuI&sig=AOD64_3iMYWwjXuhh6VP7D7Ut7KmikIlfg&ved=0CFsQ0Qw&adurl=http://Semena-Kanabisa.ru&rct=j&q=%D1%81%D0%B0%D0%B9%D1%82%D1%8B%20%D0%BF%D0%BE%20%D0%B2%D1%8B%D1%80%D0%B0%D1%89%D0%B8%D0%B2%D0%B0%D0%BD%D0%B8%D1%8E%20%D0%BC%D0%B0%D1%80%D0%B8%D1%85%D1%83%D0%B0%D0%BD%D1%8B&cad=rjt

	[http_target]
	(string) /

	[user_id]
	(string) 298

	[is_admin]
	(array) ['']

	[_umi_opaf_disabled_html]
	(integer) 0


[_GET]
	[path]
	(string) 


[Request headers]
	[Accept]
	(string) image/gif, image/jpeg, image/pjpeg, image/pjpeg, application/vnd.ms-excel, application/vnd.ms-powerpoint, application/msword, application/x-shockwave-flash, application/x-ms-application, application/x-ms-xbap, application/vnd.ms-xpsdocument, application/xaml+xml, */*

	[Referer]
	(string) http://www.google.ru/aclk?sa=L&ai=C9ZbNEg0PUKaxJtO5hQeVtIC4CPHXhcUCyY-BnTapj9TzGggAEAFQgKmH8QNghIWAgNQeyAEBqQI9hjH9IktgPqoEH0_QCLWTh3WNZDTPmbPa9pZmXP1qajy25p4Fa4XeYuI&sig=AOD64_3iMYWwjXuhh6VP7D7Ut7KmikIlfg&ved=0CFsQ0Qw&adurl=http://Semena-Kanabisa.ru&rct=j&q=%D1%81%D0%B0%D0%B9%D1%82%D1%8B%20%D0%BF%D0%BE%20%D0%B2%D1%8B%D1%80%D0%B0%D1%89%D0%B8%D0%B2%D0%B0%D0%BD%D0%B8%D1%8E%20%D0%BC%D0%B0%D1%80%D0%B8%D1%85%D1%83%D0%B0%D0%BD%D1%8B&cad=rjt

	[Accept-Language]
	(string) ru

	[Accept-Encoding]
	(string) gzip, deflate

	[User-Agent]
	(string) Mozilla/4.0 (compatible; MSIE 7.0; Windows NT 5.1; Trident/4.0; MyIE2; InfoPath.1; .NET CLR 2.0.50727; .NET CLR 3.0.4506.2152; .NET CLR 3.5.30729)

	[Host]
	(string) semena-kanabisa.ru

	[Connection]
	(string) Keep-Alive


[Response headers]
	[X-Powered-By]
	(string) PHP/5.3.6-13ubuntu3.6

	[Set-Cookie]
	(string) PHPSESSID=8bcdol7eeehf62pbmvuq8f3cc1; path=/

	[Expires]
	(string) Thu, 19 Nov 1981 08:52:00 GMT

	[Cache-Control]
	(string) no-store, no-cache, must-revalidate, post-check=0, pre-check=0

	[Pragma]
	(string) no-cache

	[Status]
	(string) 500 Internal Server Error


[8.8596950]	<p>Произошла критическая ошибка. Скорее всего, потребуется участие разработчиков.  Подробности по ссылке <a title="" target="_blank" href="http://errors.umi-cms.ru/17000/">17000</a></p>
[9.6681530]	#0 /var/www/clients/client0/web1/web/libs/lib.php(111): mysqlConnection-&gt;query('SELECT BIT_OR(c...', false)
#1 /var/www/clients/client0/web1/web/classes/system/subsystems/models/permissions/permissionsCollection.php(245): l_mysql_query('SELECT BIT_OR(c...')
#2 /var/www/clients/client0/web1/web/classes/system/subsystems/models/hierarchy/umiHierarchy.php(1281): permissionsCollection-&gt;isAllowedObject('298', 2)
#3 /var/www/clients/client0/web1/web/classes/system/subsystems/models/hierarchy/umiHierarchy.php(107): umiHierarchy-&gt;isAllowed(2)
#4 /var/www/clients/client0/web1/web/classes/system/subsystems/streams/upage/upageStream.php(12): umiHierarchy-&gt;getElement(2)
#5 [internal function]: upageStream-&gt;stream_open('upage://2', 'rb', 4, NULL)
#6 /var/www/clients/client0/web1/web/classes/system/subsystems/umiTemplaters/types/umiTemplaterXSLT.php(45): XSLTProcessor-&gt;transformToXml(Object(DOMDocument))
#7 /var/www/clients/client0/web1/web/libs/root-src/index.php(134): umiTemplaterXSLT-&gt;parse(Array, 'file:///var/www...')
#8 /var/www/clients/client0/web1/web/index.php(7): require('/var/www/client...')
#9 {main}
