[_COOKIE]
	[stat_id]
	(string) efcum538kpv26e28tn1abp75b2

	[PHPSESSID]
	(string) nhkt0o7itjakof5uh164nspst2

	[_ym_visorc]
	(string) w


[_SESSION]
	[starttime]
	(integer) 1338382769

	[http_referer]
	(NULL) 

	[http_target]
	(string) /?from=olk

	[user_id]
	(string) 298

	[is_admin]
	(array) ['']

	[_umi_opaf_disabled_html]
	(integer) 0

	[old_logged_in_value]
	(boolean) 

	[stat]
	(array) ['', 'efcum538kpv26e28tn1abp75b2', '16246', '1', '34777', '7', '384', '543']

	[e64a1f249ec43dff6844c5fc46db13ae]
	(array) ['['content', 'content', '1']']

	[3f7aa31fbd03018769578149576dadfc]
	(array) ['['catalog', 'category', '16']', '['catalog', 'object', '65']', '['catalog', 'object', '66']', '['catalog', 'object', '61']', '['catalog', 'object', '45']', '['catalog', 'object', '81']', '['catalog', 'object', '89']']

	[d4e3d066af7f6e59bbdbd58d459592fc]
	(array) ['['catalog', 'category', '16']', '['catalog', 'object', '59']', '['catalog', 'object', '387']', '['catalog', 'object', '56']', '['catalog', 'object', '388']', '['catalog', 'object', '48']', '['catalog', 'object', '50']']

	[b5623bd503299fd74ef9d9bb9d79ebf3]
	(array) ['['catalog', 'category', '16']', '['catalog', 'object', '86']', '['catalog', 'object', '60']', '['catalog', 'object', '85']', '['catalog', 'object', '57']', '['catalog', 'object', '78']', '['catalog', 'object', '64']']

	[6802c278a84b894e8c23de6b1507d19a]
	(array) ['['catalog', 'object', '60']', '['catalog', 'object', '131']', '['catalog', 'object', '130']']

	[1d68a42ebfe90499617cb894de82ec9b]
	(array) ['['catalog', 'object', '57']', '['catalog', 'object', '125']']


[_GET]
	[path]
	(string) producers/dutch_passion/passion_2/


[Request headers]
	[Host]
	(string) semena-kanabisa.ru

	[Connection]
	(string) keep-alive

	[User-Agent]
	(string) Mozilla/5.0 (Windows NT 6.1) AppleWebKit/536.5 (KHTML, like Gecko) Chrome/19.0.1084.52 Safari/536.5

	[Accept]
	(string) text/html,application/xhtml+xml,application/xml;q=0.9,*/*;q=0.8

	[Referer]
	(string) http://semena-kanabisa.ru/producers/dutch_passion/?p=2

	[Accept-Encoding]
	(string) gzip,deflate,sdch

	[Accept-Language]
	(string) ru-RU,ru;q=0.8,en-US;q=0.6,en;q=0.4

	[Accept-Charset]
	(string) windows-1251,utf-8;q=0.7,*;q=0.3

	[Cookie]
	(string) stat_id=efcum538kpv26e28tn1abp75b2; PHPSESSID=nhkt0o7itjakof5uh164nspst2; _ym_visorc=w


[Response headers]
	[X-Powered-By]
	(string) PHP/5.3.6-13ubuntu3.6

	[Expires]
	(string) Thu, 19 Nov 1981 08:52:00 GMT

	[Cache-Control]
	(string) no-store, no-cache, must-revalidate, post-check=0, pre-check=0

	[Pragma]
	(string) no-cache

	[Status]
	(string) 500 Internal Server Error


[0.4904408]	<p>Произошла критическая ошибка. Скорее всего, потребуется участие разработчиков.  Подробности по ссылке <a title="" target="_blank" href="http://errors.umi-cms.ru/17000/">17000</a></p>
[0.5600159]	#0 /var/www/clients/client0/web1/web/libs/lib.php(111): mysqlConnection-&gt;query('INSERT INTO `cm...', false)
#1 /var/www/clients/client0/web1/web/classes/modules/stat/classes/statistic.php(431): l_mysql_query('INSERT INTO `cm...')
#2 /var/www/clients/client0/web1/web/classes/modules/stat/class.php(212): statistic-&gt;run()
#3 /var/www/clients/client0/web1/web/libs/root-src/index.php(150): stat-&gt;pushStat()
#4 /var/www/clients/client0/web1/web/index.php(7): require('/var/www/client...')
#5 {main}
