[_COOKIE]
	[PHPSESSID]
	(string) incjtffdk7fs04cv24cc1cgp74

	[acstate_active]
	(string) 0

	[acstate_opened]
	(string) 1

	[ftypes]
	(string) percent_auto

	[stat_id]
	(string) incjtffdk7fs04cv24cc1cgp74

	[_ym_visorc]
	(string) w


[_SESSION]
	[starttime]
	(integer) 1343169119

	[http_target]
	(string) /producers/kannabia/gnomo_auto/

	[user_id]
	(string) 298

	[is_admin]
	(array) ['']

	[_umi_opaf_disabled_html]
	(integer) 0

	[old_logged_in_value]
	(boolean) 

	[stat]
	(array) ['', 'incjtffdk7fs04cv24cc1cgp74', '47897', '80680', '12', '1', '4277', '4277']

	[26e19d99a4f7bf068d8393de61d540d9]
	(array) ['['catalog', 'object', '501']', '['catalog', 'object', '524']']

	[e8787eb0c0c7ceeeda6f61a01fcee7af]
	(array) ['['catalog', 'object', '195']', '['catalog', 'object', '210']', '['catalog', 'object', '211']']

	[6218484583d02873b426df29d96fd405]
	(array) ['['catalog', 'object', '502']', '['catalog', 'object', '523']']

	[http_referer]
	(NULL) 

	[f835407be108cc362dd983ab232ee399]
	(array) ['['catalog', 'object', '413']', '['catalog', 'object', '427']']

	[c45c54166c4e1a6263a3a8190e18a517]
	(array) ['['catalog', 'object', '504']', '['catalog', 'object', '520']']

	[3c4ce9ee84e0ce8910b8c9e0435dc0ca]
	(array) ['['catalog', 'object', '321']', '['catalog', 'object', '322']']

	[99597df98fd3a9bc349d11b72d81fbf0]
	(array) ['['catalog', 'object', '439']', '['catalog', 'object', '440']']

	[c75ee391c78e50b220ae943619466ae3]
	(array) ['['catalog', 'object', '393']', '['catalog', 'object', '394']']

	[2cf190beeccc26cf76c592e60377649e]
	(array) ['['catalog', 'object', '396']', '['catalog', 'object', '397']']

	[d89e21e77bb2729ff43034b2178db09e]
	(array) ['['catalog', 'object', '507']', '['catalog', 'object', '522']']

	[e85937ea1aa58afac636f01e4f91a2c0]
	(array) ['['catalog', 'object', '509']', '['catalog', 'object', '536']']

	[7f9702cccfb7f93e76df091a36a6ba1d]
	(array) ['['catalog', 'object', '324']', '['catalog', 'object', '325']']


[_GET]
	[path]
	(string) error/404.html


[Request headers]
	[Accept]
	(string) */*

	[Accept-Encoding]
	(string) gzip, deflate

	[User-Agent]
	(string) Mozilla/4.0 (compatible; MSIE 8.0; Windows NT 5.1; Trident/4.0; MRSPUTNIK 2, 4, 0, 405; .NET CLR 2.0.50727; .NET CLR 3.0.4506.2152; .NET CLR 3.5.30729; AskTB5.6)

	[Host]
	(string) semena-kanabisa.ru

	[Connection]
	(string) Keep-Alive

	[Cookie]
	(string) PHPSESSID=incjtffdk7fs04cv24cc1cgp74; acstate_active=0; acstate_opened=1; ftypes=percent_auto; stat_id=incjtffdk7fs04cv24cc1cgp74; _ym_visorc=w


[Response headers]
	[X-Powered-By]
	(string) PHP/5.3.6-13ubuntu3.6

	[Expires]
	(string) Thu, 19 Nov 1981 08:52:00 GMT

	[Cache-Control]
	(string) no-store, no-cache, must-revalidate, post-check=0, pre-check=0

	[Pragma]
	(string) no-cache

	[Status]
	(string) 500 Internal Server Error


[0.0464621]	Default domain could not be found
[0.5875499]	#0 /var/www/clients/client0/web1/web/classes/system/subsystems/cmsController/cmsController.php(681): cmsController-&gt;detectDomain()
#1 /var/www/clients/client0/web1/web/classes/system/subsystems/cmsController/cmsController.php(40): cmsController-&gt;init()
#2 /var/www/clients/client0/web1/web/classes/system/patterns/singletone.php(21): cmsController-&gt;__construct()
#3 /var/www/clients/client0/web1/web/classes/system/subsystems/cmsController/cmsController.php(49): singleton::getInstance('cmsController')
#4 /var/www/clients/client0/web1/web/libs/root-src/index.php(71): cmsController::getInstance()
#5 /var/www/clients/client0/web1/web/index.php(7): require('/var/www/client...')
#6 {main}
