[_COOKIE]
	[stat_id]
	(string) incjtffdk7fs04cv24cc1cgp74

	[_ym_visorc]
	(string) w


[_SESSION]
	[starttime]
	(integer) 1343163098

	[http_referer]
	(NULL) 

	[http_target]
	(string) /producers/green_house_seeds/greenomatic/

	[user_id]
	(string) 298

	[is_admin]
	(array) ['']

	[_umi_opaf_disabled_html]
	(integer) 0


[_GET]
	[path]
	(string) producers/green_house_seeds/greenomatic/


[Request headers]
	[Accept]
	(string) */*

	[Accept-Language]
	(string) ru

	[User-Agent]
	(string) Mozilla/4.0 (compatible; MSIE 8.0; Windows NT 5.1; Trident/4.0; MRSPUTNIK 2, 4, 0, 405; .NET CLR 2.0.50727; .NET CLR 3.0.4506.2152; .NET CLR 3.5.30729; AskTB5.6)

	[Accept-Encoding]
	(string) gzip, deflate

	[Host]
	(string) semena-kanabisa.ru

	[Connection]
	(string) Keep-Alive

	[Cookie]
	(string) stat_id=incjtffdk7fs04cv24cc1cgp74; _ym_visorc=w


[Response headers]
	[X-Powered-By]
	(string) PHP/5.3.6-13ubuntu3.6

	[Set-Cookie]
	(string) PHPSESSID=gqr6ahfdn7mm1dqsrteo5sb441; path=/

	[Expires]
	(string) Thu, 19 Nov 1981 08:52:00 GMT

	[Cache-Control]
	(string) no-store, no-cache, must-revalidate, post-check=0, pre-check=0

	[Pragma]
	(string) no-cache

	[Status]
	(string) 500 Internal Server Error


[2.1035230]	<p>Произошла критическая ошибка. Скорее всего, потребуется участие разработчиков.  Подробности по ссылке <a title="" target="_blank" href="http://errors.umi-cms.ru/17000/">17000</a></p>
[2.2737510]	#0 /var/www/clients/client0/web1/web/libs/lib.php(111): mysqlConnection-&gt;query('SELECT h.rel, h...', true)
#1 /var/www/clients/client0/web1/web/classes/system/subsystems/models/hierarchy/umiHierarchyElement.php(444): l_mysql_query('SELECT h.rel, h...', true)
#2 /var/www/clients/client0/web1/web/classes/system/patterns/umiEntinty.php(19): umiHierarchyElement-&gt;loadInfo(false)
#3 /var/www/clients/client0/web1/web/classes/system/subsystems/models/hierarchy/umiHierarchy.php(116): umiEntinty-&gt;__construct(211, false)
#4 /var/www/clients/client0/web1/web/classes/system/subsystems/streams/upage/upageStream.php(12): umiHierarchy-&gt;getElement(211)
#5 [internal function]: upageStream-&gt;stream_open('upage://211', 'rb', 4, NULL)
#6 /var/www/clients/client0/web1/web/classes/system/subsystems/umiTemplaters/types/umiTemplaterXSLT.php(45): XSLTProcessor-&gt;transformToXml(Object(DOMDocument))
#7 /var/www/clients/client0/web1/web/libs/root-src/index.php(134): umiTemplaterXSLT-&gt;parse(Array, 'file:///var/www...')
#8 /var/www/clients/client0/web1/web/index.php(7): require('/var/www/client...')
#9 {main}
