[_COOKIE]
	[stat_id]
	(string) 0q1ffgnd0g1ndtfiivrt9mi4d0


[_SESSION]
	[starttime]
	(integer) 1343181601

	[http_referer]
	(string) http://www.google.ru/aclk?sa=L&ai=CZTmDPlAPUOO6Fo3c4ASB6oDQDPHXhcUCyY-BnTbQqLS1FAgAEAEoAlCAqYfxA2CEBcgBAakC2tewYj1DYD6qBB5P0J8MePj5hQKBMT56UTs2trrAEFqTjxB76xTkIYI&sig=AOD64_1tR4AwtTrmZCbnK4wQ3FAlJtkAAA&ved=0CFIQ0Qw&adurl=http://Semena-Kanabisa.ru&rct=j&q=%D0%BA%D0%B0%D0%BD%D0%B0%D0%B1%D0%B8%D1%81+%D0%B2%D1%8B%D1%80%D0%B0%D1%89%D0%B8%D0%B2%D0%B0%D0%BD%D0%B8%D0%B5

	[http_target]
	(string) /

	[user_id]
	(string) 298

	[is_admin]
	(array) ['']

	[_umi_opaf_disabled_html]
	(integer) 0


[_GET]
	[path]
	(string) 


[Request headers]
	[Host]
	(string) semena-kanabisa.ru

	[User-Agent]
	(string) Mozilla/5.0 (Windows NT 5.1; rv:14.0) Gecko/20100101 Firefox/14.0.1

	[Accept]
	(string) text/html,application/xhtml+xml,application/xml;q=0.9,*/*;q=0.8

	[Accept-Language]
	(string) ru-ru,ru;q=0.8,en-us;q=0.5,en;q=0.3

	[Accept-Encoding]
	(string) gzip, deflate

	[Connection]
	(string) keep-alive

	[Referer]
	(string) http://www.google.ru/aclk?sa=L&ai=CZTmDPlAPUOO6Fo3c4ASB6oDQDPHXhcUCyY-BnTbQqLS1FAgAEAEoAlCAqYfxA2CEBcgBAakC2tewYj1DYD6qBB5P0J8MePj5hQKBMT56UTs2trrAEFqTjxB76xTkIYI&sig=AOD64_1tR4AwtTrmZCbnK4wQ3FAlJtkAAA&ved=0CFIQ0Qw&adurl=http://Semena-Kanabisa.ru&rct=j&q=%D0%BA%D0%B0%D0%BD%D0%B0%D0%B1%D0%B8%D1%81+%D0%B2%D1%8B%D1%80%D0%B0%D1%89%D0%B8%D0%B2%D0%B0%D0%BD%D0%B8%D0%B5

	[Cookie]
	(string) stat_id=0q1ffgnd0g1ndtfiivrt9mi4d0


[Response headers]
	[X-Powered-By]
	(string) PHP/5.3.6-13ubuntu3.6

	[Set-Cookie]
	(string) PHPSESSID=o3q95su55ovou3orcdj68149n2; path=/

	[Expires]
	(string) Thu, 19 Nov 1981 08:52:00 GMT

	[Cache-Control]
	(string) no-store, no-cache, must-revalidate, post-check=0, pre-check=0

	[Pragma]
	(string) no-cache

	[Status]
	(string) 500 Internal Server Error


[29.7801290]	<p>Произошла критическая ошибка. Скорее всего, потребуется участие разработчиков.  Подробности по ссылке <a title="" target="_blank" href="http://errors.umi-cms.ru/17000/">17000</a></p>
[30.9127500]	#0 /var/www/clients/client0/web1/web/classes/system/subsystems/selector/executor.php(34): mysqlConnection-&gt;query('SELECT DISTINCT...')
#1 /var/www/clients/client0/web1/web/classes/system/subsystems/selector/selector.php(109): selectorExecutor-&gt;result()
#2 /var/www/clients/client0/web1/web/classes/system/subsystems/selector/selector.php(153): selector-&gt;result()
#3 /var/www/clients/client0/web1/web/classes/system/subsystems/streams/usel/uselStream.php(27): selector-&gt;__get('result')
#4 [internal function]: uselStream-&gt;stream_open('usel://usel_car...', 'rb', 4, NULL)
#5 /var/www/clients/client0/web1/web/classes/system/subsystems/umiTemplaters/types/umiTemplaterXSLT.php(45): XSLTProcessor-&gt;transformToXml(Object(DOMDocument))
#6 /var/www/clients/client0/web1/web/libs/root-src/index.php(134): umiTemplaterXSLT-&gt;parse(Array, 'file:///var/www...')
#7 /var/www/clients/client0/web1/web/index.php(7): require('/var/www/client...')
#8 {main}
