[_SESSION]
	[starttime]
	(integer) 1339448873

	[http_referer]
	(NULL) 

	[http_target]
	(string) /seo/vbseocp.php/


[_GET]
	[path]
	(string) seo/vbseocp.php/


[Request headers]
	[TE]
	(string) deflate,gzip;q=0.3

	[Connection]
	(string) TE

	[Host]
	(string) semena-kanabisa.ru:80

	[User-Agent]
	(string) Internet Explorer 6.0


[Response headers]
	[X-Powered-By]
	(string) PHP/5.3.6-13ubuntu3.6

	[Set-Cookie]
	(string) PHPSESSID=gc5m1v5eob6vc1gnfo84ea2cl3; path=/

	[Expires]
	(string) Thu, 19 Nov 1981 08:52:00 GMT

	[Cache-Control]
	(string) no-store, no-cache, must-revalidate, post-check=0, pre-check=0

	[Pragma]
	(string) no-cache

	[Status]
	(string) 500 Internal Server Error


[0.0002339]	Class __custom_seo does not exist
[0.0011590]	#0 /var/www/clients/client0/web1/web/classes/modules/def_module.php(1058): ReflectionClass-&gt;__construct('__custom_seo')
#1 /var/www/clients/client0/web1/web/classes/system/subsystems/cmsController/cmsController.php(1125): def_module-&gt;isMethodExists('vbseocp.php')
#2 /var/www/clients/client0/web1/web/libs/root-src/index.php(73): cmsController-&gt;analyzePath()
#3 /var/www/clients/client0/web1/web/index.php(7): require('/var/www/client...')
#4 {main}
