[_COOKIE]
	[stat_id]
	(string) i059jddsjp5mbie1pq12enm5m0


[_SESSION]
	[starttime]
	(integer) 1343184390

	[http_referer]
	(string) http://growclub.org/

	[http_target]
	(string) /

	[user_id]
	(string) 298

	[is_admin]
	(array) ['']

	[_umi_opaf_disabled_html]
	(integer) 0


[_GET]
	[path]
	(string) 


[Request headers]
	[Accept]
	(string) */*

	[Referer]
	(string) http://growclub.org/

	[Accept-Language]
	(string) ru

	[User-Agent]
	(string) Mozilla/4.0 (compatible; MSIE 8.0; Windows NT 5.1; Trident/4.0; MRSPUTNIK 2, 4, 0, 516; MRA 5.10 (build 5309); .NET4.0C; InfoPath.2)

	[Accept-Encoding]
	(string) gzip, deflate

	[Host]
	(string) semena-kanabisa.ru

	[Connection]
	(string) Keep-Alive

	[Cookie]
	(string) stat_id=i059jddsjp5mbie1pq12enm5m0


[Response headers]
	[X-Powered-By]
	(string) PHP/5.3.6-13ubuntu3.6

	[Set-Cookie]
	(string) PHPSESSID=o8bqe594glt74sms6i48etbef5; path=/

	[Expires]
	(string) Thu, 19 Nov 1981 08:52:00 GMT

	[Cache-Control]
	(string) no-store, no-cache, must-revalidate, post-check=0, pre-check=0

	[Pragma]
	(string) no-cache

	[Status]
	(string) 500 Internal Server Error


[3.1878009]	<p>Произошла критическая ошибка. Скорее всего, потребуется участие разработчиков.  Подробности по ссылке <a title="" target="_blank" href="http://errors.umi-cms.ru/17000/">17000</a></p>
[4.8814430]	#0 /var/www/clients/client0/web1/web/libs/lib.php(111): mysqlConnection-&gt;query('SELECT cp.metho...', false)
#1 /var/www/clients/client0/web1/web/classes/system/subsystems/models/permissions/permissionsCollection.php(195): l_mysql_query('SELECT cp.metho...')
#2 /var/www/clients/client0/web1/web/libs/system.php(39): permissionsCollection-&gt;isAllowedMethod('298', 'emarket', 'cart')
#3 /var/www/clients/client0/web1/web/classes/system/subsystems/streams/udata/udataStream.php(92): system_is_allowed('emarket', 'cart')
#4 /var/www/clients/client0/web1/web/classes/system/subsystems/streams/udata/udataStream.php(15): udataStream-&gt;executeMacros(Array)
#5 [internal function]: udataStream-&gt;stream_open('udata://emarket...', 'rb', 4, NULL)
#6 /var/www/clients/client0/web1/web/classes/system/subsystems/umiTemplaters/types/umiTemplaterXSLT.php(45): XSLTProcessor-&gt;transformToXml(Object(DOMDocument))
#7 /var/www/clients/client0/web1/web/libs/root-src/index.php(134): umiTemplaterXSLT-&gt;parse(Array, 'file:///var/www...')
#8 /var/www/clients/client0/web1/web/index.php(7): require('/var/www/client...')
#9 {main}
