[_SESSION]
	[starttime]
	(integer) 1343186024

	[http_target]
	(string) /producers/dutch_passion/shaman/

	[user_id]
	(string) 298

	[is_admin]
	(array) ['']

	[_umi_opaf_disabled_html]
	(integer) 0


[_GET]
	[path]
	(string) producers/dutch_passion/shaman/


[Request headers]
	[User-agent]
	(string) Mozilla/5.0 (compatible; statdom.ru/Bot; +http://statdom.ru/bot.html)

	[Connection]
	(string) keep-alive Te

	[Accept]
	(string) text/html,application/xhtml+xml,application/xml;q=0.9,*/*;q=0.8

	[Te]
	(string) trailers

	[Accept-language]
	(string) ru-RU,ru;q=0.8,en-US;q=0.6,en;q=0.4

	[Accept-encoding]
	(string) gzip

	[Host]
	(string) semena-kanabisa.ru

	[Accept-charset]
	(string) utf-8;q=0.7,*;q=0.3

	[Referer]
	(string) http://semena-kanabisa.ru/


[Response headers]
	[X-Powered-By]
	(string) PHP/5.3.6-13ubuntu3.6

	[Set-Cookie]
	(string) PHPSESSID=7pf4fo6n77u42rqa6tcio2j6m2; path=/

	[Expires]
	(string) Thu, 19 Nov 1981 08:52:00 GMT

	[Cache-Control]
	(string) no-store, no-cache, must-revalidate, post-check=0, pre-check=0

	[Pragma]
	(string) no-cache

	[Status]
	(string) 500 Internal Server Error


[12.6549480]	<p>Произошла критическая ошибка. Скорее всего, потребуется участие разработчиков.  Подробности по ссылке <a title="" target="_blank" href="http://errors.umi-cms.ru/17000/">17000</a></p>
[15.8689220]	#0 /var/www/clients/client0/web1/web/libs/lib.php(111): mysqlConnection-&gt;query('SELECT  `id`, `...', false)
#1 /var/www/clients/client0/web1/web/classes/system/subsystems/models/hierarchy/umiHierarchyTypesCollection.php(120): l_mysql_query('SELECT  `id`, `...')
#2 /var/www/clients/client0/web1/web/classes/system/subsystems/models/hierarchy/umiHierarchyTypesCollection.php(9): umiHierarchyTypesCollection-&gt;loadTypes()
#3 /var/www/clients/client0/web1/web/classes/system/patterns/singletone.php(21): umiHierarchyTypesCollection-&gt;__construct()
#4 /var/www/clients/client0/web1/web/classes/system/subsystems/models/hierarchy/umiHierarchyTypesCollection.php(17): singleton::getInstance('umiHierarchyTyp...')
#5 /var/www/clients/client0/web1/web/classes/system/subsystems/cmsController/cmsController.php(1143): umiHierarchyTypesCollection::getInstance()
#6 /var/www/clients/client0/web1/web/libs/root-src/index.php(73): cmsController-&gt;analyzePath()
#7 /var/www/clients/client0/web1/web/index.php(7): require('/var/www/client...')
#8 {main}
