[_COOKIE]
	[stat_id]
	(string) 73cb5nee58i5cmocrji4ek2st5

	[PHPSESSID]
	(string) jck189ek0irumfehpfsm1tkov6

	[_ym_visorc]
	(string) w

	[acstate_active]
	(string) false

	[acstate_opened]
	(string) -1


[_SESSION]
	[starttime]
	(integer) 1338382834

	[http_target]
	(string) /producers/dutch_passion/

	[user_id]
	(string) 298

	[is_admin]
	(array) ['']

	[_umi_opaf_disabled_html]
	(integer) 0

	[old_logged_in_value]
	(boolean) 

	[stat]
	(array) ['', '73cb5nee58i5cmocrji4ek2st5', '20413', '34781', '4', '1', '124', '124']

	[3f7aa31fbd03018769578149576dadfc]
	(array) ['['catalog', 'category', '16']', '['catalog', 'object', '65']', '['catalog', 'object', '66']', '['catalog', 'object', '61']', '['catalog', 'object', '45']', '['catalog', 'object', '81']', '['catalog', 'object', '89']']

	[96e2be88c8cf66ca4c553a44b1986788]
	(array) ['['catalog', 'category', '350']', '['catalog', 'object', '351']', '['catalog', 'object', '353']', '['catalog', 'object', '354']', '['catalog', 'object', '356']', '['catalog', 'object', '358']', '['catalog', 'object', '359']']

	[794a6f4fa9b98d257aa3fc2f40421233]
	(array) ['['catalog', 'category', '307']', '['catalog', 'object', '308']', '['catalog', 'object', '309']', '['catalog', 'object', '321']', '['catalog', 'object', '393']']

	[http_referer]
	(NULL) 


[_GET]
	[path]
	(string) 


[Request headers]
	[User-Agent]
	(string) Opera/9.80 (Windows NT 6.1; U; ru) Presto/2.10.229 Version/11.64

	[Host]
	(string) semena-kanabisa.ru

	[Accept]
	(string) text/html, application/xml;q=0.9, application/xhtml+xml, image/png, image/webp, image/jpeg, image/gif, image/x-xbitmap, */*;q=0.1

	[Accept-Language]
	(string) ru-RU,ru;q=0.9,en;q=0.8

	[Accept-Encoding]
	(string) gzip, deflate

	[Cookie]
	(string) stat_id=73cb5nee58i5cmocrji4ek2st5; PHPSESSID=jck189ek0irumfehpfsm1tkov6; _ym_visorc=w; acstate_active=false; acstate_opened=-1

	[Connection]
	(string) Keep-Alive


[Response headers]
	[X-Powered-By]
	(string) PHP/5.3.6-13ubuntu3.6

	[Expires]
	(string) Thu, 19 Nov 1981 08:52:00 GMT

	[Cache-Control]
	(string) no-store, no-cache, must-revalidate, post-check=0, pre-check=0

	[Pragma]
	(string) no-cache

	[Status]
	(string) 500 Internal Server Error


[0.0854650]	<p>Произошла критическая ошибка. Скорее всего, потребуется участие разработчиков.  Подробности по ссылке <a title="" target="_blank" href="http://errors.umi-cms.ru/17000/">17000</a></p>
[0.0855010]	#0 /var/www/clients/client0/web1/web/libs/lib.php(111): mysqlConnection-&gt;query('SELECT BIT_OR(c...', false)
#1 /var/www/clients/client0/web1/web/classes/system/subsystems/models/permissions/permissionsCollection.php(245): l_mysql_query('SELECT BIT_OR(c...')
#2 /var/www/clients/client0/web1/web/classes/system/subsystems/models/hierarchy/umiHierarchy.php(1281): permissionsCollection-&gt;isAllowedObject('298', 46)
#3 /var/www/clients/client0/web1/web/classes/system/subsystems/models/hierarchy/umiHierarchy.php(107): umiHierarchy-&gt;isAllowed(46)
#4 /var/www/clients/client0/web1/web/classes/system/subsystems/streams/upage/upageStream.php(12): umiHierarchy-&gt;getElement(46)
#5 [internal function]: upageStream-&gt;stream_open('upage://46', 'rb', 4, NULL)
#6 /var/www/clients/client0/web1/web/classes/system/subsystems/umiTemplaters/types/umiTemplaterXSLT.php(45): XSLTProcessor-&gt;transformToXml(Object(DOMDocument))
#7 /var/www/clients/client0/web1/web/libs/root-src/index.php(134): umiTemplaterXSLT-&gt;parse(Array, 'file:///var/www...')
#8 /var/www/clients/client0/web1/web/index.php(7): require('/var/www/client...')
#9 {main}
