[_COOKIE]
	[stat_id]
	(string) cqvlt6qnbhqkrhebv0vlui8kk0

	[user_captcha]
	(string) 1322

	[customer-id]
	(string) 28626


[_SESSION]
	[starttime]
	(integer) 1343165083

	[http_referer]
	(string) http://go.mail.ru/search?mailru=1&iewtf=%E2%98%A0&q=%D1%81%D0%B5%D0%BC%D1%8F%D0%BD%D1%8B%D1%87+%D0%BC%D0%B0%D0%B3%D0%B0%D0%B7%D0%B8%D0%BD+%D1%81%D0%B5%D0%BC%D1%8F%D0%BD&us=4

	[http_target]
	(string) /

	[user_id]
	(string) 298

	[is_admin]
	(array) ['']

	[_umi_opaf_disabled_html]
	(integer) 0


[_GET]
	[path]
	(string) 


[Request headers]
	[Accept]
	(string) text/html, application/xhtml+xml, */*

	[Referer]
	(string) http://go.mail.ru/search?mailru=1&iewtf=%E2%98%A0&q=%D1%81%D0%B5%D0%BC%D1%8F%D0%BD%D1%8B%D1%87+%D0%BC%D0%B0%D0%B3%D0%B0%D0%B7%D0%B8%D0%BD+%D1%81%D0%B5%D0%BC%D1%8F%D0%BD&us=4

	[Accept-Language]
	(string) ru-RU

	[User-Agent]
	(string) Mozilla/5.0 (compatible; MSIE 9.0; Windows NT 6.1; Trident/5.0)

	[Accept-Encoding]
	(string) gzip, deflate

	[Host]
	(string) semena-kanabisa.ru

	[Connection]
	(string) Keep-Alive

	[Cookie]
	(string) stat_id=cqvlt6qnbhqkrhebv0vlui8kk0; user_captcha=1322; customer-id=28626


[Response headers]
	[X-Powered-By]
	(string) PHP/5.3.6-13ubuntu3.6

	[Set-Cookie]
	(string) customer-id=28626; expires=Fri, 24-Aug-2012 22:15:25 GMT; path=/

	[Expires]
	(string) Thu, 19 Nov 1981 08:52:00 GMT

	[Cache-Control]
	(string) no-store, no-cache, must-revalidate, post-check=0, pre-check=0

	[Pragma]
	(string) no-cache

	[Status]
	(string) 500 Internal Server Error


[5.1100171]	<p>Произошла критическая ошибка. Скорее всего, потребуется участие разработчиков.  Подробности по ссылке <a title="" target="_blank" href="http://errors.umi-cms.ru/17000/">17000</a></p>
[32.1973631]	#0 /var/www/clients/client0/web1/web/libs/lib.php(111): mysqlConnection-&gt;query('SELECT BIT_OR(c...', false)
#1 /var/www/clients/client0/web1/web/classes/system/subsystems/models/permissions/permissionsCollection.php(245): l_mysql_query('SELECT BIT_OR(c...')
#2 /var/www/clients/client0/web1/web/classes/system/subsystems/models/hierarchy/umiHierarchy.php(1281): permissionsCollection-&gt;isAllowedObject('298', 331)
#3 /var/www/clients/client0/web1/web/classes/system/subsystems/models/hierarchy/umiHierarchy.php(107): umiHierarchy-&gt;isAllowed(331)
#4 /var/www/clients/client0/web1/web/classes/system/subsystems/streams/upage/upageStream.php(12): umiHierarchy-&gt;getElement(331)
#5 [internal function]: upageStream-&gt;stream_open('upage://331', 'rb', 4, NULL)
#6 /var/www/clients/client0/web1/web/classes/system/subsystems/umiTemplaters/types/umiTemplaterXSLT.php(45): XSLTProcessor-&gt;transformToXml(Object(DOMDocument))
#7 /var/www/clients/client0/web1/web/libs/root-src/index.php(134): umiTemplaterXSLT-&gt;parse(Array, 'file:///var/www...')
#8 /var/www/clients/client0/web1/web/index.php(7): require('/var/www/client...')
#9 {main}
