[_COOKIE]
	[stat_id]
	(string) cqvlt6qnbhqkrhebv0vlui8kk0

	[user_captcha]
	(string) 1322

	[customer-id]
	(string) 28626


[_SESSION]
	[starttime]
	(integer) 1343165630

	[http_referer]
	(string) http://go.mail.ru/search?q=%D1%81%D0%B5%D0%BC%D1%8F%D0%BD%D1%8B%D1%87+%D0%BC%D0%B0%D0%B3%D0%B0%D0%B7%D0%B8%D0%BD

	[http_target]
	(string) /

	[user_id]
	(string) 298

	[is_admin]
	(array) ['']

	[_umi_opaf_disabled_html]
	(integer) 0


[_GET]
	[path]
	(string) 


[Request headers]
	[Accept]
	(string) text/html, application/xhtml+xml, */*

	[Referer]
	(string) http://go.mail.ru/search?q=%D1%81%D0%B5%D0%BC%D1%8F%D0%BD%D1%8B%D1%87+%D0%BC%D0%B0%D0%B3%D0%B0%D0%B7%D0%B8%D0%BD

	[Accept-Language]
	(string) ru-RU

	[User-Agent]
	(string) Mozilla/5.0 (compatible; MSIE 9.0; Windows NT 6.1; Trident/5.0)

	[Accept-Encoding]
	(string) gzip, deflate

	[Host]
	(string) semena-kanabisa.ru

	[Connection]
	(string) Keep-Alive

	[Cookie]
	(string) stat_id=cqvlt6qnbhqkrhebv0vlui8kk0; user_captcha=1322; customer-id=28626


[Response headers]
	[X-Powered-By]
	(string) PHP/5.3.6-13ubuntu3.6

	[Set-Cookie]
	(string) customer-id=28626; expires=Fri, 24-Aug-2012 22:19:19 GMT; path=/

	[Expires]
	(string) Thu, 19 Nov 1981 08:52:00 GMT

	[Cache-Control]
	(string) no-store, no-cache, must-revalidate, post-check=0, pre-check=0

	[Pragma]
	(string) no-cache

	[Status]
	(string) 500 Internal Server Error


[35.1971340]	<p>Произошла критическая ошибка. Скорее всего, потребуется участие разработчиков.  Подробности по ссылке <a title="" target="_blank" href="http://errors.umi-cms.ru/17000/">17000</a></p>
[35.5618989]	#0 /var/www/clients/client0/web1/web/libs/lib.php(111): mysqlConnection-&gt;query('SELECT field_id...', false)
#1 /var/www/clients/client0/web1/web/classes/system/subsystems/models/data/umiObjectProperty.php(340): l_mysql_query('SELECT field_id...')
#2 /var/www/clients/client0/web1/web/classes/system/subsystems/models/data/properties/umiObjectPropertyString.php(14): umiObjectProperty-&gt;getPropData()
#3 /var/www/clients/client0/web1/web/classes/system/subsystems/models/data/umiObjectProperty.php(188): umiObjectPropertyString-&gt;loadValue()
#4 /var/www/clients/client0/web1/web/classes/system/subsystems/models/data/umiObjectProperty.php(32): umiObjectProperty-&gt;loadInfo()
#5 /var/www/clients/client0/web1/web/classes/system/subsystems/models/data/umiObjectProperty.php(44): umiObjectProperty-&gt;__construct(570, 55, 116)
#6 /var/www/clients/client0/web1/web/classes/system/subsystems/models/data/umiObject.php(275): umiObjectProperty::getProperty(570, 55, 116)
#7 /var/www/clients/client0/web1/web/classes/system/utils/translators/wrappers/umiFieldsGroupWrapper.php(24): umiObject-&gt;getPropByName('title')
#8 /var/www/clients/client0/web1/web/classes/system/utils/translators/wrappers/umiHierarchyElementWrapper.php(168): umiFieldsGroupWrapper-&gt;translateProperties(Object(umiFieldsGroup), Object(umiObject))
#9 /var/www/clients/client0/web1/web/classes/system/utils/translators/wrappers/umiHierarchyElementWrapper.php(4): umiHierarchyElementWrapper-&gt;translateData(Object(umiHierarchyElement))
#10 /var/www/clients/client0/web1/web/classes/system/utils/translators/xmlTranslator.php(37): umiHierarchyElementWrapper-&gt;translate(Object(umiHierarchyElement))
#11 /var/www/clients/client0/web1/web/classes/system/utils/translators/xmlTranslator.php(97): xmlTranslator-&gt;chooseTranslator(Object(DOMElement), Object(umiHierarchyElement), true)
#12 /var/www/clients/client0/web1/web/classes/system/utils/translators/xmlTranslator.php(29): xmlTranslator-&gt;translateArray(Object(DOMElement), Array)
#13 /var/www/clients/client0/web1/web/classes/system/utils/translators/xmlTranslator.php(22): xmlTranslator-&gt;chooseTranslator(Object(DOMElement), Array)
#14 /var/www/clients/client0/web1/web/classes/system/subsystems/streams/umiBaseStream.php(201): xmlTranslator-&gt;translateToXml(Object(DOMElement), Array)
#15 /var/www/clients/client0/web1/web/classes/system/subsystems/streams/upage/upageStream.php(74): umiBaseStream-&gt;translateToXml(Array)
#16 /var/www/clients/client0/web1/web/classes/system/subsystems/streams/upage/upageStream.php(21): upageStream-&gt;translateToXml(Object(umiHierarchyElement))
#17 [internal function]: upageStream-&gt;stream_open('upage://227', 'rb', 4, NULL)
#18 /var/www/clients/client0/web1/web/classes/system/subsystems/umiTemplaters/types/umiTemplaterXSLT.php(45): XSLTProcessor-&gt;transformToXml(Object(DOMDocument))
#19 /var/www/clients/client0/web1/web/libs/root-src/index.php(134): umiTemplaterXSLT-&gt;parse(Array, 'file:///var/www...')
#20 /var/www/clients/client0/web1/web/index.php(7): require('/var/www/client...')
#21 {main}
