[_SESSION]
	[starttime]
	(integer) 1343166437

	[http_referer]
	(string) http://www.google.ru/aclk?sa=L&ai=CokXYARQPULyPFeXf4ASfxIHgDPHXhcUCyY-BnTbJi6H7GQgAEAEgv-CwA1CAqYfxA2CEhYCApB7IAQGpAj2GMf0iS2A-qgQfT9BEfwcZuRJBYwe6Sm17f3zxnMUgjHI9KYMwUgbetYAFkE4&sig=AOD64_3UfC8MWkdAWuzEbszPDS03G9mIgA&ved=0CFkQ0Qw&adurl=http://Semena-Kanabisa.ru&rct=j&q=%D0%BC%D0%B0%D1%80%D0%B8%D1%85%D1%83%D0%B0%D0%BD%D1%83%20%D0%BA%D1%83%D0%BF%D0%B8%D1%82%D1%8C%20%D1%81%D0%BF%D0%B1&cad=rjt

	[http_target]
	(string) /

	[user_id]
	(string) 298

	[is_admin]
	(array) ['']

	[_umi_opaf_disabled_html]
	(integer) 0


[_GET]
	[path]
	(string) 


[Request headers]
	[User-Agent]
	(string) Opera/9.80 (Windows NT 6.1; U; ru) Presto/2.10.229 Version/11.61

	[Host]
	(string) semena-kanabisa.ru

	[Accept]
	(string) text/html, application/xml;q=0.9, application/xhtml+xml, image/png, image/webp, image/jpeg, image/gif, image/x-xbitmap, */*;q=0.1

	[Accept-Language]
	(string) ru-RU,ru;q=0.9,en;q=0.8

	[Accept-Encoding]
	(string) gzip, deflate

	[Referer]
	(string) http://www.google.ru/aclk?sa=L&ai=CokXYARQPULyPFeXf4ASfxIHgDPHXhcUCyY-BnTbJi6H7GQgAEAEgv-CwA1CAqYfxA2CEhYCApB7IAQGpAj2GMf0iS2A-qgQfT9BEfwcZuRJBYwe6Sm17f3zxnMUgjHI9KYMwUgbetYAFkE4&sig=AOD64_3UfC8MWkdAWuzEbszPDS03G9mIgA&ved=0CFkQ0Qw&adurl=http://Semena-Kanabisa.ru&rct=j&q=%D0%BC%D0%B0%D1%80%D0%B8%D1%85%D1%83%D0%B0%D0%BD%D1%83%20%D0%BA%D1%83%D0%BF%D0%B8%D1%82%D1%8C%20%D1%81%D0%BF%D0%B1&cad=rjt

	[Connection]
	(string) Keep-Alive


[Response headers]
	[X-Powered-By]
	(string) PHP/5.3.6-13ubuntu3.6

	[Set-Cookie]
	(string) PHPSESSID=m5396uqvgu67r78f7t63e4uci4; path=/

	[Expires]
	(string) Thu, 19 Nov 1981 08:52:00 GMT

	[Cache-Control]
	(string) no-store, no-cache, must-revalidate, post-check=0, pre-check=0

	[Pragma]
	(string) no-cache

	[Status]
	(string) 500 Internal Server Error


[1.8423929]	<p>Произошла критическая ошибка. Скорее всего, потребуется участие разработчиков.  Подробности по ссылке <a title="" target="_blank" href="http://errors.umi-cms.ru/17000/">17000</a></p>
[3.1293988]	#0 /var/www/clients/client0/web1/web/libs/lib.php(111): mysqlConnection-&gt;query('SELECT BIT_OR(c...', false)
#1 /var/www/clients/client0/web1/web/classes/system/subsystems/models/permissions/permissionsCollection.php(245): l_mysql_query('SELECT BIT_OR(c...')
#2 /var/www/clients/client0/web1/web/classes/system/subsystems/models/hierarchy/umiHierarchy.php(1281): permissionsCollection-&gt;isAllowedObject('298', 364)
#3 /var/www/clients/client0/web1/web/classes/system/subsystems/models/hierarchy/umiHierarchy.php(107): umiHierarchy-&gt;isAllowed(364)
#4 /var/www/clients/client0/web1/web/classes/system/subsystems/streams/upage/upageStream.php(12): umiHierarchy-&gt;getElement(364)
#5 [internal function]: upageStream-&gt;stream_open('upage://364', 'rb', 4, NULL)
#6 /var/www/clients/client0/web1/web/classes/system/subsystems/umiTemplaters/types/umiTemplaterXSLT.php(45): XSLTProcessor-&gt;transformToXml(Object(DOMDocument))
#7 /var/www/clients/client0/web1/web/libs/root-src/index.php(134): umiTemplaterXSLT-&gt;parse(Array, 'file:///var/www...')
#8 /var/www/clients/client0/web1/web/index.php(7): require('/var/www/client...')
#9 {main}
