[_COOKIE]
	[stat_id]
	(string) ge9s88kcvv2r9rin8p6l5812b5

	[__utma]
	(string) 129329806.337151219.1343158687.1343158687.1343158687.1

	[__utmz]
	(string) 129329806.1343158687.1.1.utmcsr=yandex|utmccn=(organic)|utmcmd=organic|utmctr=семена канабиса


[_SESSION]
	[starttime]
	(integer) 1343165504

	[http_referer]
	(string) http://yandex.ru/yandsearch?text=%D1%81%D0%B5%D0%BC%D0%B5%D0%BD%D0%B0+%D0%BA%D0%B0%D0%BD%D0%B0%D0%B1%D0%B8%D1%81%D0%B0&lr=11147

	[http_target]
	(string) /

	[user_id]
	(string) 298

	[is_admin]
	(array) ['']

	[_umi_opaf_disabled_html]
	(integer) 0


[_GET]
	[path]
	(string) 


[Request headers]
	[Host]
	(string) semena-kanabisa.ru

	[Connection]
	(string) keep-alive

	[User-Agent]
	(string) Mozilla/5.0 (Windows NT 5.1) AppleWebKit/535.19 (KHTML, like Gecko) Chrome/18.0.1025.1634 Safari/535.19 YI

	[Accept]
	(string) text/html,application/xhtml+xml,application/xml;q=0.9,*/*;q=0.8

	[Referer]
	(string) http://yandex.ru/yandsearch?text=%D1%81%D0%B5%D0%BC%D0%B5%D0%BD%D0%B0+%D0%BA%D0%B0%D0%BD%D0%B0%D0%B1%D0%B8%D1%81%D0%B0&lr=11147

	[Accept-Encoding]
	(string) gzip,deflate,sdch

	[Accept-Language]
	(string) ru-RU,ru;q=0.8,en-US;q=0.6,en;q=0.4

	[Accept-Charset]
	(string) windows-1251,utf-8;q=0.7,*;q=0.3

	[Cookie]
	(string) stat_id=ge9s88kcvv2r9rin8p6l5812b5; __utma=129329806.337151219.1343158687.1343158687.1343158687.1; __utmz=129329806.1343158687.1.1.utmcsr=yandex|utmccn=(organic)|utmcmd=organic|utmctr=%D1%81%D0%B5%D0%BC%D0%B5%D0%BD%D0%B0%20%D0%BA%D0%B0%D0%BD%D0%B0%D0%B1%D0%B8%D1%81%D0%B0


[Response headers]
	[X-Powered-By]
	(string) PHP/5.3.6-13ubuntu3.6

	[Set-Cookie]
	(string) PHPSESSID=j76q2u79cpe3s2pnic3g9gg8p1; path=/

	[Expires]
	(string) Thu, 19 Nov 1981 08:52:00 GMT

	[Cache-Control]
	(string) no-store, no-cache, must-revalidate, post-check=0, pre-check=0

	[Pragma]
	(string) no-cache

	[Status]
	(string) 500 Internal Server Error


[37.2456069]	<p>Произошла критическая ошибка. Скорее всего, потребуется участие разработчиков.  Подробности по ссылке <a title="" target="_blank" href="http://errors.umi-cms.ru/17000/">17000</a></p>
[38.9515650]	#0 /var/www/clients/client0/web1/web/libs/lib.php(111): mysqlConnection-&gt;query('SELECT BIT_OR(c...', false)
#1 /var/www/clients/client0/web1/web/classes/system/subsystems/models/permissions/permissionsCollection.php(245): l_mysql_query('SELECT BIT_OR(c...')
#2 /var/www/clients/client0/web1/web/classes/system/subsystems/models/hierarchy/umiHierarchy.php(1281): permissionsCollection-&gt;isAllowedObject('298', 61)
#3 /var/www/clients/client0/web1/web/classes/system/subsystems/models/hierarchy/umiHierarchy.php(107): umiHierarchy-&gt;isAllowed(61)
#4 /var/www/clients/client0/web1/web/classes/system/subsystems/streams/upage/upageStream.php(12): umiHierarchy-&gt;getElement(61)
#5 [internal function]: upageStream-&gt;stream_open('upage://61', 'rb', 4, NULL)
#6 /var/www/clients/client0/web1/web/classes/system/subsystems/umiTemplaters/types/umiTemplaterXSLT.php(45): XSLTProcessor-&gt;transformToXml(Object(DOMDocument))
#7 /var/www/clients/client0/web1/web/libs/root-src/index.php(134): umiTemplaterXSLT-&gt;parse(Array, 'file:///var/www...')
#8 /var/www/clients/client0/web1/web/index.php(7): require('/var/www/client...')
#9 {main}
