[_COOKIE]
	[stat_id]
	(string) ds75upbo62mil0o9dmhut5l5m7


[_SESSION]
	[starttime]
	(integer) 1343173966

	[http_referer]
	(string) http://yandex.ru/msearch?domredir=1&p=1&text=%D0%B1%D0%B5%D1%81%D0%BF%D0%BB%D0%B0%D1%82%D0%BD%D1%8B%D0%B5%20%D1%81%D0%B5%D0%BC%D0%B5%D0%BD%D0%B0%20%D0%BA%D0%BE%D0%BD%D0%BE%D0%BF%D0%BB%D0%B8&clid=39091&s=all&lr=213

	[http_target]
	(string) /

	[user_id]
	(string) 298

	[is_admin]
	(array) ['']

	[_umi_opaf_disabled_html]
	(integer) 0


[_GET]
	[path]
	(string) 


[Request headers]
	[User-Agent]
	(string) Opera/9.80 (Series 60; Opera Mini/6.1.26266/28.2144; U; ru) Presto/2.8.119 Version/11.10

	[Host]
	(string) semena-kanabisa.ru

	[Accept]
	(string) text/html, application/xml;q=0.9, application/xhtml+xml, image/png, image/webp, image/jpeg, image/gif, image/x-xbitmap, */*;q=0.1

	[Accept-Language]
	(string) ru,en;q=0.9

	[Accept-Encoding]
	(string) gzip, deflate

	[Referer]
	(string) http://yandex.ru/msearch?domredir=1&p=1&text=%D0%B1%D0%B5%D1%81%D0%BF%D0%BB%D0%B0%D1%82%D0%BD%D1%8B%D0%B5%20%D1%81%D0%B5%D0%BC%D0%B5%D0%BD%D0%B0%20%D0%BA%D0%BE%D0%BD%D0%BE%D0%BF%D0%BB%D0%B8&clid=39091&s=all&lr=213

	[Cookie]
	(string) stat_id=ds75upbo62mil0o9dmhut5l5m7

	[Connection]
	(string) Keep-Alive

	[X-OperaMini-Features]
	(string) advanced, download, file_system, folding, routing

	[X-OperaMini-Phone]
	(string) Nokia # E52

	[X-OperaMini-Phone-UA]
	(string) Mozilla/5.0 (SymbianOS/9.3; Series60/3.2 NokiaE52-1/054.003; Profile/MIDP-2.1 Configuration/CLDC-1.1 ) AppleWebKit/525 (KHTML, like Gecko) Version/3.0 BrowserNG/7.2.6.2

	[x-forwarded-for]
	(string) 213.87.140.69


[Response headers]
	[X-Powered-By]
	(string) PHP/5.3.6-13ubuntu3.6

	[Set-Cookie]
	(string) PHPSESSID=q965sqmrag3b5uu9vsl1uh9664; path=/

	[Expires]
	(string) Thu, 19 Nov 1981 08:52:00 GMT

	[Cache-Control]
	(string) no-store, no-cache, must-revalidate, post-check=0, pre-check=0

	[Pragma]
	(string) no-cache

	[Status]
	(string) 500 Internal Server Error


[25.0491390]	<p>Произошла критическая ошибка. Скорее всего, потребуется участие разработчиков.  Подробности по ссылке <a title="" target="_blank" href="http://errors.umi-cms.ru/17000/">17000</a></p>
[26.4174430]	#0 /var/www/clients/client0/web1/web/libs/lib.php(111): mysqlConnection-&gt;query('SELECT BIT_OR(c...', false)
#1 /var/www/clients/client0/web1/web/classes/system/subsystems/models/permissions/permissionsCollection.php(245): l_mysql_query('SELECT BIT_OR(c...')
#2 /var/www/clients/client0/web1/web/classes/system/subsystems/models/hierarchy/umiHierarchy.php(1281): permissionsCollection-&gt;isAllowedObject('298', 227)
#3 /var/www/clients/client0/web1/web/classes/system/subsystems/models/hierarchy/umiHierarchy.php(107): umiHierarchy-&gt;isAllowed(227)
#4 /var/www/clients/client0/web1/web/classes/system/subsystems/streams/upage/upageStream.php(12): umiHierarchy-&gt;getElement(227)
#5 [internal function]: upageStream-&gt;stream_open('upage://227', 'rb', 4, NULL)
#6 /var/www/clients/client0/web1/web/classes/system/subsystems/umiTemplaters/types/umiTemplaterXSLT.php(45): XSLTProcessor-&gt;transformToXml(Object(DOMDocument))
#7 /var/www/clients/client0/web1/web/libs/root-src/index.php(134): umiTemplaterXSLT-&gt;parse(Array, 'file:///var/www...')
#8 /var/www/clients/client0/web1/web/index.php(7): require('/var/www/client...')
#9 {main}
