[_SESSION]
	[starttime]
	(integer) 1343173195

	[http_referer]
	(string) http://www.google.ru/search?q=%D0%B0%D0%BD%D0%B0%D1%88%D0%B0+%D0%B2+%D1%80%D0%BE%D1%81%D1%81%D0%B8%D0%B8+%D1%86%D0%B5%D0%BD%D1%8B&hl=az-RU&gbv=2

	[http_target]
	(string) /

	[user_id]
	(string) 298

	[is_admin]
	(array) ['']

	[_umi_opaf_disabled_html]
	(integer) 0


[_GET]
	[path]
	(string) 


[Request headers]
	[Accept]
	(string) */*

	[Referer]
	(string) http://www.google.ru/search?q=%D0%B0%D0%BD%D0%B0%D1%88%D0%B0+%D0%B2+%D1%80%D0%BE%D1%81%D1%81%D0%B8%D0%B8+%D1%86%D0%B5%D0%BD%D1%8B&hl=az-RU&gbv=2

	[Accept-Language]
	(string) az

	[Accept-Encoding]
	(string) gzip, deflate

	[User-Agent]
	(string) Mozilla/4.0 (compatible; MSIE 6.0; Windows NT 5.1; SV1; .NET CLR 2.0.50727; .NET CLR 3.0.04506.30; .NET CLR 3.0.4506.2152; .NET CLR 3.5.30729; AskTbPTV/5.15.4.23821)

	[Host]
	(string) semena-kanabisa.ru

	[Connection]
	(string) Keep-Alive


[Response headers]
	[X-Powered-By]
	(string) PHP/5.3.6-13ubuntu3.6

	[Set-Cookie]
	(string) PHPSESSID=hq1761hoc1a8eq0tinm4qpt503; path=/

	[Expires]
	(string) Thu, 19 Nov 1981 08:52:00 GMT

	[Cache-Control]
	(string) no-store, no-cache, must-revalidate, post-check=0, pre-check=0

	[Pragma]
	(string) no-cache

	[Status]
	(string) 500 Internal Server Error


[48.1513491]	<p>Произошла критическая ошибка. Скорее всего, потребуется участие разработчиков.  Подробности по ссылке <a title="" target="_blank" href="http://errors.umi-cms.ru/17000/">17000</a></p>
[49.8751981]	#0 /var/www/clients/client0/web1/web/libs/lib.php(111): mysqlConnection-&gt;query('SELECT BIT_OR(c...', false)
#1 /var/www/clients/client0/web1/web/classes/system/subsystems/models/permissions/permissionsCollection.php(245): l_mysql_query('SELECT BIT_OR(c...')
#2 /var/www/clients/client0/web1/web/classes/system/subsystems/models/hierarchy/umiHierarchy.php(1281): permissionsCollection-&gt;isAllowedObject('298', 54)
#3 /var/www/clients/client0/web1/web/classes/system/subsystems/models/hierarchy/umiHierarchy.php(107): umiHierarchy-&gt;isAllowed(54)
#4 /var/www/clients/client0/web1/web/classes/system/subsystems/streams/upage/upageStream.php(12): umiHierarchy-&gt;getElement(54)
#5 [internal function]: upageStream-&gt;stream_open('upage://54', 'rb', 4, NULL)
#6 /var/www/clients/client0/web1/web/classes/system/subsystems/umiTemplaters/types/umiTemplaterXSLT.php(45): XSLTProcessor-&gt;transformToXml(Object(DOMDocument))
#7 /var/www/clients/client0/web1/web/libs/root-src/index.php(134): umiTemplaterXSLT-&gt;parse(Array, 'file:///var/www...')
#8 /var/www/clients/client0/web1/web/index.php(7): require('/var/www/client...')
#9 {main}
