[_SESSION]
	[starttime]
	(integer) 1343166690

	[http_referer]
	(string) http://www.google.ru/aclk?sa=L&ai=CTNNRuhQPUIy5DYW8hAfL54GYDPHXhcUCyY-BnTbhyJzyAggAEAEoA1CAqYfxA2CEhYCA6B3IAQGpAj2GMf0iS2A-qgQaT9DmQ424nZP0NnAAdmpi4uB3C0SBwt1GoSU&sig=AOD64_3Gw0KT3328a9fXo8l1aXc1B-J7aw&ved=0CFoQ0Qw&adurl=http://Semena-Kanabisa.ru&rct=j&q=%D1%81%D0%B5%D0%BC%D0%B5%D0%BD%D0%B0%20%D0%BA%D0%BE%D0%BD%D0%BE%D0%BF%D0%BB%D0%B8&cad=rjt

	[http_target]
	(string) /

	[user_id]
	(string) 298

	[is_admin]
	(array) ['']

	[_umi_opaf_disabled_html]
	(integer) 0


[_GET]
	[path]
	(string) 


[Request headers]
	[Host]
	(string) semena-kanabisa.ru

	[Connection]
	(string) keep-alive

	[User-Agent]
	(string) Mozilla/5.0 (Windows NT 6.1; WOW64) AppleWebKit/536.11 (KHTML, like Gecko) Chrome/20.0.1132.57 Safari/536.11

	[Accept]
	(string) text/html,application/xhtml+xml,application/xml;q=0.9,*/*;q=0.8

	[Referer]
	(string) http://www.google.ru/aclk?sa=L&ai=CTNNRuhQPUIy5DYW8hAfL54GYDPHXhcUCyY-BnTbhyJzyAggAEAEoA1CAqYfxA2CEhYCA6B3IAQGpAj2GMf0iS2A-qgQaT9DmQ424nZP0NnAAdmpi4uB3C0SBwt1GoSU&sig=AOD64_3Gw0KT3328a9fXo8l1aXc1B-J7aw&ved=0CFoQ0Qw&adurl=http://Semena-Kanabisa.ru&rct=j&q=%D1%81%D0%B5%D0%BC%D0%B5%D0%BD%D0%B0%20%D0%BA%D0%BE%D0%BD%D0%BE%D0%BF%D0%BB%D0%B8&cad=rjt

	[Accept-Encoding]
	(string) gzip,deflate,sdch

	[Accept-Language]
	(string) ru-RU,ru;q=0.8,en-US;q=0.6,en;q=0.4

	[Accept-Charset]
	(string) windows-1251,utf-8;q=0.7,*;q=0.3


[Response headers]
	[X-Powered-By]
	(string) PHP/5.3.6-13ubuntu3.6

	[Set-Cookie]
	(string) PHPSESSID=790hqou8ue3snc2tbj6tb4i995; path=/

	[Expires]
	(string) Thu, 19 Nov 1981 08:52:00 GMT

	[Cache-Control]
	(string) no-store, no-cache, must-revalidate, post-check=0, pre-check=0

	[Pragma]
	(string) no-cache

	[Status]
	(string) 500 Internal Server Error


[2.8955250]	<p>Произошла критическая ошибка. Скорее всего, потребуется участие разработчиков.  Подробности по ссылке <a title="" target="_blank" href="http://errors.umi-cms.ru/17000/">17000</a></p>
[3.8397131]	#0 /var/www/clients/client0/web1/web/libs/lib.php(111): mysqlConnection-&gt;query('SELECT BIT_OR(c...', false)
#1 /var/www/clients/client0/web1/web/classes/system/subsystems/models/permissions/permissionsCollection.php(245): l_mysql_query('SELECT BIT_OR(c...')
#2 /var/www/clients/client0/web1/web/classes/system/subsystems/models/hierarchy/umiHierarchy.php(1281): permissionsCollection-&gt;isAllowedObject('298', 61)
#3 /var/www/clients/client0/web1/web/classes/system/subsystems/models/hierarchy/umiHierarchy.php(107): umiHierarchy-&gt;isAllowed(61)
#4 /var/www/clients/client0/web1/web/classes/system/subsystems/streams/upage/upageStream.php(12): umiHierarchy-&gt;getElement(61)
#5 [internal function]: upageStream-&gt;stream_open('upage://61', 'rb', 4, NULL)
#6 /var/www/clients/client0/web1/web/classes/system/subsystems/umiTemplaters/types/umiTemplaterXSLT.php(45): XSLTProcessor-&gt;transformToXml(Object(DOMDocument))
#7 /var/www/clients/client0/web1/web/libs/root-src/index.php(134): umiTemplaterXSLT-&gt;parse(Array, 'file:///var/www...')
#8 /var/www/clients/client0/web1/web/index.php(7): require('/var/www/client...')
#9 {main}
