[_COOKIE]
	[user_captcha]
	(string) 2442

	[stat_id]
	(string) l75umg883msnif6qh0mca1s896


[_SESSION]
	[starttime]
	(integer) 1343171794

	[http_target]
	(string) /


[_GET]
	[path]
	(string) 


[Request headers]
	[Host]
	(string) semena-kanabisa.ru

	[Connection]
	(string) keep-alive

	[User-Agent]
	(string) Mozilla/5.0 (Windows NT 5.1) AppleWebKit/536.11 (KHTML, like Gecko) Chrome/20.0.1132.57 Safari/536.11

	[Accept]
	(string) text/html,application/xhtml+xml,application/xml;q=0.9,*/*;q=0.8

	[Referer]
	(string) http://www.google.ru/url?sa=t&rct=j&q=http%3A%2F%2Fsemena-kanabisa.ru%2F&source=web&cd=1&ved=0CFgQFjAA&url=http%3A%2F%2Fsemena-kanabisa.ru%2F&ei=UioPUNiONoK2hAegpYCADw&usg=AFQjCNGEl-XwpiTrZPhKDkmhHYcFfYyd8w&cad=rjt

	[Accept-Encoding]
	(string) gzip,deflate,sdch

	[Accept-Language]
	(string) ru-RU,ru;q=0.8,en-US;q=0.6,en;q=0.4

	[Accept-Charset]
	(string) windows-1251,utf-8;q=0.7,*;q=0.3

	[Cookie]
	(string) user_captcha=2442; stat_id=l75umg883msnif6qh0mca1s896


[Response headers]
	[X-Powered-By]
	(string) PHP/5.3.6-13ubuntu3.6

	[Set-Cookie]
	(string) PHPSESSID=sdkoqdrkbgs4c00ocog49ud301; path=/

	[Expires]
	(string) Thu, 19 Nov 1981 08:52:00 GMT

	[Cache-Control]
	(string) no-store, no-cache, must-revalidate, post-check=0, pre-check=0

	[Pragma]
	(string) no-cache

	[Status]
	(string) 500 Internal Server Error


[1.3312161]	Default domain could not be found
[2.1247091]	#0 /var/www/clients/client0/web1/web/classes/system/subsystems/cmsController/cmsController.php(681): cmsController-&gt;detectDomain()
#1 /var/www/clients/client0/web1/web/classes/system/subsystems/cmsController/cmsController.php(40): cmsController-&gt;init()
#2 /var/www/clients/client0/web1/web/classes/system/patterns/singletone.php(21): cmsController-&gt;__construct()
#3 /var/www/clients/client0/web1/web/classes/system/subsystems/cmsController/cmsController.php(49): singleton::getInstance('cmsController')
#4 /var/www/clients/client0/web1/web/libs/root-src/index.php(71): cmsController::getInstance()
#5 /var/www/clients/client0/web1/web/index.php(7): require('/var/www/client...')
#6 {main}
