[_COOKIE]
	[user_captcha]
	(string) 2442

	[stat_id]
	(string) l75umg883msnif6qh0mca1s896


[_SESSION]
	[starttime]
	(integer) 1343173904

	[http_target]
	(string) /

	[user_id]
	(string) 298

	[is_admin]
	(array) ['']

	[_umi_opaf_disabled_html]
	(integer) 0


[_GET]
	[path]
	(string) 


[Request headers]
	[Host]
	(string) semena-kanabisa.ru

	[Connection]
	(string) keep-alive

	[User-Agent]
	(string) Mozilla/5.0 (Windows NT 5.1) AppleWebKit/536.11 (KHTML, like Gecko) Chrome/20.0.1132.57 Safari/536.11

	[Accept]
	(string) text/html,application/xhtml+xml,application/xml;q=0.9,*/*;q=0.8

	[Referer]
	(string) http://www.google.ru/url?sa=t&rct=j&q=%D1%81%D0%B5%D0%BC%D1%8F%D0%BD%D1%8B%D1%87&source=web&cd=1&ved=0CEwQFjAA&url=http%3A%2F%2Fsemena-kanabisa.ru%2F&ei=czMPUIGrAcv34QS8wYH4Dw&usg=AFQjCNGEl-XwpiTrZPhKDkmhHYcFfYyd8w&cad=rjt

	[Accept-Encoding]
	(string) gzip,deflate,sdch

	[Accept-Language]
	(string) ru-RU,ru;q=0.8,en-US;q=0.6,en;q=0.4

	[Accept-Charset]
	(string) windows-1251,utf-8;q=0.7,*;q=0.3

	[Cookie]
	(string) user_captcha=2442; stat_id=l75umg883msnif6qh0mca1s896


[Response headers]
	[X-Powered-By]
	(string) PHP/5.3.6-13ubuntu3.6

	[Set-Cookie]
	(string) PHPSESSID=3mn1iteuimsa2rmpdj3mnacm22; path=/

	[Expires]
	(string) Thu, 19 Nov 1981 08:52:00 GMT

	[Cache-Control]
	(string) no-store, no-cache, must-revalidate, post-check=0, pre-check=0

	[Pragma]
	(string) no-cache

	[Status]
	(string) 500 Internal Server Error


[3.9093530]	<p>Произошла критическая ошибка. Скорее всего, потребуется участие разработчиков.  Подробности по ссылке <a title="" target="_blank" href="http://errors.umi-cms.ru/17000/">17000</a></p>
[4.5029001]	#0 /var/www/clients/client0/web1/web/libs/lib.php(111): mysqlConnection-&gt;query('SELECT field_id...', false)
#1 /var/www/clients/client0/web1/web/classes/system/subsystems/models/data/umiObjectProperty.php(340): l_mysql_query('SELECT field_id...')
#2 /var/www/clients/client0/web1/web/classes/system/subsystems/models/data/properties/umiObjectPropertyInt.php(14): umiObjectProperty-&gt;getPropData()
#3 /var/www/clients/client0/web1/web/classes/system/subsystems/models/data/umiObjectProperty.php(188): umiObjectPropertyInt-&gt;loadValue()
#4 /var/www/clients/client0/web1/web/classes/system/subsystems/models/data/umiObjectProperty.php(32): umiObjectProperty-&gt;loadInfo()
#5 /var/www/clients/client0/web1/web/classes/system/subsystems/models/data/umiObjectProperty.php(44): umiObjectProperty-&gt;__construct(566, 75, 116)
#6 /var/www/clients/client0/web1/web/classes/system/subsystems/models/data/umiObject.php(275): umiObjectProperty::getProperty(566, 75, 116)
#7 /var/www/clients/client0/web1/web/classes/system/subsystems/models/data/umiObject.php(370): umiObject-&gt;getPropByName('lockuser')
#8 /var/www/clients/client0/web1/web/classes/system/utils/translators/wrappers/umiHierarchyElementWrapper.php(38): umiObject-&gt;getValue('lockuser')
#9 /var/www/clients/client0/web1/web/classes/system/utils/translators/wrappers/umiHierarchyElementWrapper.php(4): umiHierarchyElementWrapper-&gt;translateData(Object(umiHierarchyElement))
#10 /var/www/clients/client0/web1/web/classes/system/utils/translators/xmlTranslator.php(37): umiHierarchyElementWrapper-&gt;translate(Object(umiHierarchyElement))
#11 /var/www/clients/client0/web1/web/classes/system/utils/translators/xmlTranslator.php(126): xmlTranslator-&gt;chooseTranslator(Object(DOMElement), Object(umiHierarchyElement))
#12 /var/www/clients/client0/web1/web/classes/system/utils/translators/xmlTranslator.php(29): xmlTranslator-&gt;translateArray(Object(DOMElement), Array)
#13 /var/www/clients/client0/web1/web/classes/system/utils/translators/xmlTranslator.php(22): xmlTranslator-&gt;chooseTranslator(Object(DOMElement), Array)
#14 /var/www/clients/client0/web1/web/classes/system/subsystems/streams/umiBaseStream.php(201): xmlTranslator-&gt;translateToXml(Object(DOMElement), Array)
#15 /var/www/clients/client0/web1/web/classes/system/subsystems/streams/usel/uselStream.php(167): umiBaseStream-&gt;translateToXml(Array)
#16 /var/www/clients/client0/web1/web/classes/system/subsystems/streams/usel/uselStream.php(35): uselStream-&gt;translateToXml(Array)
#17 [internal function]: uselStream-&gt;stream_open('usel://usel_car...', 'rb', 4, NULL)
#18 /var/www/clients/client0/web1/web/classes/system/subsystems/umiTemplaters/types/umiTemplaterXSLT.php(45): XSLTProcessor-&gt;transformToXml(Object(DOMDocument))
#19 /var/www/clients/client0/web1/web/libs/root-src/index.php(134): umiTemplaterXSLT-&gt;parse(Array, 'file:///var/www...')
#20 /var/www/clients/client0/web1/web/index.php(7): require('/var/www/client...')
#21 {main}
