[_COOKIE]
	[user_captcha]
	(string) 2442

	[stat_id]
	(string) l75umg883msnif6qh0mca1s896


[_SESSION]
	[starttime]
	(integer) 1343171344

	[http_referer]
	(NULL) 

	[http_target]
	(string) /

	[user_id]
	(string) 298

	[is_admin]
	(array) ['']


[_GET]
	[path]
	(string) 


[Request headers]
	[Host]
	(string) semena-kanabisa.ru

	[Connection]
	(string) keep-alive

	[User-Agent]
	(string) Mozilla/5.0 (Windows NT 5.1) AppleWebKit/536.11 (KHTML, like Gecko) Chrome/20.0.1132.57 Safari/536.11

	[Accept]
	(string) text/html,application/xhtml+xml,application/xml;q=0.9,*/*;q=0.8

	[Accept-Encoding]
	(string) gzip,deflate,sdch

	[Accept-Language]
	(string) ru-RU,ru;q=0.8,en-US;q=0.6,en;q=0.4

	[Accept-Charset]
	(string) windows-1251,utf-8;q=0.7,*;q=0.3

	[Cookie]
	(string) user_captcha=2442; stat_id=l75umg883msnif6qh0mca1s896


[Response headers]
	[X-Powered-By]
	(string) PHP/5.3.6-13ubuntu3.6

	[Set-Cookie]
	(string) PHPSESSID=macui862rd2q5eo1a8e3s85fv7; path=/

	[Expires]
	(string) Thu, 19 Nov 1981 08:52:00 GMT

	[Cache-Control]
	(string) no-store, no-cache, must-revalidate, post-check=0, pre-check=0

	[Pragma]
	(string) no-cache

	[Status]
	(string) 500 Internal Server Error


[0.1609550]	<p>Произошла критическая ошибка. Скорее всего, потребуется участие разработчиков.  Подробности по ссылке <a title="" target="_blank" href="http://errors.umi-cms.ru/17000/">17000</a></p>
[0.2703848]	#0 /var/www/clients/client0/web1/web/libs/lib.php(111): mysqlConnection-&gt;query('SELECT cp.metho...', false)
#1 /var/www/clients/client0/web1/web/classes/system/subsystems/models/permissions/permissionsCollection.php(195): l_mysql_query('SELECT cp.metho...')
#2 /var/www/clients/client0/web1/web/classes/system/subsystems/models/permissions/permissionsCollection.php(37): permissionsCollection-&gt;isAllowedMethod('298', 'content', 'sitetree')
#3 /var/www/clients/client0/web1/web/classes/system/patterns/singletone.php(21): permissionsCollection-&gt;__construct()
#4 /var/www/clients/client0/web1/web/classes/system/subsystems/models/permissions/permissionsCollection.php(53): singleton::getInstance('permissionsColl...')
#5 /var/www/clients/client0/web1/web/classes/system/subsystems/cmsController/cmsController.php(456): permissionsCollection::getInstance()
#6 /var/www/clients/client0/web1/web/classes/system/subsystems/cmsController/cmsController.php(312): cmsController-&gt;prepareClientSideGlobalVariablesForXSLT()
#7 /var/www/clients/client0/web1/web/libs/root-src/index.php(130): cmsController-&gt;getGlobalVariables()
#8 /var/www/clients/client0/web1/web/index.php(7): require('/var/www/client...')
#9 {main}
