[_SESSION]
	[starttime]
	(integer) 1343185152

	[http_referer]
	(NULL) 

	[http_target]
	(string) /

	[user_id]
	(string) 298

	[is_admin]
	(array) ['']


[_GET]
	[path]
	(string) 


[Request headers]
	[Connection]
	(string) close

	[Host]
	(string) semena-kanabisa.ru

	[TE]
	(string) chunked,identity

	[User-Agent]
	(string) Mozilla/5.0 (compatible; YandexMetrika/2.0; +http://yandex.com/bots)


[Response headers]
	[X-Powered-By]
	(string) PHP/5.3.6-13ubuntu3.6

	[Set-Cookie]
	(string) PHPSESSID=u3h2dks1jh0hdj2rr3kakle3r5; path=/

	[Expires]
	(string) Thu, 19 Nov 1981 08:52:00 GMT

	[Cache-Control]
	(string) no-store, no-cache, must-revalidate, post-check=0, pre-check=0

	[Pragma]
	(string) no-cache

	[Status]
	(string) 500 Internal Server Error


[0.1847439]	<p>Произошла критическая ошибка. Скорее всего, потребуется участие разработчиков.  Подробности по ссылке <a title="" target="_blank" href="http://errors.umi-cms.ru/17000/">17000</a></p>
[0.5073190]	#0 /var/www/clients/client0/web1/web/libs/lib.php(111): mysqlConnection-&gt;query('SELECT cp.metho...', false)
#1 /var/www/clients/client0/web1/web/classes/system/subsystems/models/permissions/permissionsCollection.php(195): l_mysql_query('SELECT cp.metho...')
#2 /var/www/clients/client0/web1/web/classes/system/subsystems/models/permissions/permissionsCollection.php(37): permissionsCollection-&gt;isAllowedMethod('298', 'content', 'sitetree')
#3 /var/www/clients/client0/web1/web/classes/system/patterns/singletone.php(21): permissionsCollection-&gt;__construct()
#4 /var/www/clients/client0/web1/web/classes/system/subsystems/models/permissions/permissionsCollection.php(53): singleton::getInstance('permissionsColl...')
#5 /var/www/clients/client0/web1/web/classes/system/subsystems/cmsController/cmsController.php(456): permissionsCollection::getInstance()
#6 /var/www/clients/client0/web1/web/classes/system/subsystems/cmsController/cmsController.php(312): cmsController-&gt;prepareClientSideGlobalVariablesForXSLT()
#7 /var/www/clients/client0/web1/web/libs/root-src/index.php(130): cmsController-&gt;getGlobalVariables()
#8 /var/www/clients/client0/web1/web/index.php(7): require('/var/www/client...')
#9 {main}
