[_SESSION]
	[starttime]
	(integer) 1343173121

	[http_referer]
	(string) http://www.google.ru/aclk?sa=L&ai=CZFfhVTAPUIrjKc3g4AS3_IDYCfHXhcUCyY-BnTbQqLS1FAgAEAFQgKmH8QNghIWAgPwcyAEBqQLa17BiPUNgPqoEHk_QewraS8ousuWG2G7agNNCqRm0fEDM_QfYXJUiOg&sig=AOD64_2CedG4fLmC8L-h9sXHIqLt1yUOpg&ved=0CE4Q0Qw&adurl=http://Semena-Kanabisa.ru&rct=j&frm=1&q=%D0%BA%D0%B0%D0%BD%D0%B0%D0%BF%D0%BB%D1%8F+%D0%B2%D1%8B%D1%80%D0%B0%D1%89%D0%B5%D0%B2%D0%B0%D0%BD%D0%B8%D0%B5

	[http_target]
	(string) /

	[user_id]
	(string) 298

	[is_admin]
	(array) ['']

	[_umi_opaf_disabled_html]
	(integer) 0


[_GET]
	[path]
	(string) 


[Request headers]
	[Accept]
	(string) text/html, application/xhtml+xml, */*

	[Referer]
	(string) http://www.google.ru/aclk?sa=L&ai=CZFfhVTAPUIrjKc3g4AS3_IDYCfHXhcUCyY-BnTbQqLS1FAgAEAFQgKmH8QNghIWAgPwcyAEBqQLa17BiPUNgPqoEHk_QewraS8ousuWG2G7agNNCqRm0fEDM_QfYXJUiOg&sig=AOD64_2CedG4fLmC8L-h9sXHIqLt1yUOpg&ved=0CE4Q0Qw&adurl=http://Semena-Kanabisa.ru&rct=j&frm=1&q=%D0%BA%D0%B0%D0%BD%D0%B0%D0%BF%D0%BB%D1%8F+%D0%B2%D1%8B%D1%80%D0%B0%D1%89%D0%B5%D0%B2%D0%B0%D0%BD%D0%B8%D0%B5

	[Accept-Language]
	(string) ru-RU

	[User-Agent]
	(string) Mozilla/5.0 (compatible; MSIE 9.0; Windows NT 6.1; WOW64; Trident/5.0; BOIE9;RURU)

	[Accept-Encoding]
	(string) gzip, deflate

	[Host]
	(string) semena-kanabisa.ru

	[Connection]
	(string) Keep-Alive


[Response headers]
	[X-Powered-By]
	(string) PHP/5.3.6-13ubuntu3.6

	[Set-Cookie]
	(string) PHPSESSID=g0uc2duutids2n7aa4sch6hmm3; path=/

	[Expires]
	(string) Thu, 19 Nov 1981 08:52:00 GMT

	[Cache-Control]
	(string) no-store, no-cache, must-revalidate, post-check=0, pre-check=0

	[Pragma]
	(string) no-cache

	[Status]
	(string) 500 Internal Server Error


[47.8412180]	<p>Произошла критическая ошибка. Скорее всего, потребуется участие разработчиков.  Подробности по ссылке <a title="" target="_blank" href="http://errors.umi-cms.ru/17000/">17000</a></p>
[48.2728250]	#0 /var/www/clients/client0/web1/web/libs/lib.php(111): mysqlConnection-&gt;query('SELECT BIT_OR(c...', false)
#1 /var/www/clients/client0/web1/web/classes/system/subsystems/models/permissions/permissionsCollection.php(245): l_mysql_query('SELECT BIT_OR(c...')
#2 /var/www/clients/client0/web1/web/classes/system/subsystems/models/hierarchy/umiHierarchy.php(1281): permissionsCollection-&gt;isAllowedObject('298', 331)
#3 /var/www/clients/client0/web1/web/classes/system/subsystems/models/hierarchy/umiHierarchy.php(107): umiHierarchy-&gt;isAllowed(331)
#4 /var/www/clients/client0/web1/web/classes/system/subsystems/streams/upage/upageStream.php(12): umiHierarchy-&gt;getElement(331)
#5 [internal function]: upageStream-&gt;stream_open('upage://331', 'rb', 4, NULL)
#6 /var/www/clients/client0/web1/web/classes/system/subsystems/umiTemplaters/types/umiTemplaterXSLT.php(45): XSLTProcessor-&gt;transformToXml(Object(DOMDocument))
#7 /var/www/clients/client0/web1/web/libs/root-src/index.php(134): umiTemplaterXSLT-&gt;parse(Array, 'file:///var/www...')
#8 /var/www/clients/client0/web1/web/index.php(7): require('/var/www/client...')
#9 {main}
