[_SESSION]
	[starttime]
	(integer) 1343181405

	[http_referer]
	(string) http://yandex.ru/yandsearch?text=%D0%A1%D0%B5%D0%BC%D0%B5%D0%BD%D0%B0%20%D0%BF%D0%BE%D1%87%D1%82%D0%BE%D0%B9%20%D0%B4%D0%BE%D1%81%D1%82%D0%B0%D0%B2%D0%BA%D0%B0%20%D0%BD%D0%B0%D0%BB%D0%BE%D0%B6%D0%B5%D0%BD%D0%BD%D1%8B%D0%B9&msp=1&lr=80

	[http_target]
	(string) /

	[user_id]
	(string) 298

	[is_admin]
	(array) ['']

	[_umi_opaf_disabled_html]
	(integer) 0


[_GET]
	[path]
	(string) 


[Request headers]
	[Host]
	(string) semena-kanabisa.ru

	[User-Agent]
	(string) Mozilla/5.0 (Windows; U; Windows NT 6.1; ru; rv:1.9.2) Gecko/20100115 MRA 5.7 (build 03796) Firefox/3.6

	[Accept]
	(string) text/html,application/xhtml+xml,application/xml;q=0.9,*/*;q=0.8

	[Accept-Language]
	(string) ru,en-us;q=0.7,en;q=0.3

	[Accept-Encoding]
	(string) gzip,deflate

	[Accept-Charset]
	(string) windows-1251,utf-8;q=0.7,*;q=0.7

	[Keep-Alive]
	(string) 115

	[Connection]
	(string) keep-alive

	[Referer]
	(string) http://yandex.ru/yandsearch?text=%D0%A1%D0%B5%D0%BC%D0%B5%D0%BD%D0%B0%20%D0%BF%D0%BE%D1%87%D1%82%D0%BE%D0%B9%20%D0%B4%D0%BE%D1%81%D1%82%D0%B0%D0%B2%D0%BA%D0%B0%20%D0%BD%D0%B0%D0%BB%D0%BE%D0%B6%D0%B5%D0%BD%D0%BD%D1%8B%D0%B9&msp=1&lr=80


[Response headers]
	[X-Powered-By]
	(string) PHP/5.3.6-13ubuntu3.6

	[Set-Cookie]
	(string) PHPSESSID=100crojrc87c15d0bvtnoiatm4; path=/

	[Expires]
	(string) Thu, 19 Nov 1981 08:52:00 GMT

	[Cache-Control]
	(string) no-store, no-cache, must-revalidate, post-check=0, pre-check=0

	[Pragma]
	(string) no-cache

	[Status]
	(string) 500 Internal Server Error


[33.2951481]	<p>Произошла критическая ошибка. Скорее всего, потребуется участие разработчиков.  Подробности по ссылке <a title="" target="_blank" href="http://errors.umi-cms.ru/17000/">17000</a></p>
[34.4589441]	#0 /var/www/clients/client0/web1/web/libs/lib.php(111): mysqlConnection-&gt;query('SELECT rel_id F...', false)
#1 /var/www/clients/client0/web1/web/classes/system/subsystems/models/hierarchy/umiHierarchy.php(553): l_mysql_query('SELECT rel_id F...')
#2 /var/www/clients/client0/web1/web/classes/system/subsystems/models/hierarchy/umiHierarchy.php(801): umiHierarchy-&gt;getAllParents(225, false, false)
#3 /var/www/clients/client0/web1/web/classes/system/utils/translators/wrappers/umiHierarchyElementWrapper.php(20): umiHierarchy-&gt;getPathById(225)
#4 /var/www/clients/client0/web1/web/classes/system/utils/translators/wrappers/umiHierarchyElementWrapper.php(4): umiHierarchyElementWrapper-&gt;translateData(Object(umiHierarchyElement))
#5 /var/www/clients/client0/web1/web/classes/system/utils/translators/xmlTranslator.php(37): umiHierarchyElementWrapper-&gt;translate(Object(umiHierarchyElement))
#6 /var/www/clients/client0/web1/web/classes/system/utils/translators/xmlTranslator.php(126): xmlTranslator-&gt;chooseTranslator(Object(DOMElement), Object(umiHierarchyElement))
#7 /var/www/clients/client0/web1/web/classes/system/utils/translators/xmlTranslator.php(29): xmlTranslator-&gt;translateArray(Object(DOMElement), Array)
#8 /var/www/clients/client0/web1/web/classes/system/utils/translators/xmlTranslator.php(22): xmlTranslator-&gt;chooseTranslator(Object(DOMElement), Array)
#9 /var/www/clients/client0/web1/web/classes/system/subsystems/streams/umiBaseStream.php(201): xmlTranslator-&gt;translateToXml(Object(DOMElement), Array)
#10 /var/www/clients/client0/web1/web/classes/system/subsystems/streams/usel/uselStream.php(167): umiBaseStream-&gt;translateToXml(Array)
#11 /var/www/clients/client0/web1/web/classes/system/subsystems/streams/usel/uselStream.php(35): uselStream-&gt;translateToXml(Array)
#12 [internal function]: uselStream-&gt;stream_open('usel://usel_car...', 'rb', 4, NULL)
#13 /var/www/clients/client0/web1/web/classes/system/subsystems/umiTemplaters/types/umiTemplaterXSLT.php(45): XSLTProcessor-&gt;transformToXml(Object(DOMDocument))
#14 /var/www/clients/client0/web1/web/libs/root-src/index.php(134): umiTemplaterXSLT-&gt;parse(Array, 'file:///var/www...')
#15 /var/www/clients/client0/web1/web/index.php(7): require('/var/www/client...')
#16 {main}
