[_COOKIE]
	[PHPSESSID]
	(string) 3drfpqr2lqtt2rimtd5j1fpae5

	[fproducers]
	(string) 350

	[acstate_active]
	(string) 0

	[acstate_opened]
	(string) 4

	[umi_captcha]
	(string) ee0c1616bbc82804b2f4b635d4a055fb

	[user_captcha]
	(string) 6422

	[stat_id]
	(string) 3drfpqr2lqtt2rimtd5j1fpae5

	[_ym_visorc]
	(string) w


[_SESSION]
	[starttime]
	(integer) 1337829349

	[http_referer]
	(NULL) 

	[http_target]
	(string) /shipping/

	[user_id]
	(integer) 12448

	[is_admin]
	(array) ['', '']

	[_umi_opaf_disabled_html]
	(integer) 0

	[old_logged_in_value]
	(boolean) 1

	[f7184cb594eda4675ecaa6d0cfae1eec]
	(array) ['['content', 'content', '3']']

	[umi_captcha]
	(string) ee0c1616bbc82804b2f4b635d4a055fb

	[umi_captcha_plain]
	(string) 6422

	[user_captcha]
	(string) ee0c1616bbc82804b2f4b635d4a055fb

	[is_human]
	(integer) 1

	[errors_1337812420]
	(array) ['['Пользователь с таким e-mail'ом уже существует.', '', '']']

	[cms_login]
	(string) sergii020386

	[cms_pass]
	(string) a64b3554f3e124ada2917f300682c5d4

	[003261e1c5b40af3dd897b8e06961540]
	(array) ['['content', 'content', '12']']

	[stat]
	(array) ['3drfpqr2lqtt2rimtd5j1fpae5', '1', '18799', '29734', '5', '861', '861', '']

	[e76fcad4b37585e78574f7b026a2a13d]
	(array) ['['content', 'content', '1']']

	[96d07fd90dc17250fcc890c9eaf884f1]
	(array) ['['catalog', 'object', '43']', '['catalog', 'object', '100']', '['catalog', 'object', '99']']

	[3a984c04dfc4058a7c443cbd06b30345]
	(array) ['['catalog', 'object', '218']', '['catalog', 'object', '234']']

	[54acbb3eac03d2eb345d3de9ea83eca6]
	(array) ['['catalog', 'object', '354']', '['catalog', 'object', '371']']

	[f015e38388f84bb5abb82a196dd9dee0]
	(array) ['['catalog', 'object', '221']', '['catalog', 'object', '240']']


[_GET]
	[path]
	(string) producers/paradise_seeds/wappa/


[Request headers]
	[User-Agent]
	(string) Opera/9.80 (Series 60; Opera Mini/6.5.29702/27.1741; U; ru) Presto/2.8.119 Version/11.10

	[Host]
	(string) semena-kanabisa.ru

	[Accept]
	(string) text/html, application/xml;q=0.9, application/xhtml+xml, image/png, image/webp, image/jpeg, image/gif, image/x-xbitmap, */*;q=0.1

	[Accept-Language]
	(string) ru,en;q=0.9

	[Accept-Encoding]
	(string) gzip, deflate

	[Cookie]
	(string) PHPSESSID=3drfpqr2lqtt2rimtd5j1fpae5; fproducers=350; acstate_active=0; acstate_opened=4; umi_captcha=ee0c1616bbc82804b2f4b635d4a055fb; user_captcha=6422; stat_id=3drfpqr2lqtt2rimtd5j1fpae5; _ym_visorc=w

	[Connection]
	(string) Keep-Alive

	[X-OperaMini-Features]
	(string) advanced, download, file_system, touch, folding, viewport, routing

	[X-OperaMini-Phone]
	(string) Nokia #

	[x-forwarded-for]
	(string) 217.118.93.107

	[X-OperaMini-Phone-UA]
	(string) Mozilla/5.0 (Symbian/3; Series60/5.2 NokiaE7-00/025.007; Profile/MIDP-2.1 Configuration/CLDC-1.1 ) AppleWebKit/525 (KHTML, like Gecko) Version/3.0 NokiaBrowser/7.3.1.37


[Response headers]
	[X-Powered-By]
	(string) PHP/5.3.6-13ubuntu3.6

	[Expires]
	(string) Thu, 19 Nov 1981 08:52:00 GMT

	[Cache-Control]
	(string) no-store, no-cache, must-revalidate, post-check=0, pre-check=0

	[Pragma]
	(string) no-cache

	[Status]
	(string) 500 Internal Server Error


[1.4633389]	Default domain could not be found
[1.4879959]	#0 /var/www/clients/client0/web1/web/classes/system/subsystems/cmsController/cmsController.php(681): cmsController-&gt;detectDomain()
#1 /var/www/clients/client0/web1/web/classes/system/subsystems/cmsController/cmsController.php(40): cmsController-&gt;init()
#2 /var/www/clients/client0/web1/web/classes/system/patterns/singletone.php(21): cmsController-&gt;__construct()
#3 /var/www/clients/client0/web1/web/classes/system/subsystems/cmsController/cmsController.php(49): singleton::getInstance('cmsController')
#4 /var/www/clients/client0/web1/web/libs/root-src/index.php(71): cmsController::getInstance()
#5 /var/www/clients/client0/web1/web/index.php(7): require('/var/www/client...')
#6 {main}
