[_SESSION]
	[starttime]
	(integer) 1343171118

	[user_id]
	(string) 298


[_GET]
	[path]
	(string) 


[Request headers]
	[Host]
	(string) www.semena-kanabisa.ru

	[Accept]
	(string) */*

	[User-agent]
	(string) Mozilla/5.0 (compatible; Ezooms/1.0; ezooms.bot@gmail.com)

	[Accept-Charset]
	(string) utf-8;q=0.7,iso-8859-1;q=0.2,*;q=0.1


[Response headers]
	[X-Powered-By]
	(string) PHP/5.3.6-13ubuntu3.6

	[Set-Cookie]
	(string) PHPSESSID=fu997dkgg821soi1inkfg6u107; path=/

	[Expires]
	(string) Thu, 19 Nov 1981 08:52:00 GMT

	[Cache-Control]
	(string) no-store, no-cache, must-revalidate, post-check=0, pre-check=0

	[Pragma]
	(string) no-cache

	[Status]
	(string) 500 Internal Server Error


[0.3383939]	<p>Произошла критическая ошибка. Скорее всего, потребуется участие разработчиков.  Подробности по ссылке <a title="" target="_blank" href="http://errors.umi-cms.ru/17000/">17000</a></p>
[0.7596610]	#0 /var/www/clients/client0/web1/web/libs/lib.php(111): mysqlConnection-&gt;query('SELECT COUNT(cp...', false)
#1 /var/www/clients/client0/web1/web/classes/system/subsystems/models/permissions/permissionsCollection.php(314): l_mysql_query('SELECT COUNT(cp...')
#2 /var/www/clients/client0/web1/web/classes/system/subsystems/models/permissions/permissionsCollection.php(164): permissionsCollection-&gt;isAdmin('298')
#3 /var/www/clients/client0/web1/web/classes/system/subsystems/models/permissions/permissionsCollection.php(37): permissionsCollection-&gt;isAllowedMethod('298', 'content', 'sitetree')
#4 /var/www/clients/client0/web1/web/classes/system/patterns/singletone.php(21): permissionsCollection-&gt;__construct()
#5 /var/www/clients/client0/web1/web/classes/system/subsystems/models/permissions/permissionsCollection.php(53): singleton::getInstance('permissionsColl...')
#6 /var/www/clients/client0/web1/web/classes/system/subsystems/selector/where.php(109): permissionsCollection::getInstance()
#7 /var/www/clients/client0/web1/web/classes/system/subsystems/selector/selector.php(49): selectorWherePermissions-&gt;__construct()
#8 /var/www/clients/client0/web1/web/classes/system/subsystems/selector/selector.php(103): selector-&gt;where('permissions')
#9 /var/www/clients/client0/web1/web/classes/system/subsystems/selector/selector.php(153): selector-&gt;result()
#10 /var/www/clients/client0/web1/web/libs/root-src/sbots.php(17): selector-&gt;__get('result')
#11 /var/www/clients/client0/web1/web/sbots.php(3): require('/var/www/client...')
#12 {main}
