[_SESSION]
	[starttime]
	(integer) 1343176845

	[http_referer]
	(string) http://www.google.ru/search?hl=ru&newwindow=1&sky=ee&q=%D0%A1%D0%B5%D0%BC%D0%B5%D0%BD%D0%B0+%D0%BA%D0%BE%D0%BD%D0%BE%D0%BF%D0%BB%D0%B8&btnG=%D0%9F%D0%BE%D0%B8%D1%81%D0%BA

	[http_target]
	(string) /

	[user_id]
	(string) 298

	[is_admin]
	(array) ['']

	[_umi_opaf_disabled_html]
	(integer) 0


[_GET]
	[path]
	(string) 


[Request headers]
	[User-Agent]
	(string) Opera/9.80 (J2ME/MIDP; Opera Mini/5.1.24009/28.2144; U; ru) Presto/2.8.119 Version/11.10

	[Host]
	(string) semena-kanabisa.ru

	[Accept]
	(string) text/html, application/xml;q=0.9, application/xhtml+xml, image/png, image/webp, image/jpeg, image/gif, image/x-xbitmap, */*;q=0.1

	[Accept-Language]
	(string) ru,en;q=0.9

	[Accept-Encoding]
	(string) gzip, deflate

	[Referer]
	(string) http://www.google.ru/search?hl=ru&newwindow=1&sky=ee&q=%D0%A1%D0%B5%D0%BC%D0%B5%D0%BD%D0%B0+%D0%BA%D0%BE%D0%BD%D0%BE%D0%BF%D0%BB%D0%B8&btnG=%D0%9F%D0%BE%D0%B8%D1%81%D0%BA

	[Connection]
	(string) Keep-Alive

	[X-OperaMini-Features]
	(string) advanced, file_system, camera, folding, routing

	[X-OperaMini-Phone-UA]
	(string) NokiaX2-00/5.0 (04.80) Profile/MIDP-2.1 Configuration/CLDC-1.1 Mozilla/5.0 AppleWebKit/420+ (KHTML, like Gecko) Safari/420+

	[x-forwarded-for]
	(string) 46.211.183.251

	[X-OperaMini-Phone]
	(string) Nokia # X2-00


[Response headers]
	[X-Powered-By]
	(string) PHP/5.3.6-13ubuntu3.6

	[Set-Cookie]
	(string) PHPSESSID=gk7glnnqmk7j6kuva1fublonp5; path=/

	[Expires]
	(string) Thu, 19 Nov 1981 08:52:00 GMT

	[Cache-Control]
	(string) no-store, no-cache, must-revalidate, post-check=0, pre-check=0

	[Pragma]
	(string) no-cache

	[Status]
	(string) 500 Internal Server Error


[2.8981249]	<p>Произошла критическая ошибка. Скорее всего, потребуется участие разработчиков.  Подробности по ссылке <a title="" target="_blank" href="http://errors.umi-cms.ru/17000/">17000</a></p>
[3.8447771]	#0 /var/www/clients/client0/web1/web/libs/lib.php(111): mysqlConnection-&gt;query('SELECT id FROM ...', false)
#1 /var/www/clients/client0/web1/web/classes/system/subsystems/models/data/umiObjectTypesCollection.php(343): l_mysql_query('SELECT id FROM ...')
#2 /var/www/clients/client0/web1/web/classes/system/subsystems/selector/executor.php(404): umiObjectTypesCollection-&gt;getChildClasses(116)
#3 /var/www/clients/client0/web1/web/classes/system/subsystems/selector/executor.php(306): selectorExecutor-&gt;buildWhere()
#4 /var/www/clients/client0/web1/web/classes/system/subsystems/selector/executor.php(25): selectorExecutor-&gt;buildQuery('result')
#5 /var/www/clients/client0/web1/web/classes/system/subsystems/selector/selector.php(109): selectorExecutor-&gt;result()
#6 /var/www/clients/client0/web1/web/classes/system/subsystems/selector/selector.php(153): selector-&gt;result()
#7 /var/www/clients/client0/web1/web/classes/system/subsystems/streams/usel/uselStream.php(27): selector-&gt;__get('result')
#8 [internal function]: uselStream-&gt;stream_open('usel://usel_car...', 'rb', 4, NULL)
#9 /var/www/clients/client0/web1/web/classes/system/subsystems/umiTemplaters/types/umiTemplaterXSLT.php(45): XSLTProcessor-&gt;transformToXml(Object(DOMDocument))
#10 /var/www/clients/client0/web1/web/libs/root-src/index.php(134): umiTemplaterXSLT-&gt;parse(Array, 'file:///var/www...')
#11 /var/www/clients/client0/web1/web/index.php(7): require('/var/www/client...')
#12 {main}
