[_SESSION]
	[starttime]
	(integer) 1343176964

	[http_referer]
	(NULL) 

	[http_target]
	(string) /producers/serious_seeds/kali_mist_regular/

	[user_id]
	(string) 298

	[is_admin]
	(array) ['']

	[_umi_opaf_disabled_html]
	(integer) 0


[_GET]
	[path]
	(string) producers/serious_seeds/kali_mist_regular/


[Request headers]
	[Cache-Control]
	(string) no-cache

	[Connection]
	(string) Keep-Alive

	[Accept]
	(string) */*

	[Accept-Encoding]
	(string) 

	[From]
	(string) bingbot(at)microsoft.com

	[Host]
	(string) semena-kanabisa.ru

	[User-Agent]
	(string) Mozilla/5.0 (compatible; bingbot/2.0; +http://www.bing.com/bingbot.htm)


[Response headers]
	[X-Powered-By]
	(string) PHP/5.3.6-13ubuntu3.6

	[Set-Cookie]
	(string) PHPSESSID=see83nqo6cfc6lhqf7afpp25m2; path=/

	[Expires]
	(string) Thu, 19 Nov 1981 08:52:00 GMT

	[Cache-Control]
	(string) no-store, no-cache, must-revalidate, post-check=0, pre-check=0

	[Pragma]
	(string) no-cache

	[Status]
	(string) 500 Internal Server Error


[52.9041519]	<p>Произошла критическая ошибка. Скорее всего, потребуется участие разработчиков.  Подробности по ссылке <a title="" target="_blank" href="http://errors.umi-cms.ru/17000/">17000</a></p>
[53.3943310]	#0 /var/www/clients/client0/web1/web/libs/lib.php(111): mysqlConnection-&gt;query('SELECT id FROM ...', false)
#1 /var/www/clients/client0/web1/web/classes/system/subsystems/models/hierarchy/umiHierarchy.php(1113): l_mysql_query('SELECT id FROM ...')
#2 /var/www/clients/client0/web1/web/classes/system/subsystems/models/selection/umiSelection.php(420): umiHierarchy-&gt;getDefaultElementId()
#3 /var/www/clients/client0/web1/web/classes/modules/catalog/class.php(163): umiSelection-&gt;addHierarchyFilter(251, 0)
#4 [internal function]: catalog-&gt;getObjectsList('0', '251')
#5 /var/www/clients/client0/web1/web/classes/system/subsystems/streams/udata/udataStream.php(98): call_user_func_array(Array, Array)
#6 /var/www/clients/client0/web1/web/classes/system/subsystems/streams/udata/udataStream.php(15): udataStream-&gt;executeMacros(Array)
#7 [internal function]: udataStream-&gt;stream_open('udata://catalog...', 'rb', 4, NULL)
#8 /var/www/clients/client0/web1/web/classes/system/subsystems/umiTemplaters/types/umiTemplaterXSLT.php(45): XSLTProcessor-&gt;transformToXml(Object(DOMDocument))
#9 /var/www/clients/client0/web1/web/libs/root-src/index.php(134): umiTemplaterXSLT-&gt;parse(Array, 'file:///var/www...')
#10 /var/www/clients/client0/web1/web/index.php(7): require('/var/www/client...')
#11 {main}
