[_SESSION]
	[starttime]
	(integer) 1343171681


[_GET]
	[path]
	(string) 


[Request headers]
	[Cache-Control]
	(string) no-cache

	[Connection]
	(string) Keep-Alive

	[Pragma]
	(string) no-cache

	[Accept]
	(string) */*

	[Accept-Encoding]
	(string) 

	[From]
	(string) bingbot(at)microsoft.com

	[Host]
	(string) semena-kanabisa.ru

	[User-Agent]
	(string) Mozilla/5.0 (compatible; bingbot/2.0; +http://www.bing.com/bingbot.htm)


[Response headers]
	[X-Powered-By]
	(string) PHP/5.3.6-13ubuntu3.6

	[Set-Cookie]
	(string) PHPSESSID=parg2f589eh7cc9kjdi9irf5r5; path=/

	[Expires]
	(string) Thu, 19 Nov 1981 08:52:00 GMT

	[Cache-Control]
	(string) no-store, no-cache, must-revalidate, post-check=0, pre-check=0

	[Pragma]
	(string) no-cache

	[Status]
	(string) 500 Internal Server Error


[0.2543681]	<p>Произошла критическая ошибка. Скорее всего, потребуется участие разработчиков.  Подробности по ссылке <a title="" target="_blank" href="http://errors.umi-cms.ru/17000/">17000</a></p>
[4.8341901]	#0 /var/www/clients/client0/web1/web/libs/lib.php(111): mysqlConnection-&gt;query('SELECT id, name...', false)
#1 /var/www/clients/client0/web1/web/classes/system/subsystems/models/data/umiFieldTypesCollection.php(139): l_mysql_query('SELECT id, name...')
#2 /var/www/clients/client0/web1/web/classes/system/subsystems/models/data/umiFieldTypesCollection.php(10): umiFieldTypesCollection-&gt;loadFieldTypes()
#3 /var/www/clients/client0/web1/web/classes/system/patterns/singletone.php(21): umiFieldTypesCollection-&gt;__construct()
#4 /var/www/clients/client0/web1/web/classes/system/subsystems/models/data/umiFieldTypesCollection.php(18): singleton::getInstance('umiFieldTypesCo...')
#5 /var/www/clients/client0/web1/web/classes/system/subsystems/models/data/umiField.php(278): umiFieldTypesCollection::getInstance()
#6 /var/www/clients/client0/web1/web/classes/system/subsystems/selector/where.php(28): umiField-&gt;getDataType()
#7 /var/www/clients/client0/web1/web/libs/root-src/sbots.php(15): selectorWhereProp-&gt;__call('equals', Array)
#8 /var/www/clients/client0/web1/web/libs/root-src/sbots.php(15): selectorWhereFieldProp-&gt;equals(1)
#9 /var/www/clients/client0/web1/web/sbots.php(3): require('/var/www/client...')
#10 {main}
