[_COOKIE]
	[stat_id]
	(string) 8dqdu0u471j79bppif1cc00nb0

	[customer-id]
	(string) 28500


[_SESSION]
	[starttime]
	(integer) 1343185803

	[http_referer]
	(NULL) 

	[http_target]
	(string) /producers/joint_doctor/easy_ryder/


[_GET]
	[path]
	(string) producers/joint_doctor/easy_ryder/


[Request headers]
	[Host]
	(string) semena-kanabisa.ru

	[Connection]
	(string) keep-alive

	[User-Agent]
	(string) Mozilla/5.0 (Windows; U; Windows NT 6.1; en-US) AppleWebKit/534.16 (KHTML, like Gecko) Chrome/10.0.648.127 Safari/534.16

	[Accept]
	(string) application/xml,application/xhtml+xml,text/html;q=0.9,text/plain;q=0.8,image/png,*/*;q=0.5

	[Accept-Encoding]
	(string) gzip,deflate,sdch

	[Accept-Language]
	(string) ru-RU,ru;q=0.8,en-US;q=0.6,en;q=0.4

	[Accept-Charset]
	(string) windows-1251,utf-8;q=0.7,*;q=0.3

	[Cookie]
	(string) stat_id=8dqdu0u471j79bppif1cc00nb0; customer-id=28500


[Response headers]
	[X-Powered-By]
	(string) PHP/5.3.6-13ubuntu3.6

	[Set-Cookie]
	(string) PHPSESSID=0lnmq5jgl44o35q643rr5orqh5; path=/

	[Expires]
	(string) Thu, 19 Nov 1981 08:52:00 GMT

	[Cache-Control]
	(string) no-store, no-cache, must-revalidate, post-check=0, pre-check=0

	[Pragma]
	(string) no-cache

	[Status]
	(string) 500 Internal Server Error


[1.7708211]	<p>Произошла критическая ошибка. Скорее всего, потребуется участие разработчиков.  Подробности по ссылке <a title="" target="_blank" href="http://errors.umi-cms.ru/17000/">17000</a></p>
[23.7427480]	#0 /var/www/clients/client0/web1/web/libs/lib.php(111): mysqlConnection-&gt;query('SELECT `id` FRO...', false)
#1 /var/www/clients/client0/web1/web/classes/system/subsystems/models/data/umiObjectsCollection.php(114): l_mysql_query('SELECT `id` FRO...')
#2 /var/www/clients/client0/web1/web/classes/modules/users/class.php(11): umiObjectsCollection-&gt;getObjectIdByGUID('users-users-15')
#3 /var/www/clients/client0/web1/web/classes/system/subsystems/cmsController/cmsController.php(66): users-&gt;__construct()
#4 /var/www/clients/client0/web1/web/classes/system/subsystems/cmsController/cmsController.php(92): cmsController-&gt;loadModule('users')
#5 /var/www/clients/client0/web1/web/classes/system/subsystems/models/permissions/permissionsCollection.php(32): cmsController-&gt;getModule('users')
#6 /var/www/clients/client0/web1/web/classes/system/patterns/singletone.php(21): permissionsCollection-&gt;__construct()
#7 /var/www/clients/client0/web1/web/classes/system/subsystems/models/permissions/permissionsCollection.php(53): singleton::getInstance('permissionsColl...')
#8 /var/www/clients/client0/web1/web/classes/system/subsystems/models/hierarchy/umiHierarchy.php(1280): permissionsCollection::getInstance()
#9 /var/www/clients/client0/web1/web/classes/system/subsystems/models/hierarchy/umiHierarchy.php(107): umiHierarchy-&gt;isAllowed('309')
#10 /var/www/clients/client0/web1/web/classes/system/subsystems/cmsController/cmsController.php(1113): umiHierarchy-&gt;getElement('309')
#11 /var/www/clients/client0/web1/web/libs/root-src/index.php(73): cmsController-&gt;analyzePath()
#12 /var/www/clients/client0/web1/web/index.php(7): require('/var/www/client...')
#13 {main}
