[_SESSION]
	[starttime]
	(integer) 1337815175

	[http_referer]
	(NULL) 

	[http_target]
	(string) /producers/green_house_seeds/

	[user_id]
	(string) 298

	[is_admin]
	(array) ['']

	[_umi_opaf_disabled_html]
	(integer) 0


[_GET]
	[path]
	(string) producers/green_house_seeds/


[Request headers]
	[Host]
	(string) semena-kanabisa.ru

	[Connection]
	(string) Keep-Alive

	[Accept]
	(string) */*

	[Accept-Encoding]
	(string) gzip,deflate

	[Accept-Language]
	(string) ru, uk;q=0.8, be;q=0.8, en;q=0.7, *;q=0.01

	[If-Modified-Since]
	(string) Sun, 06 May 2012 11:13:23 GMT

	[User-Agent]
	(string) Mozilla/5.0 (compatible; YandexBot/3.0; +http://yandex.com/bots)

	[From]
	(string) support@search.yandex.ru


[Response headers]
	[X-Powered-By]
	(string) PHP/5.3.6-13ubuntu3.6

	[Set-Cookie]
	(string) PHPSESSID=fj46inenih24lc75pd4vt70bp6; path=/

	[Expires]
	(string) Thu, 19 Nov 1981 08:52:00 GMT

	[Cache-Control]
	(string) no-store, no-cache, must-revalidate, post-check=0, pre-check=0

	[Pragma]
	(string) no-cache

	[Status]
	(string) 500 Internal Server Error


[2.0188580]	<p>Произошла критическая ошибка. Скорее всего, потребуется участие разработчиков.  Подробности по ссылке <a title="" target="_blank" href="http://errors.umi-cms.ru/17000/">17000</a></p>
[2.5628099]	#0 /var/www/clients/client0/web1/web/libs/lib.php(111): mysqlConnection-&gt;query('SELECT  id FROM...', false)
#1 /var/www/clients/client0/web1/web/classes/system/subsystems/models/data/umiObjectTypesCollection.php(428): l_mysql_query('SELECT  id FROM...')
#2 /var/www/clients/client0/web1/web/classes/system/subsystems/models/data/umiObjectTypesCollection.php(484): umiObjectTypesCollection-&gt;getTypeByHierarchyTypeId(5)
#3 /var/www/clients/client0/web1/web/classes/modules/stat/class.php(120): umiObjectTypesCollection-&gt;getBaseType('users', 'user')
#4 /var/www/clients/client0/web1/web/classes/system/subsystems/cmsController/cmsController.php(66): stat-&gt;__construct()
#5 /var/www/clients/client0/web1/web/classes/system/subsystems/cmsController/cmsController.php(92): cmsController-&gt;loadModule('stat')
#6 /var/www/clients/client0/web1/web/libs/root-src/index.php(149): cmsController-&gt;getModule('stat')
#7 /var/www/clients/client0/web1/web/index.php(7): require('/var/www/client...')
#8 {main}
