[_SESSION]
	[starttime]
	(integer) 1343171076

	[http_referer]
	(NULL) 

	[http_target]
	(string) /users/forget/

	[user_id]
	(string) 298

	[is_admin]
	(array) ['']

	[_umi_opaf_disabled_html]
	(integer) 0


[_GET]
	[path]
	(string) users/forget/


[Request headers]
	[Host]
	(string) semena-kanabisa.ru

	[Connection]
	(string) Keep-Alive

	[Accept]
	(string) */*

	[Accept-Encoding]
	(string) gzip,deflate

	[Accept-Language]
	(string) ru, uk;q=0.8, be;q=0.8, en;q=0.7, *;q=0.01

	[If-Modified-Since]
	(string) Thu, 07 Jun 2012 13:23:03 GMT

	[User-Agent]
	(string) Mozilla/5.0 (compatible; YandexBot/3.0; +http://yandex.com/bots)

	[From]
	(string) support@search.yandex.ru


[Response headers]
	[X-Powered-By]
	(string) PHP/5.3.6-13ubuntu3.6

	[Set-Cookie]
	(string) PHPSESSID=dl9589n3qpj7mnsgd9qs8ss112; path=/

	[Expires]
	(string) Thu, 19 Nov 1981 08:52:00 GMT

	[Cache-Control]
	(string) no-store, no-cache, must-revalidate, post-check=0, pre-check=0

	[Pragma]
	(string) no-cache

	[Status]
	(string) 500 Internal Server Error


[24.7883332]	<p>Произошла критическая ошибка. Скорее всего, потребуется участие разработчиков.  Подробности по ссылке <a title="" target="_blank" href="http://errors.umi-cms.ru/17000/">17000</a></p>
[25.5857050]	#0 /var/www/clients/client0/web1/web/libs/lib.php(111): mysqlConnection-&gt;query('SELECT h.rel, h...', true)
#1 /var/www/clients/client0/web1/web/classes/system/subsystems/models/hierarchy/umiHierarchyElement.php(444): l_mysql_query('SELECT h.rel, h...', true)
#2 /var/www/clients/client0/web1/web/classes/system/patterns/umiEntinty.php(19): umiHierarchyElement-&gt;loadInfo(false)
#3 /var/www/clients/client0/web1/web/classes/system/subsystems/models/hierarchy/umiHierarchy.php(116): umiEntinty-&gt;__construct(2, false)
#4 /var/www/clients/client0/web1/web/classes/system/subsystems/streams/upage/upageStream.php(12): umiHierarchy-&gt;getElement(2)
#5 [internal function]: upageStream-&gt;stream_open('upage://2', 'rb', 4, NULL)
#6 /var/www/clients/client0/web1/web/classes/system/subsystems/umiTemplaters/types/umiTemplaterXSLT.php(45): XSLTProcessor-&gt;transformToXml(Object(DOMDocument))
#7 /var/www/clients/client0/web1/web/libs/root-src/index.php(134): umiTemplaterXSLT-&gt;parse(Array, 'file:///var/www...')
#8 /var/www/clients/client0/web1/web/index.php(7): require('/var/www/client...')
#9 {main}
