[_COOKIE]
	[stat_id]
	(string) g57csqr0ej19jo7barob6pn540

	[_ym_visorc]
	(string) w

	[user_captcha]
	(string) 3522

	[PHPSESSID]
	(string) g57csqr0ej19jo7barob6pn540

	[umi_captcha]
	(string) ee14c41e92ec5c97b54cf9b74e25bd99


[_SESSION]
	[starttime]
	(integer) 1339061209

	[http_referer]
	(NULL) 

	[http_target]
	(string) /

	[user_id]
	(string) 298

	[is_admin]
	(array) ['']

	[_umi_opaf_disabled_html]
	(integer) 0

	[old_logged_in_value]
	(boolean) 

	[stat]
	(array) ['', 'g57csqr0ej19jo7barob6pn540', '1', '25100', '40816', '3', '5', '5']

	[e76fcad4b37585e78574f7b026a2a13d]
	(array) ['['content', 'content', '1']']

	[15404097aa032c7536e72030f31f429a]
	(array) ['['content', 'content', '14']']

	[umi_captcha]
	(string) ee14c41e92ec5c97b54cf9b74e25bd99

	[umi_captcha_plain]
	(string) 3522

	[aea7c2dc99358decc212a738bb72fc80]
	(array) ['['content', 'content', '6']']

	[user_captcha]
	(string) ee14c41e92ec5c97b54cf9b74e25bd99

	[is_human]
	(integer) 1


[_GET]
	[path]
	(string) users/restore/57ec5443e00e77b85242d787f9fa66b7/


[Request headers]
	[Accept]
	(string) text/html, application/xhtml+xml, */*

	[Accept-Language]
	(string) ru-RU

	[User-Agent]
	(string) Mozilla/5.0 (compatible; MSIE 9.0; Windows NT 6.1; Trident/5.0)

	[Accept-Encoding]
	(string) gzip, deflate

	[Host]
	(string) semena-kanabisa.ru

	[Connection]
	(string) Keep-Alive

	[Cookie]
	(string) stat_id=g57csqr0ej19jo7barob6pn540; _ym_visorc=w; user_captcha=3522; PHPSESSID=g57csqr0ej19jo7barob6pn540; umi_captcha=ee14c41e92ec5c97b54cf9b74e25bd99


[Response headers]
	[X-Powered-By]
	(string) PHP/5.3.6-13ubuntu3.6

	[Expires]
	(string) Thu, 19 Nov 1981 08:52:00 GMT

	[Cache-Control]
	(string) no-store, no-cache, must-revalidate, post-check=0, pre-check=0

	[Pragma]
	(string) no-cache

	[Status]
	(string) 500 Internal Server Error


[0.0002961]	Not found template &quot;/forget/57ec5443e00e77b85242d787f9fa66b7&quot;.
[0.0028479]	#0 /var/www/clients/client0/web1/web/classes/system/subsystems/umiTemplaters/types/umiTemplaterXSLT.php(15): umiTemplaterXSLT-&gt;prepareXSL('/forget/57ec544...')
#1 /var/www/clients/client0/web1/web/classes/modules/def_module.php(515): umiTemplaterXSLT-&gt;parse(Array)
#2 /var/www/clients/client0/web1/web/classes/modules/users/__forget.php(166): def_module::parseTemplateForMail('file://users/fo...', Array, false, 14609)
#3 /var/www/clients/client0/web1/web/classes/modules/def_module.php(63) : eval()'d code(1): __forget_users-&gt;restore('57ec5443e00e77b...')
#4 /var/www/clients/client0/web1/web/classes/modules/def_module.php(63): eval()
#5 /var/www/clients/client0/web1/web/classes/modules/users/class.php(25): def_module-&gt;__call('restore', Array)
#6 [internal function]: users-&gt;__call('restore', Array)
#7 [internal function]: users-&gt;restore('57ec5443e00e77b...')
#8 /var/www/clients/client0/web1/web/classes/system/subsystems/streams/udata/udataStream.php(98): call_user_func_array(Array, Array)
#9 /var/www/clients/client0/web1/web/classes/system/subsystems/streams/udata/udataStream.php(15): udataStream-&gt;executeMacros(Array)
#10 [internal function]: udataStream-&gt;stream_open('udata://users/r...', 'rb', 4, NULL)
#11 /var/www/clients/client0/web1/web/classes/system/subsystems/cmsController/cmsController.php(630): file_get_contents('udata://users/r...')
#12 /var/www/clients/client0/web1/web/classes/system/subsystems/cmsController/cmsController.php(614): cmsController-&gt;executeStream('udata://users/r...')
#13 /var/www/clients/client0/web1/web/classes/system/subsystems/cmsController/cmsController.php(312): cmsController-&gt;prepareClientSideGlobalVariablesForXSLT()
#14 /var/www/clients/client0/web1/web/libs/root-src/index.php(130): cmsController-&gt;getGlobalVariables()
#15 /var/www/clients/client0/web1/web/index.php(7): require('/var/www/client...')
#16 {main}
