[_COOKIE]
	[stat_id]
	(string) 71meaoo42uslcqk1o36cl9n764


[_SESSION]
	[starttime]
	(integer) 1343163228

	[http_referer]
	(string) http://go.mail.ru/search?mailru=1&iewtf=%E2%98%A0&q=%D1%81%D0%B5%D0%BC%D0%B5%D0%BD%D0%B0+%D0%BA%D0%B0%D0%BD%D0%B0%D0%B1%D0%B8%D1%81%D0%B0&us=7

	[http_target]
	(string) /

	[user_id]
	(string) 298

	[is_admin]
	(array) ['']

	[_umi_opaf_disabled_html]
	(integer) 0


[_GET]
	[path]
	(string) 


[Request headers]
	[Accept]
	(string) */*

	[Referer]
	(string) http://go.mail.ru/search?mailru=1&iewtf=%E2%98%A0&q=%D1%81%D0%B5%D0%BC%D0%B5%D0%BD%D0%B0+%D0%BA%D0%B0%D0%BD%D0%B0%D0%B1%D0%B8%D1%81%D0%B0&us=7

	[Accept-Language]
	(string) ru

	[User-Agent]
	(string) Mozilla/4.0 (compatible; MSIE 8.0; Windows NT 5.1; Trident/4.0; MRSPUTNIK 2, 4, 0, 403; GTB7.3; MRA 5.9 (build 4832); .NET CLR 1.1.4322; .NET CLR 2.0.50727; .NET CLR 3.0.4506.2152; .NET CLR 3.5.30729; .NET4.0C; .NET4.0E)

	[Accept-Encoding]
	(string) gzip, deflate

	[Host]
	(string) semena-kanabisa.ru

	[Connection]
	(string) Keep-Alive

	[Cookie]
	(string) stat_id=71meaoo42uslcqk1o36cl9n764


[Response headers]
	[X-Powered-By]
	(string) PHP/5.3.6-13ubuntu3.6

	[Set-Cookie]
	(string) PHPSESSID=cv4subhjhiee6c1kjghiqglhu1; path=/

	[Expires]
	(string) Thu, 19 Nov 1981 08:52:00 GMT

	[Cache-Control]
	(string) no-store, no-cache, must-revalidate, post-check=0, pre-check=0

	[Pragma]
	(string) no-cache

	[Status]
	(string) 500 Internal Server Error


[32.9175761]	<p>Произошла критическая ошибка. Скорее всего, потребуется участие разработчиков.  Подробности по ссылке <a title="" target="_blank" href="http://errors.umi-cms.ru/17000/">17000</a></p>
[33.3853021]	#0 /var/www/clients/client0/web1/web/libs/lib.php(111): mysqlConnection-&gt;query('SELECT id FROM ...', false)
#1 /var/www/clients/client0/web1/web/classes/system/subsystems/models/data/umiObjectTypesCollection.php(343): l_mysql_query('SELECT id FROM ...')
#2 /var/www/clients/client0/web1/web/classes/system/subsystems/selector/executor.php(404): umiObjectTypesCollection-&gt;getChildClasses(116)
#3 /var/www/clients/client0/web1/web/classes/system/subsystems/selector/executor.php(306): selectorExecutor-&gt;buildWhere()
#4 /var/www/clients/client0/web1/web/classes/system/subsystems/selector/executor.php(25): selectorExecutor-&gt;buildQuery('result')
#5 /var/www/clients/client0/web1/web/classes/system/subsystems/selector/selector.php(109): selectorExecutor-&gt;result()
#6 /var/www/clients/client0/web1/web/classes/system/subsystems/selector/selector.php(153): selector-&gt;result()
#7 /var/www/clients/client0/web1/web/classes/system/subsystems/streams/usel/uselStream.php(27): selector-&gt;__get('result')
#8 [internal function]: uselStream-&gt;stream_open('usel://usel_car...', 'rb', 4, NULL)
#9 /var/www/clients/client0/web1/web/classes/system/subsystems/umiTemplaters/types/umiTemplaterXSLT.php(45): XSLTProcessor-&gt;transformToXml(Object(DOMDocument))
#10 /var/www/clients/client0/web1/web/libs/root-src/index.php(134): umiTemplaterXSLT-&gt;parse(Array, 'file:///var/www...')
#11 /var/www/clients/client0/web1/web/index.php(7): require('/var/www/client...')
#12 {main}
