[_COOKIE]
	[stat_id]
	(string) qev59v54ptja0h9rgjr24rkov6

	[PHPSESSID]
	(string) qev59v54ptja0h9rgjr24rkov6


[_SESSION]
	[starttime]
	(integer) 1336089421

	[http_referer]
	(NULL) 

	[http_target]
	(string) /

	[user_id]
	(string) 298

	[is_admin]
	(array) ['']

	[_umi_opaf_disabled_html]
	(integer) 0

	[old_logged_in_value]
	(boolean) 

	[stat]
	(array) ['', 'qev59v54ptja0h9rgjr24rkov6', '1', '11538', '18230', '11', '4', '4']

	[a54c4a1028d975cefdae1dfefb1fe6d6]
	(array) ['['content', 'content', '1']']

	[7094aaa592227ae1532c49843c77c86e]
	(array) ['['content', 'content', '4']']

	[b865baf8fcacad0cb9784e98224d4362]
	(array) ['['content', 'content', '291']']

	[2bf8c1a305185c1e789a47b8ee15f297]
	(array) ['['content', 'content', '7']']

	[4f3b2d54887d35bc64326fd06540afed]
	(array) ['['content', 'content', '6']']

	[72930061472069d5aaa21ff4c47c171f]
	(array) ['['content', 'content', '9']']

	[4531eadb125e5a37dcb41a79a1e86b00]
	(array) ['['content', 'content', '3']']

	[1e49b535a527e4b8a59fb11fd7bf7317]
	(array) ['['content', 'content', '28']']

	[5bc3c44de1fce3cfa65e3c5616126538]
	(array) ['['content', 'content', '8']']

	[95437eac48834b174c10898138d87532]
	(array) ['['content', 'content', '268']']

	[69d886bc104c20cde628c33bd2a8b289]
	(array) ['['content', 'content', '5']']

	[errors_1336089421]
	(array) ['['Вы ввели неверный код с картинки', '', '']']


[_GET]
	[path]
	(string) webforms/mysend/


[Request headers]
	[TE]
	(string) deflate,gzip;q=0.3

	[Connection]
	(string) TE

	[Host]
	(string) www.semena-kanabisa.ru

	[Range]
	(string) bytes=0-249999

	[User-Agent]
	(string) Mozilla/4.0 (compatible; MSIE 7.0;Windows NT 5.1;.NET CLR 1.1.4322;.NET CLR 2.0.50727;.NET CLR 3.0.04506.30) Lightspeedsystems

	[Cookie]
	(string) stat_id=qev59v54ptja0h9rgjr24rkov6; PHPSESSID=qev59v54ptja0h9rgjr24rkov6; stat_id=lbsnmr8fcvladvv4i87j864743; PHPSESSID=lbsnmr8fcvladvv4i87j864743

	[Cookie2]
	(string) $Version="1"


[Response headers]
	[X-Powered-By]
	(string) PHP/5.3.6-13ubuntu3.6

	[Expires]
	(string) Thu, 19 Nov 1981 08:52:00 GMT

	[Cache-Control]
	(string) no-store, no-cache, must-revalidate, post-check=0, pre-check=0

	[Pragma]
	(string) no-cache

	[Status]
	(string) 500 Internal Server Error


[0.0002670]	Can't find error redirect string
[0.0011530]	#0 /var/www/clients/client0/web1/web/classes/modules/def_module.php(947): def_module-&gt;errorPanic()
#1 /var/www/clients/client0/web1/web/classes/modules/webforms/__custom.php(64): def_module-&gt;errorNewMessage('%errors_wrong_c...')
#2 /var/www/clients/client0/web1/web/classes/modules/def_module.php(63) : eval()'d code(1): __custom_webforms-&gt;mysend()
#3 /var/www/clients/client0/web1/web/classes/modules/def_module.php(63): eval()
#4 [internal function]: def_module-&gt;__call('mysend', Array)
#5 [internal function]: webforms-&gt;mysend()
#6 /var/www/clients/client0/web1/web/classes/system/subsystems/streams/udata/udataStream.php(98): call_user_func_array(Array, Array)
#7 /var/www/clients/client0/web1/web/classes/system/subsystems/streams/udata/udataStream.php(15): udataStream-&gt;executeMacros(Array)
#8 [internal function]: udataStream-&gt;stream_open('udata://webform...', 'rb', 4, NULL)
#9 /var/www/clients/client0/web1/web/classes/system/subsystems/cmsController/cmsController.php(630): file_get_contents('udata://webform...')
#10 /var/www/clients/client0/web1/web/classes/system/subsystems/cmsController/cmsController.php(614): cmsController-&gt;executeStream('udata://webform...')
#11 /var/www/clients/client0/web1/web/classes/system/subsystems/cmsController/cmsController.php(312): cmsController-&gt;prepareClientSideGlobalVariablesForXSLT()
#12 /var/www/clients/client0/web1/web/libs/root-src/index.php(130): cmsController-&gt;getGlobalVariables()
#13 /var/www/clients/client0/web1/web/index.php(7): require('/var/www/client...')
#14 {main}
