[_SESSION]
	[starttime]
	(integer) 1343184965

	[http_referer]
	(string) http://www.google.ru/search?hl=ru&redir_esc=&client=ms-android-samsung&source=android-browser-type&v=133247963&qsubts=1343184024894&action=devloc&q=%D0%BF%D1%80%D0%BE%D0%B4%D0%B0%D0%B6%D0%B0+%D0%BC%D0%B0%D1%80%D0%B8%D1%85%D1%83%D0%B0%D0%BD%D1%8B+%D0%B2+%D1%80%D0%BE%D1%81%D1%81%D0%B8%D0%B8&v=133247963

	[http_target]
	(string) /producers/green_house_seeds/

	[user_id]
	(string) 298

	[is_admin]
	(array) ['']

	[_umi_opaf_disabled_html]
	(integer) 0


[_GET]
	[path]
	(string) producers/green_house_seeds/


[Request headers]
	[Host]
	(string) semena-kanabisa.ru

	[Accept-Encoding]
	(string) gzip

	[Referer]
	(string) http://www.google.ru/search?hl=ru&redir_esc=&client=ms-android-samsung&source=android-browser-type&v=133247963&qsubts=1343184024894&action=devloc&q=%D0%BF%D1%80%D0%BE%D0%B4%D0%B0%D0%B6%D0%B0+%D0%BC%D0%B0%D1%80%D0%B8%D1%85%D1%83%D0%B0%D0%BD%D1%8B+%D0%B2+%D1%80%D0%BE%D1%81%D1%81%D0%B8%D0%B8&v=133247963

	[Accept-Language]
	(string) ru-RU, en-US

	[User-Agent]
	(string) Mozilla/5.0 (Linux; U; Android 2.3.6; ru-ru; GT-S5830 Build/GINGERBREAD) AppleWebKit/533.1 (KHTML, like Gecko) Version/4.0 Mobile Safari/533.1

	[Accept]
	(string) application/xml,application/xhtml+xml,text/html;q=0.9,text/plain;q=0.8,image/png,*/*;q=0.5

	[Accept-Charset]
	(string) utf-8, iso-8859-1, utf-16, *;q=0.7


[Response headers]
	[X-Powered-By]
	(string) PHP/5.3.6-13ubuntu3.6

	[Set-Cookie]
	(string) PHPSESSID=kbs48rrbiis17mdc37j6gsji15; path=/

	[Expires]
	(string) Thu, 19 Nov 1981 08:52:00 GMT

	[Cache-Control]
	(string) no-store, no-cache, must-revalidate, post-check=0, pre-check=0

	[Pragma]
	(string) no-cache

	[Status]
	(string) 500 Internal Server Error


[3.4906349]	<p>Произошла критическая ошибка. Скорее всего, потребуется участие разработчиков.  Подробности по ссылке <a title="" target="_blank" href="http://errors.umi-cms.ru/17000/">17000</a></p>
[15.7689428]	#0 /var/www/clients/client0/web1/web/libs/lib.php(111): mysqlConnection-&gt;query('SELECT rel_id F...', false)
#1 /var/www/clients/client0/web1/web/classes/system/subsystems/models/hierarchy/umiHierarchy.php(553): l_mysql_query('SELECT rel_id F...')
#2 /var/www/clients/client0/web1/web/classes/system/subsystems/cmsController/cmsController.php(577): umiHierarchy-&gt;getAllParents('20')
#3 /var/www/clients/client0/web1/web/classes/system/subsystems/cmsController/cmsController.php(312): cmsController-&gt;prepareClientSideGlobalVariablesForXSLT()
#4 /var/www/clients/client0/web1/web/libs/root-src/index.php(130): cmsController-&gt;getGlobalVariables()
#5 /var/www/clients/client0/web1/web/index.php(7): require('/var/www/client...')
#6 {main}
