[_SESSION]
	[starttime]
	(integer) 1343164658


[_GET]
	[path]
	(string) 


[Request headers]
	[Host]
	(string) semena-kanabisa.ru

	[User-Agent]
	(string) Mozilla/5.0 (compatible; AcoonBot/4.11.1; +http://www.acoon.de/robot.asp)

	[Connection]
	(string) close

	[Accept]
	(string) */*


[Response headers]
	[X-Powered-By]
	(string) PHP/5.3.6-13ubuntu3.6

	[Set-Cookie]
	(string) PHPSESSID=q3rha0vo4r5ctl9hm821mv8d52; path=/

	[Expires]
	(string) Thu, 19 Nov 1981 08:52:00 GMT

	[Cache-Control]
	(string) no-store, no-cache, must-revalidate, post-check=0, pre-check=0

	[Pragma]
	(string) no-cache

	[Status]
	(string) 500 Internal Server Error


[0.5728371]	<p>Произошла критическая ошибка. Скорее всего, потребуется участие разработчиков.  Подробности по ссылке <a title="" target="_blank" href="http://errors.umi-cms.ru/17000/">17000</a></p>
[0.8401201]	#0 /var/www/clients/client0/web1/web/libs/lib.php(111): mysqlConnection-&gt;query('SELECT id, name...', false)
#1 /var/www/clients/client0/web1/web/classes/system/subsystems/models/hierarchy/templatesCollection.php(244): l_mysql_query('SELECT id, name...')
#2 /var/www/clients/client0/web1/web/classes/system/subsystems/models/hierarchy/templatesCollection.php(13): templatesCollection-&gt;loadTemplates()
#3 /var/www/clients/client0/web1/web/classes/system/patterns/singletone.php(21): templatesCollection-&gt;__construct()
#4 /var/www/clients/client0/web1/web/classes/system/subsystems/models/hierarchy/templatesCollection.php(21): singleton::getInstance('templatesCollec...')
#5 /var/www/clients/client0/web1/web/classes/system/subsystems/cmsController/cmsController.php(812): templatesCollection::getInstance()
#6 /var/www/clients/client0/web1/web/classes/system/subsystems/cmsController/cmsController.php(268): cmsController-&gt;detectCurrentDesignTemplate()
#7 /var/www/clients/client0/web1/web/classes/modules/def_module.php(138): cmsController-&gt;getResourcesDirectory()
#8 /var/www/clients/client0/web1/web/classes/modules/def_module.php(86): def_module-&gt;init()
#9 /var/www/clients/client0/web1/web/classes/modules/users/class.php(9): def_module-&gt;__construct()
#10 /var/www/clients/client0/web1/web/classes/system/subsystems/cmsController/cmsController.php(66): users-&gt;__construct()
#11 /var/www/clients/client0/web1/web/classes/system/subsystems/cmsController/cmsController.php(92): cmsController-&gt;loadModule('users')
#12 /var/www/clients/client0/web1/web/classes/system/subsystems/models/permissions/permissionsCollection.php(32): cmsController-&gt;getModule('users')
#13 /var/www/clients/client0/web1/web/classes/system/patterns/singletone.php(21): permissionsCollection-&gt;__construct()
#14 /var/www/clients/client0/web1/web/classes/system/subsystems/models/permissions/permissionsCollection.php(53): singleton::getInstance('permissionsColl...')
#15 /var/www/clients/client0/web1/web/classes/system/subsystems/selector/where.php(109): permissionsCollection::getInstance()
#16 /var/www/clients/client0/web1/web/classes/system/subsystems/selector/selector.php(49): selectorWherePermissions-&gt;__construct()
#17 /var/www/clients/client0/web1/web/classes/system/subsystems/selector/selector.php(103): selector-&gt;where('permissions')
#18 /var/www/clients/client0/web1/web/classes/system/subsystems/selector/selector.php(153): selector-&gt;result()
#19 /var/www/clients/client0/web1/web/libs/root-src/sbots.php(17): selector-&gt;__get('result')
#20 /var/www/clients/client0/web1/web/sbots.php(3): require('/var/www/client...')
#21 {main}
